Removed Pin From Net: NetName=GND Pin=C110-1
Removed Pin From Net: NetName=VCC_5V Pin=C110-2
Removed Pin From Net: NetName=VCC_5V Pin=C111-1
Removed Pin From Net: NetName=GND Pin=C111-2
Removed Pin From Net: NetName=GND Pin=LED1-2
Removed Pin From Net: NetName=VCC_5V Pin=R102-2
Removed Pin From Net: NetName=VCC_5V Pin=U15-4
Removed Pin From Net: NetName=GND Pin=U15-6
Removed Pin From Net: NetName=GND Pin=U15-9
Removed Member From Class: ClassName=POWER_IN Member=C73
Removed Member From Class: ClassName=POWER_IN Member=C73
Removed Member From Class: ClassName=POWER_IN Member=C110
Removed Member From Class: ClassName=POWER_IN Member=C110
Removed Member From Class: ClassName=POWER_IN Member=C111
Removed Member From Class: ClassName=POWER_IN Member=C111
Removed Member From Class: ClassName=POWER_IN Member=D13
Removed Member From Class: ClassName=POWER_IN Member=D13
Removed Member From Class: ClassName=POWER_IN Member=D14
Removed Member From Class: ClassName=POWER_IN Member=D14
Removed Member From Class: ClassName=POWER_IN Member=D14
Removed Member From Class: ClassName=POWER_IN Member=LED1
Removed Member From Class: ClassName=POWER_IN Member=LED1
Removed Member From Class: ClassName=POWER_IN Member=R102
Removed Member From Class: ClassName=POWER_IN Member=R102
Removed Member From Class: ClassName=RF_433MHz Member=U6
Removed Member From Class: ClassName=POWER_IN Member=U15
Removed Member From Class: ClassName=POWER_IN Member=U15
Removed Member From Class: ClassName=POWER_IN Member=U22
Added Member To Class: ClassName=POWER_IN Member=Component U6 TPS54540DDA
