Removed Pin From Net: NetName=PWR_KEY Pin=C68-1
Removed Pin From Net: NetName=NetD2_K Pin=D2-K
Removed Pin From Net: NetName=VCC_MCU_3.3V Pin=R7-1
Removed Pin From Net: NetName=PWR_KEY Pin=R7-2
Removed Pin From Net: NetName=PWR_KEY Pin=S1-1
Removed Pin From Net: NetName=PWR_KEY Pin=S1-1
Added Component: Designator=U5(SIM7600CE)
Added Pin To Net: NetName=NetC68_1 Pin=C68-1
Added Pin To Net: NetName=PWR_KEY Pin=C68-1
Added Pin To Net: NetName=GND Pin=C68-2
Added Pin To Net: NetName=GND Pin=D2-A
Added Pin To Net: NetName=NetC161_2 Pin=D2-K
Added Pin To Net: NetName=NetD2_K Pin=D2-K
Added Pin To Net: NetName=GND Pin=R7-1
Added Pin To Net: NetName=NetQ2_1 Pin=R7-1
Added Pin To Net: NetName=NetQ6_1 Pin=R7-1
Added Pin To Net: NetName=NetQ7_1 Pin=R7-1
Added Pin To Net: NetName=VCC_MCU_3.3V Pin=R7-1
Added Pin To Net: NetName=NetR7_2 Pin=R7-2
Added Pin To Net: NetName=PWR_KEY Pin=R7-2
Added Pin To Net: NetName=VCC_5V Pin=R7-2
Added Pin To Net: NetName=VCC_MCU_3.3V Pin=R7-2
Added Pin To Net: NetName=VCC_MCU_3.3V Pin=R7-2
Added Pin To Net: NetName=NetC61_2 Pin=S1-1
Added Pin To Net: NetName=NetC61_2 Pin=S1-1
Added Pin To Net: NetName=PWR_KEY Pin=S1-1
Added Pin To Net: NetName=PWR_KEY Pin=S1-1
Added Pin To Net: NetName=GND Pin=S1-2
Added Pin To Net: NetName=GND Pin=S1-2
Added Pin To Net: NetName=GND Pin=U5-1
Added Pin To Net: NetName=GND Pin=U5-2
Added Pin To Net: NetName=LTE_PWR Pin=U5-3
Added Pin To Net: NetName=LTE_RST Pin=U5-4
Added Pin To Net: NetName=GND Pin=U5-5
Added Pin To Net: NetName=GND Pin=U5-10
Added Pin To Net: NetName=NetD2_K Pin=U5-11
Added Pin To Net: NetName=USB_D_N Pin=U5-12
Added Pin To Net: NetName=USB_D_P Pin=U5-13
Added Pin To Net: NetName=GND Pin=U5-14
Added Pin To Net: NetName=VDD_1V8 Pin=U5-15
Added Pin To Net: NetName=SIMC_DATA Pin=U5-17
Added Pin To Net: NetName=SIMC_RST Pin=U5-18
Added Pin To Net: NetName=SIMC_CLK Pin=U5-19
Added Pin To Net: NetName=VSIM Pin=U5-20
Added Pin To Net: NetName=GND Pin=U5-37
Added Pin To Net: NetName=VCC_LTE_3.8V Pin=U5-38
Added Pin To Net: NetName=VCC_LTE_3.8V Pin=U5-39
Added Pin To Net: NetName=GND Pin=U5-40
Added Pin To Net: NetName=GND Pin=U5-41
Added Pin To Net: NetName=GND Pin=U5-43
Added Pin To Net: NetName=NETLIGHT Pin=U5-51
Added Pin To Net: NetName=GND Pin=U5-57
Added Pin To Net: NetName=GND Pin=U5-58
Added Pin To Net: NetName=GND Pin=U5-60
Added Pin To Net: NetName=GND Pin=U5-61
Added Pin To Net: NetName=VCC_LTE_3.8V Pin=U5-62
Added Pin To Net: NetName=VCC_LTE_3.8V Pin=U5-63
Added Pin To Net: NetName=GND Pin=U5-64
Added Pin To Net: NetName=GND Pin=U5-65
Added Pin To Net: NetName=LTE_RXD Pin=U5-68
Added Pin To Net: NetName=LTE_TXD Pin=U5-71
Added Pin To Net: NetName=NetR3_2 Pin=U5-72
Added Pin To Net: NetName=GND Pin=U5-77
Added Pin To Net: NetName=GND Pin=U5-78
Added Pin To Net: NetName=LTE_GPS_ANTENA Pin=U5-79
Added Pin To Net: NetName=GND Pin=U5-80
Added Pin To Net: NetName=GND Pin=U5-81
Added Pin To Net: NetName=NetD6_K Pin=U5-82
Added Member To Class: ClassName=LTE Member=Component U5 SIM7600CE
