Removed Pin From Net: NetName=PWR_KEY Pin=C68-1
Removed Pin From Net: NetName=VCC_MCU_3.3V Pin=R7-1
Removed Pin From Net: NetName=VCC_MCU_3.3V Pin=R7-2
Removed Pin From Net: NetName=USB_D_P Pin=T?-1
Removed Member From Class: ClassName=POWER_IN Member=D2
Removed Member From Class: ClassName=RF_433MHz Member=R7
Removed Member From Class: ClassName=MCU Member=S1
Change Component Comment : Designator=R7 Old Comment=10K New Comment=56K/1%
Change Component Designator: OldDesignator=T? NewDesignator=T9
Change Component Designator: OldDesignator=T? NewDesignator=T10
Added Component: Designator=C1(0603C)
Added Component: Designator=D12(SOD123)
Added Component: Designator=R76(0603R)
Added Component: Designator=R77(0603R)
Added Component: Designator=R78(0603R)
Added Component: Designator=R79(0603R)
Added Component: Designator=S2(KEY_SMT_4*4)
Added Pin To Net: NetName=PWR_KEY Pin=C1-1
Added Pin To Net: NetName=GND Pin=C1-2
Added Pin To Net: NetName=NetC68_1 Pin=C68-1
Added Pin To Net: NetName=GND Pin=D12-A
Added Pin To Net: NetName=NetC161_2 Pin=D12-K
Added Pin To Net: NetName=GND Pin=R7-1
Added Pin To Net: NetName=NetR7_2 Pin=R7-2
Added Pin To Net: NetName=NetQ6_1 Pin=R76-1
Added Pin To Net: NetName=VCC_MCU_3.3V Pin=R76-2
Added Pin To Net: NetName=NetQ2_1 Pin=R77-1
Added Pin To Net: NetName=VCC_5V Pin=R77-2
Added Pin To Net: NetName=VCC_MCU_3.3V Pin=R78-1
Added Pin To Net: NetName=PWR_KEY Pin=R78-2
Added Pin To Net: NetName=NetQ7_1 Pin=R79-1
Added Pin To Net: NetName=VCC_MCU_3.3V Pin=R79-2
Added Pin To Net: NetName=NetC61_2 Pin=S2-1
Added Pin To Net: NetName=NetC61_2 Pin=S2-1
Added Pin To Net: NetName=GND Pin=S2-2
Added Pin To Net: NetName=GND Pin=S2-2
Added Pin To Net: NetName=USB_D_N Pin=T9-1
Added Pin To Net: NetName=USB_D_P Pin=T10-1
Change Net Name : Old Net Name=NetT?_2 New Net Name=NetT9_2
Added Pin To Net: NetName=NetT10_2 Pin=T10-2
Added Pin To Net: NetName=NetT10_2 Pin=U13-71
Added Net: Name=NetT10_2
Added Member To Class: ClassName=Interface Member=Component C1 0.1uF/50V
Added Member To Class: ClassName=LTE Member=Component D2 MMSZ5231BT1G
Added Member To Class: ClassName=POWER_IN Member=Component D12 MMSZ5231BT1G
Added Member To Class: ClassName=BT Member=Component R7 56K/1%
Added Member To Class: ClassName=BT Member=Component R76 10K
Added Member To Class: ClassName=Interface Member=Component R77 10K
Added Member To Class: ClassName=Interface Member=Component R78 10K
Added Member To Class: ClassName=RF_433MHz Member=Component R79 10K
Added Member To Class: ClassName=Interface Member=Component S1 SW-PB
Added Member To Class: ClassName=MCU Member=Component S2 SW-PB
Added Member To Class: ClassName=MCU Member=Component T9 TEST_P
