Removed Pin From Net: NetName=PWR_KEY Pin=C68-1
Removed Pin From Net: NetName=NetD2_K Pin=D2-K
Removed Pin From Net: NetName=VCC_MCU_3.3V Pin=R7-1
Removed Pin From Net: NetName=PWR_KEY Pin=S1-1
Removed Pin From Net: NetName=PWR_KEY Pin=S1-1
Added Component: Designator=SIM1(Nano SIM)
Added Component: Designator=U2(SC70-6L)
Added Pin To Net: NetName=NetC68_1 Pin=C68-1
Added Pin To Net: NetName=PWR_KEY Pin=C68-1
Added Pin To Net: NetName=GND Pin=C68-2
Added Pin To Net: NetName=GND Pin=D2-A
Added Pin To Net: NetName=NetC161_2 Pin=D2-K
Added Pin To Net: NetName=NetD2_K Pin=D2-K
Added Pin To Net: NetName=GND Pin=R7-1
Added Pin To Net: NetName=NetQ2_1 Pin=R7-1
Added Pin To Net: NetName=NetQ6_1 Pin=R7-1
Added Pin To Net: NetName=NetQ7_1 Pin=R7-1
Added Pin To Net: NetName=VCC_MCU_3.3V Pin=R7-1
Added Pin To Net: NetName=NetR7_2 Pin=R7-2
Added Pin To Net: NetName=PWR_KEY Pin=R7-2
Added Pin To Net: NetName=VCC_5V Pin=R7-2
Added Pin To Net: NetName=VCC_MCU_3.3V Pin=R7-2
Added Pin To Net: NetName=NetC61_2 Pin=S1-1
Added Pin To Net: NetName=NetC61_2 Pin=S1-1
Added Pin To Net: NetName=PWR_KEY Pin=S1-1
Added Pin To Net: NetName=PWR_KEY Pin=S1-1
Added Pin To Net: NetName=GND Pin=S1-2
Added Pin To Net: NetName=GND Pin=S1-2
Added Pin To Net: NetName=VSIM Pin=SIM1-1
Added Pin To Net: NetName=NetR16_1 Pin=SIM1-2
Added Pin To Net: NetName=NetR2_1 Pin=SIM1-3
Added Pin To Net: NetName=GND Pin=SIM1-5
Added Pin To Net: NetName=GND Pin=SIM1-6
Added Pin To Net: NetName=NetR19_1 Pin=SIM1-7
Added Pin To Net: NetName=NetSIM1_8 Pin=SIM1-8
Added Pin To Net: NetName=NetSIM1_8 Pin=U2-1
Added Pin To Net: NetName=GND Pin=U2-2
Added Pin To Net: NetName=NetR2_1 Pin=U2-3
Added Pin To Net: NetName=NetR19_1 Pin=U2-4
Added Pin To Net: NetName=NetR16_1 Pin=U2-5
Added Pin To Net: NetName=VSIM Pin=U2-6
Added Member To Class: ClassName=LTE Member=Component SIM1 nano sim
Added Member To Class: ClassName=LTE Member=Component U2 SMF05C
