Removed Pin From Net: NetName=VCC_MCU_3.3V Pin=C90-2
Removed Pin From Net: NetName=VCC_MCU_3.3V Pin=C91-2
Removed Pin From Net: NetName=NetD2_K Pin=D2-K
Removed Pin From Net: NetName=POWER Pin=R54-1
Removed Pin From Net: NetName=NetR54_2 Pin=R54-2
Removed Pin From Net: NetName=VCC_MCU_3.3V Pin=R67-1
Removed Pin From Net: NetName=VCC_MCU_3.3V Pin=R70-1
Removed Pin From Net: NetName=VCC_MCU_3.3V Pin=U6-5
Removed Pin From Net: NetName=VCC_MCU_3.3V Pin=U6-16
Change Component DesignItemId : Designator=S1 Old DesignItemId=SW-SPST New DesignItemId=SW-PB
Change Component Footprint: Designator=S1 Old Footprint=KEY New Footprint=KEY_SMT_4*4
Change Component Footprint: Designator=P5 Old Footprint=KF128V-2P New Footprint=KF7.62-2P
Change Component Comment : Designator=R54 Old Comment=1M New Comment=10K
Change Component Comment : Designator=S1 Old Comment=SW-SPST New Comment=SW-PB
Added Component: Designator=C93(2220C)
Added Pin To Net: NetName=GND Pin=C68-2
Added Pin To Net: NetName=NetFB5_2 Pin=C90-2
Added Pin To Net: NetName=NetFB5_2 Pin=C91-2
Added Pin To Net: NetName=NetC93_1 Pin=C93-1
Added Pin To Net: NetName=GND Pin=C93-2
Added Pin To Net: NetName=GND Pin=D2-A
Added Pin To Net: NetName=NetC161_2 Pin=D2-K
Added Pin To Net: NetName=NetD2_K Pin=D2-K
Added Pin To Net: NetName=GND Pin=R7-1
Added Pin To Net: NetName=NetQ2_1 Pin=R7-1
Added Pin To Net: NetName=NetQ6_1 Pin=R7-1
Added Pin To Net: NetName=VCC_MCU_3.3V Pin=R7-1
Added Pin To Net: NetName=NetR7_2 Pin=R7-2
Added Pin To Net: NetName=VCC_5V Pin=R7-2
Added Pin To Net: NetName=VCC_MCU_3.3V Pin=R7-2
Added Pin To Net: NetName=NetR54_2 Pin=R54-1
Added Pin To Net: NetName=GND Pin=R54-2
Added Pin To Net: NetName=NetFB5_2 Pin=R67-1
Added Pin To Net: NetName=NetFB5_2 Pin=R70-1
Added Pin To Net: NetName=GND Pin=S1-2
Added Pin To Net: NetName=GND Pin=S1-2
Added Pin To Net: NetName=NetFB5_2 Pin=U6-5
Added Pin To Net: NetName=NetFB5_2 Pin=U6-16
Added Pin To Net: NetName=NetR54_2 Pin=U13-65
Change Net Name : Old Net Name=NetFB5_2 New Net Name=VCC_MCU2_3.3V
Change Net Name : Old Net Name=NetR54_2 New Net Name=LTE_PWR_EN
Added Pin To Net: NetName=PWR_KEY Pin=C68-1
Added Pin To Net: NetName=PWR_KEY Pin=R7-2
Added Pin To Net: NetName=PWR_KEY Pin=S1-1
Added Pin To Net: NetName=PWR_KEY Pin=S1-1
Added Pin To Net: NetName=PWR_KEY Pin=U13-64
Added Net: Name=PWR_KEY
Added Member To Class: ClassName=POWER_IN Member=Component C93 100uF/50V
