Removed Pin From Net: NetName=PWR_KEY Pin=C68-1
Removed Pin From Net: NetName=NetD2_K Pin=D2-K
Removed Pin From Net: NetName=VCC_MCU_3.3V Pin=R7-1
Removed Pin From Net: NetName=PWR_KEY Pin=S1-1
Removed Pin From Net: NetName=PWR_KEY Pin=S1-1
Removed Pin From Net: NetName=USB_D_N Pin=U13-70
Removed Pin From Net: NetName=USB_D_P Pin=U13-71
Added Component: Designator=T?(TEST_P)
Added Component: Designator=T?(TEST_P)
Added Component: Designator=USB(USB-MICRO-5P-2)
Added Pin To Net: NetName=NetC68_1 Pin=C68-1
Added Pin To Net: NetName=PWR_KEY Pin=C68-1
Added Pin To Net: NetName=GND Pin=C68-2
Added Pin To Net: NetName=GND Pin=D2-A
Added Pin To Net: NetName=NetC161_2 Pin=D2-K
Added Pin To Net: NetName=NetD2_K Pin=D2-K
Added Pin To Net: NetName=GND Pin=R7-1
Added Pin To Net: NetName=NetQ2_1 Pin=R7-1
Added Pin To Net: NetName=NetQ6_1 Pin=R7-1
Added Pin To Net: NetName=NetQ7_1 Pin=R7-1
Added Pin To Net: NetName=VCC_MCU_3.3V Pin=R7-1
Added Pin To Net: NetName=NetR7_2 Pin=R7-2
Added Pin To Net: NetName=PWR_KEY Pin=R7-2
Added Pin To Net: NetName=VCC_5V Pin=R7-2
Added Pin To Net: NetName=VCC_MCU_3.3V Pin=R7-2
Added Pin To Net: NetName=NetC61_2 Pin=S1-1
Added Pin To Net: NetName=NetC61_2 Pin=S1-1
Added Pin To Net: NetName=PWR_KEY Pin=S1-1
Added Pin To Net: NetName=PWR_KEY Pin=S1-1
Added Pin To Net: NetName=GND Pin=S1-2
Added Pin To Net: NetName=GND Pin=S1-2
Added Pin To Net: NetName=USB_D_N Pin=T?-1
Added Pin To Net: NetName=USB_D_P Pin=T?-1
Added Pin To Net: NetName=NetD2_K Pin=USB-1
Added Pin To Net: NetName=NetR18_1 Pin=USB-2
Added Pin To Net: NetName=NetR17_1 Pin=USB-3
Added Pin To Net: NetName=GND Pin=USB-4
Added Pin To Net: NetName=GND Pin=USB-5
Added Pin To Net: NetName=NetT?_2 Pin=T?-2
Added Pin To Net: NetName=NetT?_2 Pin=U13-70
Added Net: Name=NetT?_2
Added Member To Class: ClassName=MCU Member=Component T? TEST_P
Added Member To Class: ClassName=MCU Member=Component T? TEST_P
Added Member To Class: ClassName=Interface Member=Component USB Header 5
