Change Component Designator: Old Designator=C1 New Designator=C47
Change Component Designator: Old Designator=C2 New Designator=C48
Change Component Designator: Old Designator=C3 New Designator=C49
Change Component Designator: Old Designator=C4 New Designator=C50
Change Component Designator: Old Designator=C5 New Designator=C51
Change Component Designator: Old Designator=C5 New Designator=C52
Change Component Designator: Old Designator=C5 New Designator=C53
Change Component Designator: Old Designator=C5 New Designator=C54
Change Component Designator: Old Designator=C5 New Designator=C55
Change Component Designator: Old Designator=C5 New Designator=C56
Change Component Designator: Old Designator=C11 New Designator=C57
Change Component Designator: Old Designator=C12 New Designator=C58
Change Component Designator: Old Designator=C13 New Designator=C59
Change Component Designator: Old Designator=C14 New Designator=C60
Change Component Designator: Old Designator=C20 New Designator=C61
Change Component Designator: Old Designator=C20 New Designator=C62
Change Component Designator: Old Designator=D1 New Designator=D8
Change Component Designator: Old Designator=NET1 New Designator=NET2
Change Component Designator: Old Designator=NET1 New Designator=NET3
Change Component Designator: Old Designator=NET1 New Designator=NET4
Change Component Designator: Old Designator=NET1 New Designator=NET5
Change Component Designator: Old Designator=NET1 New Designator=NET6
Change Component Designator: Old Designator=R2 New Designator=R29
Change Component Designator: Old Designator=R4 New Designator=R30
Change Component Designator: Old Designator=R4 New Designator=R31
Change Component Designator: Old Designator=R5 New Designator=R32
Change Component Designator: Old Designator=R5 New Designator=R35
Change Component Designator: Old Designator=R5 New Designator=R36
Change Component Designator: Old Designator=R5 New Designator=R37
Change Component Designator: Old Designator=R5 New Designator=R38
Change Component Designator: Old Designator=R5 New Designator=R39
Change Component Designator: Old Designator=R7 New Designator=R33
Change Component Designator: Old Designator=R52 New Designator=R34
Change Component Designator: Old Designator=R52 New Designator=R40
Change Component Designator: Old Designator=S? New Designator=S1
Change Component Designator: Old Designator=U1 New Designator=U13
Change Component Designator: Old Designator=U1 New Designator=U13
Change Component Part ID : Designator=U13 Old Part ID =2 New Part ID =3
Change Component Designator: Old Designator=U1 New Designator=U13
Change Component Part ID : Designator=U13 Old Part ID =3 New Part ID =2
Change Component Designator: Old Designator=U? New Designator=U14
Change Component Designator: Old Designator=Y1 New Designator=Y3
