Added Component: Designator=C1(0402C)
Added Component: Designator=C2(0402C)
Added Component: Designator=C3(0603C)
Added Component: Designator=C4(0603C)
Added Component: Designator=C58(0603C)
Added Component: Designator=C59(0603C)
Added Component: Designator=C61(0402C)
Added Component: Designator=C62(0603C)
Added Component: Designator=C63(0402C)
Added Component: Designator=C64(0402C)
Added Component: Designator=C65(0402C)
Added Component: Designator=C66(0402C)
Added Component: Designator=C67(0402C)
Added Component: Designator=C68(0402C)
Added Component: Designator=D1(0603LED)
Added Component: Designator=D2(0603LED)
Added Component: Designator=D3(SMA)
Added Component: Designator=D4(SMA)
Added Component: Designator=D10(SOD323)
Added Component: Designator=F1(0805R)
Added Component: Designator=P1(5*2.54mmSMT)
Added Component: Designator=P2(7¡Á1.25mmSMT)
Added Component: Designator=P3(HDR1X4)
Added Component: Designator=P6(4¡Á1.25mmSMT)
Added Component: Designator=R1(0402R)
Added Component: Designator=R2(0402R)
Added Component: Designator=R3(0402R)
Added Component: Designator=R4(0402R)
Added Component: Designator=R5(0402R)
Added Component: Designator=R6(0402R)
Added Component: Designator=R7(0402R)
Added Component: Designator=R8(0402R)
Added Component: Designator=R9(0402R)
Added Component: Designator=R10(0402R)
Added Component: Designator=R11(0402R)
Added Component: Designator=R12(0402R)
Added Component: Designator=R13(0402R)
Added Component: Designator=R14(0402R)
Added Component: Designator=R15(0402R)
Added Component: Designator=R19(0402R)
Added Component: Designator=R24(0402R)
Added Component: Designator=U1(SOIC127P600X265-16N)
Added Component: Designator=U3(SOT563-6)
Added Component: Designator=U7(QFN28N5X5-0p5P-L)
Added Component: Designator=USB(Micro_USB_PH)
Added Pin To Net: NetName=DIN_P Pin=C1-1
Added Pin To Net: NetName=GND Pin=C1-2
Added Pin To Net: NetName=DIN_N Pin=C2-1
Added Pin To Net: NetName=GND Pin=C2-2
Added Pin To Net: NetName=EARTH Pin=C3-1
Added Pin To Net: NetName=GND Pin=C3-2
Added Pin To Net: NetName=GND Pin=C4-1
Added Pin To Net: NetName=NetC4_2 Pin=C4-2
Added Pin To Net: NetName=GND Pin=C58-1
Added Pin To Net: NetName=NetC58_2 Pin=C58-2
Added Pin To Net: NetName=GND Pin=C59-1
Added Pin To Net: NetName=NetC59_2 Pin=C59-2
Added Pin To Net: NetName=NetC59_2 Pin=C61-1
Added Pin To Net: NetName=GND Pin=C61-2
Added Pin To Net: NetName=VCC Pin=C62-1
Added Pin To Net: NetName=GND Pin=C62-2
Added Pin To Net: NetName=VCC Pin=C63-1
Added Pin To Net: NetName=GND Pin=C63-2
Added Pin To Net: NetName=NetC64_1 Pin=C64-1
Added Pin To Net: NetName=NetC64_2 Pin=C64-2
Added Pin To Net: NetName=NetC65_1 Pin=C65-1
Added Pin To Net: NetName=NetC65_2 Pin=C65-2
Added Pin To Net: NetName=NetC66_1 Pin=C66-1
Added Pin To Net: NetName=GND Pin=C66-2
Added Pin To Net: NetName=NetC67_1 Pin=C67-1
Added Pin To Net: NetName=GND Pin=C67-2
Added Pin To Net: NetName=GND Pin=C68-1
Added Pin To Net: NetName=VCC Pin=C68-2
Added Pin To Net: NetName=NetD1_1 Pin=D1-1
Added Pin To Net: NetName=CP_TXD Pin=D1-2
Added Pin To Net: NetName=NetD2_1 Pin=D2-1
Added Pin To Net: NetName=GND Pin=D2-2
Added Pin To Net: NetName=GND Pin=D3-1
Added Pin To Net: NetName=COM0_RX Pin=D3-2
Added Pin To Net: NetName=GND Pin=D4-1
Added Pin To Net: NetName=COM0_TX Pin=D4-2
Added Pin To Net: NetName=NetF1_1 Pin=F1-1
Added Pin To Net: NetName=VCC Pin=F1-2
Added Pin To Net: NetName=VCC_12V Pin=P1-1
Added Pin To Net: NetName=GND Pin=P1-2
Added Pin To Net: NetName=COM0_TX Pin=P1-3
Added Pin To Net: NetName=COM0_RX Pin=P1-4
Added Pin To Net: NetName=GND Pin=P1-7
Added Pin To Net: NetName=VCC_12V Pin=P2-1
Added Pin To Net: NetName=VCC_12V Pin=P2-2
Added Pin To Net: NetName=VCC_12V Pin=P2-3
Added Pin To Net: NetName=GND Pin=P2-4
Added Pin To Net: NetName=GND Pin=P2-5
Added Pin To Net: NetName=GND Pin=P2-6
Added Pin To Net: NetName=NetP2_7 Pin=P2-7
Added Pin To Net: NetName=GND Pin=P3-1
Added Pin To Net: NetName=VCC Pin=P3-2
Added Pin To Net: NetName=NetP3_3 Pin=P3-3
Added Pin To Net: NetName=NetP3_4 Pin=P3-4
Added Pin To Net: NetName=VCC Pin=P6-1
Added Pin To Net: NetName=DIN_N Pin=P6-2
Added Pin To Net: NetName=DIN_P Pin=P6-3
Added Pin To Net: NetName=GND Pin=P6-4
Added Pin To Net: NetName=VCC Pin=R1-1
Added Pin To Net: NetName=NetD1_1 Pin=R1-2
Added Pin To Net: NetName=VCC Pin=R2-1
Added Pin To Net: NetName=NetD2_1 Pin=R2-2
Added Pin To Net: NetName=CP_TXD Pin=R3-1
Added Pin To Net: NetName=TXD_USB Pin=R3-2
Added Pin To Net: NetName=CP_RXD Pin=R4-1
Added Pin To Net: NetName=RXD_USB Pin=R4-2
Added Pin To Net: NetName=NetP3_3 Pin=R5-1
Added Pin To Net: NetName=TXD_USB Pin=R5-2
Added Pin To Net: NetName=CP_TXD Pin=R6-1
Added Pin To Net: NetName=UART2_TX Pin=R6-2
Added Pin To Net: NetName=CP_RXD Pin=R7-1
Added Pin To Net: NetName=UART2_RX Pin=R7-2
Added Pin To Net: NetName=NetC58_2 Pin=R8-1
Added Pin To Net: NetName=VCC Pin=R8-2
Added Pin To Net: NetName=D_P Pin=R9-1
Added Pin To Net: NetName=NetR9_2 Pin=R9-2
Added Pin To Net: NetName=D_N Pin=R10-1
Added Pin To Net: NetName=NetR10_2 Pin=R10-2
Added Pin To Net: NetName=NetC4_2 Pin=R11-1
Added Pin To Net: NetName=VCC_12V Pin=R11-2
Added Pin To Net: NetName=VCC Pin=R12-1
Added Pin To Net: NetName=NetR12_2 Pin=R12-2
Added Pin To Net: NetName=GND Pin=R13-1
Added Pin To Net: NetName=NetP2_7 Pin=R13-2
Added Pin To Net: NetName=COM0_TX Pin=R14-1
Added Pin To Net: NetName=NetR14_2 Pin=R14-2
Added Pin To Net: NetName=COM0_RX Pin=R15-1
Added Pin To Net: NetName=NetR15_2 Pin=R15-2
Added Pin To Net: NetName=GND Pin=R19-1
Added Pin To Net: NetName=NetR19_2 Pin=R19-2
Added Pin To Net: NetName=NetP3_4 Pin=R24-1
Added Pin To Net: NetName=RXD_USB Pin=R24-2
Added Pin To Net: NetName=NetC64_1 Pin=U1-1
Added Pin To Net: NetName=NetC66_1 Pin=U1-2
Added Pin To Net: NetName=NetC64_2 Pin=U1-3
Added Pin To Net: NetName=NetC65_1 Pin=U1-4
Added Pin To Net: NetName=NetC65_2 Pin=U1-5
Added Pin To Net: NetName=NetC67_1 Pin=U1-6
Added Pin To Net: NetName=UART2_TX Pin=U1-11
Added Pin To Net: NetName=UART2_RX Pin=U1-12
Added Pin To Net: NetName=NetR15_2 Pin=U1-13
Added Pin To Net: NetName=NetR14_2 Pin=U1-14
Added Pin To Net: NetName=GND Pin=U1-15
Added Pin To Net: NetName=VCC Pin=U1-16
Added Pin To Net: NetName=DIN_N Pin=U3-1
Added Pin To Net: NetName=GND Pin=U3-2
Added Pin To Net: NetName=DIN_P Pin=U3-3
Added Pin To Net: NetName=NetR9_2 Pin=U3-4
Added Pin To Net: NetName=VCC Pin=U3-5
Added Pin To Net: NetName=NetR10_2 Pin=U3-6
Added Pin To Net: NetName=GND Pin=U7-3
Added Pin To Net: NetName=D_P Pin=U7-4
Added Pin To Net: NetName=D_N Pin=U7-5
Added Pin To Net: NetName=NetC59_2 Pin=U7-6
Added Pin To Net: NetName=VCC Pin=U7-7
Added Pin To Net: NetName=VCC Pin=U7-8
Added Pin To Net: NetName=NetR12_2 Pin=U7-9
Added Pin To Net: NetName=NetR19_2 Pin=U7-11
Added Pin To Net: NetName=CP_RXD Pin=U7-25
Added Pin To Net: NetName=CP_TXD Pin=U7-26
Added Pin To Net: NetName=GND Pin=U7-29
Added Pin To Net: NetName=NetF1_1 Pin=USB-1
Added Pin To Net: NetName=DIN_N Pin=USB-2
Added Pin To Net: NetName=DIN_P Pin=USB-3
Added Pin To Net: NetName=GND Pin=USB-5
Added Member To Class: ClassName=Interface Member=Component C1 3pF/50V
Added Member To Class: ClassName=Interface Member=Component C2 3pF/50V
Added Member To Class: ClassName=Interface Member=Component C3 1nF/1000V
Added Member To Class: ClassName=Interface Member=Component C4 10uF/25V
Added Member To Class: ClassName=Interface Member=Component C58 10uF/25V
Added Member To Class: ClassName=USB Member=Component C59 4.7uF/25V
Added Member To Class: ClassName=USB Member=Component C61 0.1uF/50V
Added Member To Class: ClassName=USB Member=Component C62 10uF/25V
Added Member To Class: ClassName=USB Member=Component C63 0.1uF/50V
Added Member To Class: ClassName=RS232 Member=Component C64 0.1uF/50V
Added Member To Class: ClassName=RS232 Member=Component C65 0.1uF/50V
Added Member To Class: ClassName=RS232 Member=Component C66 0.1uF/50V
Added Member To Class: ClassName=RS232 Member=Component C67 0.1uF/50V
Added Member To Class: ClassName=RS232 Member=Component C68 0.1uF/50V
Added Member To Class: ClassName=USB Member=Component D1 LED0
Added Member To Class: ClassName=Interface Member=Component D2 LED0
Added Member To Class: ClassName=RS232 Member=Component D3 SMAJ15CA
Added Member To Class: ClassName=RS232 Member=Component D4 SMAJ15CA
Added Member To Class: ClassName=Interface Member=Component D10 PESD12V
Added Member To Class: ClassName=Interface Member=Component F1 1A
Added Member To Class: ClassName=Interface Member=Component P1 Header 7
Added Member To Class: ClassName=Interface Member=Component P2 Header 7
Added Member To Class: ClassName=Interface Member=Component P3 Header 4
Added Member To Class: ClassName=Interface Member=Component P6 Header 4
Added Member To Class: ClassName=USB Member=Component R1 1K
Added Member To Class: ClassName=Interface Member=Component R2 1K
Added Member To Class: ClassName=USB Member=Component R3 0/NC
Added Member To Class: ClassName=USB Member=Component R4 0/NC
Added Member To Class: ClassName=Interface Member=Component R5 22/5%/1/8W
Added Member To Class: ClassName=USB Member=Component R6 0
Added Member To Class: ClassName=USB Member=Component R7 0
Added Member To Class: ClassName=Interface Member=Component R8 33
Added Member To Class: ClassName=Interface Member=Component R9 33
Added Member To Class: ClassName=Interface Member=Component R10 33
Added Member To Class: ClassName=Interface Member=Component R11 33
Added Member To Class: ClassName=USB Member=Component R12 1K/5%/1/8W
Added Member To Class: ClassName=Interface Member=Component R13 10K/NC
Added Member To Class: ClassName=RS232 Member=Component R14 1K
Added Member To Class: ClassName=RS232 Member=Component R15 1K
Added Member To Class: ClassName=USB Member=Component R19 10K/5%/1/8W
Added Member To Class: ClassName=Interface Member=Component R24 22/5%/1/8W
Added Member To Class: ClassName=RS232 Member=Component U1 MAX3232ESE+
Added Member To Class: ClassName=Interface Member=Component U3 NUF2042XV6T1
Added Member To Class: ClassName=USB Member=Component U7 CP2102
Added Member To Class: ClassName=Interface Member=Component USB Header 5
Added Room: Name=Interface
Added Room: Name=RS232
Added Room: Name=USB
