Removed Pin From Net: NetName=VCC Pin=C58-2
Removed Pin From Net: NetName=TXD_USB Pin=P1-1
Removed Pin From Net: NetName=CP_TXD Pin=P1-2
Removed Pin From Net: NetName=RXD_USB Pin=P2-1
Removed Pin From Net: NetName=CP_RXD Pin=P2-2
Removed Pin From Net: NetName=UART2_TX Pin=P4-1
Removed Pin From Net: NetName=CP_TXD Pin=P4-2
Removed Pin From Net: NetName=UART2_RX Pin=P5-1
Removed Pin From Net: NetName=CP_RXD Pin=P5-2
Removed Pin From Net: NetName=GND Pin=P6-1
Removed Pin From Net: NetName=VCC Pin=P6-2
Removed Pin From Net: NetName=COM0_TX Pin=P6-3
Removed Pin From Net: NetName=COM0_RX Pin=P6-4
Removed Pin From Net: NetName=D_P Pin=U3-4
Removed Pin From Net: NetName=D_N Pin=U3-6
Removed Pin From Net: NetName=GND Pin=USB-4
Removed Pin From Net: NetName=GND Pin=USB-6
Removed Pin From Net: NetName=GND Pin=USB-9
Removed Member From Class: ClassName=USB Member=P1
Removed Member From Class: ClassName=USB Member=P2
Removed Member From Class: ClassName=USB Member=P4
Removed Member From Class: ClassName=USB Member=P5
Removed Member From Class: ClassName=RS232 Member=P6
Change Component DesignItemId : Designator=P1 Old DesignItemId=Header 2 New DesignItemId=Header 7
Change Component DesignItemId : Designator=P2 Old DesignItemId=Header 2 New DesignItemId=Header 7
Change Component Footprint: Designator=C64 Old Footprint=0603C New Footprint=0402C
Change Component Footprint: Designator=C65 Old Footprint=0603C New Footprint=0402C
Change Component Footprint: Designator=C66 Old Footprint=0603C New Footprint=0402C
Change Component Footprint: Designator=C67 Old Footprint=0603C New Footprint=0402C
Change Component Footprint: Designator=C68 Old Footprint=0603C New Footprint=0402C
Change Component Footprint: Designator=R14 Old Footprint=0603R New Footprint=0402R
Change Component Footprint: Designator=R15 Old Footprint=0603R New Footprint=0402R
Change Component Footprint: Designator=P1 Old Footprint=HDR1X2 New Footprint=5*2.54mmSMT
Change Component Footprint: Designator=P2 Old Footprint=HDR1X2 New Footprint=7¡Á1.25mmSMT
Change Component Footprint: Designator=P6 Old Footprint=HDR1X4 New Footprint=4¡Á1.25mmSMT
Change Component Comment : Designator=P1 Old Comment=Header 2 New Comment=Header 7
Change Component Comment : Designator=P2 Old Comment=Header 2 New Comment=Header 7
Added Component: Designator=C1(0402C)
Added Component: Designator=C2(0402C)
Added Component: Designator=C3(0603C)
Added Component: Designator=C4(0603C)
Added Component: Designator=D3(SMA)
Added Component: Designator=D4(SMA)
Added Component: Designator=D10(SOD323)
Added Component: Designator=R3(0402R)
Added Component: Designator=R4(0402R)
Added Component: Designator=R6(0402R)
Added Component: Designator=R7(0402R)
Added Component: Designator=R8(0402R)
Added Component: Designator=R9(0402R)
Added Component: Designator=R10(0402R)
Added Component: Designator=R11(0402R)
Added Component: Designator=R13(0402R)
Added Pin To Net: NetName=DIN_P Pin=C1-1
Added Pin To Net: NetName=GND Pin=C1-2
Added Pin To Net: NetName=DIN_N Pin=C2-1
Added Pin To Net: NetName=GND Pin=C2-2
Added Pin To Net: NetName=GND Pin=C3-2
Added Pin To Net: NetName=GND Pin=C4-1
Added Pin To Net: NetName=GND Pin=D3-1
Added Pin To Net: NetName=COM0_RX Pin=D3-2
Added Pin To Net: NetName=GND Pin=D4-1
Added Pin To Net: NetName=COM0_TX Pin=D4-2
Added Pin To Net: NetName=GND Pin=P1-2
Added Pin To Net: NetName=COM0_TX Pin=P1-3
Added Pin To Net: NetName=COM0_RX Pin=P1-4
Added Pin To Net: NetName=GND Pin=P1-7
Added Pin To Net: NetName=GND Pin=P2-4
Added Pin To Net: NetName=GND Pin=P2-5
Added Pin To Net: NetName=GND Pin=P2-6
Added Pin To Net: NetName=VCC Pin=P6-1
Added Pin To Net: NetName=DIN_N Pin=P6-2
Added Pin To Net: NetName=DIN_P Pin=P6-3
Added Pin To Net: NetName=GND Pin=P6-4
Added Pin To Net: NetName=CP_TXD Pin=R3-1
Added Pin To Net: NetName=TXD_USB Pin=R3-2
Added Pin To Net: NetName=CP_RXD Pin=R4-1
Added Pin To Net: NetName=RXD_USB Pin=R4-2
Added Pin To Net: NetName=CP_TXD Pin=R6-1
Added Pin To Net: NetName=UART2_TX Pin=R6-2
Added Pin To Net: NetName=CP_RXD Pin=R7-1
Added Pin To Net: NetName=UART2_RX Pin=R7-2
Added Pin To Net: NetName=VCC Pin=R8-2
Added Pin To Net: NetName=D_P Pin=R9-1
Added Pin To Net: NetName=D_N Pin=R10-1
Added Pin To Net: NetName=GND Pin=R13-1
Added Pin To Net: NetName=EARTH Pin=C3-1
Added Net: Name=EARTH
Added Pin To Net: NetName=NetC4_2 Pin=C4-2
Added Pin To Net: NetName=NetC4_2 Pin=R11-1
Added Net: Name=NetC4_2
Added Pin To Net: NetName=NetC58_2 Pin=C58-2
Added Pin To Net: NetName=NetC58_2 Pin=R8-1
Added Net: Name=NetC58_2
Added Pin To Net: NetName=NetP2_7 Pin=P2-7
Added Pin To Net: NetName=NetP2_7 Pin=R13-2
Added Net: Name=NetP2_7
Added Pin To Net: NetName=NetR9_2 Pin=R9-2
Added Pin To Net: NetName=NetR9_2 Pin=U3-4
Added Net: Name=NetR9_2
Added Pin To Net: NetName=NetR10_2 Pin=R10-2
Added Pin To Net: NetName=NetR10_2 Pin=U3-6
Added Net: Name=NetR10_2
Added Pin To Net: NetName=VCC_12V Pin=P1-1
Added Pin To Net: NetName=VCC_12V Pin=P2-1
Added Pin To Net: NetName=VCC_12V Pin=P2-2
Added Pin To Net: NetName=VCC_12V Pin=P2-3
Added Pin To Net: NetName=VCC_12V Pin=R11-2
Added Net: Name=VCC_12V
Added Member To Class: ClassName=Interface Member=Component C1 3pF/50V
Added Member To Class: ClassName=Interface Member=Component C2 3pF/50V
Added Member To Class: ClassName=Interface Member=Component C3 1nF/1000V
Added Member To Class: ClassName=Interface Member=Component C4 10uF/25V
Added Member To Class: ClassName=RS232 Member=Component D3 SMAJ15CA
Added Member To Class: ClassName=RS232 Member=Component D4 SMAJ15CA
Added Member To Class: ClassName=Interface Member=Component D10 PESD12V
Added Member To Class: ClassName=Interface Member=Component P1 Header 7
Added Member To Class: ClassName=Interface Member=Component P2 Header 7
Added Member To Class: ClassName=Interface Member=Component P6 Header 4
Added Member To Class: ClassName=USB Member=Component R3 0/NC
Added Member To Class: ClassName=USB Member=Component R4 0/NC
Added Member To Class: ClassName=USB Member=Component R6 0
Added Member To Class: ClassName=USB Member=Component R7 0
Added Member To Class: ClassName=Interface Member=Component R8 33
Added Member To Class: ClassName=Interface Member=Component R9 33
Added Member To Class: ClassName=Interface Member=Component R10 33
Added Member To Class: ClassName=Interface Member=Component R11 33
Added Member To Class: ClassName=Interface Member=Component R13 10K/NC
