Drill Listing
=============
Drill: .012  Tool: 1  Feed: 95  Speed: 300
X 820601  Y 418222
X 820601  Y 398222
X 850601  Y 418222
X 850601  Y 408222
X 850601  Y 398222
X 860601  Y 418222
X 860601  Y 408222
X 860601  Y 398222
X 870601  Y 418222
X 870601  Y 408222
X 870601  Y 398222
X 880601  Y 398222
X 880601  Y 418222
X 880601  Y 408222
X 890601  Y 408222
X 890601  Y 398222
X 890601  Y 418222
X 900601  Y 418222
X 900601  Y 408222
X 900601  Y 398222
X 910601  Y 418222
X 910601  Y 408222
X 910601  Y 398222
X 920601  Y 398222
X 930601  Y 418222
X 930601  Y 398222
X 931377  Y 409291
X 940601  Y 418222
X 940601  Y 398222
X 950601  Y 418222
X 950601  Y 408222
X 950601  Y 398222
X 960601  Y 418222
X 960601  Y 408222
X 960601  Y 398222
X 970601  Y 418222
X 970601  Y 408222
X 970601  Y 398222
X 980601  Y 408222
X 980601  Y 398222
X 980601  Y 418222
X 990601  Y 418222
X 990601  Y 408222
X 990601  Y 398222
X 1000601  Y 418222
X 1000601  Y 408222
X 1000601  Y 398222
X 1010601  Y 418222
X 1010601  Y 408222
X 1010601  Y 398222
X 1020601  Y 408222
X 1020601  Y 398222
X 1020601  Y 418222
X 1030601  Y 408222
X 1030601  Y 398222
X 1030601  Y 418222
X 1040601  Y 418222
X 1040601  Y 408222
X 1040601  Y 398222
X 1050601  Y 398222
X 1060601  Y 408222
X 1060601  Y 398222
X 1070601  Y 418222
X 1070601  Y 408222
X 1070601  Y 398222
X 1080601  Y 418222
X 1080601  Y 408222
X 1080601  Y 398222
X 1090601  Y 418222
X 1090601  Y 408222
X 1090601  Y 398222
X 1097401  Y 418228
X 1100601  Y 408222
X 1100601  Y 398222
X 1110601  Y 418222
X 1110601  Y 408222
X 1110601  Y 398222
X 1120601  Y 418222
X 1120601  Y 408222
X 1120601  Y 398222
X 1130601  Y 418222
X 1130601  Y 408222
X 1130601  Y 398222
X 1140601  Y 418222
X 1140601  Y 408222
X 1140601  Y 398222
X 1150601  Y 418222
X 1150601  Y 408222
X 1150601  Y 398222
X 1160601  Y 408222
X 1160601  Y 398222
X 1160601  Y 418222
X 1170601  Y 418222
X 1170601  Y 408222
X 1170601  Y 398222
X 1180601  Y 418222
X 1180601  Y 408222
X 1180601  Y 398222
X 1190601  Y 418222
X 1190601  Y 408222
X 1190601  Y 398222
X 1200601  Y 418222
X 1200601  Y 408222
X 1200601  Y 398222
X 1230601  Y 418222
X 1230601  Y 398222
X 1240601  Y 418222
X 1240601  Y 408222
X 1240601  Y 398222
X 1250601  Y 418222
X 1250601  Y 408222
X 1250601  Y 398222
X 1260601  Y 398222
X 1260601  Y 418222
X 1260601  Y 408222
X 1270601  Y 418222
X 1270601  Y 408222
X 1270601  Y 398222
X 1280601  Y 418222
X 1280601  Y 408222
X 1280601  Y 398222
X 1290601  Y 418222
X 1290601  Y 408222
X 1290601  Y 398222
X 1300601  Y 398222
X 1310601  Y 398222
X 1320601  Y 408222
X 1320601  Y 418222
X 1320601  Y 398222
X 1330601  Y 398222
X 1330601  Y 408222
X 1340601  Y 398222
X 1340601  Y 418222
X 1340601  Y 408222
X 1350601  Y 398222
X 1370601  Y 428222
X 1370601  Y 438222
X 1360601  Y 428222
X 1360601  Y 438222
X 1350601  Y 428222
X 1350601  Y 438222
X 1340601  Y 428222
X 1340601  Y 438222
X 1330601  Y 428222
X 1330601  Y 438222
X 1320601  Y 428222
X 1320601  Y 438222
X 1290601  Y 428222
X 1290601  Y 438222
X 1280601  Y 428222
X 1270601  Y 428222
X 1260601  Y 438222
X 1260601  Y 428222
X 1250601  Y 428222
X 1250601  Y 438222
X 1240601  Y 428222
X 1240601  Y 438222
X 1230601  Y 428222
X 1230601  Y 438222
X 1220601  Y 428222
X 1220601  Y 438222
X 1210601  Y 438222
X 1210601  Y 428222
X 1200601  Y 428222
X 1200601  Y 438222
X 1190601  Y 438222
X 1190601  Y 428222
X 1180601  Y 428222
X 1180601  Y 438222
X 1170601  Y 428222
X 1170601  Y 438222
X 1160601  Y 428222
X 1160601  Y 438222
X 1150601  Y 438222
X 1150601  Y 428222
X 1140601  Y 438222
X 1140601  Y 428222
X 1130601  Y 438222
X 1130601  Y 428222
X 1120601  Y 428222
X 1120601  Y 438222
X 1110601  Y 438222
X 1110601  Y 428222
X 1100601  Y 438222
X 1100601  Y 428222
X 1080601  Y 438222
X 1080601  Y 428222
X 1070601  Y 438222
X 1070601  Y 428222
X 1040601  Y 438222
X 1040601  Y 428222
X 1030601  Y 438222
X 1030601  Y 428222
X 1020601  Y 438222
X 1020601  Y 428222
X 1010601  Y 428222
X 1000601  Y 438222
X 1000601  Y 428222
X 990601  Y 438222
X 990601  Y 428222
X 980601  Y 438222
X 980601  Y 428222
X 970601  Y 438222
X 970601  Y 428222
X 960601  Y 428222
X 960601  Y 438222
X 950601  Y 428222
X 950601  Y 438222
X 940601  Y 428222
X 940601  Y 438222
X 930601  Y 428222
X 930601  Y 438222
X 910601  Y 438222
X 910601  Y 428222
X 900601  Y 438222
X 900601  Y 428222
X 890601  Y 438222
X 890601  Y 428222
X 880601  Y 428222
X 880601  Y 438222
X 870601  Y 428222
X 870601  Y 438222
X 860601  Y 428222
X 860601  Y 438222
X 850601  Y 428222
X 850601  Y 438222
X 840601  Y 428222
X 840601  Y 438222
X 830601  Y 428222
X 830601  Y 438222
X 820601  Y 428222
X 820601  Y 438222
X 810601  Y 428222
X 800601  Y 428222
X 790601  Y 428222
X 790601  Y 438222
X 790601  Y 448222
X 790601  Y 468222
X 790601  Y 458222
X 800601  Y 468222
X 800601  Y 458222
X 810601  Y 468222
X 810601  Y 458222
X 820601  Y 448222
X 820601  Y 468222
X 820601  Y 458222
X 830601  Y 448222
X 830601  Y 468222
X 830601  Y 458222
X 840601  Y 458222
X 840601  Y 448222
X 840601  Y 468222
X 850601  Y 468222
X 850601  Y 458222
X 850601  Y 448222
X 860601  Y 468222
X 860601  Y 458222
X 860601  Y 448222
X 870601  Y 468222
X 870601  Y 458222
X 870601  Y 448222
X 880601  Y 468222
X 880601  Y 458222
X 880601  Y 448222
X 890601  Y 468222
X 890601  Y 458222
X 890601  Y 448222
X 900601  Y 468222
X 900601  Y 458222
X 900601  Y 448222
X 910601  Y 468222
X 910601  Y 458222
X 910601  Y 448222
X 919251  Y 460118
X 920236  Y 449803
X 920601  Y 468222
X 930601  Y 458222
X 930601  Y 468222
X 940601  Y 458222
X 940601  Y 468222
X 950601  Y 468222
X 950601  Y 458222
X 970601  Y 458222
X 970601  Y 468222
X 1000601  Y 458222
X 1000601  Y 448222
X 1020601  Y 458222
X 1020601  Y 448222
X 1020601  Y 468222
X 1030601  Y 458222
X 1030601  Y 448222
X 1030601  Y 468222
X 1040601  Y 468222
X 1040601  Y 458222
X 1040601  Y 448222
X 1080601  Y 468222
X 1080601  Y 458222
X 1080601  Y 448222
X 1090601  Y 468222
X 1110601  Y 448222
X 1110601  Y 458222
X 1110601  Y 468222
X 1140601  Y 468222
X 1140601  Y 448222
X 1140601  Y 458222
X 1150601  Y 468222
X 1150601  Y 458222
X 1150601  Y 448222
X 1160601  Y 448222
X 1160601  Y 468222
X 1160601  Y 458222
X 1170601  Y 468222
X 1170601  Y 458222
X 1170601  Y 448222
X 1180601  Y 448222
X 1180601  Y 458222
X 1180601  Y 468222
X 1190601  Y 468222
X 1190601  Y 458222
X 1190601  Y 448222
X 1200601  Y 458222
X 1200601  Y 468222
X 1200601  Y 448222
X 1210601  Y 468222
X 1210601  Y 448222
X 1210601  Y 458222
X 1220601  Y 458222
X 1220601  Y 448222
X 1220601  Y 468222
X 1230601  Y 458222
X 1230601  Y 448222
X 1230601  Y 468222
X 1240601  Y 468222
X 1240601  Y 458222
X 1240601  Y 448222
X 1250601  Y 448222
X 1250601  Y 468222
X 1250601  Y 458222
X 1260601  Y 468222
X 1260601  Y 458222
X 1260601  Y 448222
X 1270601  Y 468222
X 1270601  Y 458222
X 1280601  Y 468222
X 1280601  Y 458222
X 1290601  Y 458222
X 1290601  Y 448222
X 1290601  Y 468222
X 1300601  Y 458222
X 1300601  Y 468222
X 1300601  Y 448222
X 1330601  Y 458222
X 1330601  Y 448222
X 1340601  Y 468222
X 1340601  Y 458222
X 1340601  Y 448222
X 1350601  Y 448222
X 1350601  Y 468222
X 1350601  Y 458222
X 1360601  Y 468222
X 1360601  Y 458222
X 1360601  Y 448222
X 1370601  Y 448222
X 1370601  Y 468222
X 1370601  Y 458222
X 1370601  Y 488222
X 1370601  Y 478222
X 1360601  Y 488222
X 1360601  Y 478222
X 1350601  Y 488222
X 1350601  Y 478222
X 1340601  Y 488222
X 1340601  Y 478222
X 1337913  Y 497244
X 1330601  Y 478222
X 1322755  Y 496850
X 1320601  Y 478222
X 1312165  Y 498188
X 1310601  Y 478222
X 1300601  Y 488222
X 1300601  Y 478222
X 1290601  Y 488222
X 1290601  Y 478222
X 1280601  Y 488222
X 1280601  Y 478222
X 1270601  Y 488222
X 1270601  Y 478222
X 1260601  Y 488222
X 1260601  Y 478222
X 1250601  Y 488222
X 1250601  Y 478222
X 1240601  Y 488222
X 1240601  Y 478222
X 1230601  Y 488222
X 1230601  Y 478222
X 1220601  Y 488222
X 1220601  Y 478222
X 1210601  Y 488222
X 1210601  Y 478222
X 1200601  Y 488222
X 1200601  Y 478222
X 1190601  Y 488222
X 1190601  Y 478222
X 1180601  Y 488222
X 1180601  Y 478222
X 1170601  Y 488222
X 1170601  Y 478222
X 1160601  Y 488222
X 1160601  Y 478222
X 1150601  Y 488222
X 1150601  Y 478222
X 1140601  Y 478222
X 1140601  Y 488222
X 1110601  Y 478222
X 1090601  Y 478222
X 1090601  Y 488222
X 1080601  Y 478222
X 1040433  Y 475118
X 1030118  Y 484763
X 1025629  Y 487716
X 1021614  Y 490866
X 1000601  Y 488222
X 980601  Y 478222
X 970601  Y 488222
X 970601  Y 478222
X 950601  Y 478222
X 950601  Y 488222
X 940601  Y 478222
X 940601  Y 488222
X 930601  Y 478222
X 930601  Y 488222
X 920601  Y 478222
X 920601  Y 488222
X 910601  Y 488222
X 910601  Y 478222
X 900601  Y 478222
X 900601  Y 488222
X 890601  Y 478222
X 890601  Y 488222
X 880601  Y 478222
X 880601  Y 488222
X 870601  Y 478222
X 870601  Y 488222
X 860601  Y 488222
X 860601  Y 478222
X 850601  Y 488222
X 850601  Y 478222
X 840601  Y 488222
X 840601  Y 478222
X 830601  Y 488222
X 830601  Y 478222
X 820601  Y 478222
X 820601  Y 488222
X 810601  Y 488222
X 810601  Y 478222
X 800601  Y 488222
X 800601  Y 478222
X 790601  Y 478222
X 790601  Y 488222
X 790601  Y 508222
X 790601  Y 498222
X 790601  Y 518222
X 800601  Y 508222
X 800601  Y 498222
X 800601  Y 518222
X 810601  Y 508222
X 810601  Y 498222
X 810601  Y 518222
X 820601  Y 508222
X 820601  Y 498222
X 820601  Y 518222
X 830601  Y 508222
X 830601  Y 498222
X 830601  Y 518222
X 840601  Y 508222
X 840601  Y 498222
X 840601  Y 518222
X 850601  Y 508222
X 850601  Y 498222
X 850601  Y 518222
X 860601  Y 508222
X 860601  Y 498222
X 860601  Y 518222
X 870601  Y 508222
X 870601  Y 498222
X 870601  Y 518222
X 880601  Y 498222
X 880601  Y 508222
X 880601  Y 518222
X 890601  Y 508222
X 890601  Y 498222
X 890601  Y 518222
X 900601  Y 508222
X 900601  Y 498222
X 900601  Y 518222
X 910601  Y 508222
X 910601  Y 498222
X 910601  Y 518222
X 920601  Y 508222
X 920601  Y 498222
X 920601  Y 518222
X 930601  Y 508222
X 930601  Y 498222
X 930601  Y 518222
X 940601  Y 498222
X 940601  Y 508222
X 940601  Y 518222
X 950601  Y 498222
X 950601  Y 508222
X 950601  Y 518222
X 970601  Y 508222
X 970601  Y 518222
X 990601  Y 508222
X 990601  Y 498222
X 990601  Y 518222
X 1000601  Y 508222
X 1000601  Y 498222
X 1000601  Y 518222
X 1080601  Y 518222
X 1090601  Y 508222
X 1090601  Y 498222
X 1090601  Y 518222
X 1100601  Y 508222
X 1110601  Y 508222
X 1110601  Y 498222
X 1110601  Y 518222
X 1140601  Y 508222
X 1140601  Y 498222
X 1140601  Y 518222
X 1150601  Y 508222
X 1150601  Y 498222
X 1150601  Y 518222
X 1160601  Y 498222
X 1160601  Y 508222
X 1160601  Y 518222
X 1170601  Y 508222
X 1170601  Y 498222
X 1170601  Y 518222
X 1180601  Y 508222
X 1180601  Y 498222
X 1180601  Y 518222
X 1190601  Y 508222
X 1190601  Y 498222
X 1190601  Y 518222
X 1200601  Y 498222
X 1200601  Y 508222
X 1200601  Y 518222
X 1210601  Y 498222
X 1210601  Y 508222
X 1210601  Y 518222
X 1220601  Y 498222
X 1220601  Y 508222
X 1220601  Y 518222
X 1230601  Y 508222
X 1230601  Y 498222
X 1230601  Y 518222
X 1240601  Y 498222
X 1240601  Y 508222
X 1240601  Y 518222
X 1250601  Y 508222
X 1250601  Y 498222
X 1250601  Y 518222
X 1260601  Y 508222
X 1260601  Y 518222
X 1260601  Y 498222
X 1270601  Y 498222
X 1270601  Y 508222
X 1270601  Y 518222
X 1280601  Y 508222
X 1280601  Y 498222
X 1280601  Y 518222
X 1290601  Y 498222
X 1290601  Y 508222
X 1290601  Y 518222
X 1300601  Y 498222
X 1300905  Y 512086
X 1316181  Y 512086
X 1370601  Y 508222
X 1370601  Y 498222
X 1370601  Y 518222
X 1370601  Y 538222
X 1370601  Y 528222
X 1360601  Y 538222
X 1341614  Y 529921
X 1324291  Y 547677
X 1315078  Y 527834
X 1290601  Y 538222
X 1290601  Y 528222
X 1280601  Y 528222
X 1270601  Y 528222
X 1260601  Y 538222
X 1260601  Y 528222
X 1250601  Y 538222
X 1250601  Y 528222
X 1240601  Y 538222
X 1240601  Y 528222
X 1230601  Y 528222
X 1230601  Y 538222
X 1220601  Y 538222
X 1220601  Y 528222
X 1210601  Y 538222
X 1210601  Y 528222
X 1200601  Y 538222
X 1200601  Y 528222
X 1190601  Y 538222
X 1190601  Y 528222
X 1180601  Y 538222
X 1180601  Y 528222
X 1170601  Y 538222
X 1170601  Y 528222
X 1160601  Y 538222
X 1160601  Y 528222
X 1150601  Y 538222
X 1150601  Y 528222
X 1140601  Y 538222
X 1140601  Y 528222
X 1110601  Y 538222
X 1110601  Y 528222
X 1100601  Y 538222
X 1090601  Y 528222
X 1080601  Y 528222
X 1070601  Y 538222
X 1000601  Y 538222
X 1000601  Y 528222
X 990601  Y 538222
X 990601  Y 528222
X 970601  Y 538222
X 950601  Y 528222
X 950601  Y 538222
X 940601  Y 528222
X 940601  Y 538222
X 930601  Y 538222
X 930601  Y 528222
X 920601  Y 528222
X 920601  Y 538222
X 910601  Y 538222
X 910601  Y 528222
X 900601  Y 538222
X 900601  Y 528222
X 890601  Y 528222
X 890601  Y 538222
X 880601  Y 538222
X 880601  Y 528222
X 870601  Y 538222
X 870601  Y 528222
X 860601  Y 528222
X 860601  Y 538222
X 850601  Y 538222
X 850601  Y 528222
X 840601  Y 528222
X 840601  Y 538222
X 830601  Y 538222
X 830601  Y 528222
X 820601  Y 538222
X 820601  Y 528222
X 810601  Y 528222
X 800601  Y 528222
X 790601  Y 538222
X 790601  Y 528222
X 790601  Y 548222
X 790601  Y 568222
X 790601  Y 558222
X 800601  Y 568222
X 800601  Y 558222
X 810601  Y 568222
X 810601  Y 558222
X 820601  Y 548222
X 820601  Y 568222
X 820601  Y 558222
X 830601  Y 548222
X 830601  Y 558222
X 840601  Y 548222
X 840601  Y 558222
X 850601  Y 548222
X 850601  Y 568222
X 850601  Y 558222
X 860601  Y 548222
X 860601  Y 568222
X 860601  Y 558222
X 870601  Y 548222
X 870601  Y 568222
X 870601  Y 558222
X 880601  Y 548222
X 880601  Y 568222
X 880601  Y 558222
X 890601  Y 548222
X 890601  Y 558222
X 890601  Y 568222
X 900601  Y 568222
X 900601  Y 558222
X 900601  Y 548222
X 910601  Y 548222
X 910601  Y 568222
X 910601  Y 558222
X 920601  Y 548222
X 920601  Y 568222
X 920601  Y 558222
X 930601  Y 548222
X 930601  Y 568222
X 930601  Y 558222
X 940601  Y 548222
X 940601  Y 568222
X 940601  Y 558222
X 950601  Y 548222
X 950601  Y 558222
X 950601  Y 568222
X 960601  Y 568222
X 970601  Y 548222
X 970601  Y 558222
X 980601  Y 548222
X 980601  Y 558222
X 990601  Y 548222
X 990601  Y 558222
X 1000601  Y 548222
X 1000601  Y 558222
X 1010601  Y 558222
X 1070601  Y 558222
X 1080601  Y 548222
X 1080601  Y 558222
X 1090601  Y 548222
X 1090601  Y 558222
X 1100601  Y 548222
X 1100601  Y 558222
X 1110601  Y 548222
X 1110601  Y 558222
X 1140601  Y 548222
X 1140601  Y 558222
X 1150601  Y 548222
X 1150601  Y 558222
X 1160601  Y 548222
X 1160601  Y 558222
X 1170601  Y 548222
X 1170601  Y 558222
X 1180601  Y 548222
X 1180601  Y 558222
X 1190601  Y 548222
X 1190601  Y 558222
X 1200601  Y 548222
X 1200601  Y 568222
X 1200601  Y 558222
X 1210601  Y 548222
X 1210601  Y 558222
X 1220601  Y 548222
X 1220601  Y 558222
X 1230601  Y 548222
X 1230601  Y 568222
X 1230601  Y 558222
X 1240601  Y 548222
X 1240601  Y 568222
X 1240601  Y 558222
X 1250601  Y 548222
X 1250601  Y 568222
X 1250601  Y 558222
X 1260601  Y 568222
X 1260601  Y 558222
X 1260601  Y 548222
X 1270601  Y 568222
X 1270601  Y 558222
X 1280601  Y 568222
X 1280601  Y 558222
X 1290601  Y 548222
X 1290601  Y 568222
X 1290601  Y 558222
X 1310601  Y 548222
X 1313543  Y 550984
X 1320601  Y 568222
X 1330601  Y 548222
X 1330601  Y 568222
X 1340601  Y 548222
X 1340601  Y 568222
X 1360601  Y 548222
X 1360601  Y 568222
X 1360601  Y 558222
X 1370601  Y 548222
X 1370601  Y 568222
X 1370601  Y 558222
X 1370601  Y 588222
X 1370601  Y 578222
X 1360601  Y 588222
X 1360601  Y 578222
X 1340601  Y 588222
X 1340601  Y 578222
X 1330601  Y 578222
X 1330601  Y 588222
X 1320601  Y 588222
X 1320601  Y 578222
X 1310601  Y 588222
X 1310601  Y 578222
X 1300601  Y 588222
X 1300601  Y 578222
X 1290601  Y 578222
X 1290601  Y 588222
X 1280601  Y 588222
X 1280601  Y 578222
X 1270601  Y 588222
X 1270601  Y 578222
X 1260601  Y 588222
X 1260601  Y 578222
X 1250601  Y 588222
X 1250601  Y 578222
X 1240601  Y 588222
X 1240601  Y 578222
X 1230601  Y 588222
X 1200601  Y 588222
X 1200601  Y 578222
X 1180601  Y 588222
X 1180601  Y 578222
X 1175000  Y 590866
X 1171771  Y 595393
X 1170601  Y 578222
X 1160601  Y 578222
X 1150601  Y 578222
X 1140601  Y 578222
X 1130601  Y 578222
X 1120601  Y 578222
X 1110601  Y 578222
X 1100601  Y 578222
X 1090601  Y 578222
X 1080601  Y 578222
X 1070601  Y 578222
X 1060601  Y 578222
X 1050601  Y 578222
X 1025629  Y 595354
X 1021614  Y 590866
X 1010601  Y 588222
X 1010601  Y 578222
X 1000601  Y 578222
X 1000601  Y 588222
X 990601  Y 588222
X 990601  Y 578222
X 980601  Y 588222
X 980601  Y 578222
X 970601  Y 588222
X 970601  Y 578222
X 960601  Y 588222
X 960601  Y 578222
X 950601  Y 578222
X 950601  Y 588222
X 940601  Y 578222
X 940601  Y 588222
X 930601  Y 588222
X 930601  Y 578222
X 920601  Y 578222
X 920601  Y 588222
X 910601  Y 588222
X 910601  Y 578222
X 900601  Y 588222
X 900601  Y 578222
X 890601  Y 588222
X 890601  Y 578222
X 880601  Y 588222
X 880601  Y 578222
X 870601  Y 578222
X 870601  Y 588222
X 860601  Y 578222
X 860601  Y 588222
X 850601  Y 578222
X 850601  Y 588222
X 820601  Y 588222
X 810601  Y 578222
X 810601  Y 588222
X 800601  Y 578222
X 800601  Y 588222
X 790601  Y 588222
X 790601  Y 578222
X 790601  Y 598222
X 790601  Y 618222
X 790601  Y 608222
X 800601  Y 618222
X 800601  Y 608222
X 800601  Y 598222
X 810601  Y 608222
X 810601  Y 598222
X 810601  Y 618222
X 820601  Y 618222
X 820601  Y 608222
X 820601  Y 598222
X 830601  Y 618222
X 830601  Y 608222
X 830601  Y 598222
X 840601  Y 618222
X 840601  Y 608222
X 840601  Y 598222
X 850601  Y 618222
X 850601  Y 608222
X 850601  Y 598222
X 860601  Y 618222
X 860601  Y 608222
X 860601  Y 598222
X 870601  Y 618222
X 870601  Y 608222
X 870601  Y 598222
X 880601  Y 618222
X 880601  Y 608222
X 880601  Y 598222
X 890601  Y 618222
X 890601  Y 608222
X 890601  Y 598222
X 900601  Y 618222
X 900601  Y 608222
X 900601  Y 598222
X 910601  Y 618222
X 910601  Y 608222
X 910601  Y 598222
X 920601  Y 618222
X 920601  Y 608222
X 920601  Y 598222
X 930601  Y 618222
X 930601  Y 608222
X 930601  Y 598222
X 940601  Y 618222
X 940601  Y 608222
X 940601  Y 598222
X 950601  Y 598222
X 960601  Y 598222
X 970601  Y 618222
X 970601  Y 598222
X 980601  Y 618222
X 980601  Y 598222
X 990601  Y 598222
X 990601  Y 618222
X 1000601  Y 618222
X 1000601  Y 598222
X 1010601  Y 618222
X 1010601  Y 598222
X 1020601  Y 618222
X 1020601  Y 598222
X 1030118  Y 599015
X 1030601  Y 618222
X 1179724  Y 599015
X 1179724  Y 623149
X 1200601  Y 598222
X 1210601  Y 618222
X 1211850  Y 609448
X 1220601  Y 608222
X 1220601  Y 618222
X 1230601  Y 608222
X 1260601  Y 598222
X 1260601  Y 618222
X 1270601  Y 618222
X 1270601  Y 598222
X 1280601  Y 618222
X 1280601  Y 598222
X 1290601  Y 618222
X 1290601  Y 598222
X 1300601  Y 618222
X 1300601  Y 598222
X 1310601  Y 598222
X 1310601  Y 618222
X 1320601  Y 618222
X 1320601  Y 598222
X 1330601  Y 618222
X 1330601  Y 598222
X 1340601  Y 618222
X 1340601  Y 598222
X 1350601  Y 618222
X 1351889  Y 609527
X 1360601  Y 618222
X 1360601  Y 608222
X 1360601  Y 598222
X 1370601  Y 608222
X 1370601  Y 598222
X 1370601  Y 618222
X 1370601  Y 628222
X 1370601  Y 638222
X 1360601  Y 628222
X 1360601  Y 638222
X 1350601  Y 628222
X 1350601  Y 638222
X 1340601  Y 628222
X 1340601  Y 638222
X 1330601  Y 628222
X 1330601  Y 638222
X 1320601  Y 628222
X 1320601  Y 638222
X 1310601  Y 628222
X 1310601  Y 638222
X 1300601  Y 628222
X 1300601  Y 638222
X 1290601  Y 638222
X 1290601  Y 628222
X 1280601  Y 628222
X 1280601  Y 638222
X 1270601  Y 628222
X 1260601  Y 628222
X 1220601  Y 628222
X 1210601  Y 638222
X 1190601  Y 628222
X 1190601  Y 638222
X 1175000  Y 627952
X 1171732  Y 632637
X 1160601  Y 638222
X 1150601  Y 638222
X 1140601  Y 638222
X 1130601  Y 638222
X 1120601  Y 638222
X 1090601  Y 638222
X 1090601  Y 628222
X 1080601  Y 638222
X 1070601  Y 638222
X 1070601  Y 628222
X 1060601  Y 638222
X 1060601  Y 628222
X 1050601  Y 638222
X 1050601  Y 628222
X 1040601  Y 638222
X 1040433  Y 624527
X 1030601  Y 638222
X 1030601  Y 628222
X 1020601  Y 638222
X 1020601  Y 628222
X 1010601  Y 638222
X 1000601  Y 638222
X 1000601  Y 628222
X 990601  Y 628222
X 980601  Y 638222
X 980601  Y 628222
X 970601  Y 628222
X 970511  Y 637204
X 940601  Y 638222
X 940601  Y 628222
X 930601  Y 628222
X 930601  Y 638222
X 920601  Y 638222
X 920601  Y 628222
X 910601  Y 638222
X 910601  Y 628222
X 900601  Y 628222
X 900601  Y 638222
X 890601  Y 628222
X 890601  Y 638222
X 880601  Y 628222
X 880601  Y 638222
X 870601  Y 638222
X 870601  Y 628222
X 860601  Y 638222
X 860601  Y 628222
X 850601  Y 638222
X 850601  Y 628222
X 840601  Y 638222
X 840601  Y 628222
X 830601  Y 628222
X 830601  Y 638222
X 820601  Y 638222
X 820601  Y 628222
X 810601  Y 628222
X 790601  Y 628222
X 790601  Y 638222
X 790601  Y 658222
X 790601  Y 648222
X 790601  Y 668222
X 800601  Y 668222
X 800601  Y 658222
X 810601  Y 668222
X 810601  Y 658222
X 810601  Y 648222
X 820601  Y 658222
X 820601  Y 648222
X 820601  Y 668222
X 830601  Y 668222
X 830601  Y 658222
X 830601  Y 648222
X 840601  Y 648222
X 840601  Y 668222
X 840601  Y 658222
X 850601  Y 668222
X 850601  Y 658222
X 850601  Y 648222
X 860601  Y 668222
X 860601  Y 658222
X 860601  Y 648222
X 870601  Y 668222
X 870601  Y 658222
X 870601  Y 648222
X 880601  Y 668222
X 880601  Y 658222
X 880601  Y 648222
X 890601  Y 668222
X 890601  Y 658222
X 890601  Y 648222
X 900601  Y 648222
X 900601  Y 668222
X 900601  Y 658222
X 910601  Y 648222
X 910601  Y 668222
X 910601  Y 658222
X 920601  Y 658222
X 920601  Y 648222
X 920601  Y 668222
X 930601  Y 648222
X 930601  Y 668222
X 930601  Y 658222
X 940601  Y 648222
X 940601  Y 658222
X 940601  Y 668222
X 966259  Y 660196
X 966456  Y 653897
X 968700  Y 657047
X 969015  Y 650748
X 970601  Y 668222
X 980601  Y 668222
X 990601  Y 668222
X 1040601  Y 668222
X 1050601  Y 668222
X 1060601  Y 668222
X 1068385  Y 667637
X 1079606  Y 667913
X 1090601  Y 668222
X 1120601  Y 668222
X 1128622  Y 657047
X 1140601  Y 668222
X 1145236  Y 660236
X 1150669  Y 650748
X 1150669  Y 658503
X 1160601  Y 648222
X 1161496  Y 653858
X 1190601  Y 668222
X 1190601  Y 658222
X 1190601  Y 648222
X 1210601  Y 648222
X 1220601  Y 658222
X 1230601  Y 658222
X 1240601  Y 658222
X 1250601  Y 658222
X 1260601  Y 658222
X 1270601  Y 658222
X 1270601  Y 668222
X 1270601  Y 648222
X 1280601  Y 668222
X 1280601  Y 648222
X 1280601  Y 658222
X 1290601  Y 648222
X 1290601  Y 668222
X 1290601  Y 658222
X 1300601  Y 658222
X 1300601  Y 648222
X 1300601  Y 668222
X 1310601  Y 668222
X 1310601  Y 658222
X 1310601  Y 648222
X 1320601  Y 668222
X 1320601  Y 658222
X 1320601  Y 648222
X 1330601  Y 648222
X 1330601  Y 658222
X 1330601  Y 668222
X 1340601  Y 648222
X 1340601  Y 658222
X 1340601  Y 668222
X 1350601  Y 668222
X 1350601  Y 658222
X 1350601  Y 648222
X 1360601  Y 658222
X 1360601  Y 648222
X 1360601  Y 668222
X 1370601  Y 658222
X 1370601  Y 648222
X 1370601  Y 668222
X 1370601  Y 688222
X 1370601  Y 678222
X 1360601  Y 688222
X 1360601  Y 678222
X 1350601  Y 688222
X 1350601  Y 678222
X 1340601  Y 688222
X 1340601  Y 678222
X 1330601  Y 678222
X 1330601  Y 688222
X 1320601  Y 688222
X 1320601  Y 678222
X 1310601  Y 688222
X 1310601  Y 678222
X 1300601  Y 688222
X 1300601  Y 678222
X 1290601  Y 688222
X 1290601  Y 678222
X 1280601  Y 688222
X 1280601  Y 678222
X 1270601  Y 678222
X 1240601  Y 688222
X 1240601  Y 678222
X 1230601  Y 688222
X 1230601  Y 678222
X 1220601  Y 688222
X 1220601  Y 678222
X 1200601  Y 678222
X 1190601  Y 678222
X 1154842  Y 694527
X 1140905  Y 677204
X 1140866  Y 692519
X 1137007  Y 696102
X 1120601  Y 688222
X 1120601  Y 678222
X 1090601  Y 688222
X 1090601  Y 678222
X 1080601  Y 678222
X 1079842  Y 688267
X 1070601  Y 688222
X 1069409  Y 679133
X 1060601  Y 688222
X 1050601  Y 688222
X 1050601  Y 678222
X 1049527  Y 686102
X 1040601  Y 688222
X 1030601  Y 678222
X 1020748  Y 693858
X 940601  Y 678222
X 940601  Y 688222
X 930601  Y 678222
X 930601  Y 688222
X 920601  Y 678222
X 920601  Y 688222
X 910601  Y 678222
X 910601  Y 688222
X 900601  Y 678222
X 900601  Y 688222
X 890601  Y 678222
X 890601  Y 688222
X 880601  Y 688222
X 880601  Y 678222
X 870601  Y 688222
X 870601  Y 678222
X 860601  Y 688222
X 860601  Y 678222
X 850601  Y 688222
X 850601  Y 678222
X 840601  Y 688222
X 840601  Y 678222
X 830601  Y 688222
X 830601  Y 678222
X 820601  Y 688222
X 820601  Y 678222
X 810601  Y 688222
X 810601  Y 678222
X 800601  Y 688222
X 800601  Y 678222
X 790601  Y 678222
X 790601  Y 688222
X 790601  Y 698222
X 790601  Y 708222
X 790601  Y 718222
X 800601  Y 708222
X 800601  Y 698222
X 800601  Y 718222
X 810601  Y 698222
X 810601  Y 708222
X 810601  Y 718222
X 820601  Y 708222
X 820601  Y 698222
X 820601  Y 718222
X 830601  Y 708222
X 830601  Y 698222
X 830601  Y 718222
X 840601  Y 708222
X 840601  Y 698222
X 840601  Y 718222
X 850601  Y 708222
X 850601  Y 698222
X 850601  Y 718222
X 860601  Y 708222
X 860601  Y 698222
X 860601  Y 718222
X 870601  Y 708222
X 870601  Y 698222
X 870601  Y 718222
X 880601  Y 708222
X 880601  Y 698222
X 880601  Y 718222
X 890601  Y 708222
X 890601  Y 698222
X 890601  Y 718222
X 900601  Y 698222
X 900601  Y 708222
X 900601  Y 718222
X 910601  Y 708222
X 910601  Y 698222
X 910601  Y 718222
X 920601  Y 698222
X 920601  Y 708222
X 920601  Y 718222
X 930601  Y 708222
X 930601  Y 698222
X 930601  Y 718222
X 940601  Y 708222
X 940601  Y 698222
X 940601  Y 718222
X 966338  Y 710590
X 966771  Y 707440
X 990601  Y 708222
X 990601  Y 698222
X 1020601  Y 708222
X 1020601  Y 698222
X 1020601  Y 718222
X 1040601  Y 698222
X 1060601  Y 718222
X 1070601  Y 708222
X 1070601  Y 698222
X 1070601  Y 718222
X 1080601  Y 698222
X 1080601  Y 708222
X 1081377  Y 717480
X 1090601  Y 708222
X 1090601  Y 698222
X 1090601  Y 718222
X 1100601  Y 718222
X 1120601  Y 708222
X 1120601  Y 698222
X 1120601  Y 718222
X 1130601  Y 698222
X 1133070  Y 722559
X 1133188  Y 714960
X 1142440  Y 721574
X 1142677  Y 698818
X 1142755  Y 716220
X 1145314  Y 699015
X 1150601  Y 708222
X 1157047  Y 721259
X 1159251  Y 709488
X 1160601  Y 718222
X 1187755  Y 706259
X 1240601  Y 708222
X 1240601  Y 698222
X 1250601  Y 698222
X 1250601  Y 708222
X 1260601  Y 708222
X 1260601  Y 698222
X 1270601  Y 708222
X 1270601  Y 698222
X 1274409  Y 715000
X 1280601  Y 708222
X 1280601  Y 698222
X 1280601  Y 718222
X 1290601  Y 718222
X 1300601  Y 698222
X 1300601  Y 718222
X 1310601  Y 698222
X 1310601  Y 718222
X 1320601  Y 708222
X 1320601  Y 698222
X 1320601  Y 718222
X 1330601  Y 708222
X 1330601  Y 718222
X 1330601  Y 698222
X 1340601  Y 698222
X 1340601  Y 708222
X 1340601  Y 718222
X 1360601  Y 698222
X 1360601  Y 708222
X 1360601  Y 718222
X 1370601  Y 708222
X 1370601  Y 698222
X 1370601  Y 718222
X 1370601  Y 738222
X 1370601  Y 728222
X 1360601  Y 738222
X 1360601  Y 728222
X 1350601  Y 728222
X 1340601  Y 738222
X 1340601  Y 728222
X 1330601  Y 738222
X 1330601  Y 728222
X 1321653  Y 746417
X 1320601  Y 738222
X 1320601  Y 728222
X 1310601  Y 728222
X 1303858  Y 742086
X 1280601  Y 738222
X 1280601  Y 728222
X 1270601  Y 738222
X 1270601  Y 728222
X 1267519  Y 742086
X 1260601  Y 738222
X 1260601  Y 728222
X 1250601  Y 738222
X 1250601  Y 728222
X 1240601  Y 738222
X 1240601  Y 728222
X 1200601  Y 728222
X 1190601  Y 728222
X 1186220  Y 743031
X 1160601  Y 738222
X 1150601  Y 738222
X 1140601  Y 738222
X 1120601  Y 728222
X 1110601  Y 738222
X 1110601  Y 728222
X 1100601  Y 738222
X 1090601  Y 738222
X 1081377  Y 734015
X 1070601  Y 738222
X 1060601  Y 738222
X 1050601  Y 728222
X 1040601  Y 728222
X 1040601  Y 738222
X 1030601  Y 728222
X 1030601  Y 738222
X 1020601  Y 738222
X 1020601  Y 728222
X 1010601  Y 738222
X 1000601  Y 738222
X 980601  Y 738222
X 970601  Y 738222
X 967125  Y 723661
X 963700  Y 725905
X 940601  Y 728222
X 940601  Y 738222
X 930601  Y 738222
X 930601  Y 728222
X 920601  Y 738222
X 920601  Y 728222
X 910601  Y 728222
X 910601  Y 738222
X 900601  Y 728222
X 900601  Y 738222
X 890601  Y 728222
X 890601  Y 738222
X 880601  Y 728222
X 880601  Y 738222
X 870601  Y 728222
X 870601  Y 738222
X 860601  Y 728222
X 860601  Y 738222
X 850601  Y 738222
X 850601  Y 728222
X 840601  Y 728222
X 840601  Y 738222
X 830601  Y 738222
X 830601  Y 728222
X 820601  Y 728222
X 820601  Y 738222
X 790601  Y 728222
X 790601  Y 738222
X 790601  Y 748222
X 790601  Y 758222
X 800601  Y 748222
X 810601  Y 748222
X 810601  Y 758222
X 820601  Y 748222
X 820601  Y 758222
X 820601  Y 768222
X 830601  Y 748222
X 830601  Y 768222
X 830601  Y 758222
X 840601  Y 748222
X 840601  Y 768222
X 840601  Y 758222
X 850601  Y 748222
X 850601  Y 768222
X 850601  Y 758222
X 860601  Y 748222
X 860601  Y 768222
X 860601  Y 758222
X 870601  Y 748222
X 870601  Y 768222
X 870601  Y 758222
X 880601  Y 748222
X 880601  Y 768222
X 880601  Y 758222
X 890601  Y 748222
X 890601  Y 768222
X 890601  Y 758222
X 899055  Y 772677
X 900601  Y 748222
X 900601  Y 768222
X 900601  Y 758222
X 906850  Y 772677
X 910601  Y 748222
X 910601  Y 768222
X 910601  Y 758222
X 914685  Y 772755
X 920601  Y 748222
X 920601  Y 768222
X 920601  Y 758222
X 930601  Y 748222
X 930601  Y 768222
X 930601  Y 758222
X 940601  Y 748222
X 940601  Y 768222
X 940601  Y 758222
X 960601  Y 748222
X 960601  Y 768222
X 960601  Y 758222
X 970601  Y 748222
X 970601  Y 768222
X 970601  Y 758222
X 980601  Y 748222
X 980601  Y 768222
X 980601  Y 758222
X 990601  Y 748222
X 990601  Y 758222
X 990601  Y 768222
X 1000601  Y 748222
X 1010601  Y 748222
X 1010601  Y 768222
X 1020601  Y 748222
X 1020601  Y 768222
X 1030601  Y 748222
X 1030601  Y 768222
X 1035748  Y 770039
X 1040601  Y 748222
X 1040601  Y 768222
X 1050601  Y 748222
X 1050601  Y 768222
X 1060601  Y 748222
X 1060601  Y 768222
X 1070601  Y 748222
X 1070601  Y 768222
X 1080601  Y 768222
X 1090601  Y 748222
X 1090601  Y 768222
X 1100601  Y 748222
X 1100601  Y 768222
X 1110601  Y 748222
X 1110601  Y 768222
X 1120601  Y 748222
X 1120601  Y 768222
X 1130601  Y 748222
X 1130601  Y 768222
X 1140601  Y 748222
X 1140601  Y 768222
X 1150601  Y 748222
X 1150601  Y 768222
X 1160601  Y 748222
X 1160601  Y 768222
X 1170601  Y 768222
X 1180601  Y 768222
X 1190601  Y 768222
X 1200601  Y 768222
X 1210601  Y 768222
X 1220601  Y 768222
X 1290601  Y 768222
X 1300601  Y 768222
X 1320601  Y 768222
X 1320601  Y 758222
X 1330601  Y 748222
X 1330601  Y 768222
X 1330601  Y 758222
X 1340601  Y 748222
X 1340601  Y 768222
X 1340601  Y 758222
X 1350601  Y 748222
X 1350601  Y 758222
X 1360601  Y 748222
X 1370601  Y 748222
X 1370601  Y 758222
X 1340601  Y 778222
X 1300601  Y 778222
X 1290601  Y 778222
X 1220601  Y 778222
X 1210601  Y 778222
X 1200601  Y 778222
X 1190601  Y 778222
X 1180601  Y 778222
X 1170601  Y 778222
X 1150601  Y 778222
X 1140601  Y 778222
X 1120601  Y 778222
X 1110601  Y 778222
X 1100601  Y 778222
X 1090601  Y 778222
X 1080601  Y 778222
X 1060601  Y 778222
X 1050601  Y 778222
X 1017440  Y 778385
X 1010601  Y 778222
X 960601  Y 778222
X 940601  Y 778222
X 930601  Y 778222
X 920601  Y 778222
X 910601  Y 778222
X 900601  Y 778222
X 890601  Y 778222
X 880601  Y 778222
X 870601  Y 778222
X 860601  Y 778222
X 850601  Y 778222
X 840601  Y 778222
X 830601  Y 778222
X 820601  Y 778222

Drill: .025  Tool: 2  Feed: 197  Speed: 550
X 964370  Y 449921
X 964566  Y 497244
X 1055118  Y 459094
X 1055118  Y 411535
X 1125669  Y 443346
X 1125669  Y 487401
X 1352637  Y 536692
X 1334763  Y 518346
X 1333307  Y 506771
X 1332480  Y 513700
X 1187519  Y 570590
X 1125669  Y 570590
X 1125669  Y 534685
X 1055118  Y 570629
X 1055118  Y 525511
X 964370  Y 541181
X 1221299  Y 646181
X 1267795  Y 609724
X 1283858  Y 610000
X 1300472  Y 610275
X 1317480  Y 610157
X 1327795  Y 610000
X 1339291  Y 609881
X 1346299  Y 606181
X 1211338  Y 699133
X 1178543  Y 761102
X 1045905  Y 718779
X 1045905  Y 735590
X 1045905  Y 700551
X 998385  Y 761102

Drill: .03  Tool: 3  Feed: 197  Speed: 550
X 955314  Y 641338
X 955472  Y 609763
X 1353031  Y 559606
X 960787  Y 732637
X 955393  Y 693188

Drill: .03543  Tool: 4  Feed: 197  Speed: 550
X 1127125  Y 776870
X 1159251  Y 776870

Drill: .03543  Tool: 5  Feed: 197  Speed: 550
X 1310118  Y 776929
X 1320118  Y 776929
X 1330118  Y 776929

Drill: .0374  Tool: 6  Feed: 197  Speed: 550
X 995118  Y 544014
X 1085551  Y 440592
X 992244  Y 735392

Drill: .04724  Tool: 7  Feed: 139  Speed: 550
X 1308267  Y 415905
X 1328267  Y 415905

Drill: .05709  Tool: 8  Feed: 107  Speed: 550
X 992244  Y 636966
X 995118  Y 445588
X 1085551  Y 539017

Drill: .08661  Tool: 9  Feed: 74  Speed: 550
X 802716  Y 637204
X 805590  Y 445826
X 1275078  Y 538779

Drill: .10236  Tool: 10  Feed: 69  Speed: 658
X 805590  Y 541102
X 1275078  Y 443503
X 802716  Y 732480

Drill: .15748  Tool: 11  Feed: 35  Speed: 900
X 803149  Y 409448
X 834645  Y 409448
X 1216535  Y 409448
X 1362204  Y 409448
X 1362204  Y 771653
X 1216535  Y 574803
X 834645  Y 574803
X 803149  Y 771653

End of Listing
