Generating 3D model for part C0603_2006416911.
	*Warning: No mapping for cell/part C0603_2006416911
Generating 3D model for part LED_0603_998612744.
	*Warning: No mapping for cell/part LED_0603_998612744
Generating 3D model for part CRY-D3225_3260890364.
	*Warning: No mapping for cell/part CRY-D3225_3260890364
Generating 3D model for part EC0402_2502108714.
	*Warning: No mapping for cell/part EC0402_2502108714
Generating 3D model for part CON3_3004381508.
	*Warning: No mapping for cell/part CON3_3004381508
Generating 3D model for part STM32F405RG_813987484.
	*Warning: No mapping for cell/part STM32F405RG_813987484
Generating 3D model for part EC0603_2006416911.
	*Warning: No mapping for cell/part EC0603_2006416911
Generating 3D model for part MINIPCIE_FINGER_1711829971.
	*Warning: No mapping for cell/part MINIPCIE_FINGER_1711829971
Generating 3D model for part CON4_3383556628.
	*Warning: No mapping for cell/part CON4_3383556628
Generating 3D model for part ER0603_249812192.
	*Warning: No mapping for cell/part ER0603_249812192
