PCB 网表错误报告 - GetWay_LTE_ZM_V1.0_20180731.sch - Mon Aug 13 10:56:18 2018
------------------------------------------------------------------------------
设计与库元件的一致性检查
------------------------
库中找不到元件类型 SIM7600CE - 无法检查下列元件:
 U1.
库中找不到元件类型 INDUCTOR - 无法检查下列元件:
 L11.
库中找不到元件类型 C0603 - 无法检查下列元件:
 C1 C2 C3 C4 C5.
库中找不到元件类型 ANT - 无法检查下列元件:
 U3.
库中找不到元件类型 EC1206 - 无法检查下列元件:
 C230 C232.
库中找不到元件类型 EC0603 - 无法检查下列元件:
 C231 C8 C226 C228 C229 C8251.
库中找不到元件类型 ER0402 - 无法检查下列元件:
 R178 R177 R216 R217.
库中找不到元件类型 MP1494 - 无法检查下列元件:
 U25.
库中找不到元件类型 R - 无法检查下列元件:
 R179 R176 R180 R181.
库中找不到元件类型 DIODE_BI_DIR_TRIG - 无法检查下列元件:
 D1.
库中找不到元件类型 MINIPCIE_FINGER - 无法检查下列元件:
 U2.

单个/零个管脚网络警告
---------------------
网络 FLIGHT_MODE 在 PCB 网表文件中的管脚不足两个。
网络 USIM_DET 在 PCB 网表文件中的管脚不足两个。

原理图连接性错误
----------------

无网络名的悬空连线

LTE_TXD
LTE          X10280 Y9490 

NET_LED
LTE          X19730 Y10000

带网络名的悬空连线

FLIGHT_MODE
LTE          X7240  Y9490 

LTE_RST
LTE          X13040 Y11200
LTE          X7220  Y9690 

LTE_RXD
LTE          X16890 Y13190
LTE          X10280 Y9290 

LTE_TXD
LTE          X16290 Y13190

LTE_USB_N
LTE          X13220 Y9600 
LTE          X7360  Y11090

LTE_USB_P
LTE          X13230 Y9400 
LTE          X7370  Y11290

LTE_USB_VBUS
LTE          X13220 Y9800 
LTE          X6860  Y12290

NET_LED
LTE          X6880  Y11690

USIM_CLK
LTE          X13210 Y8200 
LTE          X7060  Y8490 

USIM_DATA
LTE          X13190 Y8600 
LTE          X7070  Y8290 

USIM_DET
LTE          X7040  Y8890 

USIM_RST
LTE          X13200 Y8400 
LTE          X7050  Y8690 

USIM_VDD
LTE          X13210 Y8000 
LTE          X7080  Y8090 

电源或接地符号使用了不正确的网络名

VBAT
LTE          X18090 Y6790  - 网络所用电源符号: +5V
LTE          X17890 Y12820 - 网络所用电源符号: +5V
LTE          X16650 Y5880  - 网络所用电源符号: +5V
LTE          X18290 Y5880  - 网络所用电源符号: +5V
LTE          X15880 Y6000  - 网络所用电源符号: +5V
POWER        X13100 Y10780 - 网络所用电源符号: +5V

VCC_1.8V
LTE          X13010 Y9000  - 网络所用电源符号: +5V
LTE          X11770 Y8810  - 网络所用电源符号: +5V
LTE          X7230  Y10290 - 网络所用电源符号: +5V

VCC_5V
LTE          X7370  Y12690 - 网络所用电源符号: +5V
LTE          X7240  Y9890  - 网络所用电源符号: +5V
LTE          X7150  Y7490  - 网络所用电源符号: +5V
LTE          X10220 Y11490 - 网络所用电源符号: +5V
POWER        X6790  Y10910 - 网络所用电源符号: +5V

缺失页间连接参考编号的子网

LTE_RST
LTE          X13790 Y11200 - 管脚: U1.4
LTE          X7860  Y9690  - 管脚: U2.22

LTE_RXD
LTE          X16890 Y12600 - 管脚: U1.68
LTE          X9560  Y9290  - 管脚: U2.17

LTE_TXD
LTE          X16290 Y12600 - 管脚: U1.71
LTE          X9560  Y9490  - 管脚: U2.19

LTE_USB_N
LTE          X13790 Y9600  - 管脚: U1.12
LTE          X7860  Y11090 - 管脚: U2.36

LTE_USB_P
LTE          X13790 Y9400  - 管脚: U1.13
LTE          X7860  Y11290 - 管脚: U2.38

LTE_USB_VBUS
LTE          X13790 Y9800  - 管脚: U1.11
LTE          X7860  Y12290 - 管脚: U2.48

NET_LED
LTE          X19090 Y10000 - 管脚: U1.51
LTE          X7860  Y11690 - 管脚: U2.42

USIM_CLK
LTE          X13790 Y8200  - 管脚: U1.19
LTE          X7860  Y8490  - 管脚: U2.12

USIM_DATA
LTE          X13790 Y8600  - 管脚: U1.17
LTE          X7860  Y8290  - 管脚: U2.10

USIM_RST
LTE          X13790 Y8400  - 管脚: U1.18
LTE          X7860  Y8690  - 管脚: U2.14

USIM_VDD
LTE          X13790 Y8000  - 管脚: U1.20
LTE          X7860  Y8090  - 管脚: U2.8
