Removed Pin From Net: NetName=PWR_KEY Pin=C68-1
Removed Pin From Net: NetName=NetD2_K Pin=D2-K
Removed Pin From Net: NetName=VCC_MCU_3.3V Pin=R7-1
Removed Pin From Net: NetName=PWR_KEY Pin=S1-1
Removed Pin From Net: NetName=PWR_KEY Pin=S1-1
Removed Pin From Net: NetName=USB_D_P Pin=T?-1
Added Component: Designator=E1(INVERT_F_ANTA)
Added Component: Designator=L9(MSS1246T)
Added Pin To Net: NetName=NetC68_1 Pin=C68-1
Added Pin To Net: NetName=PWR_KEY Pin=C68-1
Added Pin To Net: NetName=GND Pin=C68-2
Added Pin To Net: NetName=GND Pin=D2-A
Added Pin To Net: NetName=NetC161_2 Pin=D2-K
Added Pin To Net: NetName=NetD2_K Pin=D2-K
Added Pin To Net: NetName=NetE1_1 Pin=E1-1
Added Pin To Net: NetName=NetE1_1 Pin=E1-1
Added Pin To Net: NetName=NetE1_1 Pin=E1-1
Added Pin To Net: NetName=NetE1_1 Pin=E1-1
Added Pin To Net: NetName=NetE1_1 Pin=E1-1
Added Pin To Net: NetName=NetE1_1 Pin=E1-1
Added Pin To Net: NetName=NetE1_1 Pin=E1-1
Added Pin To Net: NetName=NetE1_1 Pin=E1-1
Added Pin To Net: NetName=NetE1_1 Pin=E1-1
Added Pin To Net: NetName=NetD9_3 Pin=L9-1
Added Pin To Net: NetName=VCC_OUT Pin=L9-2
Added Pin To Net: NetName=GND Pin=R7-1
Added Pin To Net: NetName=NetQ2_1 Pin=R7-1
Added Pin To Net: NetName=NetQ6_1 Pin=R7-1
Added Pin To Net: NetName=NetQ7_1 Pin=R7-1
Added Pin To Net: NetName=VCC_MCU_3.3V Pin=R7-1
Added Pin To Net: NetName=NetR7_2 Pin=R7-2
Added Pin To Net: NetName=PWR_KEY Pin=R7-2
Added Pin To Net: NetName=VCC_5V Pin=R7-2
Added Pin To Net: NetName=VCC_MCU_3.3V Pin=R7-2
Added Pin To Net: NetName=NetC61_2 Pin=S1-1
Added Pin To Net: NetName=NetC61_2 Pin=S1-1
Added Pin To Net: NetName=PWR_KEY Pin=S1-1
Added Pin To Net: NetName=PWR_KEY Pin=S1-1
Added Pin To Net: NetName=GND Pin=S1-2
Added Pin To Net: NetName=GND Pin=S1-2
Added Pin To Net: NetName=USB_D_N Pin=T?-1
Added Pin To Net: NetName=USB_D_P Pin=T?-1
Added Member To Class: ClassName=BT Member=Component E1 Antenna
Added Member To Class: ClassName=POWER_IN Member=Component L9 MSS1246T-103ML
Added Member To Class: ClassName=MCU Member=Component T? TEST_P
