Removed Pin From Net: NetName=PWR_KEY Pin=C68-1
Removed Pin From Net: NetName=NetD2_K Pin=D2-K
Removed Pin From Net: NetName=VCC_MCU_3.3V Pin=R7-1
Removed Pin From Net: NetName=PWR_KEY Pin=S1-1
Removed Pin From Net: NetName=PWR_KEY Pin=S1-1
Removed Pin From Net: NetName=USB_D_P Pin=T?-1
Added Component: Designator=Q2(SOT23-3)
Added Component: Designator=Q6(SOT23-3)
Added Component: Designator=Q7(SOT23-3)
Added Component: Designator=R69(0603R)
Added Pin To Net: NetName=NetC68_1 Pin=C68-1
Added Pin To Net: NetName=PWR_KEY Pin=C68-1
Added Pin To Net: NetName=GND Pin=C68-2
Added Pin To Net: NetName=GND Pin=D2-A
Added Pin To Net: NetName=NetC161_2 Pin=D2-K
Added Pin To Net: NetName=NetD2_K Pin=D2-K
Added Pin To Net: NetName=NetQ2_1 Pin=Q2-1
Added Pin To Net: NetName=VCC_5V Pin=Q2-2
Added Pin To Net: NetName=USB_VBUS Pin=Q2-3
Added Pin To Net: NetName=NetQ6_1 Pin=Q6-1
Added Pin To Net: NetName=VCC_MCU_3.3V Pin=Q6-2
Added Pin To Net: NetName=VCC_BT__3.3V Pin=Q6-3
Added Pin To Net: NetName=NetQ7_1 Pin=Q7-1
Added Pin To Net: NetName=VCC_MCU_3.3V Pin=Q7-2
Added Pin To Net: NetName=VCC_MCU2_3.3V Pin=Q7-3
Added Pin To Net: NetName=GND Pin=R7-1
Added Pin To Net: NetName=NetQ2_1 Pin=R7-1
Added Pin To Net: NetName=NetQ6_1 Pin=R7-1
Added Pin To Net: NetName=NetQ7_1 Pin=R7-1
Added Pin To Net: NetName=VCC_MCU_3.3V Pin=R7-1
Added Pin To Net: NetName=NetR7_2 Pin=R7-2
Added Pin To Net: NetName=PWR_KEY Pin=R7-2
Added Pin To Net: NetName=VCC_5V Pin=R7-2
Added Pin To Net: NetName=VCC_MCU_3.3V Pin=R7-2
Added Pin To Net: NetName=NetQ1_2 Pin=R69-1
Added Pin To Net: NetName=VCC_MCU_3.3V Pin=R69-2
Added Pin To Net: NetName=NetC61_2 Pin=S1-1
Added Pin To Net: NetName=NetC61_2 Pin=S1-1
Added Pin To Net: NetName=PWR_KEY Pin=S1-1
Added Pin To Net: NetName=PWR_KEY Pin=S1-1
Added Pin To Net: NetName=GND Pin=S1-2
Added Pin To Net: NetName=GND Pin=S1-2
Added Pin To Net: NetName=USB_D_N Pin=T?-1
Added Pin To Net: NetName=USB_D_P Pin=T?-1
Added Member To Class: ClassName=Interface Member=Component Q2 ZXM61P03FTA
Added Member To Class: ClassName=BT Member=Component Q6 ZXM61P03FTA
Added Member To Class: ClassName=RF_433MHz Member=Component Q7 ZXM61P03FTA
Added Member To Class: ClassName=POWER_IN Member=Component R69 1M
Added Member To Class: ClassName=MCU Member=Component T? TEST_P
