Removed Pin From Net: NetName=PWR_KEY Pin=C68-1
Removed Pin From Net: NetName=NetD2_K Pin=D2-K
Removed Pin From Net: NetName=VCC_MCU_3.3V Pin=R7-1
Removed Pin From Net: NetName=PWR_KEY Pin=S1-1
Removed Pin From Net: NetName=PWR_KEY Pin=S1-1
Added Component: Designator=U18(SSOP16S)
Added Pin To Net: NetName=NetC68_1 Pin=C68-1
Added Pin To Net: NetName=PWR_KEY Pin=C68-1
Added Pin To Net: NetName=GND Pin=C68-2
Added Pin To Net: NetName=GND Pin=D2-A
Added Pin To Net: NetName=NetC161_2 Pin=D2-K
Added Pin To Net: NetName=NetD2_K Pin=D2-K
Added Pin To Net: NetName=GND Pin=R7-1
Added Pin To Net: NetName=NetQ2_1 Pin=R7-1
Added Pin To Net: NetName=NetQ6_1 Pin=R7-1
Added Pin To Net: NetName=NetQ7_1 Pin=R7-1
Added Pin To Net: NetName=VCC_MCU_3.3V Pin=R7-1
Added Pin To Net: NetName=NetR7_2 Pin=R7-2
Added Pin To Net: NetName=PWR_KEY Pin=R7-2
Added Pin To Net: NetName=VCC_5V Pin=R7-2
Added Pin To Net: NetName=VCC_MCU_3.3V Pin=R7-2
Added Pin To Net: NetName=NetC61_2 Pin=S1-1
Added Pin To Net: NetName=NetC61_2 Pin=S1-1
Added Pin To Net: NetName=PWR_KEY Pin=S1-1
Added Pin To Net: NetName=PWR_KEY Pin=S1-1
Added Pin To Net: NetName=GND Pin=S1-2
Added Pin To Net: NetName=GND Pin=S1-2
Added Pin To Net: NetName=NetC64_1 Pin=U18-1
Added Pin To Net: NetName=NetC66_1 Pin=U18-2
Added Pin To Net: NetName=NetC64_2 Pin=U18-3
Added Pin To Net: NetName=NetC65_2 Pin=U18-4
Added Pin To Net: NetName=NetC65_1 Pin=U18-5
Added Pin To Net: NetName=NetC67_2 Pin=U18-6
Added Pin To Net: NetName=NetR15_2 Pin=U18-7
Added Pin To Net: NetName=NetR13_1 Pin=U18-8
Added Pin To Net: NetName=NetU13_24 Pin=U18-9
Added Pin To Net: NetName=NetU13_23 Pin=U18-10
Added Pin To Net: NetName=NetU13_86 Pin=U18-11
Added Pin To Net: NetName=NetU13_87 Pin=U18-12
Added Pin To Net: NetName=NetR12_1 Pin=U18-13
Added Pin To Net: NetName=NetR14_2 Pin=U18-14
Added Pin To Net: NetName=GND Pin=U18-15
Added Pin To Net: NetName=NetC68_1 Pin=U18-16
Added Member To Class: ClassName=Interface Member=Component U18 MAX3232EUE
