Removed Pin From Net: NetName=GND Pin=C2-1
Removed Pin From Net: NetName=NetC2_2 Pin=C2-2
Removed Pin From Net: NetName=NetC3_1 Pin=C3-1
Removed Pin From Net: NetName=NetC3_2 Pin=C3-2
Removed Pin From Net: NetName=NetC3_1 Pin=C4-2
Removed Pin From Net: NetName=GND Pin=C6-1
Removed Pin From Net: NetName=GND Pin=C7-1
Removed Pin From Net: NetName=GND Pin=C8-1
Removed Pin From Net: NetName=GND Pin=C9-1
Removed Pin From Net: NetName=GND Pin=C11-1
Removed Pin From Net: NetName=GND Pin=C12-2
Removed Pin From Net: NetName=GND Pin=C13-2
Removed Pin From Net: NetName=GND Pin=C14-2
Removed Pin From Net: NetName=GND Pin=C15-2
Removed Pin From Net: NetName=GND Pin=C16-2
Removed Pin From Net: NetName=GND Pin=C17-2
Removed Pin From Net: NetName=GND Pin=C18-2
Removed Pin From Net: NetName=GND Pin=C19-2
Removed Pin From Net: NetName=GND Pin=C20-2
Removed Pin From Net: NetName=GND Pin=C21-2
Removed Pin From Net: NetName=GND Pin=C67-1
Removed Pin From Net: NetName=GND Pin=C68-2
Removed Pin From Net: NetName=VCC_MCU_3.3V Pin=FB1-1
Removed Pin From Net: NetName=NetC3_2 Pin=L1-2
Removed Pin From Net: NetName=NetC3_1 Pin=L2-1
Removed Pin From Net: NetName=GND Pin=L2-2
Removed Pin From Net: NetName=NetC3_2 Pin=L4-1
Removed Pin From Net: NetName=BT_LED Pin=NET1-2
Removed Pin From Net: NetName=GND Pin=P2-1
Removed Pin From Net: NetName=BT_DC Pin=P2-3
Removed Pin From Net: NetName=BT_DD Pin=P2-4
Removed Pin From Net: NetName=BT_SPI_CS Pin=P2-5
Removed Pin From Net: NetName=BT_SPI_CLK Pin=P2-6
Removed Pin From Net: NetName=BT_SPI_MOSI Pin=P2-8
Removed Pin From Net: NetName=BT_SPI_MISO Pin=P2-10
Removed Pin From Net: NetName=COM0_TX Pin=P4-1
Removed Pin From Net: NetName=COM0_RX Pin=P4-2
Removed Pin From Net: NetName=GND Pin=P4-3
Removed Pin From Net: NetName=COM1_TX Pin=P4-4
Removed Pin From Net: NetName=COM1_RX Pin=P4-5
Removed Pin From Net: NetName=GND Pin=P4-6
Removed Pin From Net: NetName=VCC_MCU_3.3V Pin=Q6-2
Removed Pin From Net: NetName=COM0_RX Pin=R12-2
Removed Pin From Net: NetName=COM1_RX Pin=R13-2
Removed Pin From Net: NetName=COM1_TX Pin=R15-1
Removed Pin From Net: NetName=VCC_MCU_3.3V Pin=R76-2
Removed Pin From Net: NetName=GND Pin=S1-2
Removed Pin From Net: NetName=GND Pin=S1-2
Removed Pin From Net: NetName=GND Pin=U1-1
Removed Pin From Net: NetName=BT_SPI_CLK Pin=U1-5
Removed Pin From Net: NetName=BT_DC Pin=U1-34
Removed Pin From Net: NetName=BT_DD Pin=U1-35
Removed Pin From Net: NetName=BT_LED Pin=U1-36
Removed Pin From Net: NetName=BT_SPI_MISO Pin=U1-37
Removed Pin From Net: NetName=BT_SPI_MOSI Pin=U1-38
Removed Pin From Net: NetName=NetC2_2 Pin=U1-40
Removed Pin From Net: NetName=GND Pin=U1-41
Removed Pin From Net: NetName=NetC64_1 Pin=U18-1
Removed Pin From Net: NetName=NetC66_1 Pin=U18-2
Removed Pin From Net: NetName=NetC64_2 Pin=U18-3
Removed Pin From Net: NetName=NetC65_2 Pin=U18-4
Removed Pin From Net: NetName=NetC65_1 Pin=U18-5
Removed Pin From Net: NetName=NetR15_2 Pin=U18-7
Removed Pin From Net: NetName=NetU13_24 Pin=U18-9
Removed Pin From Net: NetName=NetU13_23 Pin=U18-10
Removed Pin From Net: NetName=NetR14_2 Pin=U18-14
Removed Pin From Net: NetName=GND Pin=U18-15
Removed Pin From Net: NetName=GND Pin=Y2-2
Removed Pin From Net: NetName=GND Pin=Y2-4
Removed Member From Class: ClassName=Interface Member=P4
Removed Member From Class: ClassName=Interface Member=P4
Removed Member From Class: ClassName=Interface Member=R13
Removed Member From Class: ClassName=Interface Member=R13
Removed Member From Class: ClassName=Interface Member=U18
Removed Member From Class: ClassName=Interface Member=U18
Removed Member From Class: ClassName=Interface Member=U18
Change Component DesignItemId : Designator=U1 Old DesignItemId=CC2540 New DesignItemId=MAX3232ESE+
Change Component DesignItemId : Designator=P2 Old DesignItemId=Header 5X2 New DesignItemId=Header 10
Change Component Footprint: Designator=P2 Old Footprint=HDR2X5 New Footprint=10*2.54MMW
Change Component Footprint: Designator=U1 Old Footprint=QFN50P600X600X80-40N New Footprint=SOIC127P600X265-16N
Change Component Comment : Designator=R5 Old Comment=1.5K New Comment=100K/1%
Change Component Comment : Designator=R12 Old Comment=1K New Comment=30K/1%
Change Component Comment : Designator=R1 Old Comment=10K New Comment=20K/1%
Change Component Comment : Designator=R7 Old Comment=56K/1% New Comment=20K/1%
Change Component Comment : Designator=U1 Old Comment=CC2540 New Comment=MAX3232ESE+
Change Component Comment : Designator=P2 Old Comment=Header 5X2 New Comment=Header 10
Change Component Designator: OldDesignator=F2 NewDesignator=F1
Change Component Designator: OldDesignator=R34 NewDesignator=R13
Added Component: Designator=F2(0805R)
Added Component: Designator=R34(0603R)
Added Pin To Net: NetName=BT_SPI_CS Pin=C67-1
Added Pin To Net: NetName=GND Pin=C67-2
Added Pin To Net: NetName=GND Pin=C68-1
Added Pin To Net: NetName=VCC_MCU_3.3V Pin=C68-2
Added Pin To Net: NetName=VCC_MCU_3.3V Pin=F2-1
Added Pin To Net: NetName=BT_SPI_CLK Pin=F2-2
Added Pin To Net: NetName=BT_SPI_MISO Pin=FB1-1
Added Pin To Net: NetName=VCC_MCU_3.3V Pin=FB1-2
Added Pin To Net: NetName=COM0_TX Pin=P2-1
Added Pin To Net: NetName=COM0_RX Pin=P2-2
Added Pin To Net: NetName=GND Pin=P2-3
Added Pin To Net: NetName=BT_SPI_CLK Pin=P2-4
Added Pin To Net: NetName=NetC3_2 Pin=P2-5
Added Pin To Net: NetName=GND Pin=P2-6
Added Pin To Net: NetName=BT_SPI_CLK Pin=P2-7
Added Pin To Net: NetName=NetC2_2 Pin=P2-8
Added Pin To Net: NetName=GND Pin=P2-9
Added Pin To Net: NetName=BT_SPI_MOSI Pin=P2-10
Added Pin To Net: NetName=NetC3_1 Pin=R1-1
Added Pin To Net: NetName=BT_SPI_MOSI Pin=R1-2
Added Pin To Net: NetName=NetC2_2 Pin=R5-1
Added Pin To Net: NetName=NetC2_2 Pin=R5-2
Added Pin To Net: NetName=NetC3_1 Pin=R7-2
Added Pin To Net: NetName=GND Pin=R12-1
Added Pin To Net: NetName=NetC2_2 Pin=R12-2
Added Pin To Net: NetName=COM0_RX Pin=R15-1
Added Pin To Net: NetName=NetC3_2 Pin=R34-1
Added Pin To Net: NetName=BT_SPI_CLK Pin=R34-2
Added Pin To Net: NetName=NetC64_1 Pin=U1-1
Added Pin To Net: NetName=NetC66_1 Pin=U1-2
Added Pin To Net: NetName=NetC64_2 Pin=U1-3
Added Pin To Net: NetName=NetC65_1 Pin=U1-4
Added Pin To Net: NetName=NetC65_2 Pin=U1-5
Added Pin To Net: NetName=COM1_RX Pin=U1-11
Added Pin To Net: NetName=COM1_TX Pin=U1-12
Added Pin To Net: NetName=NetR15_2 Pin=U1-13
Added Pin To Net: NetName=NetR14_2 Pin=U1-14
Added Pin To Net: NetName=GND Pin=U1-15
Added Pin To Net: NetName=BT_SPI_MISO Pin=U1-16
Added Pin To Net: NetName=NetC3_1 Pin=U13-18
Added Pin To Net: NetName=NetC2_2 Pin=U13-33
Added Pin To Net: NetName=NetC3_2 Pin=U13-34
Added Pin To Net: NetName=COM1_RX Pin=U13-86
Added Pin To Net: NetName=COM1_TX Pin=U13-87
Added Pin To Net: NetName=BT_DC Pin=U13-92
Added Pin To Net: NetName=BT_DD Pin=U13-93
Added Pin To Net: NetName=BT_LED Pin=U13-96
Change Net Name : Old Net Name=BT_DC New Net Name=NetU13_92
Change Net Name : Old Net Name=BT_DD New Net Name=NetU13_93
Change Net Name : Old Net Name=BT_LED New Net Name=NetU13_96
Change Net Name : Old Net Name=BT_SPI_CLK New Net Name=VCC_DEV
Change Net Name : Old Net Name=BT_SPI_CS New Net Name=NetC67_1
Change Net Name : Old Net Name=BT_SPI_MISO New Net Name=NetFB1_1
Change Net Name : Old Net Name=BT_SPI_MOSI New Net Name=NetP2_10
Change Net Name : Old Net Name=COM1_RX New Net Name=NetU1_11
Change Net Name : Old Net Name=COM1_TX New Net Name=NetU1_12
Change Net Name : Old Net Name=NetC2_2 New Net Name=MOTO_SENSE
Change Net Name : Old Net Name=NetC3_1 New Net Name=GAS_SENSE
Change Net Name : Old Net Name=NetC3_2 New Net Name=DQ
Change Net Name : Old Net Name=NetF2_1 New Net Name=NetF1_1
Added Member To Class: ClassName=Interface Member=Component F2 1A
Added Member To Class: ClassName=Interface Member=Component P2 Header 10
Added Member To Class: ClassName=Interface Member=Component R1 20K/1%
Added Member To Class: ClassName=Interface Member=Component R5 100K/1%
Added Member To Class: ClassName=Interface Member=Component R7 20K/1%
Added Member To Class: ClassName=Interface Member=Component R34 4.7K
Added Member To Class: ClassName=Interface Member=Component U1 MAX3232ESE+
