Change Component Designator: Old Designator=C52 New Designator=C24
Change Component Designator: Old Designator=C52 New Designator=C25
Change Component Designator: Old Designator=C? New Designator=C23
Change Component Designator: Old Designator=D? New Designator=D1
Change Component Designator: Old Designator=D? New Designator=D2
Change Component Designator: Old Designator=D? New Designator=D3
Change Component Designator: Old Designator=D? New Designator=D4
Change Component Designator: Old Designator=D? New Designator=D5
Change Component Designator: Old Designator=D? New Designator=D6
Change Component Designator: Old Designator=D? New Designator=D7
Change Component Designator: Old Designator=D? New Designator=D8
Change Component Designator: Old Designator=D? New Designator=D9
Change Component Designator: Old Designator=D? New Designator=D10
Change Component Designator: Old Designator=D? New Designator=D11
Change Component Designator: Old Designator=D? New Designator=D12
Change Component Designator: Old Designator=D? New Designator=D13
Change Component Designator: Old Designator=D? New Designator=D14
Change Component Designator: Old Designator=D? New Designator=D15
Change Component Designator: Old Designator=P? New Designator=P2
Change Component Designator: Old Designator=P? New Designator=P3
Change Component Designator: Old Designator=R6 New Designator=R1
Change Component Designator: Old Designator=R6 New Designator=R2
Change Component Designator: Old Designator=R6 New Designator=R3
Change Component Designator: Old Designator=R6 New Designator=R4
Change Component Designator: Old Designator=S? New Designator=S1
Change Component Designator: Old Designator=S? New Designator=S2
Change Component Designator: Old Designator=S? New Designator=S3
Change Component Designator: Old Designator=S? New Designator=S4
Change Component Designator: Old Designator=S? New Designator=S5
Change Component Designator: Old Designator=S? New Designator=S6
Change Component Designator: Old Designator=S? New Designator=S7
Change Component Designator: Old Designator=S? New Designator=S8
Change Component Designator: Old Designator=S? New Designator=S9
Change Component Designator: Old Designator=S? New Designator=S10
Change Component Designator: Old Designator=S? New Designator=S11
Change Component Designator: Old Designator=S? New Designator=S12
Change Component Designator: Old Designator=S? New Designator=S13
Change Component Designator: Old Designator=S? New Designator=S14
Change Component Designator: Old Designator=S? New Designator=S15
Change Component Designator: Old Designator=U? New Designator=U1
