Change Component Footprint: Designator=C1 Old Footprint=0603C New Footprint=EE
Change Component Footprint: Designator=C3 Old Footprint=0603C New Footprint=SMD-R1
Change Component Footprint: Designator=C4 Old Footprint=0603C New Footprint=SMD-R1
Change Component Footprint: Designator=C6 Old Footprint=0603C New Footprint=SMD-R1
Change Component Footprint: Designator=C7 Old Footprint=0603C New Footprint=SMD-R1
Change Component Footprint: Designator=C10 Old Footprint=0603C New Footprint=SMD-R1
Change Component Footprint: Designator=C12 Old Footprint=0603C New Footprint=SMD-R1
Change Component Footprint: Designator=C13 Old Footprint=0603C New Footprint=SMD-R1
Change Component Footprint: Designator=C14 Old Footprint=0603C New Footprint=SMD-R1
Change Component Footprint: Designator=C15 Old Footprint=0603C New Footprint=SMD-R1
Change Component Footprint: Designator=C16 Old Footprint=0603C New Footprint=SMD-R1
Change Component Footprint: Designator=C19 Old Footprint=0603C New Footprint=SMD-R1
Change Component Footprint: Designator=L1 Old Footprint=0603R New Footprint=SMD-R1
Change Component Footprint: Designator=L2 Old Footprint=0603R New Footprint=SMD-R1
Change Component Footprint: Designator=L3 Old Footprint=0603R New Footprint=SMD-R1
Change Component Footprint: Designator=L4 Old Footprint=0603R New Footprint=SMD-R1
Change Component Footprint: Designator=L5 Old Footprint=0603R New Footprint=SMD-R1
Change Component Footprint: Designator=L6 Old Footprint=0603R New Footprint=SMD-R1
Change Component Footprint: Designator=L7 Old Footprint=0603R New Footprint=SMD-R1
Change Component Footprint: Designator=L8 Old Footprint=0603R New Footprint=SMD-R1
Change Component Footprint: Designator=R2 Old Footprint=0603R New Footprint=SMD-R1
Change Component Footprint: Designator=R3 Old Footprint=0603R New Footprint=SMD-R1
Change Component Footprint: Designator=R8 Old Footprint=0603R New Footprint=SMD-R1
Change Component Footprint: Designator=P1 Old Footprint=SIP4 New Footprint=CN02
Change Component Comment: Designator=C10 Old Comment=0.1uF/10V New Comment=Cap
Change Component Comment: Designator=R3 Old Comment=1.2K New Comment=Cap
Change Component Comment: Designator=R8 Old Comment=1.2K New Comment=Cap
Change Component Comment: Designator=C13 Old Comment=2.2nF/10V New Comment=Cap
Change Component Comment: Designator=C14 Old Comment=4.7uF/10V New Comment=Cap
Change Component Comment: Designator=L6 Old Comment=6.2pF/27nH/12nH New Comment=Cap
Change Component Comment: Designator=L7 Old Comment=6.2pF/27nH/12nH New Comment=Cap
Change Component Comment: Designator=C3 Old Comment=8.2pF/8.2pF/2.7pF/50V New Comment=Cap
Change Component Comment: Designator=C4 Old Comment=8.2pF/8.2pF/2.7pF/50V New Comment=Cap
Change Component Comment: Designator=R2 Old Comment=10K New Comment=Cap
Change Component Comment: Designator=C15 Old Comment=24pF/10V New Comment=Cap
Change Component Comment: Designator=C16 Old Comment=24pF/10V New Comment=Cap
Change Component Comment: Designator=C19 Old Comment=27pF/50V New Comment=Cap
Change Component Comment: Designator=L5 Old Comment=33nH/15nH/10nH New Comment=Cap
Change Component Comment: Designator=L3 Old Comment=33nH/18nH/12nH New Comment=Cap
Change Component Comment: Designator=C6 Old Comment=39nH/4.7pF/2pF/50V New Comment=Cap
Change Component Comment: Designator=C7 Old Comment=39nH/4.7pF/2pF/50V New Comment=Cap
Change Component Comment: Designator=L2 Old Comment=47nH/27nH/6.8nH New Comment=Cap
Change Component Comment: Designator=C1 Old Comment=56pF/15pF/50V New Comment=Cap
Change Component Comment: Designator=L4 Old Comment=68nH/33nH/22nH New Comment=Cap
Change Component Comment: Designator=L8 Old Comment=150nH/68nH/18nH New Comment=Cap
Change Component Comment: Designator=L1 Old Comment=220nH/180nH/100nH New Comment=Cap
Change Component Comment: Designator=C12 Old Comment=470pF/10V New Comment=Cap
Change Component Comment: Designator=P1 Old Comment=MHDR1X4 New Comment=Header 2
