Tue Nov 27 13:53:49 2018: Log started
Tue Nov 27 13:55:06 2018: DiGdiOpen(VersionH = 294, VersionL = 294, Parameters = -stlink3 -mcuname STM8L151G6)
Tue Nov 27 13:55:06 2018: DiGdiInitIO(DeviceFile = usb://usb)
Tue Nov 27 13:55:06 2018: DiGdiVersion()
Tue Nov 27 13:55:06 2018: DiGdiGetFeatures()
Tue Nov 27 13:55:06 2018: DiGdiInitRegisterMap()
Tue Nov 27 13:55:06 2018: DiGdiSetConfig(Mcu = STM8L151G6)
Tue Nov 27 13:55:07 2018: DiMemoryGetMap(Size = 100)
Tue Nov 27 13:55:07 2018: DiMemoryRead(Address = 0x8000, Length = 1024)
Tue Nov 27 13:55:08 2018: DiMemoryRead(Address = 0x8C00, Length = 1024)
Tue Nov 27 13:55:08 2018: DiMemoryDownload(Pass = DL_DNLD_INIT)
Tue Nov 27 13:55:08 2018: DiMemoryDownload(Pass = DL_DNLD_WRITE, Address = 0x8000, Bytes 128)
Tue Nov 27 13:55:08 2018: DiMemoryDownload(Pass = DL_DNLD_WRITE, Address = 0x8080, Bytes 1024)
Tue Nov 27 13:55:08 2018: DiMemoryDownload(Pass = DL_DNLD_WRITE, Address = 0x8480, Bytes 1024)
Tue Nov 27 13:55:08 2018: DiMemoryDownload(Pass = DL_DNLD_WRITE, Address = 0x8880, Bytes 1024)
Tue Nov 27 13:55:09 2018: DiMemoryDownload(Pass = DL_DNLD_WRITE, Address = 0x8C80, Bytes 131)
Tue Nov 27 13:55:09 2018: DiMemoryDownload(Pass = DL_DNLD_TERMINATE)
Tue Nov 27 13:55:09 2018: DiExecResetChild()
Tue Nov 27 13:55:09 2018: DiRegisterRead(Id = 0)
Tue Nov 27 13:55:09 2018: DiExecGetStatus()
Tue Nov 27 13:55:09 2018: DiExecGetStatus()
Tue Nov 27 13:55:09 2018: DiRegisterWrite(Id = 0, Value = 24576)
Tue Nov 27 13:55:09 2018: DiRegisterRead(Id = 5)
Tue Nov 27 13:55:09 2018: DiExecSingleStep()
Tue Nov 27 13:55:09 2018: DiExecGetStatus()
Tue Nov 27 13:55:10 2018: DiExecGetStatus()
Tue Nov 27 13:55:10 2018: DiMemoryRead(Address = 0x8A01, Length = 1)
Tue Nov 27 13:55:10 2018: DiMemoryRead(Address = 0x5054, Length = 1)
Tue Nov 27 13:55:10 2018: DiMemoryWrite(Address = 0x8A01, Length = 1)
Tue Nov 27 13:55:10 2018: DiMemoryRead(Address = 0x8A01, Length = 1)
Tue Nov 27 13:55:10 2018: DiMemoryRead(Address = 0x8D02, Length = 1)
Tue Nov 27 13:55:10 2018: DiMemoryRead(Address = 0x5054, Length = 1)
Tue Nov 27 13:55:10 2018: DiMemoryWrite(Address = 0x8D02, Length = 1)
Tue Nov 27 13:55:10 2018: DiMemoryRead(Address = 0x8D02, Length = 1)
Tue Nov 27 13:55:10 2018: DiDirectCommand(Command = icdbreak -set CR 0x0 0)
Tue Nov 27 13:55:10 2018: DiExecContinue()
Tue Nov 27 13:55:10 2018: DiExecGetStatus()
Tue Nov 27 13:55:10 2018: DiRegisterRead(Id = 0)
Tue Nov 27 13:55:10 2018: DiExecGetStatus()
Tue Nov 27 13:55:10 2018: DiRegisterRead(Id = 1)
Tue Nov 27 13:55:10 2018: DiRegisterRead(Id = 2)
Tue Nov 27 13:55:10 2018: DiRegisterRead(Id = 3)
Tue Nov 27 13:55:10 2018: DiRegisterRead(Id = 4)
Tue Nov 27 13:55:10 2018: DiRegisterRead(Id = 5)
Tue Nov 27 13:55:11 2018: DiRegisterRead(Id = 0)
Tue Nov 27 13:55:11 2018: DiMemoryRead(Address = 0x7FE, Length = 1)
Tue Nov 27 13:55:11 2018: DiMemoryRead(Address = 0x7FF, Length = 1)
Tue Nov 27 13:55:11 2018: DiMemoryRead(Address = 0x91, Length = 1)
