Generating 3D model for part C0603_4151169717.
	*Warning: No mapping for cell/part C0603_4151169717
Generating 3D model for part EC0603_4151169717.
	*Warning: No mapping for cell/part EC0603_4151169717
Generating 3D model for part SIM7600CE_4236616220.
	*Warning: No mapping for cell/part SIM7600CE_4236616220
Generating 3D model for part INDUCTOR_2947809287.
	*Warning: No mapping for cell/part INDUCTOR_2947809287
Generating 3D model for part ANT_1281777141.
	*Warning: No mapping for cell/part ANT_1281777141
Generating 3D model for part C0603_4128806526.
	*Warning: No mapping for cell/part C0603_4128806526
Generating 3D model for part EC1206_3797784096.
	*Warning: No mapping for cell/part EC1206_3797784096
Generating 3D model for part ER0402_249812192.
	*Warning: No mapping for cell/part ER0402_249812192
Generating 3D model for part MP1494_3675835669.
	*Warning: No mapping for cell/part MP1494_3675835669
Generating 3D model for part R_249812192.
	*Warning: No mapping for cell/part R_249812192
Generating 3D model for part DIODE_BI_DIR_TRIG_1065992732.
	*Warning: No mapping for cell/part DIODE_BI_DIR_TRIG_1065992732
Generating 3D model for part MINIPCIE_FINGER_1711829971.
	*Warning: No mapping for cell/part MINIPCIE_FINGER_1711829971
