Change Component Designator: Old Designator=C25 New Designator=C26
Change Component Designator: Old Designator=C25 New Designator=C27
Change Component Designator: Old Designator=C25 New Designator=C28
Change Component Designator: Old Designator=C25 New Designator=C29
Change Component Designator: Old Designator=C25 New Designator=C30
Change Component Designator: Old Designator=C25 New Designator=C31
Change Component Designator: Old Designator=C25 New Designator=C32
Change Component Designator: Old Designator=C25 New Designator=C33
Change Component Designator: Old Designator=C25 New Designator=C34
Change Component Designator: Old Designator=C25 New Designator=C35
Change Component Designator: Old Designator=D10 New Designator=D2
Change Component Designator: Old Designator=D10 New Designator=D4
Change Component Designator: Old Designator=D10 New Designator=D6
Change Component Designator: Old Designator=D10 New Designator=D8
Change Component Designator: Old Designator=D10 New Designator=D11
Change Component Designator: Old Designator=D10 New Designator=D13
Change Component Designator: Old Designator=D10 New Designator=D15
Change Component Designator: Old Designator=D? New Designator=D1
Change Component Designator: Old Designator=D? New Designator=D3
Change Component Designator: Old Designator=D? New Designator=D5
Change Component Designator: Old Designator=D? New Designator=D7
Change Component Designator: Old Designator=D? New Designator=D9
Change Component Designator: Old Designator=D? New Designator=D12
Change Component Designator: Old Designator=D? New Designator=D14
Change Component Designator: Old Designator=D? New Designator=D16
Change Component Designator: Old Designator=F? New Designator=F1
Change Component Designator: Old Designator=F? New Designator=F2
Change Component Designator: Old Designator=K? New Designator=K1
Change Component Designator: Old Designator=K? New Designator=K2
Change Component Designator: Old Designator=K? New Designator=K3
Change Component Designator: Old Designator=K? New Designator=K4
Change Component Designator: Old Designator=K? New Designator=K5
Change Component Designator: Old Designator=K? New Designator=K6
Change Component Designator: Old Designator=K? New Designator=K7
Change Component Designator: Old Designator=K? New Designator=K8
Change Component Designator: Old Designator=P3 New Designator=P4
Change Component Designator: Old Designator=P? New Designator=P5
Change Component Designator: Old Designator=R2 New Designator=R4
Change Component Designator: Old Designator=R2 New Designator=R8
Change Component Designator: Old Designator=R2 New Designator=R10
Change Component Designator: Old Designator=R2 New Designator=R11
Change Component Designator: Old Designator=R2 New Designator=R12
Change Component Designator: Old Designator=R2 New Designator=R13
Change Component Designator: Old Designator=R2 New Designator=R22
Change Component Designator: Old Designator=R2 New Designator=R23
Change Component Designator: Old Designator=R3 New Designator=R9
Change Component Designator: Old Designator=R30 New Designator=R14
Change Component Designator: Old Designator=R30 New Designator=R15
Change Component Designator: Old Designator=R30 New Designator=R16
Change Component Designator: Old Designator=R30 New Designator=R17
Change Component Designator: Old Designator=R30 New Designator=R18
Change Component Designator: Old Designator=R30 New Designator=R19
Change Component Designator: Old Designator=R30 New Designator=R20
Change Component Designator: Old Designator=R30 New Designator=R21
Change Component Designator: Old Designator=U? New Designator=U4
Change Component Designator: Old Designator=U? New Designator=U5
