(---------------------------------------------------------------------)
(                                                                     )
(    DRC Update                                                       )
(                                                                     )
(    Drawing          : hmc5883.brd                                   )
(    Software Version : 16.6-2015S108                                 )
(    Date/Time        : Sun Dec 09 10:41:47 2018                      )
(                                                                     )
(---------------------------------------------------------------------)


 ========= check shapes                       0:00:00
 ========= check standalone pins              0:00:00
 ========= check symbols (pins,lines,text)    0:00:00
 ========= check xnets                        0:00:00
 ========= check nets                         0:00:00
 ========= check standalone branches          0:00:00
 ========= check standalone filled rectangles 0:00:00
 ========= check standalone lines             0:00:00
 ========= check standalone text              0:00:00
 ========= check standalone rectangles        0:00:00

 ..... Total number of DRC errors  0


WARNING: 1 dynamic shape(s) out of date; checking skipped on these elements.

 ..... DRC update completed, total CPU time   0:00:00
 *************************************************************************

