(---------------------------------------------------------------------)
(                                                                     )
(    Allegro Netrev Import Logic                                      )
(                                                                     )
(    Drawing          : hmc5883.brd                                   )
(    Software Version : 16.6-2015S108                                 )
(    Date/Time        : Mon Nov 12 21:20:36 2018                      )
(                                                                     )
(---------------------------------------------------------------------)


------ Directives ------------

Ripup etch:                  No
Ripup delete first segment:  No
Ripup retain bondwire:       No
Ripup symbols:               Always
Missing symbol has error:    No
DRC update:                  Yes
Schematic directory:         'F:/projects/18/hmc5883'
Design Directory:            'F:/projects/18/hmc5883'
Old design name:             'F:/projects/18/hmc5883/hmc5883.brd'
New design name:             'F:/projects/18/hmc5883/hmc5883.brd'

CmdLine: netrev -$ -i F:/projects/18/hmc5883 -y 1 -q netrev_constraint_report.xml F:/projects/18/hmc5883/#Taaaaaq25640.tmp

------ Preparing to read pst files ------

Starting to read F:/projects/18/hmc5883/pstchip.dat 
   Finished reading F:/projects/18/hmc5883/pstchip.dat (00:00:00.09)
Starting to read F:/projects/18/hmc5883/pstxprt.dat 
   Finished reading F:/projects/18/hmc5883/pstxprt.dat (00:00:00.00)
Starting to read F:/projects/18/hmc5883/pstxnet.dat 
   Finished reading F:/projects/18/hmc5883/pstxnet.dat (00:00:00.00)

------ Oversights/Warnings/Errors ------


------ Library Paths ------
MODULEPATH =  . 
           C:/Cadence/Cadence/Cadence_SPB_16.6/share/local/pcb/modules 

PSMPATH =  F:/footprint/allegro/ 

PADPATH =  F:/footprint/allegro/ 


------ Summary Statistics ------


netrev run on Nov 12 21:20:36 2018
   DESIGN NAME : 'HMC5883'
   PACKAGING ON Feb 15 2016 19:53:59

   COMPILE 'logic'
   CHECK_PIN_NAMES OFF
   CROSS_REFERENCE OFF
   FEEDBACK OFF
   INCREMENTAL OFF
   INTERFACE_TYPE PHYSICAL
   MAX_ERRORS 500
   MERGE_MINIMUM 5
   NET_NAME_CHARS '#%&()*+-./:=>?@[]^_`|'
   NET_NAME_LENGTH 24
   OVERSIGHTS ON
   REPLACE_CHECK OFF
   SINGLE_NODE_NETS ON
   SPLIT_MINIMUM 0
   SUPPRESS   20
   WARNINGS ON

 No error detected
 No oversight detected
 No warning detected

cpu time      0:01:18
elapsed time  0:00:00

