(---------------------------------------------------------------------)
(                                                                     )
(    ARTWORK LOG                                                      )
(                                                                     )
(    Drawing          : hmc5883.brd                                   )
(    Software Version : 16.6-2015S108                                 )
(    Date/Time        : Mon Nov 12 22:07:45 2018                      )
(                                                                     )
(---------------------------------------------------------------------)


 ---- Photoplot outline rectangle not found; using drawing extents.



Results from parameter file ...
    DEVICE-TYPE           GERBER_RS274X
    OUTPUT-UNITS          INCHES
    FILM-SIZE             2400000 1600000
    FORMAT                2.5
    ABORT-ON-ERROR        NO
    SCALE                 1
    SUPPRESS-LEAD-ZEROES  YES
    SUPPRESS-TRAIL-ZEROES NO
    SUPPRESS-EQUAL        YES
    UNDEF-APT-CONT        NO



================================================================
     PROCESSING FILM < TOP >
     TO FILE < F:/projects/18/hmc5883/TOP.art > ...
================================================================

  FILM PARAMETERS :
  ---------------------------------------------------------
  Undefined line width                0.000
  Mirror code                         NONE
  Rotate angle                        NONE
  Offset x:                           0.000
  Offset y:                           0.000
  Plot negative                       NO
  Suppress unconnected internal pads  NO
  Draw holes only                     NO

    WARNING: 0 width line found at (984.252 0.000)
           ... ignored.

    WARNING: Segment with same start and end points at
	(-379.756 -275.838) will be ignored. Increasing output
	accuracy may allow segment to be generated.

    WARNING: Segment with same start and end points at
	(-277.893 -65.677) will be ignored. Increasing output
	accuracy may allow segment to be generated.

    WARNING: Segment with same start and end points at
	(602.014 -47.333) will be ignored. Increasing output
	accuracy may allow segment to be generated.

    WARNING: Segment with same start and end points at
	(-62.843 -337.084) will be ignored. Increasing output
	accuracy may allow segment to be generated.

    WARNING: Segment with same start and end points at
	(-62.842 -275.838) will be ignored. Increasing output
	accuracy may allow segment to be generated.

    WARNING: Segment with same start and end points at
	(194.063 640.303) will be ignored. Increasing output
	accuracy may allow segment to be generated.

    WARNING: Segment with same start and end points at
	(-817.965 48.177) will be ignored. Increasing output
	accuracy may allow segment to be generated.

    WARNING: Segment with same start and end points at
	(-623.654 -319.217) will be ignored. Increasing output
	accuracy may allow segment to be generated.

    WARNING: Segment with same start and end points at
	(-375.802 -394.156) will be ignored. Increasing output
	accuracy may allow segment to be generated.

    WARNING: Segment with same start and end points at
	(-375.803 -394.240) will be ignored. Increasing output
	accuracy may allow segment to be generated.

    WARNING: Segment with same start and end points at
	(-476.350 -493.492) will be ignored. Increasing output
	accuracy may allow segment to be generated.

    WARNING: Segment with same start and end points at
	(-476.353 -493.489) will be ignored. Increasing output
	accuracy may allow segment to be generated.

    WARNING: Segment with same start and end points at
	(-476.353 -493.491) will be ignored. Increasing output
	accuracy may allow segment to be generated.

    WARNING: Segment with same start and end points at
	(-430.927 -72.652) will be ignored. Increasing output
	accuracy may allow segment to be generated.

    WARNING: Segment with same start and end points at
	(-264.449 -107.413) will be ignored. Increasing output
	accuracy may allow segment to be generated.

    WARNING: Segment with same start and end points at
	(-264.449 -107.408) will be ignored. Increasing output
	accuracy may allow segment to be generated.

    WARNING: Segment with same start and end points at
	(-66.796 -394.156) will be ignored. Increasing output
	accuracy may allow segment to be generated.

    WARNING: Segment with same start and end points at
	(12.897 571.259) will be ignored. Increasing output
	accuracy may allow segment to be generated.

    WARNING: Segment with same start and end points at
	(-178.151 -508.928) will be ignored. Increasing output
	accuracy may allow segment to be generated.

    WARNING: Segment with same start and end points at
	(753.350 -130.398) will be ignored. Increasing output
	accuracy may allow segment to be generated.



  APERTURES USED:
  ---------------------------------------------------------
  TYPE       SIZE/NAME                   ROT   MIRROR MODE 
  ---------------------------------------------------------
  CIRCLE     0.00500                                  DARK 
  CIRCLE     0.00800                                  DARK 
  CIRCLE     0.01000                                  DARK 
  CIRCLE     0.01968                                  DARK 
  CIRCLE     0.02000                                  DARK 
  CIRCLE     0.03000                                  DARK 
  CIRCLE     0.04000                                  DARK 
  CIRCLE     0.05000                                  DARK 
  CIRCLE     0.05906                                  DARK 
  CIRCLE     0.06000                                  DARK 
  RECTANGLE  0.01968     x 0.01181      45.000 NO     DARK 
  RECTANGLE  0.01968     x 0.01181     135.000 NO     DARK 
  RECTANGLE  0.03347     x 0.02756       0.000 NO     DARK 
  RECTANGLE  0.03347     x 0.02756      45.000 NO     DARK 
  RECTANGLE  0.03347     x 0.02756      90.000 NO     DARK 
  RECTANGLE  0.03347     x 0.02756     135.000 NO     DARK 
  RECTANGLE  0.03937     x 0.02362       0.000 NO     DARK 
  RECTANGLE  0.05512     x 0.01968      45.000 NO     DARK 
  RECTANGLE  0.05512     x 0.01968     135.000 NO     DARK 
  RECTANGLE  0.05512     x 0.04528      90.000 NO     DARK 

     TOP created with warnings


================================================================
     PROCESSING FILM < BOTTOM >
     TO FILE < F:/projects/18/hmc5883/BOTTOM.art > ...
================================================================

  FILM PARAMETERS :
  ---------------------------------------------------------
  Undefined line width                0.000
  Mirror code                         NONE
  Rotate angle                        NONE
  Offset x:                           0.000
  Offset y:                           0.000
  Plot negative                       NO
  Suppress unconnected internal pads  NO
  Draw holes only                     NO

    WARNING: Multiple 0 width lines; all will be treated the same as the first.
           ... ignored.

    WARNING: Segment with same start and end points at
	(62.317 699.923) will be ignored. Increasing output
	accuracy may allow segment to be generated.

    WARNING: Segment with same start and end points at
	(-605.833 260.309) will be ignored. Increasing output
	accuracy may allow segment to be generated.



  APERTURES USED:
  ---------------------------------------------------------
  TYPE       SIZE/NAME                   ROT   MIRROR MODE 
  ---------------------------------------------------------
  CIRCLE     0.00500                                  DARK 
  CIRCLE     0.00800                                  DARK 
  CIRCLE     0.01000                                  DARK 
  CIRCLE     0.02000                                  DARK 
  CIRCLE     0.03000                                  DARK 
  CIRCLE     0.04000                                  DARK 
  CIRCLE     0.05906                                  DARK 
  CIRCLE     0.06000                                  DARK 

     BOTTOM created with warnings


================================================================
     PROCESSING FILM < soldermask_top >
     TO FILE < F:/projects/18/hmc5883/soldermask_top.art > ...
================================================================

  FILM PARAMETERS :
  ---------------------------------------------------------
  Undefined line width                0.000
  Mirror code                         NONE
  Rotate angle                        NONE
  Offset x:                           0.000
  Offset y:                           0.000
  Plot negative                       NO
  Suppress unconnected internal pads  NO
  Draw holes only                     NO



  APERTURES USED:
  ---------------------------------------------------------
  TYPE       SIZE/NAME                   ROT   MIRROR MODE 
  ---------------------------------------------------------
  CIRCLE     0.01968                                  DARK 
  CIRCLE     0.05945                                  DARK 
  RECTANGLE  0.01968     x 0.01181      45.000 NO     DARK 
  RECTANGLE  0.01968     x 0.01181     135.000 NO     DARK 
  RECTANGLE  0.03740     x 0.03150       0.000 NO     DARK 
  RECTANGLE  0.03740     x 0.03150      45.000 NO     DARK 
  RECTANGLE  0.03740     x 0.03150      90.000 NO     DARK 
  RECTANGLE  0.03740     x 0.03150     135.000 NO     DARK 
  RECTANGLE  0.04331     x 0.02756       0.000 NO     DARK 
  RECTANGLE  0.05906     x 0.02362      45.000 NO     DARK 
  RECTANGLE  0.05906     x 0.02362     135.000 NO     DARK 
  RECTANGLE  0.05906     x 0.04921      90.000 NO     DARK 

     soldermask_top created.


================================================================
     PROCESSING FILM < soldermask_bottom >
     TO FILE < F:/projects/18/hmc5883/soldermask_bottom.art > ...
================================================================

  FILM PARAMETERS :
  ---------------------------------------------------------
  Undefined line width                0.000
  Mirror code                         NONE
  Rotate angle                        NONE
  Offset x:                           0.000
  Offset y:                           0.000
  Plot negative                       NO
  Suppress unconnected internal pads  NO
  Draw holes only                     NO



  APERTURES USED:
  ---------------------------------------------------------
  TYPE       SIZE/NAME                   ROT   MIRROR MODE 
  ---------------------------------------------------------
  CIRCLE     0.05906                                  DARK 

     soldermask_bottom created.


================================================================
     PROCESSING FILM < pastemask_top >
     TO FILE < F:/projects/18/hmc5883/pastemask_top.art > ...
================================================================

  FILM PARAMETERS :
  ---------------------------------------------------------
  Undefined line width                0.000
  Mirror code                         NONE
  Rotate angle                        NONE
  Offset x:                           0.000
  Offset y:                           0.000
  Plot negative                       NO
  Suppress unconnected internal pads  NO
  Draw holes only                     NO



  APERTURES USED:
  ---------------------------------------------------------
  TYPE       SIZE/NAME                   ROT   MIRROR MODE 
  ---------------------------------------------------------
  CIRCLE     0.01968                                  DARK 
  RECTANGLE  0.01968     x 0.01181      45.000 NO     DARK 
  RECTANGLE  0.01968     x 0.01181     135.000 NO     DARK 
  RECTANGLE  0.03347     x 0.02756       0.000 NO     DARK 
  RECTANGLE  0.03347     x 0.02756      45.000 NO     DARK 
  RECTANGLE  0.03347     x 0.02756      90.000 NO     DARK 
  RECTANGLE  0.03347     x 0.02756     135.000 NO     DARK 
  RECTANGLE  0.03937     x 0.02362       0.000 NO     DARK 
  RECTANGLE  0.05512     x 0.01968      45.000 NO     DARK 
  RECTANGLE  0.05512     x 0.01968     135.000 NO     DARK 
  RECTANGLE  0.05512     x 0.04528      90.000 NO     DARK 

     pastemask_top created.


================================================================
     PROCESSING FILM < pastemask_bottom >
     TO FILE < F:/projects/18/hmc5883/pastemask_bottom.art > ...
================================================================

  FILM PARAMETERS :
  ---------------------------------------------------------
  Undefined line width                0.000
  Mirror code                         NONE
  Rotate angle                        NONE
  Offset x:                           0.000
  Offset y:                           0.000
  Plot negative                       NO
  Suppress unconnected internal pads  NO
  Draw holes only                     NO



  APERTURES USED:  NONE
     pastemask_bottom created.


================================================================
     PROCESSING FILM < ncdrill >
     TO FILE < F:/projects/18/hmc5883/ncdrill.art > ...
================================================================

  FILM PARAMETERS :
  ---------------------------------------------------------
  Undefined line width                0.000
  Mirror code                         NONE
  Rotate angle                        NONE
  Offset x:                           0.000
  Offset y:                           0.000
  Plot negative                       NO
  Suppress unconnected internal pads  NO
  Draw holes only                     NO

    WARNING: rectangle or unfilled shape composed 0 width line found at (2192.234 -847.833)
           ... ignored.

    WARNING: text composed 0 width line found at (2641.612 214.667)
           ... ignored.

    WARNING: text having Multiple 0 width lines; all will be treated the same as the first.
           ... ignored.



  APERTURES USED:  NONE
     ncdrill created with warnings


================================================================
     PROCESSING FILM < silkscreen_top >
     TO FILE < F:/projects/18/hmc5883/silkscreen_top.art > ...
================================================================

  FILM PARAMETERS :
  ---------------------------------------------------------
  Undefined line width                0.000
  Mirror code                         NONE
  Rotate angle                        NONE
  Offset x:                           0.000
  Offset y:                           0.000
  Plot negative                       NO
  Suppress unconnected internal pads  NO
  Draw holes only                     NO



  APERTURES USED:
  ---------------------------------------------------------
  TYPE       SIZE/NAME                   ROT   MIRROR MODE 
  ---------------------------------------------------------
  CIRCLE     0.00500                                  DARK 
  CIRCLE     0.01000                                  DARK 

     silkscreen_top created.


================================================================
     PROCESSING FILM < silkscreen_bottom >
     TO FILE < F:/projects/18/hmc5883/silkscreen_bottom.art > ...
================================================================

  FILM PARAMETERS :
  ---------------------------------------------------------
  Undefined line width                0.000
  Mirror code                         NONE
  Rotate angle                        NONE
  Offset x:                           0.000
  Offset y:                           0.000
  Plot negative                       NO
  Suppress unconnected internal pads  NO
  Draw holes only                     NO



  APERTURES USED:  NONE
     silkscreen_bottom created.


------------------------------------------------------
 SUMMARY:
        TOP created with warnings
        BOTTOM created with warnings
        soldermask_top created.
        soldermask_bottom created.
        pastemask_top created.
        pastemask_bottom created.
        ncdrill created with warnings
        silkscreen_top created.
        silkscreen_bottom created.

 ARTWORK had warnings
