Sun Dec 09 10:41:46 2018				Page     1


 
Update Symbols/Modules Logfile
	Sun Dec 09 10:41:46 2018

------ Module Refresh Messages ------

SUMMARY:    Updated 0 out of 0 modules

------ End Module Messages     ------



(---------------------------------------------------------------------)
(                                                                     )
(    Refresh Symbol                                                   )
(                                                                     )
(    Drawing          : hmc5883.brd                                   )
(    Software Version : 16.6-2015S108                                 )
(    Date/Time        : Sun Dec 09 10:41:47 2018                      )
(                                                                     )
(---------------------------------------------------------------------)


Sun Dec 09 10:41:47 2018				Page     1


------ Symbol Refresh Directives ------

Input design  = 'F:/projects/18/hmc5883/pcb/hmc5883.brd'
Output design = ''

Update mechanical symbols              = 'NO'
Update format symbols                  = 'NO'
Update package symbols                 = 'NO'
Update shape/flash symbols             = 'NO'
Update symbol padstacks                = 'YES'
Preserve padstacks replaced on pins    = 'NO'
Reset symbol text and size locations   = 'NO'
Reset Pin Escapes (fanouts)            = 'NO'
Ripup Etch                             = 'NO'
Reset custom drill data                = 'NO'
Symbol list file                       = 'C:/Users/zhang/AppData/Local/Temp/#Taaaaan02688.tmp'


------ Library Paths ------
PSMPATH =  F:/footprint/allegro/ 

PADPATH =  F:/footprint/allegro/ 


------ Symbol Refresh Messages ------

'HMC5883'  symbol refreshed successfully.


------ Pad Stack Refresh Messages ------

'SMD0_5X0_3'  pad stack refreshed successfully.


----- Symbol Update Summary ----

Updated symbols: 1 out 1
    Design updated.

