警告:part.def 文件中找不到元件 EC1206
警告:part.def 文件中找不到元件 EC0805
警告:part.def 文件中找不到元件 CM_C
警告:part.def 文件中找不到元件 EC0603
警告:part.def 文件中找不到元件 CAP_NP
警告:part.def 文件中找不到元件 CAP_NP
警告:part.def 文件中找不到元件 CAP_NP
警告:part.def 文件中找不到元件 C0603
警告:part.def 文件中找不到元件 C0603
警告:part.def 文件中找不到元件 C0603
警告:part.def 文件中找不到元件 C0603
警告:part.def 文件中找不到元件 C0603
警告:part.def 文件中找不到元件 C0603
警告:part.def 文件中找不到元件 C0603
警告:part.def 文件中找不到元件 C0603
警告:part.def 文件中找不到元件 C0603
警告:part.def 文件中找不到元件 C0603
警告:part.def 文件中找不到元件 C0603
警告:part.def 文件中找不到元件 C0603
警告:part.def 文件中找不到元件 CAP_NP_0_2
警告:part.def 文件中找不到元件 CAP_NP_0_2
警告:part.def 文件中找不到元件 CAP_NP_0_2
警告:part.def 文件中找不到元件 CAP_NP_0_2
警告:part.def 文件中找不到元件 CAPACITOR_3
警告:part.def 文件中找不到元件 CAP_NP_6
警告:part.def 文件中找不到元件 CAP_NP_6
警告:part.def 文件中找不到元件 CAP_NP_0_2
警告:part.def 文件中找不到元件 CAP_NP_0_2
警告:part.def 文件中找不到元件 CAP_NP_0_2
警告:part.def 文件中找不到元件 CAP_NP_0_2
警告:part.def 文件中找不到元件 CAP_NP_0_2
警告:part.def 文件中找不到元件 EC0402
警告:part.def 文件中找不到元件 CAP_NP_9
警告:part.def 文件中找不到元件 CAP_NP_7
警告:part.def 文件中找不到元件 CAP_NP_6
警告:part.def 文件中找不到元件 CAP_NP_6
警告:part.def 文件中找不到元件 CAP_NP_6
警告:part.def 文件中找不到元件 CAP_NP_6
警告:part.def 文件中找不到元件 CAP_NP_6
警告:part.def 文件中找不到元件 CAP_NP_6
警告:part.def 文件中找不到元件 CAP_NP_6
警告:part.def 文件中找不到元件 CAP_NP_6
警告:part.def 文件中找不到元件 CAP_NP_6
警告:part.def 文件中找不到元件 CAP_NP_6
警告:part.def 文件中找不到元件 CAP_NP_6
警告:part.def 文件中找不到元件 CAP_NP_6
警告:part.def 文件中找不到元件 CAP_NP_6
警告:part.def 文件中找不到元件 CAP_NP_6
警告:part.def 文件中找不到元件 CAP_NP_6
警告:part.def 文件中找不到元件 CAP_NP_6
警告:part.def 文件中找不到元件 CAP_NP_6
警告:part.def 文件中找不到元件 CAP_NP_4
警告:part.def 文件中找不到元件 CAP_NP_3
警告:part.def 文件中找不到元件 CAP_NP_0_2
警告:part.def 文件中找不到元件 CAP_NP_0_2
警告:part.def 文件中找不到元件 CAP_2
警告:part.def 文件中找不到元件 C0402
警告:part.def 文件中找不到元件 CAP_NP_2
警告:part.def 文件中找不到元件 CAP_NP_2
警告:part.def 文件中找不到元件 CAP_NP_2
警告:part.def 文件中找不到元件 CAP_NP_2
警告:part.def 文件中找不到元件 CAP_NP_2
警告:part.def 文件中找不到元件 CAP_NP_2
警告:part.def 文件中找不到元件 CAP_NP_2
警告:part.def 文件中找不到元件 CAP_NP_2
警告:part.def 文件中找不到元件 CAP_NP_2
警告:part.def 文件中找不到元件 CAP_NP_2
警告:part.def 文件中找不到元件 CAP_NP_2
警告:part.def 文件中找不到元件 CAP_NP_2
警告:part.def 文件中找不到元件 CAP_NP_2
警告:part.def 文件中找不到元件 CAP_NP_2
警告:part.def 文件中找不到元件 CAP_NP_2
警告:part.def 文件中找不到元件 CAP_NP_2
警告:part.def 文件中找不到元件 CAP_NP_2
警告:part.def 文件中找不到元件 CAP_NP_2
警告:part.def 文件中找不到元件 CAP_NP_2
警告:part.def 文件中找不到元件 CAP_NP_2
警告:part.def 文件中找不到元件 CAP_NP_2
警告:part.def 文件中找不到元件 CAP_NP_2
警告:part.def 文件中找不到元件 CAP_NP_2
警告:part.def 文件中找不到元件 CAP_NP_2
警告:part.def 文件中找不到元件 CAP_NP_2
警告:part.def 文件中找不到元件 CAP_NP_2
警告:part.def 文件中找不到元件 CAP_NP_2
警告:part.def 文件中找不到元件 CAP_NP_2
警告:part.def 文件中找不到元件 CAP_NP_2
警告:part.def 文件中找不到元件 CAP_NP_2
警告:part.def 文件中找不到元件 CAP_NP_2
警告:part.def 文件中找不到元件 CAP_NP_2
警告:part.def 文件中找不到元件 CAP_NP_2
警告:part.def 文件中找不到元件 CAP_NP_2
警告:part.def 文件中找不到元件 CAP_NP_2
警告:part.def 文件中找不到元件 CAP_NP_2
警告:part.def 文件中找不到元件 CAP_NP_2
警告:part.def 文件中找不到元件 CAP_NP_2
警告:part.def 文件中找不到元件 CAP_NP_2
警告:part.def 文件中找不到元件 CAP_NP_2
警告:part.def 文件中找不到元件 CAP_NP_2
警告:part.def 文件中找不到元件 CAP_NP_2
警告:part.def 文件中找不到元件 CAP_NP_2
警告:part.def 文件中找不到元件 CAP_NP_2
警告:part.def 文件中找不到元件 CAP_NP_2
警告:part.def 文件中找不到元件 CAP_NP_2
警告:part.def 文件中找不到元件 CAP_NP_2
警告:part.def 文件中找不到元件 CAP_NP_2
警告:part.def 文件中找不到元件 RES_1B
警告:part.def 文件中找不到元件 RES_1B
警告:part.def 文件中找不到元件 RES_1B
警告:part.def 文件中找不到元件 RESISTOR_4
警告:part.def 文件中找不到元件 RESISTOR_1_2
警告:part.def 文件中找不到元件 RESISTOR_1_2
警告:part.def 文件中找不到元件 RESISTOR_1_2
警告:part.def 文件中找不到元件 RESISTOR_1_2
警告:part.def 文件中找不到元件 RESISTOR_1_2
警告:part.def 文件中找不到元件 RESISTOR_1_2
警告:part.def 文件中找不到元件 RESISTOR_1_2
警告:part.def 文件中找不到元件 RESISTOR_1_2
警告:part.def 文件中找不到元件 RESISTOR_1_2
警告:part.def 文件中找不到元件 RESISTOR_1
警告:part.def 文件中找不到元件 RESISTOR_1
警告:part.def 文件中找不到元件 RESISTOR_1
警告:part.def 文件中找不到元件 RESISTOR_1
警告:part.def 文件中找不到元件 RESISTOR_1
警告:part.def 文件中找不到元件 RESISTOR_1
警告:part.def 文件中找不到元件 RESISTOR_1
警告:part.def 文件中找不到元件 RESISTOR_1
警告:part.def 文件中找不到元件 RESISTOR_1
警告:part.def 文件中找不到元件 RESISTOR_1
警告:part.def 文件中找不到元件 RESISTOR_0_3
警告:part.def 文件中找不到元件 RESISTOR_0_3
警告:part.def 文件中找不到元件 RESISTOR_0_3
警告:part.def 文件中找不到元件 RESISTOR_0_3
警告:part.def 文件中找不到元件 RESISTOR_0_3
警告:part.def 文件中找不到元件 RESISTOR_0
警告:part.def 文件中找不到元件 RESISTOR
警告:part.def 文件中找不到元件 RESISTOR
警告:part.def 文件中找不到元件 RESISTOR
警告:part.def 文件中找不到元件 RESISTOR
警告:part.def 文件中找不到元件 RESISTOR
警告:part.def 文件中找不到元件 RESISTOR
警告:part.def 文件中找不到元件 RESISTOR
警告:part.def 文件中找不到元件 RESISTOR
警告:part.def 文件中找不到元件 RESISTOR
警告:part.def 文件中找不到元件 RESISTOR
警告:part.def 文件中找不到元件 RESISTOR
警告:part.def 文件中找不到元件 RESISTOR
警告:part.def 文件中找不到元件 RESISTOR
警告:part.def 文件中找不到元件 RESISTOR
警告:part.def 文件中找不到元件 RESISTOR
警告:part.def 文件中找不到元件 RESISTOR
警告:part.def 文件中找不到元件 RESISTOR
警告:part.def 文件中找不到元件 RESISTOR
警告:part.def 文件中找不到元件 RESISTOR
警告:part.def 文件中找不到元件 RESISTOR
警告:part.def 文件中找不到元件 RESISTOR
警告:part.def 文件中找不到元件 RESISTOR
警告:part.def 文件中找不到元件 R
警告:part.def 文件中找不到元件 R
警告:part.def 文件中找不到元件 R
警告:part.def 文件中找不到元件 R
警告:part.def 文件中找不到元件 R
警告:part.def 文件中找不到元件 R
警告:part.def 文件中找不到元件 R
警告:part.def 文件中找不到元件 R
警告:part.def 文件中找不到元件 R
警告:part.def 文件中找不到元件 R
警告:part.def 文件中找不到元件 R
警告:part.def 文件中找不到元件 R
警告:part.def 文件中找不到元件 R
警告:part.def 文件中找不到元件 R
警告:part.def 文件中找不到元件 R
警告:part.def 文件中找不到元件 R
警告:part.def 文件中找不到元件 R
警告:part.def 文件中找不到元件 R
警告:part.def 文件中找不到元件 R
警告:part.def 文件中找不到元件 R
警告:part.def 文件中找不到元件 R
警告:part.def 文件中找不到元件 R
警告:part.def 文件中找不到元件 R
警告:part.def 文件中找不到元件 R
警告:part.def 文件中找不到元件 EC0805
警告:part.def 文件中找不到元件 DIODE_2
警告:part.def 文件中找不到元件 CAP_NP_6
警告:part.def 文件中找不到元件 CAP_NP_6
警告:part.def 文件中找不到元件 CAP_NP_6
警告:part.def 文件中找不到元件 CAP_NP_4
警告:part.def 文件中找不到元件 CAPACITOR
警告:part.def 文件中找不到元件 C0603
警告:part.def 文件中找不到元件 C0603
警告:part.def 文件中找不到元件 C0603
警告:part.def 文件中找不到元件 EC0603
警告:part.def 文件中找不到元件 CDRH6DA
警告:part.def 文件中找不到元件 C0402
警告:part.def 文件中找不到元件 6202
警告:part.def 文件中找不到元件 TDFN-COL2X2-8L
警告:part.def 文件中找不到元件 INDUCTORS_OF_FERRITE
警告:part.def 文件中找不到元件 INDUCTORS_OF_FERRITE
警告:part.def 文件中找不到元件 INDUCTORS_OF_FERRITE
警告:part.def 文件中找不到元件 IND-3X3
警告:part.def 文件中找不到元件 EC0805
警告:part.def 文件中找不到元件 EC0805
警告:part.def 文件中找不到元件 EC1206
警告:part.def 文件中找不到元件 EC0603
警告:part.def 文件中找不到元件 EC0805
警告:part.def 文件中找不到元件 DA213
警告:part.def 文件中找不到元件 MP1494
警告:part.def 文件中找不到元件 MSOP8
警告:part.def 文件中找不到元件 MSOP8
警告:part.def 文件中找不到元件 HEADER_30_10
警告:part.def 文件中找不到元件 SOD123
警告:part.def 文件中找不到元件 CRY-D3225
警告:part.def 文件中找不到元件 CRY-D3225
警告:part.def 文件中找不到元件 EC1206
警告:part.def 文件中找不到元件 EC0805
警告:part.def 文件中找不到元件 EC0603
警告:part.def 文件中找不到元件 EC0603
警告:part.def 文件中找不到元件 EC0603
警告:part.def 文件中找不到元件 EC0603
警告:part.def 文件中找不到元件 EC0805
警告:part.def 文件中找不到元件 EC0805
警告:part.def 文件中找不到元件 EC0805
警告:part.def 文件中找不到元件 EC0805
警告:part.def 文件中找不到元件 EC0603
警告:part.def 文件中找不到元件 EC0603
警告:part.def 文件中找不到元件 EC0603
警告:part.def 文件中找不到元件 EC0603
警告:part.def 文件中找不到元件 EC0805
警告:part.def 文件中找不到元件 EC0805
警告:part.def 文件中找不到元件 EC0603
警告:part.def 文件中找不到元件 EC0805
警告:part.def 文件中找不到元件 EC0805
警告:part.def 文件中找不到元件 EC0603
警告:part.def 文件中找不到元件 EC0603
警告:part.def 文件中找不到元件 EC0603
警告:part.def 文件中找不到元件 EC0603
警告:part.def 文件中找不到元件 EC0603
警告:part.def 文件中找不到元件 EC0603
警告:part.def 文件中找不到元件 EC0805
警告:part.def 文件中找不到元件 EC0805
警告:part.def 文件中找不到元件 EC0805
警告:part.def 文件中找不到元件 EC0603
警告:part.def 文件中找不到元件 EC0603
警告:part.def 文件中找不到元件 EC0805
警告:part.def 文件中找不到元件 EC0805
警告:part.def 文件中找不到元件 EC0805
警告:part.def 文件中找不到元件 EC0805
警告:part.def 文件中找不到元件 EC0805
警告:part.def 文件中找不到元件 EC0603
警告:part.def 文件中找不到元件 EC0805
警告:part.def 文件中找不到元件 EC0805
警告:part.def 文件中找不到元件 EC0402
警告:part.def 文件中找不到元件 EC1206
警告:part.def 文件中找不到元件 EC1206
警告:part.def 文件中找不到元件 EC1206
警告:part.def 文件中找不到元件 EC0603
警告:part.def 文件中找不到元件 EC0603
警告:part.def 文件中找不到元件 EC0603
警告:part.def 文件中找不到元件 EC0805
警告:part.def 文件中找不到元件 VR1
警告:part.def 文件中找不到元件 SW4P_0
警告:part.def 文件中找不到元件 SW4P_0
警告:part.def 文件中找不到元件 MOSFET_P_2
警告:part.def 文件中找不到元件 MOSFET_P
警告:part.def 文件中找不到元件 NPN4
警告:part.def 文件中找不到元件 DIODE_1_2
警告:part.def 文件中找不到元件 DIODE_1_2
警告:part.def 文件中找不到元件 DIODE_1
警告:part.def 文件中找不到元件 LED_DRIVE-BL
警告:part.def 文件中找不到元件 RT9271_0
警告:part.def 文件中找不到元件 DIODE_2
警告:part.def 文件中找不到元件 DIODE_2
警告:part.def 文件中找不到元件 DIODE_ZENER13_0
警告:part.def 文件中找不到元件 DIODE_ZENER13_0
警告:part.def 文件中找不到元件 CON2_2_3
警告:part.def 文件中找不到元件 CON2_2_3
警告:part.def 文件中找不到元件 RESISTOR_4PACK
警告:part.def 文件中找不到元件 R_3
警告:part.def 文件中找不到元件 RESISTOR_0_3
警告:part.def 文件中找不到元件 RESISTOR_0_3
警告:part.def 文件中找不到元件 RESISTOR_1
警告:part.def 文件中找不到元件 RESISTOR_2
警告:part.def 文件中找不到元件 RESISTOR_2
警告:part.def 文件中找不到元件 RESISTOR_4
警告:part.def 文件中找不到元件 RESISTOR_4
警告:part.def 文件中找不到元件 RESISTOR_0_3
警告:part.def 文件中找不到元件 RESISTOR_1
警告:part.def 文件中找不到元件 RESISTOR_2
警告:part.def 文件中找不到元件 RESISTOR_1
警告:part.def 文件中找不到元件 RESISTOR_1
警告:part.def 文件中找不到元件 RESISTOR_1
警告:part.def 文件中找不到元件 RESISTOR_1
警告:part.def 文件中找不到元件 RESISTOR_0
警告:part.def 文件中找不到元件 RESISTOR_0
警告:part.def 文件中找不到元件 RESISTOR_2
警告:part.def 文件中找不到元件 RESISTOR_2
警告:part.def 文件中找不到元件 RESISTOR_2
警告:part.def 文件中找不到元件 RES_1B_2
警告:part.def 文件中找不到元件 RES_1B_2
警告:part.def 文件中找不到元件 RESISTOR_2
警告:part.def 文件中找不到元件 RESISTOR_0_3
警告:part.def 文件中找不到元件 RESISTOR_0_3
警告:part.def 文件中找不到元件 RESISTOR_0
警告:part.def 文件中找不到元件 RES_1B
警告:part.def 文件中找不到元件 RESISTOR_0
警告:part.def 文件中找不到元件 RES_1B
警告:part.def 文件中找不到元件 RESISTOR_0
警告:part.def 文件中找不到元件 RESISTOR_0
警告:part.def 文件中找不到元件 RESISTOR
警告:part.def 文件中找不到元件 RK818_0
警告:part.def 文件中找不到元件 TESTPOINT1
警告:part.def 文件中找不到元件 TESTPOINT1
警告:part.def 文件中找不到元件 TESTPOINT1
警告:part.def 文件中找不到元件 TESTPOINT1
警告:part.def 文件中找不到元件 TESTPOINT1
警告:part.def 文件中找不到元件 TESTPOINT1
警告:part.def 文件中找不到元件 TESTPOINT1
警告:part.def 文件中找不到元件 TESTPOINT1
警告:part.def 文件中找不到元件 TESTPOINT1
警告:part.def 文件中找不到元件 TESTPOINT1
警告:part.def 文件中找不到元件 TESTPOINT1
警告:part.def 文件中找不到元件 T_POINT_R
警告:part.def 文件中找不到元件 T_POINT_R
警告:part.def 文件中找不到元件 T_POINT_R
警告:part.def 文件中找不到元件 TESTPOINT1
警告:part.def 文件中找不到元件 TESTPOINT1
警告:part.def 文件中找不到元件 TESTPOINT1
警告:part.def 文件中找不到元件 TESTPOINT1
警告:part.def 文件中找不到元件 TESTPOINT1
警告:part.def 文件中找不到元件 TESTPOINT1
警告:part.def 文件中找不到元件 TESTPOINT1
警告:part.def 文件中找不到元件 TESTPOINT1
警告:part.def 文件中找不到元件 TESTPOINT1
警告:part.def 文件中找不到元件 TESTPOINT1
警告:part.def 文件中找不到元件 TESTPOINT1
警告:part.def 文件中找不到元件 TESTPOINT1
警告:part.def 文件中找不到元件 TESTPOINT1
警告:part.def 文件中找不到元件 TESTPOINT1
警告:part.def 文件中找不到元件 TESTPOINT1
警告:part.def 文件中找不到元件 TESTPOINT1
警告:part.def 文件中找不到元件 TESTPOINT1
警告:part.def 文件中找不到元件 TESTPOINT1
警告:part.def 文件中找不到元件 TESTPOINT1
警告:part.def 文件中找不到元件 TESTPOINT1
警告:part.def 文件中找不到元件 TESTPOINT1
警告:part.def 文件中找不到元件 TESTPOINT1
警告:part.def 文件中找不到元件 TESTPOINT1
警告:part.def 文件中找不到元件 TESTPOINT1
警告:part.def 文件中找不到元件 TESTPOINT1
警告:part.def 文件中找不到元件 TESTPOINT1
警告:part.def 文件中找不到元件 TESTPOINT1
警告:part.def 文件中找不到元件 TESTPOINT1
警告:part.def 文件中找不到元件 TESTPOINT1
警告:part.def 文件中找不到元件 TESTPOINT1
警告:part.def 文件中找不到元件 TESTPOINT1
警告:part.def 文件中找不到元件 TESTPOINT1
警告:part.def 文件中找不到元件 TEST
警告:part.def 文件中找不到元件 TEST
警告:part.def 文件中找不到元件 CAP_NP_0
警告:part.def 文件中找不到元件 CAP_NP_0
警告:part.def 文件中找不到元件 CAP_NP_0
警告:part.def 文件中找不到元件 CAP_NP_0
警告:part.def 文件中找不到元件 H0502
警告:part.def 文件中找不到元件 H0502
警告:part.def 文件中找不到元件 OV2659
警告:part.def 文件中找不到元件 INDUCTORS_OF_FERRITE
警告:part.def 文件中找不到元件 INDUCTOR_0
警告:part.def 文件中找不到元件 INDUCTOR_2
警告:part.def 文件中找不到元件 INDUCTOR_2
警告:part.def 文件中找不到元件 INDUCTOR_2
警告:part.def 文件中找不到元件 INAND_0
警告:part.def 文件中找不到元件 UART-DEBUG_4
警告:part.def 文件中找不到元件 CON40-B070EW01_0_2
警告:part.def 文件中找不到元件 DDRII_3
警告:part.def 文件中找不到元件 DDRII_3
警告:part.def 文件中找不到元件 DIODE_BI-DIR_TRIG
警告:part.def 文件中找不到元件 DIODE_BI-DIR_TRIG
警告:part.def 文件中找不到元件 DIODE_BI_DIR_TRIG
警告:part.def 文件中找不到元件 DIODE_BI_DIR_TRIG
警告:part.def 文件中找不到元件 DIODE_BI_DIR_TRIG
警告:part.def 文件中找不到元件 DIODE_BI_DIR_TRIG
警告:part.def 文件中找不到元件 DIODE_BI-DIR_TRIG
警告:part.def 文件中找不到元件 DIODE_BI-DIR_TRIG
警告:part.def 文件中找不到元件 DIODE_BI-DIR_TRIG
警告:part.def 文件中找不到元件 DIODE_BI-DIR_TRIG
警告:part.def 文件中找不到元件 DIODE_BI-DIR_TRIG
警告:part.def 文件中找不到元件 DIODE_BI-DIR_TRIG
警告:part.def 文件中找不到元件 DIODE_BI-DIR_TRIG
警告:part.def 文件中找不到元件 DIODE_BI-DIR_TRIG
警告:part.def 文件中找不到元件 WM8750_1
警告:part.def 文件中找不到元件 CON2
警告:part.def 文件中找不到元件 R1_0805
警告:part.def 文件中找不到元件 RES_1B
警告:part.def 文件中找不到元件 RES_1B
警告:part.def 文件中找不到元件 RES_1B
警告:part.def 文件中找不到元件 RES_1B
警告:part.def 文件中找不到元件 RES_1B
警告:part.def 文件中找不到元件 RES_1B
警告:part.def 文件中找不到元件 RESISTOR_5
警告:part.def 文件中找不到元件 RESISTOR_5
警告:part.def 文件中找不到元件 R_4
警告:part.def 文件中找不到元件 RES_1B
警告:part.def 文件中找不到元件 RES_1B
警告:part.def 文件中找不到元件 RES_1B
警告:part.def 文件中找不到元件 RESISTOR_5
警告:part.def 文件中找不到元件 RES_1B
警告:part.def 文件中找不到元件 RES_1B
警告:part.def 文件中找不到元件 RES_1B
警告:part.def 文件中找不到元件 RES_1B
警告:part.def 文件中找不到元件 RES_1B
警告:part.def 文件中找不到元件 RES_1B
警告:part.def 文件中找不到元件 RES_1B
警告:part.def 文件中找不到元件 RES_1B
警告:part.def 文件中找不到元件 RES_1B
警告:part.def 文件中找不到元件 RES_1B
警告:part.def 文件中找不到元件 RES_1B
警告:part.def 文件中找不到元件 RES_1B
警告:part.def 文件中找不到元件 RES_1B
警告:part.def 文件中找不到元件 RES_1B
警告:part.def 文件中找不到元件 RES_1B
警告:part.def 文件中找不到元件 RES_1B
警告:part.def 文件中找不到元件 RES_1B
警告:part.def 文件中找不到元件 RES_1B
警告:part.def 文件中找不到元件 RES_1B
警告:part.def 文件中找不到元件 RES_1B
警告:part.def 文件中找不到元件 RESISTOR_5
警告:part.def 文件中找不到元件 RESISTOR_5
警告:part.def 文件中找不到元件 RESISTOR_3
警告:part.def 文件中找不到元件 RESISTOR_3
警告:part.def 文件中找不到元件 RESISTOR_3
警告:part.def 文件中找不到元件 RESISTOR_3
警告:part.def 文件中找不到元件 RESISTOR_3
警告:part.def 文件中找不到元件 RES_1B
警告:part.def 文件中找不到元件 RESISTOR_5
警告:part.def 文件中找不到元件 R
警告:part.def 文件中找不到元件 RES_1B
警告:part.def 文件中找不到元件 RES_1B
警告:part.def 文件中找不到元件 RESISTOR_3
警告:part.def 文件中找不到元件 R
警告:part.def 文件中找不到元件 R
警告:part.def 文件中找不到元件 R
警告:part.def 文件中找不到元件 R
警告:part.def 文件中找不到元件 R
警告:part.def 文件中找不到元件 R
警告:part.def 文件中找不到元件 R_4
警告:part.def 文件中找不到元件 RES_1B
警告:part.def 文件中找不到元件 RES_1B
警告:part.def 文件中找不到元件 RES_1B
警告:part.def 文件中找不到元件 R_5
警告:part.def 文件中找不到元件 R_5
警告:part.def 文件中找不到元件 R_5
警告:part.def 文件中找不到元件 R_5
警告:part.def 文件中找不到元件 R_5
警告:part.def 文件中找不到元件 R_5
警告:part.def 文件中找不到元件 R_5
警告:part.def 文件中找不到元件 R_5
警告:part.def 文件中找不到元件 RESISTOR_3
警告:part.def 文件中找不到元件 RESISTOR_3
警告:part.def 文件中找不到元件 RES_1B
警告:part.def 文件中找不到元件 RES_1B
警告:part.def 文件中找不到元件 RES_1B
警告:part.def 文件中找不到元件 RESISTOR_5
警告:part.def 文件中找不到元件 RESISTOR_5
警告:part.def 文件中找不到元件 INDUCTOR
警告:part.def 文件中找不到元件 INDUCTOR_5
警告:part.def 文件中找不到元件 INDUCTOR_5
警告:part.def 文件中找不到元件 ANT3_0
警告:part.def 文件中找不到元件 CAP_0
警告:part.def 文件中找不到元件 CAP_0
警告:part.def 文件中找不到元件 CAP_0
警告:part.def 文件中找不到元件 CAP_0
警告:part.def 文件中找不到元件 CAPACITOR_1_2
警告:part.def 文件中找不到元件 CAPACITOR_1
警告:part.def 文件中找不到元件 CAPACITOR_0_2
警告:part.def 文件中找不到元件 CAP_NP_5
警告:part.def 文件中找不到元件 CAP_NP_7
警告:part.def 文件中找不到元件 CAP_NP_7
警告:part.def 文件中找不到元件 CAP_NP_4
警告:part.def 文件中找不到元件 CAP_NP_4
警告:part.def 文件中找不到元件 CAPACITOR_0
警告:part.def 文件中找不到元件 CAPACITOR_0
警告:part.def 文件中找不到元件 CAP_NP_4
警告:part.def 文件中找不到元件 CAP_NP_4
警告:part.def 文件中找不到元件 CAP_NP_4
警告:part.def 文件中找不到元件 CAP_NP_4
警告:part.def 文件中找不到元件 CAP_NP_4
警告:part.def 文件中找不到元件 CAP_NP_4
警告:part.def 文件中找不到元件 CAP_NP_4
警告:part.def 文件中找不到元件 CAP_NP_5
警告:part.def 文件中找不到元件 CAP_NP_5
警告:part.def 文件中找不到元件 CAP_NP_5
警告:part.def 文件中找不到元件 CAP_NP_7
警告:part.def 文件中找不到元件 CAP_NP_7
警告:part.def 文件中找不到元件 CAP_NP_7
警告:part.def 文件中找不到元件 CAP_NP_7
警告:part.def 文件中找不到元件 CAP_NP_7
警告:part.def 文件中找不到元件 CAP_NP_7
警告:part.def 文件中找不到元件 CAPACITOR_0
警告:part.def 文件中找不到元件 CAPACITOR_0
警告:part.def 文件中找不到元件 CAPACITOR_0
警告:part.def 文件中找不到元件 CAPACITOR_2
警告:part.def 文件中找不到元件 CAP_NP_5
警告:part.def 文件中找不到元件 CAP_NP_5
警告:part.def 文件中找不到元件 CAP_NP_5
警告:part.def 文件中找不到元件 CAP_NP_5
警告:part.def 文件中找不到元件 CAPNP
警告:part.def 文件中找不到元件 CAP_NP_4
警告:part.def 文件中找不到元件 CAP_NP_5
警告:part.def 文件中找不到元件 CAP_NP_5
警告:part.def 文件中找不到元件 CAP_NP_5
警告:part.def 文件中找不到元件 CAPACITOR_2
警告:part.def 文件中找不到元件 CAPACITOR_0
警告:part.def 文件中找不到元件 CAPACITOR_0_2
警告:part.def 文件中找不到元件 CAPACITOR_0_2
警告:part.def 文件中找不到元件 CAPACITOR_0_2
警告:part.def 文件中找不到元件 CAPACITOR_0
警告:part.def 文件中找不到元件 CAPACITOR_0_2
警告:part.def 文件中找不到元件 CAP_NP_4
警告:part.def 文件中找不到元件 CAP_NP_4
警告:part.def 文件中找不到元件 CAP_NP_4
警告:part.def 文件中找不到元件 CAP_NP_4
警告:part.def 文件中找不到元件 CAP_NP_4
警告:part.def 文件中找不到元件 CAP_NP_4
警告:part.def 文件中找不到元件 CAP_NP_4
警告:part.def 文件中找不到元件 CAP_NP_4
警告:part.def 文件中找不到元件 CAP_NP_4
警告:part.def 文件中找不到元件 CAP_NP_4
警告:part.def 文件中找不到元件 CAP_NP_4
警告:part.def 文件中找不到元件 CAP_NP_4
警告:part.def 文件中找不到元件 CAP_NP_4
警告:part.def 文件中找不到元件 CAP_NP_4
警告:part.def 文件中找不到元件 CAP_NP_4
警告:part.def 文件中找不到元件 CAP_NP_4
警告:part.def 文件中找不到元件 CAP_NP_4
警告:part.def 文件中找不到元件 CAP_NP_4
警告:part.def 文件中找不到元件 CAP_NP_7
警告:part.def 文件中找不到元件 CAP
警告:part.def 文件中找不到元件 CAPACITOR_1
警告:part.def 文件中找不到元件 CAPACITOR_1
警告:part.def 文件中找不到元件 CAP_NP_7
警告:part.def 文件中找不到元件 CAP_NP_7
警告:part.def 文件中找不到元件 CAP_NP_7
警告:part.def 文件中找不到元件 CAP_NP_7
警告:part.def 文件中找不到元件 CAPACITOR_0
警告:part.def 文件中找不到元件 CAPACITOR_0
警告:part.def 文件中找不到元件 CAPACITOR_0
警告:part.def 文件中找不到元件 CAP_NP_7
警告:part.def 文件中找不到元件 CAP_NP_7
警告:part.def 文件中找不到元件 CAP_NP_7
警告:part.def 文件中找不到元件 CAP_NP_7
警告:part.def 文件中找不到元件 CAP_NP_7
警告:part.def 文件中找不到元件 CAP_NP_7
警告:part.def 文件中找不到元件 CAP_NP_7
警告:part.def 文件中找不到元件 CAP_NP_7
警告:part.def 文件中找不到元件 CAP_NP_6
警告:part.def 文件中找不到元件 CAP_NP_7
警告:part.def 文件中找不到元件 CAP_NP_7
警告:part.def 文件中找不到元件 CAP_NP_7
警告:part.def 文件中找不到元件 CAP_NP_7
警告:part.def 文件中找不到元件 CON2_1_2
警告:part.def 文件中找不到元件 CRYSTAL_0
警告:part.def 文件中找不到元件 CON_0
警告:part.def 文件中找不到元件 INVERTER_4
警告:part.def 文件中找不到元件 JP_USB2_2.0
警告:part.def 文件中找不到元件 CM_C
警告:part.def 文件中找不到元件 CAPNP_DUP1_1
警告:part.def 文件中找不到元件 CAPNP_DUP1_1
警告:part.def 文件中找不到元件 CAP_NP_5
警告:part.def 文件中找不到元件 CAP_NP_5
警告:part.def 文件中找不到元件 CAP_NP_5
警告:part.def 文件中找不到元件 CAP_NP_5
警告:part.def 文件中找不到元件 CAP_NP_5
警告:part.def 文件中找不到元件 CAP_NP_5
警告:part.def 文件中找不到元件 CAP_NP_5
警告:part.def 文件中找不到元件 CAP_NP_5
警告:part.def 文件中找不到元件 WIFI-AP6XXX_0
警告:part.def 文件中找不到元件 RT9293B_1_2
警告:part.def 文件中找不到元件 RT9293B_1_2
警告:part.def 文件中找不到元件 RT9293B_1_2
警告:part.def 文件中找不到元件 RT9293B_1_2
警告:part.def 文件中找不到元件 RT9293B_1_2
警告:part.def 文件中找不到元件 RT9293B_1_2
警告:part.def 文件中找不到元件 RT9293B_1_2
警告:part.def 文件中找不到元件 RT9293B_1_2
警告:part.def 文件中找不到元件 RT9293B_1_2
警告:part.def 文件中找不到元件 RT9293B_1_2
警告:part.def 文件中找不到元件 RT9293B_1_2
警告:part.def 文件中找不到元件 RT9293B_1_2
警告:part.def 文件中找不到元件 RT9293B_1_2
警告:part.def 文件中找不到元件 CON2_3
警告:part.def 文件中找不到元件 AC108
警告:part.def 文件中找不到元件 RES_1B
警告:part.def 文件中找不到元件 RES_1B
警告:part.def 文件中找不到元件 RESISTOR_2
警告:part.def 文件中找不到元件 RESISTOR_2
警告:part.def 文件中找不到元件 CAP_NP_7
C2130 由 Dynapert Promann 插入，缺少元件编号
C2134 由 Dynapert Promann 插入，缺少元件编号
C2136 由 Dynapert Promann 插入，缺少元件编号
C2131 由 Dynapert Promann 插入，缺少元件编号
C2132 由 Dynapert Promann 插入，缺少元件编号
L2105 由 Dynapert Promann 插入，缺少元件编号
R2107 由 Dynapert Promann 插入，缺少元件编号
Y2100 由 Dynapert Promann 插入，缺少元件编号
C1012 由 Dynapert Promann 插入，缺少元件编号
C1013 由 Dynapert Promann 插入，缺少元件编号
C2138 由 Dynapert Promann 插入，缺少元件编号
C2127 由 Dynapert Promann 插入，缺少元件编号
C2128 由 Dynapert Promann 插入，缺少元件编号
R2104 由 Dynapert Promann 插入，缺少元件编号
R2105 由 Dynapert Promann 插入，缺少元件编号
C2114 由 Dynapert Promann 插入，缺少元件编号
C2112 由 Dynapert Promann 插入，缺少元件编号
L2103 由 Dynapert Promann 插入，缺少元件编号
C2109 由 Dynapert Promann 插入，缺少元件编号
R2101 由 Dynapert Promann 插入，缺少元件编号
C2107 由 Dynapert Promann 插入，缺少元件编号
Q2302 由 Dynapert Promann 插入，缺少元件编号
C1002 由 Dynapert Promann 插入，缺少元件编号
R2302 由 Dynapert Promann 插入，缺少元件编号
R2306 由 Dynapert Promann 插入，缺少元件编号
C1006 由 Dynapert Promann 插入，缺少元件编号
C1100 由 Dynapert Promann 插入，缺少元件编号
ED2100 由 Dynapert Promann 插入，缺少元件编号
R2108 由 Dynapert Promann 插入，缺少元件编号
R2100 由 Dynapert Promann 插入，缺少元件编号
C2101 由 Dynapert Promann 插入，缺少元件编号
C2102 由 Dynapert Promann 插入，缺少元件编号
L2100 由 Dynapert Promann 插入，缺少元件编号
C2116 由 Dynapert Promann 插入，缺少元件编号
C2118 由 Dynapert Promann 插入，缺少元件编号
C2115 由 Dynapert Promann 插入，缺少元件编号
C2121 由 Dynapert Promann 插入，缺少元件编号
C2119 由 Dynapert Promann 插入，缺少元件编号
C2122 由 Dynapert Promann 插入，缺少元件编号
C2124 由 Dynapert Promann 插入，缺少元件编号
C2123 由 Dynapert Promann 插入，缺少元件编号
C2125 由 Dynapert Promann 插入，缺少元件编号
C2111 由 Dynapert Promann 插入，缺少元件编号
C2137 由 Dynapert Promann 插入，缺少元件编号
C2135 由 Dynapert Promann 插入，缺少元件编号
C2110 由 Dynapert Promann 插入，缺少元件编号
L2101 由 Dynapert Promann 插入，缺少元件编号
C2103 由 Dynapert Promann 插入，缺少元件编号
T5 由 Dynapert Promann 插入，缺少元件编号
GC1 由 Dynapert Promann 插入，缺少元件编号
C1107 由 Dynapert Promann 插入，缺少元件编号
C1703 由 Dynapert Promann 插入，缺少元件编号
R2109 由 Dynapert Promann 插入，缺少元件编号
C2129 由 Dynapert Promann 插入，缺少元件编号
R2106 由 Dynapert Promann 插入，缺少元件编号
L2104 由 Dynapert Promann 插入，缺少元件编号
C2133 由 Dynapert Promann 插入，缺少元件编号
KK13 由 Dynapert Promann 插入，缺少元件编号
C7004 由 Dynapert Promann 插入，缺少元件编号
C8250 由 Dynapert Promann 插入，缺少元件编号
R7559 由 Dynapert Promann 插入，缺少元件编号
R7004 由 Dynapert Promann 插入，缺少元件编号
R7003 由 Dynapert Promann 插入，缺少元件编号
C7007 由 Dynapert Promann 插入，缺少元件编号
U7000 由 Dynapert Promann 插入，缺少元件编号
C7002 由 Dynapert Promann 插入，缺少元件编号
C7003 由 Dynapert Promann 插入，缺少元件编号
C27 由 Dynapert Promann 插入，缺少元件编号
C26 由 Dynapert Promann 插入，缺少元件编号
C29 由 Dynapert Promann 插入，缺少元件编号
C28 由 Dynapert Promann 插入，缺少元件编号
C34 由 Dynapert Promann 插入，缺少元件编号
C22 由 Dynapert Promann 插入，缺少元件编号
C90 由 Dynapert Promann 插入，缺少元件编号
R11 由 Dynapert Promann 插入，缺少元件编号
C15 由 Dynapert Promann 插入，缺少元件编号
C14 由 Dynapert Promann 插入，缺少元件编号
C17 由 Dynapert Promann 插入，缺少元件编号
C16 由 Dynapert Promann 插入，缺少元件编号
C416 由 Dynapert Promann 插入，缺少元件编号
C418 由 Dynapert Promann 插入，缺少元件编号
C139 由 Dynapert Promann 插入，缺少元件编号
C132 由 Dynapert Promann 插入，缺少元件编号
R53 由 Dynapert Promann 插入，缺少元件编号
R246 由 Dynapert Promann 插入，缺少元件编号
C130 由 Dynapert Promann 插入，缺少元件编号
R8210 由 Dynapert Promann 插入，缺少元件编号
R327 由 Dynapert Promann 插入，缺少元件编号
R326 由 Dynapert Promann 插入，缺少元件编号
C419 由 Dynapert Promann 插入，缺少元件编号
R8209 由 Dynapert Promann 插入，缺少元件编号
FB1 由 Dynapert Promann 插入，缺少元件编号
R6006 由 Dynapert Promann 插入，缺少元件编号
C6006 由 Dynapert Promann 插入，缺少元件编号
C6007 由 Dynapert Promann 插入，缺少元件编号
R6007 由 Dynapert Promann 插入，缺少元件编号
R6008 由 Dynapert Promann 插入，缺少元件编号
C6008 由 Dynapert Promann 插入，缺少元件编号
C6009 由 Dynapert Promann 插入，缺少元件编号
R6003 由 Dynapert Promann 插入，缺少元件编号
R6004 由 Dynapert Promann 插入，缺少元件编号
C6010 由 Dynapert Promann 插入，缺少元件编号
R23 由 Dynapert Promann 插入，缺少元件编号
R4 由 Dynapert Promann 插入，缺少元件编号
KK16 由 Dynapert Promann 插入，缺少元件编号
C354 由 Dynapert Promann 插入，缺少元件编号
L13 由 Dynapert Promann 插入，缺少元件编号
C364 由 Dynapert Promann 插入，缺少元件编号
R89526 由 Dynapert Promann 插入，缺少元件编号
R89527 由 Dynapert Promann 插入，缺少元件编号
R89522 由 Dynapert Promann 插入，缺少元件编号
R222 由 Dynapert Promann 插入，缺少元件编号
C7515 由 Dynapert Promann 插入，缺少元件编号
C7514 由 Dynapert Promann 插入，缺少元件编号
U23 由 Dynapert Promann 插入，缺少元件编号
KK14 由 Dynapert Promann 插入，缺少元件编号
C6005 由 Dynapert Promann 插入，缺少元件编号
R6005 由 Dynapert Promann 插入，缺少元件编号
R6002 由 Dynapert Promann 插入，缺少元件编号
R1 由 Dynapert Promann 插入，缺少元件编号
R7545 由 Dynapert Promann 插入，缺少元件编号
R6000 由 Dynapert Promann 插入，缺少元件编号
C6004 由 Dynapert Promann 插入，缺少元件编号
R6001 由 Dynapert Promann 插入，缺少元件编号
C133 由 Dynapert Promann 插入，缺少元件编号
U39 由 Dynapert Promann 插入，缺少元件编号
U41 由 Dynapert Promann 插入，缺少元件编号
C21 由 Dynapert Promann 插入，缺少元件编号
C20 由 Dynapert Promann 插入，缺少元件编号
C33 由 Dynapert Promann 插入，缺少元件编号
C25 由 Dynapert Promann 插入，缺少元件编号
C7 由 Dynapert Promann 插入，缺少元件编号
C10 由 Dynapert Promann 插入，缺少元件编号
C23 由 Dynapert Promann 插入，缺少元件编号
C8 由 Dynapert Promann 插入，缺少元件编号
R7561 由 Dynapert Promann 插入，缺少元件编号
R7560 由 Dynapert Promann 插入，缺少元件编号
R16 由 Dynapert Promann 插入，缺少元件编号
R17 由 Dynapert Promann 插入，缺少元件编号
R18 由 Dynapert Promann 插入，缺少元件编号
R19 由 Dynapert Promann 插入，缺少元件编号
R1801 由 Dynapert Promann 插入，缺少元件编号
R1800 由 Dynapert Promann 插入，缺少元件编号
KK9 由 Dynapert Promann 插入，缺少元件编号
U8 由 Dynapert Promann 插入，缺少元件编号
C44 由 Dynapert Promann 插入，缺少元件编号
C24 由 Dynapert Promann 插入，缺少元件编号
C31 由 Dynapert Promann 插入，缺少元件编号
C30 由 Dynapert Promann 插入，缺少元件编号
C45 由 Dynapert Promann 插入，缺少元件编号
C32 由 Dynapert Promann 插入，缺少元件编号
KK15 由 Dynapert Promann 插入，缺少元件编号
C405 由 Dynapert Promann 插入，缺少元件编号
ED7019 由 Dynapert Promann 插入，缺少元件编号
Q7007 由 Dynapert Promann 插入，缺少元件编号
C7523 由 Dynapert Promann 插入，缺少元件编号
ED7006 由 Dynapert Promann 插入，缺少元件编号
C7051 由 Dynapert Promann 插入，缺少元件编号
C7050 由 Dynapert Promann 插入，缺少元件编号
ED7005 由 Dynapert Promann 插入，缺少元件编号
J7507 由 Dynapert Promann 插入，缺少元件编号
C7524 由 Dynapert Promann 插入，缺少元件编号
CON7 由 Dynapert Promann 插入，缺少元件编号
J4600 由 Dynapert Promann 插入，缺少元件编号
ED7008 由 Dynapert Promann 插入，缺少元件编号
C7053 由 Dynapert Promann 插入，缺少元件编号
C7052 由 Dynapert Promann 插入，缺少元件编号
ED7007 由 Dynapert Promann 插入，缺少元件编号
TP5215 由 Dynapert Promann 插入，缺少元件编号
R89530 由 Dynapert Promann 插入，缺少元件编号
R89529 由 Dynapert Promann 插入，缺少元件编号
R7531 由 Dynapert Promann 插入，缺少元件编号
R7530 由 Dynapert Promann 插入，缺少元件编号
TP5214 由 Dynapert Promann 插入，缺少元件编号
C8101 由 Dynapert Promann 插入，缺少元件编号
T7535 由 Dynapert Promann 插入，缺少元件编号
C8100 由 Dynapert Promann 插入，缺少元件编号
U4100 由 Dynapert Promann 插入，缺少元件编号
KK12 由 Dynapert Promann 插入，缺少元件编号
J8202 由 Dynapert Promann 插入，缺少元件编号
J7506 由 Dynapert Promann 插入，缺少元件编号
T7534 由 Dynapert Promann 插入，缺少元件编号
T7533 由 Dynapert Promann 插入，缺少元件编号
C7516 由 Dynapert Promann 插入，缺少元件编号
C8247 由 Dynapert Promann 插入，缺少元件编号
C71 由 Dynapert Promann 插入，缺少元件编号
C88 由 Dynapert Promann 插入，缺少元件编号
C110 由 Dynapert Promann 插入，缺少元件编号
C84 由 Dynapert Promann 插入，缺少元件编号
C93 由 Dynapert Promann 插入，缺少元件编号
KK3 由 Dynapert Promann 插入，缺少元件编号
C96 由 Dynapert Promann 插入，缺少元件编号
C82 由 Dynapert Promann 插入，缺少元件编号
C7517 由 Dynapert Promann 插入，缺少元件编号
R7555 由 Dynapert Promann 插入，缺少元件编号
R8 由 Dynapert Promann 插入，缺少元件编号
R7 由 Dynapert Promann 插入，缺少元件编号
R7528 由 Dynapert Promann 插入，缺少元件编号
R7529 由 Dynapert Promann 插入，缺少元件编号
H35 由 Dynapert Promann 插入，缺少元件编号
R7554 由 Dynapert Promann 插入，缺少元件编号
C7001 由 Dynapert Promann 插入，缺少元件编号
C99 由 Dynapert Promann 插入，缺少元件编号
U3000 由 Dynapert Promann 插入，缺少元件编号
KK8 由 Dynapert Promann 插入，缺少元件编号
C95 由 Dynapert Promann 插入，缺少元件编号
R3000 由 Dynapert Promann 插入，缺少元件编号
R622 由 Dynapert Promann 插入，缺少元件编号
C65 由 Dynapert Promann 插入，缺少元件编号
R70 由 Dynapert Promann 插入，缺少元件编号
R71 由 Dynapert Promann 插入，缺少元件编号
C109 由 Dynapert Promann 插入，缺少元件编号
C299 由 Dynapert Promann 插入，缺少元件编号
C108 由 Dynapert Promann 插入，缺少元件编号
KK2 由 Dynapert Promann 插入，缺少元件编号
U3001 由 Dynapert Promann 插入，缺少元件编号
R3001 由 Dynapert Promann 插入，缺少元件编号
R73 由 Dynapert Promann 插入，缺少元件编号
C298 由 Dynapert Promann 插入，缺少元件编号
C73 由 Dynapert Promann 插入，缺少元件编号
C91 由 Dynapert Promann 插入，缺少元件编号
C102 由 Dynapert Promann 插入，缺少元件编号
KK7 由 Dynapert Promann 插入，缺少元件编号
T6004 由 Dynapert Promann 插入，缺少元件编号
R5110 由 Dynapert Promann 插入，缺少元件编号
C5007 由 Dynapert Promann 插入，缺少元件编号
R5004 由 Dynapert Promann 插入，缺少元件编号
C5004 由 Dynapert Promann 插入，缺少元件编号
C5005 由 Dynapert Promann 插入，缺少元件编号
R4601 由 Dynapert Promann 插入，缺少元件编号
C4606 由 Dynapert Promann 插入，缺少元件编号
R4602 由 Dynapert Promann 插入，缺少元件编号
R4603 由 Dynapert Promann 插入，缺少元件编号
K2 由 Dynapert Promann 插入，缺少元件编号
U11 由 Dynapert Promann 插入，缺少元件编号
C176 由 Dynapert Promann 插入，缺少元件编号
R7500 由 Dynapert Promann 插入，缺少元件编号
R7502 由 Dynapert Promann 插入，缺少元件编号
ED7018 由 Dynapert Promann 插入，缺少元件编号
R7501 由 Dynapert Promann 插入，缺少元件编号
C106 由 Dynapert Promann 插入，缺少元件编号
C61 由 Dynapert Promann 插入，缺少元件编号
ED7017 由 Dynapert Promann 插入，缺少元件编号
R7000 由 Dynapert Promann 插入，缺少元件编号
R7001 由 Dynapert Promann 插入，缺少元件编号
R89539 由 Dynapert Promann 插入，缺少元件编号
R89528 由 Dynapert Promann 插入，缺少元件编号
C5003 由 Dynapert Promann 插入，缺少元件编号
D5004 由 Dynapert Promann 插入，缺少元件编号
D5000 由 Dynapert Promann 插入，缺少元件编号
C5001 由 Dynapert Promann 插入，缺少元件编号
R5000 由 Dynapert Promann 插入，缺少元件编号
R5001 由 Dynapert Promann 插入，缺少元件编号
C5100 由 Dynapert Promann 插入，缺少元件编号
C8206 由 Dynapert Promann 插入，缺少元件编号
R5114 由 Dynapert Promann 插入，缺少元件编号
D5100 由 Dynapert Promann 插入，缺少元件编号
C119 由 Dynapert Promann 插入，缺少元件编号
C5014 由 Dynapert Promann 插入，缺少元件编号
C5013 由 Dynapert Promann 插入，缺少元件编号
D5003 由 Dynapert Promann 插入，缺少元件编号
C5000 由 Dynapert Promann 插入，缺少元件编号
C5006 由 Dynapert Promann 插入，缺少元件编号
C5009 由 Dynapert Promann 插入，缺少元件编号
L5000 由 Dynapert Promann 插入，缺少元件编号
U5001 由 Dynapert Promann 插入，缺少元件编号
R5008 由 Dynapert Promann 插入，缺少元件编号
C5101 由 Dynapert Promann 插入，缺少元件编号
C5011 由 Dynapert Promann 插入，缺少元件编号
R5006 由 Dynapert Promann 插入，缺少元件编号
C5102 由 Dynapert Promann 插入，缺少元件编号
L5100 由 Dynapert Promann 插入，缺少元件编号
R5115 由 Dynapert Promann 插入，缺少元件编号
R5111 由 Dynapert Promann 插入，缺少元件编号
R5113 由 Dynapert Promann 插入，缺少元件编号
R5112 由 Dynapert Promann 插入，缺少元件编号
C5103 由 Dynapert Promann 插入，缺少元件编号
R5116 由 Dynapert Promann 插入，缺少元件编号
T6003 由 Dynapert Promann 插入，缺少元件编号
U5100 由 Dynapert Promann 插入，缺少元件编号
C403 由 Dynapert Promann 插入，缺少元件编号
R20 由 Dynapert Promann 插入，缺少元件编号
R307 由 Dynapert Promann 插入，缺少元件编号
U40 由 Dynapert Promann 插入，缺少元件编号
R14 由 Dynapert Promann 插入，缺少元件编号
R306 由 Dynapert Promann 插入，缺少元件编号
R13 由 Dynapert Promann 插入，缺少元件编号
R310 由 Dynapert Promann 插入，缺少元件编号
C1101 由 Dynapert Promann 插入，缺少元件编号
R309 由 Dynapert Promann 插入，缺少元件编号
R308 由 Dynapert Promann 插入，缺少元件编号
R8211 由 Dynapert Promann 插入，缺少元件编号
R1101 由 Dynapert Promann 插入，缺少元件编号
C1102 由 Dynapert Promann 插入，缺少元件编号
R8203 由 Dynapert Promann 插入，缺少元件编号
R5108 由 Dynapert Promann 插入，缺少元件编号
R5109 由 Dynapert Promann 插入，缺少元件编号
R5107 由 Dynapert Promann 插入，缺少元件编号
R5106 由 Dynapert Promann 插入，缺少元件编号
R5102 由 Dynapert Promann 插入，缺少元件编号
R5103 由 Dynapert Promann 插入，缺少元件编号
R5100 由 Dynapert Promann 插入，缺少元件编号
R5101 由 Dynapert Promann 插入，缺少元件编号
R5105 由 Dynapert Promann 插入，缺少元件编号
R5104 由 Dynapert Promann 插入，缺少元件编号
C8202 由 Dynapert Promann 插入，缺少元件编号
C8201 由 Dynapert Promann 插入，缺少元件编号
C8203 由 Dynapert Promann 插入，缺少元件编号
Y1100 由 Dynapert Promann 插入，缺少元件编号
C97 由 Dynapert Promann 插入，缺少元件编号
C747 由 Dynapert Promann 插入，缺少元件编号
R29 由 Dynapert Promann 插入，缺少元件编号
C63 由 Dynapert Promann 插入，缺少元件编号
KK1 由 Dynapert Promann 插入，缺少元件编号
R7610 由 Dynapert Promann 插入，缺少元件编号
R7609 由 Dynapert Promann 插入，缺少元件编号
C1001 由 Dynapert Promann 插入，缺少元件编号
C1000 由 Dynapert Promann 插入，缺少元件编号
L2102 由 Dynapert Promann 插入，缺少元件编号
C2126 由 Dynapert Promann 插入，缺少元件编号
C2106 由 Dynapert Promann 插入，缺少元件编号
C2100 由 Dynapert Promann 插入，缺少元件编号
C2120 由 Dynapert Promann 插入，缺少元件编号
C228 由 Dynapert Promann 插入，缺少元件编号
R178 由 Dynapert Promann 插入，缺少元件编号
U25 由 Dynapert Promann 插入，缺少元件编号
R177 由 Dynapert Promann 插入，缺少元件编号
C1 由 Dynapert Promann 插入，缺少元件编号
R176 由 Dynapert Promann 插入，缺少元件编号
C163 由 Dynapert Promann 插入，缺少元件编号
C226 由 Dynapert Promann 插入，缺少元件编号
L11 由 Dynapert Promann 插入，缺少元件编号
KK11 由 Dynapert Promann 插入，缺少元件编号
C8241 由 Dynapert Promann 插入，缺少元件编号
CM2 由 Dynapert Promann 插入，缺少元件编号
C230 由 Dynapert Promann 插入，缺少元件编号
C231 由 Dynapert Promann 插入，缺少元件编号
R7602 由 Dynapert Promann 插入，缺少元件编号
R7601 由 Dynapert Promann 插入，缺少元件编号
R2000 由 Dynapert Promann 插入，缺少元件编号
R89540 由 Dynapert Promann 插入，缺少元件编号
R2001 由 Dynapert Promann 插入，缺少元件编号
C2001 由 Dynapert Promann 插入，缺少元件编号
R1102 由 Dynapert Promann 插入，缺少元件编号
ED2000 由 Dynapert Promann 插入，缺少元件编号
C8240 由 Dynapert Promann 插入，缺少元件编号
D2 由 Dynapert Promann 插入，缺少元件编号
U2100 由 Dynapert Promann 插入，缺少元件编号
KK10 由 Dynapert Promann 插入，缺少元件编号
D2100 由 Dynapert Promann 插入，缺少元件编号
R2112 由 Dynapert Promann 插入，缺少元件编号
C227 由 Dynapert Promann 插入，缺少元件编号
HR25 由 Dynapert Promann 插入，缺少元件编号
HR48 由 Dynapert Promann 插入，缺少元件编号
ED2102 由 Dynapert Promann 插入，缺少元件编号
C5104 由 Dynapert Promann 插入，缺少元件编号
C5105 由 Dynapert Promann 插入，缺少元件编号
C8234 由 Dynapert Promann 插入，缺少元件编号
VR1 由 Dynapert Promann 插入，缺少元件编号
R162 由 Dynapert Promann 插入，缺少元件编号
R164 由 Dynapert Promann 插入，缺少元件编号
C201 由 Dynapert Promann 插入，缺少元件编号
C7587 由 Dynapert Promann 插入，缺少元件编号
ED7022 由 Dynapert Promann 插入，缺少元件编号
ED7021 由 Dynapert Promann 插入，缺少元件编号
ED2101 由 Dynapert Promann 插入，缺少元件编号
C8239 由 Dynapert Promann 插入，缺少元件编号
C2 由 Dynapert Promann 插入，缺少元件编号
CON1 由 Dynapert Promann 插入，缺少元件编号
USB2 由 Dynapert Promann 插入，缺少元件编号
J8103 由 Dynapert Promann 插入，缺少元件编号
C8252 由 Dynapert Promann 插入，缺少元件编号
D5001 由 Dynapert Promann 插入，缺少元件编号
C5002 由 Dynapert Promann 插入，缺少元件编号
D5002 由 Dynapert Promann 插入，缺少元件编号
R5005 由 Dynapert Promann 插入，缺少元件编号
R5002 由 Dynapert Promann 插入，缺少元件编号
C5008 由 Dynapert Promann 插入，缺少元件编号
R97 由 Dynapert Promann 插入，缺少元件编号
C177 由 Dynapert Promann 插入，缺少元件编号
U26 由 Dynapert Promann 插入，缺少元件编号
C4605 由 Dynapert Promann 插入，缺少元件编号
CN1 由 Dynapert Promann 插入，缺少元件编号
M2001 由 Dynapert Promann 插入，缺少元件编号
C197 由 Dynapert Promann 插入，缺少元件编号
R156 由 Dynapert Promann 插入，缺少元件编号
R155 由 Dynapert Promann 插入，缺少元件编号
R154 由 Dynapert Promann 插入，缺少元件编号
R157 由 Dynapert Promann 插入，缺少元件编号
R153 由 Dynapert Promann 插入，缺少元件编号
R150 由 Dynapert Promann 插入，缺少元件编号
K1 由 Dynapert Promann 插入，缺少元件编号
R2110 由 Dynapert Promann 插入，缺少元件编号
R2111 由 Dynapert Promann 插入，缺少元件编号
R216 由 Dynapert Promann 插入，缺少元件编号
R217 由 Dynapert Promann 插入，缺少元件编号
C8251 由 Dynapert Promann 插入，缺少元件编号
R179 由 Dynapert Promann 插入，缺少元件编号
R181 由 Dynapert Promann 插入，缺少元件编号
R180 由 Dynapert Promann 插入，缺少元件编号
C229 由 Dynapert Promann 插入，缺少元件编号
C8248 由 Dynapert Promann 插入，缺少元件编号
R24 由 Dynapert Promann 插入，缺少元件编号
C8238 由 Dynapert Promann 插入，缺少元件编号
C162 由 Dynapert Promann 插入，缺少元件编号
J7 由 Dynapert Promann 插入，缺少元件编号
M2000 由 Dynapert Promann 插入，缺少元件编号
C352 由 Dynapert Promann 插入，缺少元件编号
C349 由 Dynapert Promann 插入，缺少元件编号
C353 由 Dynapert Promann 插入，缺少元件编号
J1 由 Dynapert Promann 插入，缺少元件编号
C6013 由 Dynapert Promann 插入，缺少元件编号
C6014 由 Dynapert Promann 插入，缺少元件编号
R175 由 Dynapert Promann 插入，缺少元件编号
C7510 由 Dynapert Promann 插入，缺少元件编号
X4 由 Dynapert Promann 插入，缺少元件编号
C348 由 Dynapert Promann 插入，缺少元件编号
Q6000 由 Dynapert Promann 插入，缺少元件编号
C272 由 Dynapert Promann 插入，缺少元件编号
C300 由 Dynapert Promann 插入，缺少元件编号
R7002 由 Dynapert Promann 插入，缺少元件编号
R7005 由 Dynapert Promann 插入，缺少元件编号
R7006 由 Dynapert Promann 插入，缺少元件编号
R7007 由 Dynapert Promann 插入，缺少元件编号
