`<000>

PCB 文件已加载 -- `DESIGN[F:\work\ZM\Frogs\1代相框\硬件方案\sch&pcb\M3\ELC\底座\R19-V1.1-20180126.pcb][F:\work\ZM\Frogs\1代相框\硬件方案\sch&pcb\M3\ELC\底座\R19-V1.1-20180126.pcb] -- 版本 10.0.0

正在写入 PADS-POWERPCB-V10.0-MILS ASCII 文件。
正在写入 PADS-POWERPCB-V10.0-MILS ASCII 文件。
读取文件 -- `COMMAND[notepad.exe 'C:\PADS Projects\eco2pcb.eco'][C:\PADS Projects\eco2pcb.eco]
ECO 导入/导出报告文件已保存 -- `COMMAND[notepad.exe 'C:\PADS Projects\eco.err'][C:\PADS Projects\eco.err]
正在写入 PADS-POWERPCB-V10.0-MILS ASCII 文件。
正在写入 PADS-POWERPCB-V10.0-MILS ASCII 文件。
读取文件 -- `COMMAND[notepad.exe 'F:\work\ZM\Frogs\1代相框\硬件方案\sch&pcb\M3\ELC\底座\R19-V1.1-20180126.eco'][F:\work\ZM\Frogs\1代相框\硬件方案\sch&pcb\M3\ELC\底座\R19-V1.1-20180126.eco]
ECO 导入/导出报告文件已保存 -- `COMMAND[notepad.exe 'F:\work\ZM\Frogs\1代相框\硬件方案\sch&pcb\M3\ELC\底座\eco.err'][F:\work\ZM\Frogs\1代相框\硬件方案\sch&pcb\M3\ELC\底座\eco.err]
正在写入 PADS-POWERPCB-V10.0-MILS ASCII 文件。
读取文件 -- `COMMAND[notepad.exe 'F:\work\ZM\Frogs\1代相框\硬件方案\sch&pcb\M3\ELC\底座\R19-V1.1-20180126.eco'][F:\work\ZM\Frogs\1代相框\硬件方案\sch&pcb\M3\ELC\底座\R19-V1.1-20180126.eco]
ECO 导入/导出报告文件已保存 -- `COMMAND[notepad.exe 'F:\work\ZM\Frogs\1代相框\硬件方案\sch&pcb\M3\ELC\底座\eco.err'][F:\work\ZM\Frogs\1代相框\硬件方案\sch&pcb\M3\ELC\底座\eco.err]
正在写入 PADS-POWERPCB-V10.0-MILS ASCII 文件。
读取文件 -- `COMMAND[notepad.exe 'F:\work\ZM\Frogs\1代相框\硬件方案\sch&pcb\M3\ELC\底座\R19-V1.1-20180126.eco'][F:\work\ZM\Frogs\1代相框\硬件方案\sch&pcb\M3\ELC\底座\R19-V1.1-20180126.eco]
ECO 导入/导出报告文件已保存 -- `COMMAND[notepad.exe 'F:\work\ZM\Frogs\1代相框\硬件方案\sch&pcb\M3\ELC\底座\eco.err'][F:\work\ZM\Frogs\1代相框\硬件方案\sch&pcb\M3\ELC\底座\eco.err]
正在写入 PADS-POWERPCB-V10.0-MILS ASCII 文件。
读取文件 -- `COMMAND[notepad.exe 'F:\work\ZM\Frogs\1代相框\硬件方案\sch&pcb\M3\ELC\底座\R19-V1.1-20180126.eco'][F:\work\ZM\Frogs\1代相框\硬件方案\sch&pcb\M3\ELC\底座\R19-V1.1-20180126.eco]
ECO 导入/导出报告文件已保存 -- `COMMAND[notepad.exe 'F:\work\ZM\Frogs\1代相框\硬件方案\sch&pcb\M3\ELC\底座\eco.err'][F:\work\ZM\Frogs\1代相框\硬件方案\sch&pcb\M3\ELC\底座\eco.err]
正在写入 PADS-POWERPCB-V10.0-MILS ASCII 文件。
读取文件 -- `COMMAND[notepad.exe 'F:\work\ZM\Frogs\1代相框\硬件方案\sch&pcb\M3\ELC\底座\R19-V1.1-20180126.eco'][F:\work\ZM\Frogs\1代相框\硬件方案\sch&pcb\M3\ELC\底座\R19-V1.1-20180126.eco]
ECO 导入/导出报告文件已保存 -- `COMMAND[notepad.exe 'F:\work\ZM\Frogs\1代相框\硬件方案\sch&pcb\M3\ELC\底座\eco.err'][F:\work\ZM\Frogs\1代相框\硬件方案\sch&pcb\M3\ELC\底座\eco.err]
正在写入 PADS-POWERPCB-V10.0-MILS ASCII 文件。
读取文件 -- `COMMAND[notepad.exe 'F:\work\ZM\Frogs\1代相框\硬件方案\sch&pcb\M3\ELC\底座\R19-V1.1-20180126.eco'][F:\work\ZM\Frogs\1代相框\硬件方案\sch&pcb\M3\ELC\底座\R19-V1.1-20180126.eco]
ECO 导入/导出报告文件已保存 -- `COMMAND[notepad.exe 'F:\work\ZM\Frogs\1代相框\硬件方案\sch&pcb\M3\ELC\底座\eco.err'][F:\work\ZM\Frogs\1代相框\硬件方案\sch&pcb\M3\ELC\底座\eco.err]
正在写入 PADS-POWERPCB-V10.0-MILS ASCII 文件。
读取文件 -- `COMMAND[notepad.exe 'F:\work\ZM\Frogs\1代相框\硬件方案\sch&pcb\M3\ELC\底座\R19-V1.1-20180126.eco'][F:\work\ZM\Frogs\1代相框\硬件方案\sch&pcb\M3\ELC\底座\R19-V1.1-20180126.eco]
ECO 导入/导出报告文件已保存 -- `COMMAND[notepad.exe 'F:\work\ZM\Frogs\1代相框\硬件方案\sch&pcb\M3\ELC\底座\eco.err'][F:\work\ZM\Frogs\1代相框\硬件方案\sch&pcb\M3\ELC\底座\eco.err]
正在写入 PADS-POWERPCB-V10.0-MILS ASCII 文件。
读取文件 -- `COMMAND[notepad.exe 'F:\work\ZM\Frogs\1代相框\硬件方案\sch&pcb\M3\ELC\底座\R19-V1.1-20180126.eco'][F:\work\ZM\Frogs\1代相框\硬件方案\sch&pcb\M3\ELC\底座\R19-V1.1-20180126.eco]
ECO 导入/导出报告文件已保存 -- `COMMAND[notepad.exe 'F:\work\ZM\Frogs\1代相框\硬件方案\sch&pcb\M3\ELC\底座\eco.err'][F:\work\ZM\Frogs\1代相框\硬件方案\sch&pcb\M3\ELC\底座\eco.err]
读取文件 -- `COMMAND[notepad.exe 'F:\work\ZM\Frogs\1代相框\硬件方案\sch&pcb\M3\ELC\底座\R19-V1.1-20180126.eco'][F:\work\ZM\Frogs\1代相框\硬件方案\sch&pcb\M3\ELC\底座\R19-V1.1-20180126.eco]
ECO 导入/导出报告文件已保存 -- `COMMAND[notepad.exe 'F:\work\ZM\Frogs\1代相框\硬件方案\sch&pcb\M3\ELC\底座\eco.err'][F:\work\ZM\Frogs\1代相框\硬件方案\sch&pcb\M3\ELC\底座\eco.err]
正在写入 PADS-POWERPCB-V10.0-MILS ASCII 文件。
读取文件 -- `COMMAND[notepad.exe 'F:\work\ZM\Frogs\1代相框\硬件方案\sch&pcb\M3\ELC\底座\R19-V1.1-20180126.eco'][F:\work\ZM\Frogs\1代相框\硬件方案\sch&pcb\M3\ELC\底座\R19-V1.1-20180126.eco]
ECO 导入/导出报告文件已保存 -- `COMMAND[notepad.exe 'F:\work\ZM\Frogs\1代相框\硬件方案\sch&pcb\M3\ELC\底座\eco.err'][F:\work\ZM\Frogs\1代相框\硬件方案\sch&pcb\M3\ELC\底座\eco.err]
正在写入 PADS-POWERPCB-V10.0-MILS ASCII 文件。
读取文件 -- `COMMAND[notepad.exe 'F:\work\ZM\Frogs\1代相框\硬件方案\sch&pcb\M3\ELC\底座\R19-V1.1-20180126.eco'][F:\work\ZM\Frogs\1代相框\硬件方案\sch&pcb\M3\ELC\底座\R19-V1.1-20180126.eco]
ECO 导入/导出报告文件已保存 -- `COMMAND[notepad.exe 'F:\work\ZM\Frogs\1代相框\硬件方案\sch&pcb\M3\ELC\底座\eco.err'][F:\work\ZM\Frogs\1代相框\硬件方案\sch&pcb\M3\ELC\底座\eco.err]
正在写入 PADS-POWERPCB-V10.0-MILS ASCII 文件。
正在写入 PADS-POWERPCB-V10.0-MILS ASCII 文件。
正在写入 PADS-POWERPCB-V10.0-MILS ASCII 文件。
正在写入 PADS-POWERPCB-V10.0-MILS ASCII 文件。
正在写入 PADS-POWERPCB-V10.0-MILS ASCII 文件。
正在写入 PADS-POWERPCB-V10.0-MILS ASCII 文件。
正在写入 PADS-POWERPCB-V10.0-MILS ASCII 文件。
正在写入 PADS-POWERPCB-V10.0-MILS ASCII 文件。
正在写入 PADS-POWERPCB-V10.0-MILS ASCII 文件。