PCB 网表错误报告 - M3_20180109.sch - Mon Mar 12 09:42:58 2018
--------------------------------------------------------------
设计与库元件的一致性检查
------------------------
库一致性检查未找到错误。

单个/零个管脚网络警告
---------------------
没有单个或零个管脚网络。

原理图连接性错误
----------------

悬浮连线或子网

AUDRESET
MICROPHOTO   X7270  Y13700

BL_EN
LCM-LVDS_PANEL_(OPTION) X12960 Y13080

BT_HOST_WAKE
WIFI/AP6212  X16910 Y12080

BT_RST
WIFI/AP6212  X16910 Y12580

BT_WAKE
WIFI/AP6212  X16910 Y11980

CIF_CLKIN
CAMERA/G_SENSOR/KEY X10900 Y12320

CIF_CLKOUT
CAMERA/G_SENSOR/KEY X10900 Y12420

CIF_D0
CAMERA/G_SENSOR/KEY X10900 Y12520

CIF_D1
CAMERA/G_SENSOR/KEY X10900 Y12620

CIF_D2
CAMERA/G_SENSOR/KEY X10900 Y12720

CIF_D3
CAMERA/G_SENSOR/KEY X10900 Y12820

CIF_D4
CAMERA/G_SENSOR/KEY X10900 Y12920

CIF_D5
CAMERA/G_SENSOR/KEY X10900 Y13020

CIF_D6
CAMERA/G_SENSOR/KEY X10900 Y13120

CIF_D7
CAMERA/G_SENSOR/KEY X10900 Y13220

CIF_HREF
CAMERA/G_SENSOR/KEY X10900 Y13320

CIF_PDN0
CAMERA/G_SENSOR/KEY X10900 Y13620

CIF_PDN1
CAMERA/G_SENSOR/KEY X10900 Y13520

CIF_VSYNC
CAMERA/G_SENSOR/KEY X10900 Y13420

DC_DET
POWER-RK818  X18910 Y7250 

DDR_A15
RAM-DDR3     X8650  Y7500 

FALSH_DQS/EMMC_CLKO
MEMORY-EMMC_FLASH(OPTION) X16320 Y11200

FLASH_CS2/EMMC_CMD
MEMORY-EMMC_FLASH(OPTION) X16320 Y11300

FLASH_D0
MEMORY-EMMC_FLASH(OPTION) X16320 Y12200

FLASH_D1
MEMORY-EMMC_FLASH(OPTION) X16320 Y12100

FLASH_D2
MEMORY-EMMC_FLASH(OPTION) X16320 Y12000

FLASH_D3
MEMORY-EMMC_FLASH(OPTION) X16320 Y11900

FLASH_D4
MEMORY-EMMC_FLASH(OPTION) X16320 Y11800

FLASH_D5
MEMORY-EMMC_FLASH(OPTION) X16320 Y11700

FLASH_D6
MEMORY-EMMC_FLASH(OPTION) X16320 Y11600

FLASH_D7
MEMORY-EMMC_FLASH(OPTION) X16320 Y11500

FLASH_WP/EMMC_PWR
MEMORY-EMMC_FLASH(OPTION) X16320 Y11400

GND
POWER-RK818  X16210 Y6650 
POWER-RK818  X16370 Y7910 
POWER-RK818  X16970 Y8010 
CAMERA/G_SENSOR/KEY X12500 Y11150
CAMERA/G_SENSOR/KEY X12500 Y11250

GSENSOR_INT
CAMERA/G_SENSOR/KEY X15950 Y12550

I2C0_SCL
MICROPHOTO   X7270  Y13900
MICROPHOTO   X19860 Y4980 
CAMERA/G_SENSOR/KEY X9260  Y13890
AUDIO        X7880  Y15520

I2C0_SDA
MICROPHOTO   X7270  Y14000
MICROPHOTO   X19860 Y5080 
CAMERA/G_SENSOR/KEY X9260  Y13990
AUDIO        X7880  Y15620

I2C2_SCL
MICROPHOTO   X16060 Y8070 
POWER-RK818  X14210 Y9750 
CAMERA/G_SENSOR/KEY X10900 Y13820

I2C2_SDA
MICROPHOTO   X16060 Y8170 
POWER-RK818  X14210 Y9940 
CAMERA/G_SENSOR/KEY X10900 Y13720

I2S0_BCLK
MICROPHOTO   X7300  Y14510
AUDIO        X7870  Y15410

I2S0_LRCK_RX
MICROPHOTO   X7300  Y14210
AUDIO        X7870  Y15130

I2S0_LRCK_TX
MICROPHOTO   X7300  Y14310

I2S0_MCLK
AUDIO        X7870  Y14990

I2S0_SDI
MICROPHOTO   X7270  Y13510

I2S0_SDO0
MICROPHOTO   X7300  Y14410
AUDIO        X7870  Y15270

LCDC_BL
LCM-LVDS_PANEL_(OPTION) X12960 Y12980

OTG_DM
USB_PORT     X7440  Y11890

OTG_DP
USB_PORT     X7440  Y11790

OTG_ID
USB_PORT     X16640 Y11310

POGO_DET
USB_PORT     X15660 Y11000
POWER-RK818  X6090  Y3080 

PWR_KEY
POWER-RK818  X14010 Y9350 

SDMMC1_CLK
WIFI/AP6212  X16910 Y13080

SDMMC1_CMD
WIFI/AP6212  X16910 Y13180

SDMMC1_D0
WIFI/AP6212  X16910 Y13580

SDMMC1_D1
WIFI/AP6212  X16910 Y13480

SDMMC1_D2
WIFI/AP6212  X16910 Y13380

SDMMC1_D3
WIFI/AP6212  X16910 Y13280

TP_RST
TP           X8040  Y9050 

UART0_CTS
WIFI/AP6212  X16910 Y12180

UART0_RTS
WIFI/AP6212  X16910 Y12480

UART0_RXD
WIFI/AP6212  X16910 Y12280

UART0_TXD
WIFI/AP6212  X16910 Y12380

VBUS0
POWER-RK818  X15710 Y7550 
POWER-RK818  X16370 Y8510 
POWER-RK818  X16970 Y8610 

VCC18_CIF
CAMERA/G_SENSOR/KEY X12560 Y11430

VCC28_CIF
CAMERA/G_SENSOR/KEY X12560 Y11530

WIFI_HOST_WAKE
WIFI/AP6212  X16910 Y12780

WIFI_REG_ON
WIFI/AP6212  X16910 Y12880

ZIGEN
ZIGBEE       X7750  Y8630 

无网络名的悬空连线

AUDRESET
MICROPHOTO   X7270  Y13700

BL_EN
LCM-LVDS_PANEL_(OPTION) X12960 Y13080

BT_HOST_WAKE
WIFI/AP6212  X16910 Y12080

BT_RST
WIFI/AP6212  X16910 Y12580

BT_WAKE
WIFI/AP6212  X16910 Y11980

CIF_CLKIN
CAMERA/G_SENSOR/KEY X10900 Y12320

CIF_CLKOUT
CAMERA/G_SENSOR/KEY X10900 Y12420

CIF_D0
CAMERA/G_SENSOR/KEY X5780  Y11120
CAMERA/G_SENSOR/KEY X10900 Y12520

CIF_D1
CAMERA/G_SENSOR/KEY X5780  Y10920
CAMERA/G_SENSOR/KEY X10900 Y12620

CIF_D2
CAMERA/G_SENSOR/KEY X5780  Y10820
CAMERA/G_SENSOR/KEY X10900 Y12720

CIF_D3
CAMERA/G_SENSOR/KEY X5780  Y11020
CAMERA/G_SENSOR/KEY X10900 Y12820

CIF_D4
CAMERA/G_SENSOR/KEY X10900 Y12920

CIF_D5
CAMERA/G_SENSOR/KEY X10900 Y13020

CIF_D6
CAMERA/G_SENSOR/KEY X10900 Y13120

CIF_D7
CAMERA/G_SENSOR/KEY X5780  Y11820
CAMERA/G_SENSOR/KEY X10900 Y13220

CIF_HREF
CAMERA/G_SENSOR/KEY X5780  Y12120
CAMERA/G_SENSOR/KEY X10900 Y13320

CIF_PDN0
CAMERA/G_SENSOR/KEY X5780  Y12220
CAMERA/G_SENSOR/KEY X10900 Y13620

CIF_PDN1
CAMERA/G_SENSOR/KEY X5780  Y12920
CAMERA/G_SENSOR/KEY X10900 Y13520

CIF_RST
CAMERA/G_SENSOR/KEY X5780  Y12420

CIF_VSYNC
CAMERA/G_SENSOR/KEY X5780  Y12320
CAMERA/G_SENSOR/KEY X10900 Y13420

CODEC1_1V2
MICROPHOTO   X9750  Y12440

CYVCC
RK3128_MISC&USB X11940 Y7890 

DC_DET
POWER-RK818  X18910 Y7250 

DDR_A15
RAM-DDR3     X8720  Y7700 
RAM-DDR3     X14370 Y8000 

DDR_CASN
RK3128_DDR_CONTROLER X9660  Y8750 

DDR_CKE0
RAM-DDR3     X8710  Y8000 

DDR_CS1N
RK3128_DDR_CONTROLER X9660  Y9850 
RAM-DDR3     X8710  Y7900 

DDR_ODT1
RAM-DDR3     X14370 Y8400 
RAM-DDR3     X8720  Y8100 

DDR_RASN
RK3128_DDR_CONTROLER X9660  Y8850 

DDR_WEN
RK3128_DDR_CONTROLER X9660  Y8650 

FALSH_DQS/EMMC_CLKO
MEMORY-EMMC_FLASH(OPTION) X16320 Y11200

FLASH_CS2/EMMC_CMD
MEMORY-EMMC_FLASH(OPTION) X16320 Y11300

FLASH_D0
MEMORY-EMMC_FLASH(OPTION) X16320 Y12200

FLASH_D1
MEMORY-EMMC_FLASH(OPTION) X16320 Y12100

FLASH_D2
MEMORY-EMMC_FLASH(OPTION) X16320 Y12000

FLASH_D3
MEMORY-EMMC_FLASH(OPTION) X16320 Y11900

FLASH_D4
MEMORY-EMMC_FLASH(OPTION) X16320 Y11800

FLASH_D5
MEMORY-EMMC_FLASH(OPTION) X16320 Y11700

FLASH_D6
MEMORY-EMMC_FLASH(OPTION) X16320 Y11600

FLASH_D7
MEMORY-EMMC_FLASH(OPTION) X16320 Y11500

FLASH_WP/EMMC_PWR
MEMORY-EMMC_FLASH(OPTION) X16320 Y11400

GND
POWER-RK818  X11020 Y8150 
POWER-RK818  X16210 Y6650 
POWER-RK818  X16370 Y7910 
POWER-RK818  X16970 Y8010 
RAM-DDR3     X7750  Y7800 
RAM-DDR3     X13400 Y8100 
CAMERA/G_SENSOR/KEY X10900 Y11150
CAMERA/G_SENSOR/KEY X10900 Y11250

GSENSOR_INT
CAMERA/G_SENSOR/KEY X15950 Y12550

HOST_DRV
RK3128_GPIO  X10560 Y8870 

I2C0_SCL
MICROPHOTO   X7270  Y13900
MICROPHOTO   X19860 Y4980 
CAMERA/G_SENSOR/KEY X9260  Y13890
AUDIO        X7880  Y15520

I2C0_SDA
MICROPHOTO   X7270  Y14000
MICROPHOTO   X19860 Y5080 
CAMERA/G_SENSOR/KEY X9260  Y13990
AUDIO        X7880  Y15620

I2C2_SCL
MICROPHOTO   X16060 Y8070 
CAMERA/G_SENSOR/KEY X10900 Y13820

I2C2_SDA
MICROPHOTO   X16060 Y8170 
CAMERA/G_SENSOR/KEY X10900 Y13720

I2S0_BCLK
MICROPHOTO   X7300  Y14510
AUDIO        X7870  Y15410

I2S0_LRCK_RX
MICROPHOTO   X7300  Y14210
AUDIO        X7870  Y15130

I2S0_LRCK_TX
MICROPHOTO   X7300  Y14310

I2S0_MCLK
AUDIO        X7870  Y14990

I2S0_SDI
MICROPHOTO   X7270  Y13510

I2S0_SDO0
MICROPHOTO   X7300  Y14410
AUDIO        X7870  Y15270

LCDC_BL
LCM-LVDS_PANEL_(OPTION) X12960 Y12980

N55663475
RAM-DDR3     X8730  Y7800 

N55663954
RAM-DDR3     X13820 Y8100 
RAM-DDR3     X14430 Y8100 

OTG_DM
USB_PORT     X7440  Y11890

OTG_DP
USB_PORT     X7440  Y11790

OTG_ID
USB_PORT     X15630 Y10140
USB_PORT     X16640 Y11310

PWR_KEY
POWER-RK818  X14010 Y9350 

SDMMC1_CLK
WIFI/AP6212  X16910 Y13080

SDMMC1_CMD
WIFI/AP6212  X16910 Y13180

SDMMC1_D0
WIFI/AP6212  X16910 Y13580

SDMMC1_D1
WIFI/AP6212  X16910 Y13480

SDMMC1_D2
WIFI/AP6212  X16910 Y13380

SDMMC1_D3
WIFI/AP6212  X16910 Y13280

TP_RST
TP           X8040  Y9050 

UART0_CTS
WIFI/AP6212  X16910 Y12180

UART0_RTS
WIFI/AP6212  X16910 Y12480

UART0_RXD
WIFI/AP6212  X16910 Y12280

UART0_TXD
WIFI/AP6212  X16910 Y12380

UART1_RX
MICROPHOTO   X19360 Y13750

UART1_TX
MICROPHOTO   X19360 Y12550

VBUS0
POWER-RK818  X16210 Y6950 
POWER-RK818  X15710 Y7550 
POWER-RK818  X16370 Y8210 
POWER-RK818  X16970 Y8310 

VCC18_CIF
CAMERA/G_SENSOR/KEY X10960 Y11430

VCC28_CIF
CAMERA/G_SENSOR/KEY X10960 Y11530

VCC_TP
TP           X13540 Y8840 

WIFI_HOST_WAKE
WIFI/AP6212  X16910 Y12780

WIFI_REG_ON
WIFI/AP6212  X16910 Y12880

XTAL-IN
WIFI/AP6212  X7360  Y7580 

ZIGEN
ZIGBEE       X7750  Y8630 

带网络名的悬空连线

ADKEY_IN
CAMERA/G_SENSOR/KEY X11750 Y7750 

AMP-LOUT+
AUDIO        X2550  Y9520 
AUDIO        X18540 Y6520 
AUDIO        X19570 Y6670 
AUDIO        X7808  Y3060 

AMP-LOUT-
AUDIO        X1650  Y9520 
AUDIO        X18450 Y6820 
AUDIO        X19560 Y6570 
AUDIO        X7816  Y5832 

AMP-ROUT+
AUDIO        X4870  Y9420 
AUDIO        X18110 Y8540 
AUDIO        X19460 Y7590 
AUDIO        X6910  Y8120 

AMP-ROUT-
AUDIO        X3970  Y9420 
AUDIO        X18110 Y8840 
AUDIO        X19450 Y7490 
AUDIO        X6990  Y9830 

AUDRESET
MICROPHOTO   X7530  Y7530 
MICROPHOTO   X5600  Y10930

AVDD
LCM-LVDS_PANEL_(OPTION) X12830 Y6390 
LCM-LVDS_PANEL_(OPTION) X19100 Y4840 

BL_EN
LCM-LVDS_PANEL_(OPTION) X13620 Y9720 

BOOT0
POWER-RK818  X13710 Y10850
POWER-RK818  X6710  Y7650 

BOOT1
POWER-RK818  X13710 Y10750
POWER-RK818  X6710  Y7750 

BT_HOST_WAKE
WIFI/AP6212  X11610 Y9570 
WIFI/AP6212  X14810 Y10180

BT_RST
WIFI/AP6212  X18010 Y6880 

BT_WAKE
WIFI/AP6212  X14910 Y10180

CIF_CLKI
RK3128_DISPLAY&VIP_INTERFACE X15000 Y8330 
RK3128_DISPLAY&VIP_INTERFACE X17500 Y10230

CIF_CLKIN
CAMERA/G_SENSOR/KEY X5780  Y11320

CIF_CLKO
RK3128_DISPLAY&VIP_INTERFACE X15000 Y8130 
RK3128_DISPLAY&VIP_INTERFACE X17500 Y10130

CIF_CLKOUT
CAMERA/G_SENSOR/KEY X5780  Y11720

CIF_D4
CAMERA/G_SENSOR/KEY X5780  Y11220

CIF_D5
CAMERA/G_SENSOR/KEY X5780  Y11420

CIF_D6
CAMERA/G_SENSOR/KEY X5780  Y11620

CIF_PDN0
CAMERA/G_SENSOR/KEY X8570  Y12340

CIF_RST
CAMERA/G_SENSOR/KEY X10400 Y12340

CODEC1_1V2
MICROPHOTO   X7050  Y9740 

CODEC1_ALDO3V3
MICROPHOTO   X12250 Y7540 
MICROPHOTO   X12250 Y11740

CODEC_EN
MICROPHOTO   X3890  Y10960
MICROPHOTO   X9450  Y12440

CYVCC
RK3128_MISC&USB X7610  Y7190 
RK3128_MISC&USB X9140  Y8490 
RK3128_MISC&USB X10640 Y8090 

DC12V
POWER-RK818  X4410  Y5810 
POWER-RK818  X4410  Y5640 

DC_DET
POWER-RK818  X20210 Y6650 

DDR_A15
RAM-DDR3     X8100  Y7700 
RAM-DDR3     X8650  Y7500 
RAM-DDR3     X13750 Y8000 

DDR_CKE0
RAM-DDR3     X8110  Y8000 
RAM-DDR3     X13760 Y8300 

DDR_CLK
RAM-DDR3     X15490 Y7140 

DDR_CLKN
RAM-DDR3     X17440 Y7140 

DDR_CS1N
RAM-DDR3     X13760 Y8200 

DDR_ODT1
RAM-DDR3     X13770 Y8400 

DDR_RST
RAM-DDR3     X13760 Y8700 

DIR1_N
MICROPHOTO   X12250 Y7840 
MICROPHOTO   X14510 Y15360

DIR1_P
MICROPHOTO   X12250 Y7740 
MICROPHOTO   X14510 Y14360

DIR2_N
MICROPHOTO   X12250 Y9240 
MICROPHOTO   X14510 Y13960

DIR2_P
MICROPHOTO   X12250 Y9140 
MICROPHOTO   X14510 Y12960

DIR3_N
MICROPHOTO   X12250 Y10240
MICROPHOTO   X14520 Y12260

DIR3_P
MICROPHOTO   X12250 Y10140
MICROPHOTO   X14520 Y11260

DIR4_N
MICROPHOTO   X12250 Y11640
MICROPHOTO   X14520 Y10860

DIR4_P
MICROPHOTO   X12250 Y11540
MICROPHOTO   X14520 Y9860 

EMMC_CLKO
MEMORY-EMMC_FLASH(OPTION) X10420 Y6300 
MEMORY-EMMC_FLASH(OPTION) X10620 Y10400
MEMORY-EMMC_FLASH(OPTION) X10820 Y8200 

FALSH_DQS/EMMC_CLKO
MEMORY-EMMC_FLASH(OPTION) X13520 Y8200 

FLASH_CS2/EMMC_CMD
MEMORY-EMMC_FLASH(OPTION) X7920  Y8600 
MEMORY-EMMC_FLASH(OPTION) X10620 Y10600

FLASH_D0
MEMORY-EMMC_FLASH(OPTION) X7920  Y9400 
MEMORY-EMMC_FLASH(OPTION) X10620 Y11500

FLASH_D1
MEMORY-EMMC_FLASH(OPTION) X7920  Y9300 
MEMORY-EMMC_FLASH(OPTION) X10620 Y11400

FLASH_D2
MEMORY-EMMC_FLASH(OPTION) X7920  Y9200 
MEMORY-EMMC_FLASH(OPTION) X10620 Y11300

FLASH_D3
MEMORY-EMMC_FLASH(OPTION) X7920  Y9100 
MEMORY-EMMC_FLASH(OPTION) X10620 Y11200

FLASH_D4
MEMORY-EMMC_FLASH(OPTION) X7920  Y9000 
MEMORY-EMMC_FLASH(OPTION) X10620 Y11100

FLASH_D5
MEMORY-EMMC_FLASH(OPTION) X7920  Y8900 
MEMORY-EMMC_FLASH(OPTION) X10620 Y11000

FLASH_D6
MEMORY-EMMC_FLASH(OPTION) X7920  Y8800 
MEMORY-EMMC_FLASH(OPTION) X10620 Y10900

FLASH_D7
MEMORY-EMMC_FLASH(OPTION) X7920  Y8700 
MEMORY-EMMC_FLASH(OPTION) X10620 Y10800

FLASH_WP/EMMC_PWR
MEMORY-EMMC_FLASH(OPTION) X10620 Y10200

GND
POWER-RK818  X4410  Y5450 
POWER-RK818  X4410  Y5280 
CAMERA/G_SENSOR/KEY X12500 Y11150
CAMERA/G_SENSOR/KEY X12500 Y11250
LCM-LVDS_PANEL_(OPTION) X16590 Y7250 
LCM-LVDS_PANEL_(OPTION) X16590 Y7850 
LCM-LVDS_PANEL_(OPTION) X16590 Y8360 
AUDIO        X16940 Y6720 
AUDIO        X16830 Y8740 

GSENSOR_INT
CAMERA/G_SENSOR/KEY X13810 Y7900 

HPOL
AUDIO        X13050 Y13130
AUDIO        X13720 Y6320 

HPOR
AUDIO        X13050 Y13030
AUDIO        X13360 Y8340 

I2C0_SCL
MICROPHOTO   X7050  Y9440 
RK3128_GPIO  X13270 Y7090 
CAMERA/G_SENSOR/KEY X5970  Y12520
AUDIO        X9950  Y15130

I2C0_SDA
MICROPHOTO   X7050  Y9340 
RK3128_GPIO  X13270 Y7190 
CAMERA/G_SENSOR/KEY X5840  Y12720
AUDIO        X9950  Y15330

I2C2_SCL
MICROPHOTO   X16520 Y7430 
MICROPHOTO   X11830 Y4190 
POWER-RK818  X7010  Y5850 
POWER-RK818  X14210 Y9750 
CAMERA/G_SENSOR/KEY X9670  Y13170
CAMERA/G_SENSOR/KEY X18670 Y5610 
CAMERA/G_SENSOR/KEY X17840 Y8300 
TP           X14350 Y9130 

I2C2_SDA
MICROPHOTO   X16520 Y7630 
MICROPHOTO   X10630 Y4190 
POWER-RK818  X14210 Y9940 
POWER-RK818  X7010  Y5950 
CAMERA/G_SENSOR/KEY X9670  Y13290
CAMERA/G_SENSOR/KEY X18670 Y5710 
CAMERA/G_SENSOR/KEY X14230 Y8200 
TP           X14350 Y9230 

I2S0_BCLK
MICROPHOTO   X7530  Y7820 
AUDIO        X8050  Y13830

I2S0_LRCK_RX
MICROPHOTO   X5680  Y7430 
AUDIO        X8050  Y13630

I2S0_LRCK_TX
MICROPHOTO   X5680  Y7640 

I2S0_MCLK
MICROPHOTO   X7050  Y9540 
AUDIO        X8050  Y14230

I2S0_SDI
MICROPHOTO   X5680  Y7820 

I2S0_SDO0
MICROPHOTO   X5680  Y8020 
AUDIO        X8050  Y13730

IN1
RK3128_MISC&USB X8640  Y8090 

L4LR
LCM-LVDS_PANEL_(OPTION) X14490 Y7350 
LCM-LVDS_PANEL_(OPTION) X17690 Y7860 
LCM-LVDS_PANEL_(OPTION) X19100 Y5140 

L4MODE
LCM-LVDS_PANEL_(OPTION) X14590 Y8460 
LCM-LVDS_PANEL_(OPTION) X17700 Y8360 
LCM-LVDS_PANEL_(OPTION) X19120 Y4940 

L4UD
LCM-LVDS_PANEL_(OPTION) X14490 Y7950 
LCM-LVDS_PANEL_(OPTION) X17680 Y7760 
LCM-LVDS_PANEL_(OPTION) X19120 Y5240 

L4VCOM
LCM-LVDS_PANEL_(OPTION) X17370 Y11060
LCM-LVDS_PANEL_(OPTION) X19120 Y5830 

LCD-RST
LCM-LVDS_PANEL_(OPTION) X18200 Y12180
LCM-LVDS_PANEL_(OPTION) X17290 Y10660

LCDC_BL
LCM-LVDS_PANEL_(OPTION) X4440  Y10470
LCM-LVDS_PANEL_(OPTION) X13640 Y9820 

LVDS_CLKN
LCM-LVDS_PANEL_(OPTION) X11460 Y11880
LCM-LVDS_PANEL_(OPTION) X13650 Y10660
LCM-LVDS_PANEL_(OPTION) X17290 Y9460 

LVDS_CLKP
LCM-LVDS_PANEL_(OPTION) X11460 Y11980
LCM-LVDS_PANEL_(OPTION) X13630 Y10560
LCM-LVDS_PANEL_(OPTION) X17290 Y9360 

LVDS_D0N
LCM-LVDS_PANEL_(OPTION) X11460 Y12680
LCM-LVDS_PANEL_(OPTION) X13730 Y11560
LCM-LVDS_PANEL_(OPTION) X17290 Y10360

LVDS_D0P
LCM-LVDS_PANEL_(OPTION) X13620 Y11470
LCM-LVDS_PANEL_(OPTION) X11460 Y12780
LCM-LVDS_PANEL_(OPTION) X17290 Y10260

LVDS_D1N
LCM-LVDS_PANEL_(OPTION) X11460 Y12480
LCM-LVDS_PANEL_(OPTION) X13650 Y11260
LCM-LVDS_PANEL_(OPTION) X17290 Y10060

LVDS_D1P
LCM-LVDS_PANEL_(OPTION) X11460 Y12580
LCM-LVDS_PANEL_(OPTION) X13660 Y11160
LCM-LVDS_PANEL_(OPTION) X17290 Y9960 

LVDS_D2N
LCM-LVDS_PANEL_(OPTION) X11460 Y12280
LCM-LVDS_PANEL_(OPTION) X13620 Y10960
LCM-LVDS_PANEL_(OPTION) X17290 Y9760 

LVDS_D2P
LCM-LVDS_PANEL_(OPTION) X11460 Y12380
LCM-LVDS_PANEL_(OPTION) X13620 Y10860
LCM-LVDS_PANEL_(OPTION) X17290 Y9660 

LVDS_D3N
LCM-LVDS_PANEL_(OPTION) X11460 Y12080
LCM-LVDS_PANEL_(OPTION) X13650 Y10360
LCM-LVDS_PANEL_(OPTION) X17290 Y9160 

LVDS_D3P
LCM-LVDS_PANEL_(OPTION) X11460 Y12180
LCM-LVDS_PANEL_(OPTION) X13630 Y10260
LCM-LVDS_PANEL_(OPTION) X17290 Y9060 

MIC1_BIAS
MICROPHOTO   X12250 Y7640 

MIC2_BIAS
MICROPHOTO   X12250 Y7940 

OTG_DET
USB_PORT     X14100 Y10790

OTG_DM
USB_PORT     X15100 Y6850 

OTG_DP
USB_PORT     X15180 Y6750 

OTG_ID
RK3128_MISC&USB X16440 Y7870 
USB_PORT     X15150 Y10290
USB_PORT     X15650 Y10700

OUT1
RK3128_MISC&USB X8640  Y7990 

POGO_DET
USB_PORT     X15660 Y11000
USB_PORT     X17070 Y10700
POWER-RK818  X6090  Y3080 

PWRON
POWER-RK818  X6710  Y8050 

SDIO_CLK
WIFI/AP6212  X7610  Y4680 
WIFI/AP6212  X8210  Y4280 
WIFI/AP6212  X12010 Y7480 

SDIO_CMD
WIFI/AP6212  X7610  Y4780 
WIFI/AP6212  X8210  Y4480 
WIFI/AP6212  X12010 Y7580 

SDIO_D0
WIFI/AP6212  X7610  Y4580 
WIFI/AP6212  X8210  Y5280 
WIFI/AP6212  X12010 Y7380 

SDIO_D1
WIFI/AP6212  X7610  Y4480 
WIFI/AP6212  X8210  Y5080 
WIFI/AP6212  X12010 Y7280 

SDIO_D2
WIFI/AP6212  X7610  Y4980 
WIFI/AP6212  X8210  Y4880 
WIFI/AP6212  X12010 Y7780 

SDIO_D3
WIFI/AP6212  X7610  Y4880 
WIFI/AP6212  X8210  Y4680 
WIFI/AP6212  X12010 Y7680 

SDMMC1_CLK
WIFI/AP6212  X11510 Y4280 

SDMMC1_CMD
WIFI/AP6212  X11510 Y10280
WIFI/AP6212  X11510 Y4480 

SDMMC1_D0
WIFI/AP6212  X11510 Y5280 
WIFI/AP6212  X11510 Y10680

SDMMC1_D1
WIFI/AP6212  X11510 Y5080 
WIFI/AP6212  X11510 Y10780

SDMMC1_D2
WIFI/AP6212  X11510 Y4880 
WIFI/AP6212  X11510 Y10480

SDMMC1_D3
WIFI/AP6212  X11510 Y4680 
WIFI/AP6212  X11510 Y10580

SER3V3
MICROPHOTO   X13030 Y4190 

STBYB
LCM-LVDS_PANEL_(OPTION) X19530 Y11840
LCM-LVDS_PANEL_(OPTION) X17290 Y10560

TP_INT
TP           X14340 Y8930 
TP           X14560 Y9470 

TP_RST
TP           X14350 Y9030 
TP           X14550 Y9700 

UART0_CTS
WIFI/AP6212  X18010 Y7580 

UART0_RTS
WIFI/AP6212  X11600 Y9000 
WIFI/AP6212  X18010 Y7880 

UART0_RXD
WIFI/AP6212  X18010 Y7680 

UART0_TXD
WIFI/AP6212  X18010 Y7780 

UART2-RX
RK3128_FLASH/SD_CONTROLER X16830 Y10100
ZIGBEE       X7990  Y9960 

UART2-TX
RK3128_FLASH/SD_CONTROLER X16830 Y10200
ZIGBEE       X7990  Y11160

VBAT-
POWER-RK818  X13550 Y7620 
POWER-RK818  X13550 Y7450 
POWER-RK818  X14940 Y6450 
POWER-RK818  X14940 Y6350 

VCC18_CIF
CAMERA/G_SENSOR/KEY X12560 Y11430

VCC28_CIF
CAMERA/G_SENSOR/KEY X12560 Y11530

VCC_IO
MICROPHOTO   X9350  Y12440
MICROPHOTO   X12250 Y9340 
MICROPHOTO   X7050  Y9640 
MICROPHOTO   X7050  Y9240 

VCC_LCD
LCM-LVDS_PANEL_(OPTION) X17370 Y10960
LCM-LVDS_PANEL_(OPTION) X17390 Y10860
LCM-LVDS_PANEL_(OPTION) X16590 Y7450 
LCM-LVDS_PANEL_(OPTION) X16590 Y8050 
LCM-LVDS_PANEL_(OPTION) X16590 Y8560 

VCC_SD
ZIGBEE       X11190 Y10360

VGH
LCM-LVDS_PANEL_(OPTION) X19100 Y5730 

VGL
LCM-LVDS_PANEL_(OPTION) X19120 Y5530 

WIFI_HOST_WAKE
WIFI/AP6212  X12010 Y7880 

WIFI_REG_ON
WIFI/AP6212  X11510 Y9280 
WIFI/AP6212  X12010 Y7980 

X24MIN
RK3128_MISC&USB X9040  Y7190 

XTAL-IN
WIFI/AP6212  X6260  Y7570 
WIFI/AP6212  X12610 Y10380

XTAL-OUT
WIFI/AP6212  X12610 Y10180
WIFI/AP6212  X9810  Y7580 

Z_RST
ZIGBEE       X12390 Y7060 
ZIGBEE       X14190 Y10260

ZIGEN
ZIGBEE       X10250 Y9560 

ZRX2
ZIGBEE       X9740  Y9260 
ZIGBEE       X14340 Y9860 

ZTX2
ZIGBEE       X9760  Y9160 
ZIGBEE       X14300 Y9960 

电源或接地符号使用了不正确的网络名

+12V
POWER-RK818  X11370 Y3810  - 网络所用电源符号: VCC_IO
POWER-RK818  X13100 Y5120  - 网络所用电源符号: VCC_IO

AVDD
LCM-LVDS_PANEL_(OPTION) X13430 Y6690  - 网络所用电源符号: VCC_IO
LCM-LVDS_PANEL_(OPTION) X17790 Y8260  - 网络所用电源符号: VCC_DDR
LCM-LVDS_PANEL_(OPTION) X5840  Y4820  - 网络所用电源符号: SER3V3
LCM-LVDS_PANEL_(OPTION) X9240  Y4410  - 网络所用电源符号: SER3V3

DC12V
POWER-RK818  X6610  Y4610  - 网络所用电源符号: VCC_IO
POWER-RK818  X9400  Y3770  - 网络所用电源符号: VCC_IO
POWER-RK818  X7220  Y4460  - 网络所用电源符号: VCC_IO
POWER-RK818  X9380  Y4220  - 网络所用电源符号: VCC_IO
POWER-RK818  X12020 Y3810  - 网络所用电源符号: VCC_IO
POWER-RK818  X7860  Y4430  - 网络所用电源符号: VCC_IO

GND
MICROPHOTO   X16410 Y14810 - 网络所用接地符号: AGND
MICROPHOTO   X16410 Y13420 - 网络所用接地符号: AGND
MICROPHOTO   X16420 Y11730 - 网络所用接地符号: AGND
MICROPHOTO   X16420 Y10300 - 网络所用接地符号: AGND
LCM-LVDS_PANEL_(OPTION) X9440  Y5310  - 网络所用电源符号: VBUS0
LCM-LVDS_PANEL_(OPTION) X5540  Y4510  - 网络所用电源符号: VBUS0
LCM-LVDS_PANEL_(OPTION) X8640  Y3810  - 网络所用电源符号: VBUS0
LCM-LVDS_PANEL_(OPTION) X7140  Y3710  - 网络所用电源符号: VBUS0
LCM-LVDS_PANEL_(OPTION) X9440  Y7010  - 网络所用电源符号: VBUS0
LCM-LVDS_PANEL_(OPTION) X8940  Y4910  - 网络所用电源符号: VBUS0
LCM-LVDS_PANEL_(OPTION) X5840  Y4510  - 网络所用电源符号: VBUS0
LCM-LVDS_PANEL_(OPTION) X9240  Y3810  - 网络所用电源符号: VBUS0
LCM-LVDS_PANEL_(OPTION) X5240  Y5510  - 网络所用电源符号: VBUS0
LCM-LVDS_PANEL_(OPTION) X5740  Y5510  - 网络所用电源符号: VBUS0
TP           X15380 Y8330  - 网络所用电源符号: VCC_IO

SER3V3
MICROPHOTO   X9330  Y4450  - 网络所用电源符号: VCC_IO

VBATT
POWER-RK818  X14650 Y6700  - 网络所用电源符号: VCC_IO
POWER-RK818  X11610 Y6550  - 网络所用电源符号: SER3V3
POWER-RK818  X15120 Y6610  - 网络所用电源符号: VCC_IO
POWER-RK818  X13870 Y7960  - 网络所用电源符号: VCC_IO
POWER-RK818  X13910 Y8360  - 网络所用电源符号: VCC_IO

VBOOST
POWER-RK818  X7910  Y6650  - 网络所用电源符号: SER3V3

VBUS0
USB_PORT     X15400 Y7850  - 网络所用电源符号: SER3V3
POWER-RK818  X16210 Y7750  - 网络所用电源符号: VCC_IO
POWER-RK818  X7910  Y7250  - 网络所用电源符号: SER3V3
POWER-RK818  X18910 Y6950  - 网络所用电源符号: VCC_IO
POWER-RK818  X18410 Y8530  - 网络所用电源符号: VCC_IO
POWER-RK818  X19540 Y8520  - 网络所用电源符号: VCC_IO
POWER-RK818  X16370 Y8510  - 网络所用电源符号: VCC_IO
POWER-RK818  X16970 Y8610  - 网络所用电源符号: VCC_IO
POWER-RK818  X19300 Y4770  - 网络所用电源符号: VCC_IO
POWER-RK818  X18000 Y6510  - 网络所用电源符号: VCC_IO
POWER-RK818  X17850 Y8460  - 网络所用电源符号: VCC_IO

VCC18_CIF
POWER-RK818  X10910 Y9150  - 网络所用电源符号: VCC_IO
CAMERA/G_SENSOR/KEY X6580  Y12020 - 网络所用电源符号: SER3V3
CAMERA/G_SENSOR/KEY X10400 Y10640 - 网络所用电源符号: SER3V3
CAMERA/G_SENSOR/KEY X8830  Y10570 - 网络所用电源符号: VCC_IO

VCC28_CIF
POWER-RK818  X10910 Y9550  - 网络所用电源符号: VCC_IO
CAMERA/G_SENSOR/KEY X11200 Y10640 - 网络所用电源符号: VCC_IO
CAMERA/G_SENSOR/KEY X9800  Y10640 - 网络所用电源符号: VCC_IO
CAMERA/G_SENSOR/KEY X9800  Y13040 - 网络所用电源符号: SER3V3
CAMERA/G_SENSOR/KEY X6580  Y11920 - 网络所用电源符号: VCC_IO
CAMERA/G_SENSOR/KEY X6580  Y12620 - 网络所用电源符号: VCC_IO
CAMERA/G_SENSOR/KEY X9290  Y10630 - 网络所用电源符号: VCC_IO

VCC33_HDMI
POWER-RK818  X10910 Y9750  - 网络所用电源符号: VCC_IO
HDMI         X13964 Y11162 - 网络所用电源符号: SER3V3
HDMI         X10690 Y9790  - 网络所用电源符号: SER3V3

VCC50_HDMI
POWER-RK818  X7910  Y7450  - 网络所用电源符号: SER3V3

VCC_1V8
WIFI/AP6212  X12510 Y6980  - 网络所用电源符号: SER3V3
WIFI/AP6212  X18510 Y5280  - 网络所用电源符号: SER3V3
WIFI/AP6212  X11310 Y11980 - 网络所用电源符号: SER3V3

VCC_DDR
RK3128_DDR_CONTROLER X9870  Y7650  - 网络所用电源符号: SER3V3
RK3128_DDR_CONTROLER X12800 Y8396  - 网络所用电源符号: VCC_IO
RK3128_DDR_CONTROLER X10770 Y7250  - 网络所用电源符号: VCC_IO
POWER-RK818  X13110 Y12050 - 网络所用电源符号: VCC_IO
RAM-DDR3     X8290  Y10700 - 网络所用电源符号: VCC_IO
RAM-DDR3     X7040  Y5930  - 网络所用电源符号: SER3V3
RAM-DDR3     X7040  Y4630  - 网络所用电源符号: SER3V3
RAM-DDR3     X13860 Y11000 - 网络所用电源符号: VCC_IO
RAM-DDR3     X15680 Y5810  - 网络所用电源符号: VCC_IO
RAM-DDR3     X13160 Y4350  - 网络所用电源符号: VCC_IO
RAM-DDR3     X13150 Y5530  - 网络所用电源符号: VCC_IO

VCC_IO
MICROPHOTO   X15020 Y7660  - 网络所用电源符号: SER3V3
RK3128_POWER X13820 Y8610  - 网络所用电源符号: SER3V3
RK3128_POWER X8220  Y10410 - 网络所用电源符号: SER3V3
RK3128_MISC&USB X13960 Y6370  - 网络所用电源符号: SER3V3
RK3128_MISC&USB X16640 Y10270 - 网络所用电源符号: SER3V3
RK3128_MISC&USB X16640 Y9870  - 网络所用电源符号: SER3V3
RK3128_MISC&USB X11740 Y9370  - 网络所用电源符号: SER3V3
RK3128_DISPLAY&VIP_INTERFACE X11900 Y7430  - 网络所用电源符号: SER3V3
RK3128_GPIO  X13970 Y8090  - 网络所用电源符号: SER3V3
POWER-RK818  X5410  Y3650  - 网络所用电源符号: SER3V3
MEMORY-EMMC_FLASH(OPTION) X13620 Y11600 - 网络所用电源符号: SER3V3
MEMORY-EMMC_FLASH(OPTION) X10320 Y9500  - 网络所用电源符号: SER3V3
MEMORY-EMMC_FLASH(OPTION) X13520 Y7700  - 网络所用电源符号: SER3V3
CAMERA/G_SENSOR/KEY X7250  Y8150  - 网络所用电源符号: SER3V3
WIFI/AP6212  X6310  Y11880 - 网络所用电源符号: SER3V3
WIFI/AP6212  X11840 Y13430 - 网络所用电源符号: SER3V3
AUDIO        X13450 Y11430 - 网络所用电源符号: SER3V3
AUDIO        X14950 Y12530 - 网络所用电源符号: SER3V3
ZIGBEE       X11690 Y7760  - 网络所用电源符号: SER3V3

VCC_LCD
POWER-RK818  X10910 Y8750  - 网络所用电源符号: VCC_IO
LCM-LVDS_PANEL_(OPTION) X16120 Y10440 - 网络所用电源符号: VCC_IO
LCM-LVDS_PANEL_(OPTION) X17400 Y12740 - 网络所用电源符号: VCC_IO
LCM-LVDS_PANEL_(OPTION) X15550 Y9910  - 网络所用电源符号: SER3V3
LCM-LVDS_PANEL_(OPTION) X19040 Y12690 - 网络所用电源符号: VCC_IO
LCM-LVDS_PANEL_(OPTION) X5240  Y6110  - 网络所用电源符号: VCC_IO

VCC_LEDA
LCM-LVDS_PANEL_(OPTION) X15880 Y11020 - 网络所用电源符号: SER3V3
LCM-LVDS_PANEL_(OPTION) X10040 Y12070 - 网络所用电源符号: SER3V3
LCM-LVDS_PANEL_(OPTION) X17790 Y7160  - 网络所用电源符号: VCC_IO

VCC_LEDK
LCM-LVDS_PANEL_(OPTION) X15880 Y11720 - 网络所用电源符号: SER3V3
LCM-LVDS_PANEL_(OPTION) X8240  Y10970 - 网络所用电源符号: SER3V3
LCM-LVDS_PANEL_(OPTION) X17790 Y7960  - 网络所用电源符号: VCC_IO

VCC_SD
POWER-RK818  X10910 Y8950  - 网络所用电源符号: VCC_IO
ZIGBEE       X15930 Y11200 - 网络所用电源符号: SER3V3
ZIGBEE       X8890  Y11860 - 网络所用电源符号: SER3V3
ZIGBEE       X8890  Y10660 - 网络所用电源符号: SER3V3

VCC_SYS
POWER-RK818  X11710 Y7450  - 网络所用电源符号: SER3V3
POWER-RK818  X7910  Y13150 - 网络所用电源符号: SER3V3
POWER-RK818  X7910  Y12150 - 网络所用电源符号: SER3V3
POWER-RK818  X10910 Y13150 - 网络所用电源符号: SER3V3
POWER-RK818  X10910 Y12150 - 网络所用电源符号: SER3V3
POWER-RK818  X7910  Y10450 - 网络所用电源符号: SER3V3
POWER-RK818  X7910  Y10050 - 网络所用电源符号: VCC_IO
POWER-RK818  X13390 Y7200  - 网络所用电源符号: SER3V3
LCM-LVDS_PANEL_(OPTION) X4640  Y12070 - 网络所用电源符号: VCC_IO
AUDIO        X17160 Y7190  - 网络所用电源符号: VCC_IO
AUDIO        X17150 Y9230  - 网络所用电源符号: VCC_IO

VCC_TP
POWER-RK818  X10910 Y10550 - 网络所用电源符号: VCC_IO
TP           X12930 Y8930  - 网络所用电源符号: VCC_IO
TP           X8240  Y9850  - 网络所用电源符号: SER3V3

VCC_WL
WIFI/AP6212  X9410  Y10980 - 网络所用电源符号: SER3V3
WIFI/AP6212  X17510 Y6180  - 网络所用电源符号: SER3V3
WIFI/AP6212  X8010  Y11880 - 网络所用电源符号: SER3V3
WIFI/AP6212  X14610 Y11180 - 网络所用电源符号: SER3V3
WIFI/AP6212  X9820  Y9750  - 网络所用电源符号: SER3V3
WIFI/AP6212  X9710  Y9230  - 网络所用电源符号: SER3V3

VCCA_18
AUDIO        X12550 Y13730 - 网络所用电源符号: SER3V3
AUDIO        X16050 Y13430 - 网络所用电源符号: SER3V3
AUDIO        X15650 Y11530 - 网络所用电源符号: SER3V3
AUDIO        X16350 Y13730 - 网络所用电源符号: SER3V3

VCCA_CODE
AUDIO        X3550  Y12830 - 网络所用电源符号: SER3V3

VCCA_CODEC
POWER-RK818  X10910 Y10350 - 网络所用电源符号: VCC_IO

VCCIO_CODEC
AUDIO        X14750 Y11530 - 网络所用电源符号: VCC_IO
AUDIO        X10250 Y14130 - 网络所用电源符号: SER3V3

VDD11_HDMI
POWER-RK818  X10910 Y9350  - 网络所用电源符号: VCC_IO
HDMI         X14964 Y11162 - 网络所用电源符号: SER3V3
HDMI         X10690 Y9990  - 网络所用电源符号: SER3V3

VDD_11
RK3128_MISC&USB X12760 Y6370  - 网络所用电源符号: SER3V3
RK3128_MISC&USB X16640 Y10470 - 网络所用电源符号: SER3V3
RK3128_MISC&USB X13240 Y9970  - 网络所用电源符号: SER3V3
RK3128_DISPLAY&VIP_INTERFACE X11900 Y7230  - 网络所用电源符号: SER3V3
RK3128_DISPLAY&VIP_INTERFACE X12400 Y6430  - 网络所用电源符号: VCC_IO
POWER-RK818  X10910 Y10150 - 网络所用电源符号: VCC_IO

VDD_18
POWER-RK818  X10910 Y9950  - 网络所用电源符号: VCC_IO
POWER-RK818  X12820 Y7740  - 网络所用电源符号: SER3V3
WIFI/AP6212  X10010 Y11980 - 网络所用电源符号: VCC_IO
AUDIO        X15050 Y13130 - 网络所用电源符号: SER3V3

VDD_ARM
RK3128_POWER X8220  Y11110 - 网络所用电源符号: SER3V3
RK3128_POWER X6820  Y8610  - 网络所用电源符号: SER3V3
POWER-RK818  X5810  Y12950 - 网络所用电源符号: VCC_IO

VDD_LOG
RK3128_POWER X6820  Y6910  - 网络所用电源符号: SER3V3
RK3128_POWER X8220  Y11910 - 网络所用电源符号: SER3V3
POWER-RK818  X5810  Y12050 - 网络所用电源符号: VCC_IO

VGH
LCM-LVDS_PANEL_(OPTION) X11140 Y6310  - 网络所用电源符号: SER3V3
LCM-LVDS_PANEL_(OPTION) X17790 Y7360  - 网络所用电源符号: VCC_IO

VGL
LCM-LVDS_PANEL_(OPTION) X11140 Y7810  - 网络所用电源符号: SER3V3
LCM-LVDS_PANEL_(OPTION) X17790 Y7660  - 网络所用电源符号: VCC_IO

VREF_DDR
RAM-DDR3     X17580 Y5610  - 网络所用电源符号: VCC_IO
RAM-DDR3     X8390  Y8700  - 网络所用电源符号: VCC_IO
RAM-DDR3     X13860 Y9000  - 网络所用电源符号: VCC_IO

缺失页间连接参考编号的子网

ADKEY_IN
CAMERA/G_SENSOR/KEY X11150 Y6550  - 管脚: C4606.2

AMP-LOUT+
AUDIO        X2050  Y8420  - 管脚: C7051.2
AUDIO        X16540 Y6520  - 管脚: U39.5
AUDIO        X20610 Y6670  - 管脚: J7507.2
AUDIO        X8210  Y3060  - 管脚: C112.2

AMP-LOUT-
AUDIO        X1550  Y8420  - 管脚: C7050.2
AUDIO        X16540 Y6820  - 管脚: U39.8
AUDIO        X20610 Y6570  - 管脚: J7507.1
AUDIO        X8402  Y5832  - 管脚: C111.2

AMP-ROUT+
AUDIO        X4870  Y8720  - 管脚: ED7008.1
AUDIO        X16430 Y8540  - 管脚: U41.5
AUDIO        X20570 Y7590  - 管脚: J8202.2
AUDIO        X7440  Y8120  - 管脚: C104.2

AMP-ROUT-
AUDIO        X4070  Y8320  - 管脚: C7052.2
AUDIO        X16430 Y8840  - 管脚: U41.8
AUDIO        X20570 Y7490  - 管脚: J8202.1
AUDIO        X7548  Y9830  - 管脚: C79.2

AUDRESET
MICROPHOTO   X9650  Y8040  - 管脚: U8.19
MICROPHOTO   X4500  Y10630 - 管脚: C90.1

AVDD
LCM-LVDS_PANEL_(OPTION) X17570 Y4840  - 管脚: T6010.1

BL_EN
LCM-LVDS_PANEL_(OPTION) X5240  Y10970 - 管脚: R5110.2
LCM-LVDS_PANEL_(OPTION) X12090 Y9720  - 管脚: T6004.1

BOOT0
POWER-RK818  X12610 Y10550 - 管脚: R2104.1
POWER-RK818  X8010  Y7650  - 管脚: U2100.19

BOOT1
POWER-RK818  X12910 Y10550 - 管脚: R2105.1
POWER-RK818  X8010  Y7750  - 管脚: U2100.20

BT_HOST_WAKE
WIFI/AP6212  X10610 Y9570  - 管脚: R1.2
WIFI/AP6212  X14810 Y9180  - 管脚: U23.7

BT_RST
WIFI/AP6212  X16910 Y6880  - 管脚: U23.34

BT_WAKE
WIFI/AP6212  X14910 Y9180  - 管脚: U23.6

CIF_CLKI
RK3128_DISPLAY&VIP_INTERFACE X15900 Y8330  - 管脚: R1700.1
RK3128_DISPLAY&VIP_INTERFACE X16700 Y10230 - 管脚: U1000.U16

CIF_CLKIN
CAMERA/G_SENSOR/KEY X7400  Y11320 - 管脚: J4600.17

CIF_CLKO
RK3128_DISPLAY&VIP_INTERFACE X15900 Y8130  - 管脚: R1702.1
RK3128_DISPLAY&VIP_INTERFACE X16700 Y10130 - 管脚: U1000.V13

CIF_CLKOUT
CAMERA/G_SENSOR/KEY X7400  Y11720 - 管脚: J4600.13

CIF_D0
CAMERA/G_SENSOR/KEY X7400  Y11120 - 管脚: J4600.19

CIF_D1
CAMERA/G_SENSOR/KEY X7400  Y10920 - 管脚: J4600.21

CIF_D2
CAMERA/G_SENSOR/KEY X7400  Y10820 - 管脚: J4600.22

CIF_D3
CAMERA/G_SENSOR/KEY X7400  Y11020 - 管脚: J4600.20

CIF_D4
CAMERA/G_SENSOR/KEY X7400  Y11220 - 管脚: J4600.18

CIF_D5
CAMERA/G_SENSOR/KEY X7400  Y11420 - 管脚: J4600.16

CIF_D6
CAMERA/G_SENSOR/KEY X7400  Y11620 - 管脚: J4600.14

CIF_D7
CAMERA/G_SENSOR/KEY X7400  Y11820 - 管脚: J4600.12

CIF_HREF
CAMERA/G_SENSOR/KEY X7400  Y12120 - 管脚: J4600.9

CIF_PDN0
CAMERA/G_SENSOR/KEY X7400  Y12220 - 管脚: J4600.8
CAMERA/G_SENSOR/KEY X9150  Y12340 - 管脚: R3.2

CIF_PDN1
CAMERA/G_SENSOR/KEY X7400  Y12920 - 管脚: J4600.1

CIF_RST
CAMERA/G_SENSOR/KEY X9650  Y12340 - 管脚: R3.1
CAMERA/G_SENSOR/KEY X7400  Y12420 - 管脚: J4600.6

CIF_VSYNC
CAMERA/G_SENSOR/KEY X7400  Y12320 - 管脚: J4600.7

CODEC1_1V2
MICROPHOTO   X9750  Y11340 - 管脚: U8.41
MICROPHOTO   X7850  Y9740  - 管脚: U8.6

CODEC1_ALDO3V3
MICROPHOTO   X11350 Y9540  - 管脚: U8.29
MICROPHOTO   X9750  Y8040  - 管脚: U8.20
MICROPHOTO   X9850  Y11340 - 管脚: U8.40

CODEC_EN
MICROPHOTO   X2990  Y10560 - 管脚: R4.2
MICROPHOTO   X9450  Y11340 - 管脚: U8.44

CYVCC
RK3128_MISC&USB X11840 Y7790  - 管脚: C403.2
RK3128_MISC&USB X7840  Y7690  - 管脚: R20.1
RK3128_MISC&USB X8440  Y8490  - 管脚: R306.1
RK3128_MISC&USB X10240 Y8090  - 管脚: U40.8

DC12V
POWER-RK818  X5170  Y5810  - 管脚: TP5221.1
POWER-RK818  X5170  Y5640  - 管脚: TP5222.1

DC_DET
POWER-RK818  X19610 Y6150  - 管脚: Q2302.3

DDR_A15
RAM-DDR3     X8690  Y7700  - 管脚: U3000.M7
RAM-DDR3     X14360 Y8000  - 管脚: U3001.M7

DDR_CKE0
RAM-DDR3     X8690  Y8000  - 管脚: U3000.J9
RAM-DDR3     X14360 Y8300  - 管脚: U3001.J9

DDR_CLK
RAM-DDR3     X16190 Y7140  - 管脚: R29.2

DDR_CLKN
RAM-DDR3     X16690 Y7140  - 管脚: R29.1

DDR_CS1N
RAM-DDR3     X14360 Y8200  - 管脚: U3001.L1

DDR_ODT1
RAM-DDR3     X14360 Y8400  - 管脚: U3001.J1

DDR_RST
RAM-DDR3     X14360 Y8700  - 管脚: U3001.T2

DIR1_N
MICROPHOTO   X10050 Y8040  - 管脚: U8.23
MICROPHOTO   X15210 Y15460 - 管脚: C14.2

DIR1_P
MICROPHOTO   X9950  Y8040  - 管脚: U8.22
MICROPHOTO   X15210 Y14460 - 管脚: C15.2

DIR2_N
MICROPHOTO   X11350 Y9240  - 管脚: U8.26
MICROPHOTO   X15210 Y14060 - 管脚: C16.2

DIR2_P
MICROPHOTO   X11350 Y9140  - 管脚: U8.25
MICROPHOTO   X15210 Y13060 - 管脚: C17.2

DIR3_N
MICROPHOTO   X11350 Y10240 - 管脚: U8.36
MICROPHOTO   X15220 Y12360 - 管脚: C20.2

DIR3_P
MICROPHOTO   X11350 Y10140 - 管脚: U8.35
MICROPHOTO   X15220 Y11360 - 管脚: C21.2

DIR4_N
MICROPHOTO   X9950  Y11340 - 管脚: U8.39
MICROPHOTO   X15220 Y10960 - 管脚: C25.2

DIR4_P
MICROPHOTO   X10050 Y11340 - 管脚: U8.38
MICROPHOTO   X15220 Y9960  - 管脚: C33.2

EMMC_CLKO
MEMORY-EMMC_FLASH(OPTION) X9620  Y6300  - 管脚: J3.1
MEMORY-EMMC_FLASH(OPTION) X11820 Y10400 - 管脚: U4100.W6
MEMORY-EMMC_FLASH(OPTION) X12020 Y8200  - 管脚: R50.1

FALSH_DQS/EMMC_CLKO
MEMORY-EMMC_FLASH(OPTION) X12520 Y8200  - 管脚: R50.2

FLASH_CS2/EMMC_CMD
MEMORY-EMMC_FLASH(OPTION) X9220  Y8600  - 管脚: R51.1
MEMORY-EMMC_FLASH(OPTION) X11820 Y10600 - 管脚: U4100.W5

FLASH_D0
MEMORY-EMMC_FLASH(OPTION) X9220  Y9400  - 管脚: R48.1
MEMORY-EMMC_FLASH(OPTION) X11820 Y11500 - 管脚: U4100.H3

FLASH_D1
MEMORY-EMMC_FLASH(OPTION) X9220  Y9300  - 管脚: R54.1
MEMORY-EMMC_FLASH(OPTION) X11820 Y11400 - 管脚: U4100.H4

FLASH_D2
MEMORY-EMMC_FLASH(OPTION) X9220  Y9200  - 管脚: R52.1
MEMORY-EMMC_FLASH(OPTION) X11820 Y11300 - 管脚: U4100.H5

FLASH_D3
MEMORY-EMMC_FLASH(OPTION) X9220  Y9100  - 管脚: R55.1
MEMORY-EMMC_FLASH(OPTION) X11820 Y11200 - 管脚: U4100.J2

FLASH_D4
MEMORY-EMMC_FLASH(OPTION) X9220  Y9000  - 管脚: R57.1
MEMORY-EMMC_FLASH(OPTION) X11820 Y11100 - 管脚: U4100.J3

FLASH_D5
MEMORY-EMMC_FLASH(OPTION) X9220  Y8900  - 管脚: R56.1
MEMORY-EMMC_FLASH(OPTION) X11820 Y11000 - 管脚: U4100.J4

FLASH_D6
MEMORY-EMMC_FLASH(OPTION) X9220  Y8800  - 管脚: R49.1
MEMORY-EMMC_FLASH(OPTION) X11820 Y10900 - 管脚: U4100.J5

FLASH_D7
MEMORY-EMMC_FLASH(OPTION) X9220  Y8700  - 管脚: R58.1
MEMORY-EMMC_FLASH(OPTION) X11820 Y10800 - 管脚: U4100.J6

FLASH_WP/EMMC_PWR
MEMORY-EMMC_FLASH(OPTION) X11820 Y10200 - 管脚: U4100.U5

GND
POWER-RK818  X5170  Y5450  - 管脚: TP5224.1
POWER-RK818  X5170  Y5280  - 管脚: TP5223.1
LCM-LVDS_PANEL_(OPTION) X15690 Y7250  - 管脚: R157.1
LCM-LVDS_PANEL_(OPTION) X15690 Y7850  - 管脚: R153.1
LCM-LVDS_PANEL_(OPTION) X15790 Y8360  - 管脚: R155.1
AUDIO        X16540 Y6720  - 管脚: U39.7
AUDIO        X16430 Y8740  - 管脚: U41.7

GSENSOR_INT
CAMERA/G_SENSOR/KEY X14570 Y7900  - 管脚: R97.1

HPOL
AUDIO        X12050 Y13630 - 管脚: U7000.15
AUDIO        X13960 Y6320  - 管脚: C132.2

HPOR
AUDIO        X11650 Y13130 - 管脚: U7000.14
AUDIO        X13910 Y8340  - 管脚: C418.2

I2C0_SCL
MICROPHOTO   X7850  Y9440  - 管脚: U8.9
RK3128_GPIO  X14370 Y7390  - 管脚: R1801.2
CAMERA/G_SENSOR/KEY X7400  Y12520 - 管脚: J4600.5
AUDIO        X11050 Y14630 - 管脚: U7000.28

I2C0_SDA
MICROPHOTO   X7850  Y9340  - 管脚: U8.10
RK3128_GPIO  X13970 Y7390  - 管脚: R1800.2
CAMERA/G_SENSOR/KEY X7400  Y12720 - 管脚: J4600.3
AUDIO        X11150 Y14630 - 管脚: U7000.27

I2C2_SCL
MICROPHOTO   X15720 Y7430  - 管脚: R7001.2
MICROPHOTO   X12630 Y3990  - 管脚: ED7018.2
POWER-RK818  X8010  Y5850  - 管脚: U2100.35
CAMERA/G_SENSOR/KEY X8870  Y13170 - 管脚: P4601.1
CAMERA/G_SENSOR/KEY X17770 Y5610  - 管脚: U11.4
CAMERA/G_SENSOR/KEY X17020 Y8300  - 管脚: U26.12
TP           X15780 Y9130  - 管脚: CN1.3

I2C2_SDA
MICROPHOTO   X15720 Y7630  - 管脚: R7000.2
MICROPHOTO   X11430 Y3990  - 管脚: ED7017.2
POWER-RK818  X8010  Y5950  - 管脚: U2100.36
CAMERA/G_SENSOR/KEY X8870  Y13290 - 管脚: P4603.1
CAMERA/G_SENSOR/KEY X17770 Y5710  - 管脚: U11.5
CAMERA/G_SENSOR/KEY X15720 Y8200  - 管脚: U26.2
TP           X15780 Y9230  - 管脚: CN1.2

I2S0_BCLK
MICROPHOTO   X9250  Y8040  - 管脚: U8.15
AUDIO        X8850  Y13830 - 管脚: R7005.1

I2S0_LRCK_RX
MICROPHOTO   X6540  Y7430  - 管脚: R17.1
AUDIO        X8850  Y13630 - 管脚: R7007.1

I2S0_LRCK_TX
MICROPHOTO   X6550  Y7640  - 管脚: R16.1

I2S0_MCLK
MICROPHOTO   X7850  Y9540  - 管脚: U8.8
AUDIO        X8850  Y14230 - 管脚: R7002.1

I2S0_SDI
MICROPHOTO   X6550  Y7820  - 管脚: R19.1

I2S0_SDO0
MICROPHOTO   X6560  Y8020  - 管脚: R18.1
AUDIO        X8850  Y13730 - 管脚: R7006.1

IN1
RK3128_MISC&USB X12180 Y11270 - 管脚: R8211.1
RK3128_MISC&USB X9040  Y8090  - 管脚: U40.1

L4LR
LCM-LVDS_PANEL_(OPTION) X15190 Y7250  - 管脚: R157.2
LCM-LVDS_PANEL_(OPTION) X18180 Y7860  - 管脚: J8103.8
LCM-LVDS_PANEL_(OPTION) X17570 Y5140  - 管脚: T6009.1

L4MODE
LCM-LVDS_PANEL_(OPTION) X15290 Y8560  - 管脚: R156.2
LCM-LVDS_PANEL_(OPTION) X18180 Y8360  - 管脚: J8103.13
LCM-LVDS_PANEL_(OPTION) X17570 Y4940  - 管脚: T6012.1

L4UD
LCM-LVDS_PANEL_(OPTION) X15190 Y8050  - 管脚: R150.2
LCM-LVDS_PANEL_(OPTION) X18180 Y7760  - 管脚: J8103.7
LCM-LVDS_PANEL_(OPTION) X17570 Y5240  - 管脚: T6011.1

L4VCOM
LCM-LVDS_PANEL_(OPTION) X14930 Y5490  - 管脚: R162.1
LCM-LVDS_PANEL_(OPTION) X18180 Y11060 - 管脚: J8103.40
LCM-LVDS_PANEL_(OPTION) X17570 Y5830  - 管脚: T6006.1

LCD-RST
LCM-LVDS_PANEL_(OPTION) X16880 Y12180 - 管脚: T6013.1
LCM-LVDS_PANEL_(OPTION) X18180 Y10660 - 管脚: J8103.36

LCDC_BL
LCM-LVDS_PANEL_(OPTION) X5240  Y10470 - 管脚: R5112.1
LCM-LVDS_PANEL_(OPTION) X12090 Y9820  - 管脚: T6003.1

LVDS_CLKN
LCM-LVDS_PANEL_(OPTION) X12460 Y11880 - 管脚: R5109.1
LCM-LVDS_PANEL_(OPTION) X12100 Y10660 - 管脚: T5107.1
LCM-LVDS_PANEL_(OPTION) X18180 Y9460  - 管脚: J8103.24

LVDS_CLKP
LCM-LVDS_PANEL_(OPTION) X12460 Y11980 - 管脚: R5108.1
LCM-LVDS_PANEL_(OPTION) X12100 Y10560 - 管脚: T5108.1
LCM-LVDS_PANEL_(OPTION) X18180 Y9360  - 管脚: J8103.23

LVDS_D0N
LCM-LVDS_PANEL_(OPTION) X12460 Y12680 - 管脚: R5101.1
LCM-LVDS_PANEL_(OPTION) X12100 Y11560 - 管脚: T5101.1
LCM-LVDS_PANEL_(OPTION) X18180 Y10360 - 管脚: J8103.33

LVDS_D0P
LCM-LVDS_PANEL_(OPTION) X12100 Y11460 - 管脚: T5102.1
LCM-LVDS_PANEL_(OPTION) X12460 Y12780 - 管脚: R5100.1
LCM-LVDS_PANEL_(OPTION) X18180 Y10260 - 管脚: J8103.32

LVDS_D1N
LCM-LVDS_PANEL_(OPTION) X12460 Y12480 - 管脚: R5103.1
LCM-LVDS_PANEL_(OPTION) X12100 Y11260 - 管脚: T5103.1
LCM-LVDS_PANEL_(OPTION) X18180 Y10060 - 管脚: J8103.30

LVDS_D1P
LCM-LVDS_PANEL_(OPTION) X12460 Y12580 - 管脚: R5102.1
LCM-LVDS_PANEL_(OPTION) X12100 Y11160 - 管脚: T5104.1
LCM-LVDS_PANEL_(OPTION) X18180 Y9960  - 管脚: J8103.29

LVDS_D2N
LCM-LVDS_PANEL_(OPTION) X12460 Y12280 - 管脚: R5105.1
LCM-LVDS_PANEL_(OPTION) X12100 Y10960 - 管脚: T5105.1
LCM-LVDS_PANEL_(OPTION) X18180 Y9760  - 管脚: J8103.27

LVDS_D2P
LCM-LVDS_PANEL_(OPTION) X12460 Y12380 - 管脚: R5104.1
LCM-LVDS_PANEL_(OPTION) X12100 Y10860 - 管脚: T5106.1
LCM-LVDS_PANEL_(OPTION) X18180 Y9660  - 管脚: J8103.26

LVDS_D3N
LCM-LVDS_PANEL_(OPTION) X12460 Y12080 - 管脚: R5107.1
LCM-LVDS_PANEL_(OPTION) X12100 Y10360 - 管脚: T5109.1
LCM-LVDS_PANEL_(OPTION) X18180 Y9160  - 管脚: J8103.21

LVDS_D3P
LCM-LVDS_PANEL_(OPTION) X12460 Y12180 - 管脚: R5106.1
LCM-LVDS_PANEL_(OPTION) X12100 Y10260 - 管脚: T5110.1
LCM-LVDS_PANEL_(OPTION) X18180 Y9060  - 管脚: J8103.20

MIC1_BIAS
MICROPHOTO   X9850  Y8040  - 管脚: U8.21

MIC2_BIAS
MICROPHOTO   X10150 Y8040  - 管脚: U8.24

OTG_DET
USB_PORT     X13640 Y10790 - 管脚: R89540.1

OTG_DM
USB_PORT     X13630 Y6850  - 管脚: R7610.1

OTG_DP
USB_PORT     X13560 Y6750  - 管脚: R7609.1

OTG_ID
RK3128_MISC&USB X15440 Y7870  - 管脚: R1102.1
USB_PORT     X15620 Y10140 - 管脚: ED2000.1
USB_PORT     X16110 Y10700 - 管脚: R2000.2

OUT1
RK3128_MISC&USB X12440 Y10570 - 管脚: R1101.1
RK3128_MISC&USB X9040  Y7990  - 管脚: U40.2

POGO_DET
USB_PORT     X16610 Y10700 - 管脚: R2000.1
POWER-RK818  X5710  Y2750  - 管脚: R7601.2

PWR_KEY
POWER-RK818  X9010  Y4950  - 管脚: D2100.1

PWRON
POWER-RK818  X8010  Y8050  - 管脚: U2100.21
POWER-RK818  X8110  Y5050  - 管脚: C2138.2

RESET
POWER-RK818  X6210  Y7350  - 管脚: ED2100.1

SDIO_CLK
WIFI/AP6212  X6310  Y4480  - 管脚: C6008.1
WIFI/AP6212  X9710  Y4280  - 管脚: R6008.1
WIFI/AP6212  X13210 Y7480  - 管脚: U23.17

SDIO_CMD
WIFI/AP6212  X6310  Y4580  - 管脚: C6007.1
WIFI/AP6212  X9710  Y4480  - 管脚: R6007.1
WIFI/AP6212  X13210 Y7580  - 管脚: U23.16

SDIO_D0
WIFI/AP6212  X6310  Y4380  - 管脚: C6009.1
WIFI/AP6212  X9710  Y5280  - 管脚: R6003.1
WIFI/AP6212  X13210 Y7380  - 管脚: U23.18

SDIO_D1
WIFI/AP6212  X6310  Y4280  - 管脚: C6010.1
WIFI/AP6212  X9710  Y5080  - 管脚: R6004.1
WIFI/AP6212  X13210 Y7280  - 管脚: U23.19

SDIO_D2
WIFI/AP6212  X6310  Y4780  - 管脚: C6005.1
WIFI/AP6212  X9710  Y4880  - 管脚: R6005.1
WIFI/AP6212  X13210 Y7780  - 管脚: U23.14

SDIO_D3
WIFI/AP6212  X6310  Y4680  - 管脚: C6006.1
WIFI/AP6212  X9710  Y4680  - 管脚: R6006.1
WIFI/AP6212  X13210 Y7680  - 管脚: U23.15

SDMMC1_CLK
WIFI/AP6212  X10210 Y4280  - 管脚: R6008.2

SDMMC1_CMD
WIFI/AP6212  X10110 Y10280 - 管脚: R6002.2
WIFI/AP6212  X10210 Y4480  - 管脚: R6007.2

SDMMC1_D0
WIFI/AP6212  X10210 Y5280  - 管脚: R6003.2
WIFI/AP6212  X10310 Y10680 - 管脚: RP6000.7

SDMMC1_D1
WIFI/AP6212  X10210 Y5080  - 管脚: R6004.2
WIFI/AP6212  X10310 Y10780 - 管脚: RP6000.8

SDMMC1_D2
WIFI/AP6212  X10210 Y4880  - 管脚: R6005.2
WIFI/AP6212  X10310 Y10480 - 管脚: RP6000.5

SDMMC1_D3
WIFI/AP6212  X10210 Y4680  - 管脚: R6006.2
WIFI/AP6212  X10310 Y10580 - 管脚: RP6000.6

SER3V3
MICROPHOTO   X13830 Y3990  - 管脚: ED7019.2

STBYB
LCM-LVDS_PANEL_(OPTION) X19040 Y12040 - 管脚: HR48.2
LCM-LVDS_PANEL_(OPTION) X18180 Y10560 - 管脚: J8103.35

TP_INT
TP           X15780 Y8930  - 管脚: CN1.5
TP           X13060 Y9470  - 管脚: TP5213.1

TP_RST
TP           X15780 Y9030  - 管脚: CN1.4
TP           X13050 Y9700  - 管脚: TP5212.1

UART0_CTS
WIFI/AP6212  X16910 Y7580  - 管脚: U23.41

UART0_RTS
WIFI/AP6212  X10600 Y9000  - 管脚: R2.2
WIFI/AP6212  X16910 Y7880  - 管脚: U23.44

UART0_RXD
WIFI/AP6212  X16910 Y7680  - 管脚: U23.42

UART0_TXD
WIFI/AP6212  X16910 Y7780  - 管脚: U23.43

UART1_RX
MICROPHOTO   X20260 Y13850 - 管脚: R7528.2

UART1_TX
MICROPHOTO   X19660 Y12650 - 管脚: H35.1

UART2-RX
RK3128_FLASH/SD_CONTROLER X16030 Y10100 - 管脚: U1000.K15
ZIGBEE       X8890  Y10060 - 管脚: R7531.2

UART2-TX
RK3128_FLASH/SD_CONTROLER X16030 Y10200 - 管脚: U1000.L18
ZIGBEE       X8890  Y11260 - 管脚: R7530.2

VBAT-
POWER-RK818  X11910 Y5550  - 管脚: R2110.1
POWER-RK818  X14310 Y7620  - 管脚: TP5219.1
POWER-RK818  X14310 Y7450  - 管脚: TP5220.1
POWER-RK818  X14210 Y6450  - 管脚: J7.2
POWER-RK818  X14210 Y6350  - 管脚: J7.3

VCC_IO
MICROPHOTO   X9350  Y11340 - 管脚: U8.45
MICROPHOTO   X11350 Y9340  - 管脚: U8.27
MICROPHOTO   X7850  Y9640  - 管脚: U8.7
MICROPHOTO   X7850  Y9240  - 管脚: U8.11

VCC_LCD
LCM-LVDS_PANEL_(OPTION) X18180 Y10960 - 管脚: J8103.39
LCM-LVDS_PANEL_(OPTION) X18180 Y10860 - 管脚: J8103.38
LCM-LVDS_PANEL_(OPTION) X15690 Y7450  - 管脚: R154.1
LCM-LVDS_PANEL_(OPTION) X15690 Y8050  - 管脚: R150.1
LCM-LVDS_PANEL_(OPTION) X15790 Y8560  - 管脚: R156.1

VCC_SD
ZIGBEE       X12190 Y10360 - 管脚: J7506.2
ZIGBEE       X15390 Y7660  - 管脚: T7535.1

VDD_ARM
POWER-RK818  X7510  Y12550 - 管脚: R2100.2

VDD_LOG
POWER-RK818  X7510  Y11550 - 管脚: R2101.2

VGH
LCM-LVDS_PANEL_(OPTION) X17570 Y5730  - 管脚: T6005.1

VGL
LCM-LVDS_PANEL_(OPTION) X17570 Y5530  - 管脚: T6007.1

WIFI_HOST_WAKE
WIFI/AP6212  X13210 Y7880  - 管脚: U23.13

WIFI_REG_ON
WIFI/AP6212  X12310 Y9180  - 管脚: R7545.1
WIFI/AP6212  X13210 Y7980  - 管脚: U23.12

X24MIN
RK3128_MISC&USB X9840  Y7190  - 管脚: R309.1
RK3128_MISC&USB X12680 Y11270 - 管脚: R8211.2

XTAL-IN
WIFI/AP6212  X7360  Y7380  - 管脚: R175.1
WIFI/AP6212  X14510 Y9180  - 管脚: U23.10

XTAL-OUT
WIFI/AP6212  X14410 Y9180  - 管脚: U23.11
WIFI/AP6212  X8560  Y6780  - 管脚: X4.3

Z_RST
ZIGBEE       X11590 Y6760  - 管脚: C7517.2
ZIGBEE       X13490 Y10260 - 管脚: J7506.19

ZIGEN
ZIGBEE       X10820 Y9560  - 管脚: R7.1

ZRX2
ZIGBEE       X9190  Y9260  - 管脚: R89529.2
ZIGBEE       X13490 Y9860  - 管脚: J7506.15

ZTX2
ZIGBEE       X9190  Y9160  - 管脚: R89530.2
ZIGBEE       X13490 Y9960  - 管脚: J7506.16
