Drill Listing
=============
Drill: .012  Tool: 1  Feed: 0  Speed: 0
X 102200  Y 121976
X 102200  Y 131976
X 117736  Y 208879
X 119618  Y 212825
X 121743  Y 214784
X 124047  Y 216799
X 126137  Y 218708
X 122200  Y 221976
X 119963  Y 225805
X 103653  Y 230468
X 124666  Y 230557
X 119805  Y 234470
X 106176  Y 234473
X 108985  Y 236438
X 124841  Y 236438
X 110989  Y 238406
X 119890  Y 238406
X 113186  Y 240379
X 124978  Y 240379
X 102200  Y 241976
X 102200  Y 251976
X 112200  Y 251976
X 122200  Y 251976
X 126696  Y 258934
X 112200  Y 261976
X 102200  Y 261976
X 122200  Y 261976
X 112200  Y 271976
X 122200  Y 271976
X 102200  Y 271976
X 112200  Y 281976
X 102200  Y 281976
X 122200  Y 281976
X 112200  Y 291976
X 122200  Y 291976
X 102200  Y 291976
X 112200  Y 301976
X 102200  Y 301976
X 122200  Y 301976
X 102200  Y 311976
X 132200  Y 331976
X 142200  Y 331976
X 132200  Y 321976
X 142200  Y 321976
X 149515  Y 319560
X 132200  Y 311976
X 142200  Y 311976
X 149534  Y 310228
X 132200  Y 301976
X 142200  Y 301976
X 132200  Y 291976
X 142200  Y 291976
X 132200  Y 281976
X 142200  Y 281976
X 149533  Y 278709
X 132200  Y 271976
X 142200  Y 271976
X 132200  Y 261976
X 142200  Y 261976
X 132200  Y 251976
X 142200  Y 251976
X 139664  Y 232556
X 140148  Y 226602
X 127927  Y 225333
X 140300  Y 218712
X 138094  Y 216775
X 140224  Y 214784
X 138167  Y 212825
X 135908  Y 210847
X 140522  Y 208879
X 128410  Y 203146
X 152129  Y 201005
X 140846  Y 199036
X 134841  Y 199036
X 132703  Y 197091
X 138901  Y 197089
X 142200  Y 191976
X 148998  Y 190696
X 142200  Y 181976
X 142200  Y 171976
X 142200  Y 151976
X 142200  Y 121976
X 132200  Y 121976
X 132200  Y 111976
X 142200  Y 111976
X 168244  Y 111885
X 152200  Y 111976
X 164146  Y 113711
X 162202  Y 115935
X 160228  Y 117560
X 152200  Y 121976
X 172200  Y 121976
X 158274  Y 150992
X 154317  Y 153196
X 152347  Y 155206
X 176679  Y 169534
X 168244  Y 179629
X 164167  Y 180588
X 160230  Y 180648
X 154324  Y 180774
X 171380  Y 181334
X 162198  Y 182902
X 158261  Y 182984
X 152358  Y 183053
X 166135  Y 197265
X 156293  Y 197538
X 170052  Y 198535
X 162200  Y 201976
X 175253  Y 201976
X 156221  Y 203434
X 154068  Y 210909
X 162200  Y 211976
X 153097  Y 220690
X 162200  Y 221976
X 153561  Y 226647
X 152200  Y 231976
X 162200  Y 231976
X 172200  Y 241976
X 152200  Y 241976
X 163744  Y 243355
X 160246  Y 243393
X 160181  Y 255558
X 175978  Y 255686
X 170072  Y 255961
X 162219  Y 257056
X 158258  Y 257230
X 162200  Y 261976
X 152200  Y 261976
X 162200  Y 271976
X 152200  Y 271976
X 171919  Y 278709
X 155308  Y 295335
X 152200  Y 301976
X 172200  Y 301976
X 158796  Y 305304
X 172200  Y 311976
X 152200  Y 331976
X 172200  Y 331976
X 162200  Y 331976
X 192200  Y 331976
X 182200  Y 331976
X 182200  Y 321976
X 184972  Y 318062
X 179919  Y 315361
X 184957  Y 303159
X 192200  Y 301976
X 185005  Y 294056
X 192200  Y 281976
X 192309  Y 277867
X 201195  Y 256888
X 197631  Y 256550
X 182818  Y 255800
X 193738  Y 255253
X 179915  Y 244357
X 197190  Y 243812
X 192200  Y 241976
X 196329  Y 233389
X 192200  Y 231976
X 198785  Y 226595
X 192200  Y 221976
X 192200  Y 211976
X 196136  Y 205248
X 192200  Y 201976
X 179063  Y 198776
X 183852  Y 198393
X 197670  Y 197068
X 178005  Y 185545
X 199854  Y 185526
X 188678  Y 183219
X 192472  Y 183044
X 199674  Y 182708
X 184469  Y 182595
X 180544  Y 182591
X 196072  Y 182586
X 192492  Y 173476
X 192200  Y 121976
X 182200  Y 121976
X 212200  Y 121976
X 202200  Y 121976
X 222200  Y 121976
X 222070  Y 163338
X 212114  Y 163523
X 222200  Y 171976
X 212200  Y 171976
X 202200  Y 171976
X 212200  Y 181976
X 203360  Y 191162
X 212200  Y 191976
X 211650  Y 196646
X 211064  Y 208879
X 211307  Y 212816
X 211337  Y 216753
X 210681  Y 224660
X 213947  Y 230532
X 211355  Y 242344
X 207872  Y 246652
X 212200  Y 251976
X 222200  Y 261976
X 212200  Y 261976
X 211660  Y 270224
X 222200  Y 271976
X 213629  Y 274763
X 212200  Y 281976
X 202200  Y 281976
X 222200  Y 281976
X 212200  Y 291976
X 222200  Y 291976
X 202200  Y 291976
X 212200  Y 301976
X 202200  Y 301976
X 222200  Y 301976
X 216577  Y 311301
X 212200  Y 311976
X 202200  Y 311976
X 205585  Y 317929
X 219855  Y 321000
X 212200  Y 321976
X 212200  Y 331976
X 222200  Y 331976
X 202200  Y 331976
X 232200  Y 331976
X 242200  Y 331976
X 232200  Y 321976
X 248175  Y 320275
X 232200  Y 311976
X 242200  Y 311976
X 248086  Y 305322
X 232200  Y 301976
X 242200  Y 301976
X 232200  Y 291976
X 242200  Y 291976
X 232200  Y 281976
X 242200  Y 281976
X 242200  Y 271976
X 232200  Y 271976
X 232200  Y 261976
X 242200  Y 261976
X 250359  Y 253179
X 251669  Y 237463
X 251017  Y 231154
X 241301  Y 201160
X 242200  Y 191976
X 232200  Y 171976
X 242200  Y 171976
X 241984  Y 163431
X 232212  Y 163060
X 232200  Y 121976
X 242200  Y 121976
X 266795  Y 106314
X 272601  Y 106375
X 263262  Y 108755
X 256402  Y 116086
X 269232  Y 117694
X 253370  Y 118089
X 253057  Y 163362
X 275091  Y 166460
X 272200  Y 171976
X 262154  Y 175073
X 261687  Y 177719
X 259208  Y 180212
X 272200  Y 181976
X 253057  Y 187288
X 272200  Y 191976
X 262200  Y 191976
X 262200  Y 201976
X 269160  Y 203749
X 264345  Y 210198
X 267548  Y 215559
X 276985  Y 215645
X 272939  Y 216095
X 255893  Y 222599
X 272200  Y 231976
X 265317  Y 237450
X 253007  Y 240591
X 252410  Y 243725
X 252392  Y 256333
X 252200  Y 261976
X 262200  Y 271976
X 252200  Y 271976
X 276895  Y 272059
X 273749  Y 277458
X 252200  Y 281976
X 262200  Y 281976
X 262200  Y 291976
X 252200  Y 291976
X 252200  Y 301976
X 260542  Y 305480
X 272200  Y 311976
X 253528  Y 314077
X 260661  Y 320724
X 252200  Y 321976
X 273005  Y 322791
X 262200  Y 331976
X 252200  Y 331976
X 272200  Y 331976
X 292200  Y 331976
X 282200  Y 331976
X 283248  Y 322791
X 292200  Y 321976
X 294984  Y 319725
X 282200  Y 311976
X 278627  Y 282583
X 292200  Y 251976
X 294544  Y 243757
X 292200  Y 241976
X 292200  Y 231976
X 301782  Y 224837
X 281521  Y 214667
X 297658  Y 206468
X 282200  Y 191976
X 282200  Y 181976
X 299221  Y 165997
X 283032  Y 117603
X 296717  Y 117343
X 312528  Y 111885
X 322479  Y 113343
X 316465  Y 113724
X 320388  Y 115690
X 314431  Y 117486
X 318430  Y 117534
X 310622  Y 117629
X 324305  Y 117854
X 312200  Y 131976
X 312200  Y 141976
X 322200  Y 141976
X 320372  Y 151065
X 320188  Y 161955
X 323028  Y 162296
X 312950  Y 184381
X 323569  Y 195334
X 322200  Y 201976
X 325083  Y 205401
X 312200  Y 221976
X 322200  Y 221976
X 313521  Y 229887
X 307148  Y 231150
X 308612  Y 234287
X 310488  Y 237450
X 307797  Y 240635
X 308396  Y 246898
X 322200  Y 251976
X 311236  Y 255909
X 321066  Y 261405
X 312200  Y 261976
X 312431  Y 268713
X 322200  Y 311976
X 313150  Y 321146
X 302200  Y 321976
X 322200  Y 321976
X 312200  Y 331976
X 322200  Y 331976
X 302200  Y 331976
X 332200  Y 331976
X 342200  Y 331976
X 328401  Y 322192
X 332200  Y 321976
X 342200  Y 321976
X 341956  Y 321893
X 332200  Y 311976
X 342200  Y 311976
X 332200  Y 281976
X 336956  Y 278001
X 331480  Y 251405
X 334602  Y 240573
X 332200  Y 231976
X 350635  Y 203548
X 336622  Y 193469
X 351860  Y 188501
X 350410  Y 183286
X 333716  Y 182803
X 331939  Y 179117
X 350410  Y 173108
X 329064  Y 172552
X 329240  Y 168552
X 338404  Y 168388
X 344104  Y 168185
X 333585  Y 160413
X 350309  Y 158868
X 342200  Y 151976
X 330530  Y 136707
X 339084  Y 131290
X 336584  Y 131250
X 342028  Y 117223
X 345972  Y 117010
X 349884  Y 116828
X 336803  Y 116052
X 328704  Y 115961
X 342200  Y 111976
X 332494  Y 109006
X 335459  Y 103912
X 352200  Y 111976
X 372200  Y 111976
X 372200  Y 121976
X 362200  Y 121976
X 352200  Y 131976
X 362200  Y 131976
X 372200  Y 131976
X 362200  Y 141976
X 356269  Y 149686
X 361090  Y 176386
X 352200  Y 211976
X 352200  Y 221976
X 352200  Y 231976
X 362200  Y 241976
X 352200  Y 241976
X 372200  Y 241976
X 352200  Y 261976
X 362200  Y 261976
X 372200  Y 261976
X 372200  Y 271976
X 362200  Y 271976
X 372200  Y 281976
X 360597  Y 288242
X 373921  Y 289719
X 361055  Y 290837
X 360228  Y 294806
X 359291  Y 302300
X 352200  Y 311976
X 372200  Y 311976
X 354085  Y 321955
X 372200  Y 321976
X 372200  Y 331976
X 352200  Y 331976
X 362200  Y 331976
X 392200  Y 331976
X 382200  Y 331976
X 382140  Y 297938
X 386801  Y 290809
X 391864  Y 288777
X 392200  Y 281976
X 382238  Y 281976
X 382200  Y 271976
X 392200  Y 271976
X 382200  Y 261976
X 392200  Y 261976
X 398350  Y 260933
X 392200  Y 251976
X 382200  Y 241976
X 396834  Y 231072
X 401288  Y 221888
X 378698  Y 149832
X 382200  Y 121976
X 382200  Y 111976
X 422200  Y 121976
X 422200  Y 131976
X 412200  Y 131976
X 413856  Y 170260
X 406842  Y 187206
X 422200  Y 191976
X 412200  Y 191976
X 402200  Y 191976
X 422200  Y 201976
X 412200  Y 201976
X 402200  Y 201976
X 411120  Y 210783
X 402200  Y 211976
X 414767  Y 222883
X 411288  Y 230541
X 421185  Y 238246
X 422200  Y 241976
X 402200  Y 241976
X 412200  Y 241976
X 425985  Y 252606
X 425175  Y 255673
X 424949  Y 259005
X 402200  Y 281976
X 412200  Y 281976
X 422200  Y 281976
X 412200  Y 291976
X 422200  Y 291976
X 402200  Y 291976
X 418493  Y 293270
X 422200  Y 301976
X 412200  Y 301976
X 402200  Y 301976
X 415330  Y 307192
X 402200  Y 311976
X 402200  Y 321976
X 402200  Y 331976
X 412200  Y 331976
X 422200  Y 331976
X 432200  Y 331976
X 442200  Y 331976
X 432200  Y 321976
X 442200  Y 321976
X 432200  Y 311976
X 442200  Y 311976
X 432200  Y 301976
X 442200  Y 301976
X 442200  Y 291976
X 436948  Y 261401
X 452051  Y 255047
X 432200  Y 241976
X 442200  Y 241976
X 427729  Y 237737
X 436963  Y 235847
X 442200  Y 231976
X 432200  Y 221976
X 430433  Y 218026
X 432200  Y 211976
X 446824  Y 209602
X 442200  Y 201976
X 430696  Y 201927
X 449746  Y 201562
X 442200  Y 191976
X 431060  Y 191965
X 430032  Y 175244
X 429866  Y 171036
X 432200  Y 131976
X 442200  Y 131976
X 432200  Y 121976
X 432200  Y 111976
X 452200  Y 111976
X 462200  Y 121976
X 452200  Y 121976
X 472200  Y 131976
X 462200  Y 131976
X 452200  Y 131976
X 472200  Y 141976
X 472200  Y 151976
X 475211  Y 157363
X 459670  Y 165192
X 472200  Y 171976
X 455221  Y 175280
X 472200  Y 181976
X 461288  Y 190251
X 472200  Y 191976
X 453646  Y 193586
X 454013  Y 201589
X 472200  Y 201976
X 462200  Y 201976
X 472200  Y 211976
X 462538  Y 214177
X 462912  Y 226174
X 452200  Y 231976
X 472200  Y 231976
X 472200  Y 241976
X 452200  Y 241976
X 466671  Y 244711
X 462200  Y 251976
X 472200  Y 251976
X 455305  Y 254135
X 462200  Y 261976
X 472200  Y 281976
X 452200  Y 291976
X 472200  Y 301976
X 462976  Y 324623
X 472200  Y 331976
X 462200  Y 331976
X 452200  Y 331976
X 482200  Y 331976
X 482200  Y 301976
X 492200  Y 301976
X 492200  Y 291976
X 482200  Y 291976
X 492200  Y 281976
X 482200  Y 281976
X 492200  Y 271976
X 482200  Y 251976
X 492200  Y 251976
X 492200  Y 241976
X 482200  Y 241976
X 492200  Y 211976
X 482200  Y 211976
X 492200  Y 201976
X 482200  Y 201976
X 492200  Y 191976
X 482200  Y 191976
X 492200  Y 181976
X 482200  Y 181976
X 489856  Y 180548
X 482200  Y 151976
X 492200  Y 151976
X 482200  Y 141976
X 492200  Y 141976
X 492200  Y 131976
X 482200  Y 131976
X 492200  Y 121976
X 492200  Y 111976
X 502200  Y 111976
X 502200  Y 121976
X 502200  Y 131976
X 522200  Y 131976
X 512200  Y 131976
X 512200  Y 141976
X 522200  Y 141976
X 502200  Y 141976
X 502200  Y 151976
X 512200  Y 161976
X 522200  Y 161976
X 502200  Y 171976
X 512200  Y 171976
X 522200  Y 171976
X 502200  Y 181976
X 502200  Y 191976
X 522200  Y 191976
X 512200  Y 191976
X 502200  Y 201976
X 522200  Y 201976
X 512200  Y 201976
X 502200  Y 211976
X 512200  Y 221976
X 522200  Y 221976
X 522200  Y 231976
X 512200  Y 231976
X 502200  Y 231976
X 502200  Y 241976
X 502200  Y 251976
X 512200  Y 251976
X 522200  Y 251976
X 502200  Y 261976
X 522200  Y 261976
X 512200  Y 261976
X 502200  Y 271976
X 522200  Y 271976
X 512200  Y 271976
X 522200  Y 281976
X 522200  Y 291976
X 512200  Y 291976
X 502200  Y 301976
X 522200  Y 301976
X 512200  Y 301976

Drill: .02  Tool: 2  Feed: 0  Speed: 0
X 215577  Y 220674
X 155435  Y 281087
X 421679  Y 272513
X 317888  Y 183578

Drill: .025  Tool: 3  Feed: 0  Speed: 0
X 292871  Y 165530
X 286441  Y 165561
X 341450  Y 291869
X 351021  Y 291774
X 320021  Y 171696
X 315230  Y 146762
X 388424  Y 153013
X 387811  Y 157803
X 395545  Y 173461
X 404402  Y 173461
X 409578  Y 217880
X 426356  Y 247447
X 420503  Y 247902
X 410009  Y 247993
X 438242  Y 212784
X 465340  Y 160158

Drill: .03543  Tool: 4  Feed: 0  Speed: 0
X 232440  Y 195559
X 232440  Y 205559
X 232440  Y 215559
X 232440  Y 225559
X 232440  Y 235559
X 232440  Y 245559
X 393850  Y 111087
X 413850  Y 111087
X 403850  Y 111087
X 423850  Y 111087

Drill: .037  Tool: 5  Feed: 0  Speed: 0
X 180721  Y 215223
X 170515  Y 215518
X 175978  Y 220690
X 179335  Y 226343
X 170544  Y 226638
X 291209  Y 299481
X 282257  Y 299481
X 272972  Y 299385
X 300760  Y 188132
X 308392  Y 158419
X 305459  Y 168175
X 307314  Y 177026
X 305434  Y 302478
X 320524  Y 303461
X 335780  Y 303461
X 348817  Y 303480
X 387394  Y 236144
X 387537  Y 229525
X 391434  Y 217712
X 391360  Y 208890
X 391360  Y 200292
X 391734  Y 191471
X 441016  Y 139807
X 430901  Y 139923
X 417234  Y 139971
X 430758  Y 151065
X 418065  Y 151545
X 440779  Y 151564
X 414887  Y 271221
X 406649  Y 271316
X 416363  Y 313715
X 408696  Y 313811
X 415981  Y 321095
X 408696  Y 321143

Drill: .04331  Tool: 6  Feed: 0  Speed: 0
X 460244  Y 127486
X 505313  Y 224856
X 505307  Y 164652

Drill: .04331  Tool: 7  Feed: 0  Speed: 0
X 460244  Y 115675
X 517124  Y 224856
X 517118  Y 164652

Drill: .05512  Tool: 8  Feed: 0  Speed: 0
X 476259  Y 275543
X 476259  Y 291842

Drill: .15197  Tool: 9  Feed: 0  Speed: 0
X 505157  Y 283692

Drill: .15748  Tool: 10  Feed: 0  Speed: 0
X 115748  Y 115748
X 115748  Y 320472
X 517322  Y 320472
X 517322  Y 115748

End of Listing
