Change Component Designator: Old Designator=C2 New Designator=C10
Change Component Designator: Old Designator=C2 New Designator=C33
Change Component Designator: Old Designator=C2 New Designator=C34
Change Component Designator: Old Designator=C2 New Designator=C35
Change Component Designator: Old Designator=C2 New Designator=C36
Change Component Designator: Old Designator=C2 New Designator=C38
Change Component Designator: Old Designator=C2 New Designator=C42
Change Component Designator: Old Designator=C3 New Designator=C27
Change Component Designator: Old Designator=C3 New Designator=C28
Change Component Designator: Old Designator=C4 New Designator=C29
Change Component Designator: Old Designator=C5 New Designator=C22
Change Component Designator: Old Designator=C6 New Designator=C25
Change Component Designator: Old Designator=C7 New Designator=C26
Change Component Designator: Old Designator=C13 New Designator=C30
Change Component Designator: Old Designator=C14 New Designator=C31
Change Component Designator: Old Designator=C15 New Designator=C32
Change Component Designator: Old Designator=C16 New Designator=C39
Change Component Designator: Old Designator=C16 New Designator=C43
Change Component Designator: Old Designator=C17 New Designator=C40
Change Component Designator: Old Designator=C17 New Designator=C44
Change Component Designator: Old Designator=C18 New Designator=C41
Change Component Designator: Old Designator=C18 New Designator=C45
Change Component Designator: Old Designator=D2 New Designator=D6
Change Component Designator: Old Designator=D2 New Designator=D7
Change Component Designator: Old Designator=D? New Designator=D4
Change Component Designator: Old Designator=D? New Designator=D5
Change Component Designator: Old Designator=L? New Designator=L7
Change Component Designator: Old Designator=L? New Designator=L8
Change Component Designator: Old Designator=R1 New Designator=R16
Change Component Designator: Old Designator=R3 New Designator=R19
Change Component Designator: Old Designator=R3 New Designator=R20
Change Component Designator: Old Designator=R3 New Designator=R21
Change Component Designator: Old Designator=R3 New Designator=R22
Change Component Designator: Old Designator=R3 New Designator=R23
Change Component Designator: Old Designator=R3 New Designator=R24
Change Component Designator: Old Designator=R3 New Designator=R25
Change Component Designator: Old Designator=R3 New Designator=R27
Change Component Designator: Old Designator=R3 New Designator=R28
Change Component Designator: Old Designator=T? New Designator=T1
Change Component Designator: Old Designator=T? New Designator=T2
Change Component Designator: Old Designator=T? New Designator=T3
Change Component Designator: Old Designator=T? New Designator=T4
Change Component Designator: Old Designator=T? New Designator=T5
Change Component Designator: Old Designator=T? New Designator=T6
Change Component Designator: Old Designator=U1 New Designator=U5
Change Component Designator: Old Designator=U3 New Designator=U7
Change Component Designator: Old Designator=U3 New Designator=U8
Change Component Designator: Old Designator=U4 New Designator=U11
Change Component Designator: Old Designator=U? New Designator=U9
Change Component Designator: Old Designator=U? New Designator=U10
Change Component Designator: Old Designator=V2 New Designator=V1
Change Component Designator: Old Designator=V2 New Designator=V3
Change Component Designator: Old Designator=V2 New Designator=V4
