Removed Pin From Net: NetName=PWR_KEY Pin=C68-1
Removed Pin From Net: NetName=NetD2_K Pin=D2-K
Removed Pin From Net: NetName=VCC_MCU_3.3V Pin=R7-1
Removed Pin From Net: NetName=PWR_KEY Pin=S1-1
Removed Pin From Net: NetName=PWR_KEY Pin=S1-1
Added Component: Designator=U1(QFN50P600X600X80-40N)
Added Pin To Net: NetName=NetC68_1 Pin=C68-1
Added Pin To Net: NetName=PWR_KEY Pin=C68-1
Added Pin To Net: NetName=GND Pin=C68-2
Added Pin To Net: NetName=GND Pin=D2-A
Added Pin To Net: NetName=NetC161_2 Pin=D2-K
Added Pin To Net: NetName=NetD2_K Pin=D2-K
Added Pin To Net: NetName=GND Pin=R7-1
Added Pin To Net: NetName=NetQ2_1 Pin=R7-1
Added Pin To Net: NetName=NetQ6_1 Pin=R7-1
Added Pin To Net: NetName=NetQ7_1 Pin=R7-1
Added Pin To Net: NetName=VCC_MCU_3.3V Pin=R7-1
Added Pin To Net: NetName=NetR7_2 Pin=R7-2
Added Pin To Net: NetName=PWR_KEY Pin=R7-2
Added Pin To Net: NetName=VCC_5V Pin=R7-2
Added Pin To Net: NetName=VCC_MCU_3.3V Pin=R7-2
Added Pin To Net: NetName=NetC61_2 Pin=S1-1
Added Pin To Net: NetName=NetC61_2 Pin=S1-1
Added Pin To Net: NetName=PWR_KEY Pin=S1-1
Added Pin To Net: NetName=PWR_KEY Pin=S1-1
Added Pin To Net: NetName=GND Pin=S1-2
Added Pin To Net: NetName=GND Pin=S1-2
Added Pin To Net: NetName=GND Pin=U1-1
Added Pin To Net: NetName=VCC_BT__3.3V Pin=U1-4
Added Pin To Net: NetName=BT_SPI_CLK Pin=U1-5
Added Pin To Net: NetName=BT_SPI_CS Pin=U1-6
Added Pin To Net: NetName=VCC_BT__3.3V Pin=U1-10
Added Pin To Net: NetName=NetU1_16 Pin=U1-16
Added Pin To Net: NetName=NetU1_17 Pin=U1-17
Added Pin To Net: NetName=RESET_N Pin=U1-20
Added Pin To Net: NetName=VCC_BT__3.3V Pin=U1-21
Added Pin To Net: NetName=NetC9_2 Pin=U1-22
Added Pin To Net: NetName=NetC11_2 Pin=U1-23
Added Pin To Net: NetName=VCC_BT__3.3V Pin=U1-24
Added Pin To Net: NetName=NetC5_1 Pin=U1-25
Added Pin To Net: NetName=NetC4_1 Pin=U1-26
Added Pin To Net: NetName=VCC_BT__3.3V Pin=U1-27
Added Pin To Net: NetName=VCC_BT__3.3V Pin=U1-28
Added Pin To Net: NetName=VCC_BT__3.3V Pin=U1-29
Added Pin To Net: NetName=NetR7_2 Pin=U1-30
Added Pin To Net: NetName=VCC_BT__3.3V Pin=U1-31
Added Pin To Net: NetName=NetC1_2 Pin=U1-32
Added Pin To Net: NetName=NetC37_2 Pin=U1-33
Added Pin To Net: NetName=BT_DC Pin=U1-34
Added Pin To Net: NetName=BT_DD Pin=U1-35
Added Pin To Net: NetName=BT_LED Pin=U1-36
Added Pin To Net: NetName=BT_SPI_MISO Pin=U1-37
Added Pin To Net: NetName=BT_SPI_MOSI Pin=U1-38
Added Pin To Net: NetName=VCC_BT__3.3V Pin=U1-39
Added Pin To Net: NetName=NetC2_2 Pin=U1-40
Added Pin To Net: NetName=GND Pin=U1-41
Added Member To Class: ClassName=BT Member=Component U1 CC2540
