Added Component: Designator=C37(0603C)
Added Component: Designator=C69(2220C)
Added Component: Designator=C70(0603C)
Added Component: Designator=C71(0603C)
Added Component: Designator=C85(2220C)
Added Component: Designator=D8(SOD323)
Added Component: Designator=D9(SMa)
Added Component: Designator=D11(SMB)
Added Component: Designator=L9(SRP5030T)
Added Component: Designator=R7(0603R)
Added Component: Designator=R42(0603R)
Added Component: Designator=R44(0603R)
Added Component: Designator=R45(0603R)
Added Component: Designator=R46(0603R)
Added Component: Designator=R47(0603R)
Added Component: Designator=R64(0603R)
Added Component: Designator=U6(SOP127P600X168_HS-8N)
Added Component: Designator=U9(BGU7005)
Added Component: Designator=U10(SAFEA1G58KA0F00R15)
Added Pin To Net: NetName=NetC37_1 Pin=C37-1
Added Pin To Net: NetName=NetC37_2 Pin=C37-2
Added Pin To Net: NetName=VCC_OUT Pin=C69-1
Added Pin To Net: NetName=GND Pin=C69-2
Added Pin To Net: NetName=NetC70_1 Pin=C70-1
Added Pin To Net: NetName=GND Pin=C70-2
Added Pin To Net: NetName=NetC71_1 Pin=C71-1
Added Pin To Net: NetName=GND Pin=C71-2
Added Pin To Net: NetName=VCC_OUT Pin=C85-1
Added Pin To Net: NetName=GND Pin=C85-2
Added Pin To Net: NetName=VCC_MCU_3.3V Pin=D8-1
Added Pin To Net: NetName=NetD8_2 Pin=D8-2
Added Pin To Net: NetName=GND Pin=D9-1
Added Pin To Net: NetName=NetC37_1 Pin=D9-2
Added Pin To Net: NetName=VCC_OUT Pin=D11-1
Added Pin To Net: NetName=NetC105_2 Pin=D11-2
Added Pin To Net: NetName=NetC37_1 Pin=L9-1
Added Pin To Net: NetName=VCC_OUT Pin=L9-2
Added Pin To Net: NetName=GND Pin=R7-1
Added Pin To Net: NetName=NetR7_2 Pin=R7-2
Added Pin To Net: NetName=NetR42_1 Pin=R42-1
Added Pin To Net: NetName=VCC_OUT Pin=R42-2
Added Pin To Net: NetName=NetQ3_1 Pin=R44-1
Added Pin To Net: NetName=NetR44_2 Pin=R44-2
Added Pin To Net: NetName=NetR44_2 Pin=R45-1
Added Pin To Net: NetName=GND Pin=R45-2
Added Pin To Net: NetName=NetR46_1 Pin=R46-1
Added Pin To Net: NetName=GND Pin=R46-2
Added Pin To Net: NetName=NetC70_1 Pin=R47-1
Added Pin To Net: NetName=NetC71_1 Pin=R47-2
Added Pin To Net: NetName=NetR42_1 Pin=R64-1
Added Pin To Net: NetName=GND Pin=R64-2
Added Pin To Net: NetName=NetC37_2 Pin=U6-1
Added Pin To Net: NetName=NetQ3_1 Pin=U6-2
Added Pin To Net: NetName=NetR44_2 Pin=U6-3
Added Pin To Net: NetName=NetR46_1 Pin=U6-4
Added Pin To Net: NetName=NetR42_1 Pin=U6-5
Added Pin To Net: NetName=NetC70_1 Pin=U6-6
Added Pin To Net: NetName=GND Pin=U6-7
Added Pin To Net: NetName=NetC37_1 Pin=U6-8
Added Pin To Net: NetName=GND Pin=U6-9
Added Pin To Net: NetName=GND Pin=U9-1
Added Pin To Net: NetName=GND Pin=U9-2
Added Pin To Net: NetName=NetL8_1 Pin=U9-3
Added Pin To Net: NetName=NetC33_1 Pin=U9-4
Added Pin To Net: NetName=NetC33_1 Pin=U9-5
Added Pin To Net: NetName=NetC36_1 Pin=U9-6
Added Pin To Net: NetName=NetC35_2 Pin=U10-1
Added Pin To Net: NetName=GND Pin=U10-2
Added Pin To Net: NetName=GND Pin=U10-3
Added Pin To Net: NetName=NetL8_2 Pin=U10-4
Added Pin To Net: NetName=GND Pin=U10-5
Added Member To Class: ClassName=POWER_IN Member=Component C37 0.1uF/50V
Added Member To Class: ClassName=POWER_IN Member=Component C69 100uF/16V
Added Member To Class: ClassName=POWER_IN Member=Component C70 47pF/16V
Added Member To Class: ClassName=POWER_IN Member=Component C71 4700pF/16V
Added Member To Class: ClassName=POWER_IN Member=Component C85 100uF/16V
Added Member To Class: ClassName=MCU Member=Component D8 RB751V40T1
Added Member To Class: ClassName=POWER_IN Member=Component D9 MBRA340T3G
Added Member To Class: ClassName=POWER_IN Member=Component D11 MBRS130LT3
Added Member To Class: ClassName=POWER_IN Member=Component L9 SRP5030TA-5R6M
Added Member To Class: ClassName=BT Member=Component R7 56K/1%
Added Member To Class: ClassName=POWER_IN Member=Component R42 31.6K/1%
Added Member To Class: ClassName=POWER_IN Member=Component R44 365K
Added Member To Class: ClassName=POWER_IN Member=Component R45 88.7K
Added Member To Class: ClassName=POWER_IN Member=Component R46 243K/1%
Added Member To Class: ClassName=POWER_IN Member=Component R47 16.9K/1%
Added Member To Class: ClassName=POWER_IN Member=Component R64 10.2K/1%
Added Member To Class: ClassName=POWER_IN Member=Component U6 TPS54540DDA
Added Member To Class: ClassName=LTE Member=Component U9 BGU7005
Added Member To Class: ClassName=LTE Member=Component U10 SAFEA1G58KA0F00R15
