Removed Pin From Net: NetName=PWR_KEY Pin=C68-1
Removed Pin From Net: NetName=NetD2_K Pin=D2-K
Removed Pin From Net: NetName=VCC_MCU_3.3V Pin=R7-1
Removed Pin From Net: NetName=PWR_KEY Pin=S1-1
Removed Pin From Net: NetName=PWR_KEY Pin=S1-1
Removed Pin From Net: NetName=USB_D_P Pin=T?-1
Added Component: Designator=Q3(PowerPAK SO-8)
Added Component: Designator=Q4(PowerPAK SO-8)
Added Component: Designator=Q5(SOT23-3)
Added Pin To Net: NetName=NetC68_1 Pin=C68-1
Added Pin To Net: NetName=PWR_KEY Pin=C68-1
Added Pin To Net: NetName=GND Pin=C68-2
Added Pin To Net: NetName=GND Pin=D2-A
Added Pin To Net: NetName=NetC161_2 Pin=D2-K
Added Pin To Net: NetName=NetD2_K Pin=D2-K
Added Pin To Net: NetName=NetC308_1 Pin=Q3-1
Added Pin To Net: NetName=NetC308_1 Pin=Q3-2
Added Pin To Net: NetName=NetC308_1 Pin=Q3-3
Added Pin To Net: NetName=NetQ3_4 Pin=Q3-4
Added Pin To Net: NetName=NetC63_1 Pin=Q3-5
Added Pin To Net: NetName=NetC63_1 Pin=Q3-5
Added Pin To Net: NetName=NetC63_1 Pin=Q3-5
Added Pin To Net: NetName=NetC63_1 Pin=Q3-6
Added Pin To Net: NetName=NetC63_1 Pin=Q3-7
Added Pin To Net: NetName=NetC63_1 Pin=Q3-8
Added Pin To Net: NetName=NetC63_1 Pin=Q3-8
Added Pin To Net: NetName=NetC63_1 Pin=Q3-8
Added Pin To Net: NetName=NetD9_3 Pin=Q4-1
Added Pin To Net: NetName=NetD9_3 Pin=Q4-2
Added Pin To Net: NetName=NetD9_3 Pin=Q4-3
Added Pin To Net: NetName=NetQ4_4 Pin=Q4-4
Added Pin To Net: NetName=NetQ4_5 Pin=Q4-5
Added Pin To Net: NetName=NetQ4_5 Pin=Q4-5
Added Pin To Net: NetName=NetQ4_5 Pin=Q4-5
Added Pin To Net: NetName=NetQ4_5 Pin=Q4-6
Added Pin To Net: NetName=NetQ4_5 Pin=Q4-7
Added Pin To Net: NetName=NetQ4_5 Pin=Q4-8
Added Pin To Net: NetName=NetQ4_5 Pin=Q4-8
Added Pin To Net: NetName=NetQ4_5 Pin=Q4-8
Added Pin To Net: NetName=NetQ5_1 Pin=Q5-1
Added Pin To Net: NetName=NetC108_1 Pin=Q5-2
Added Pin To Net: NetName=NetQ5_3 Pin=Q5-3
Added Pin To Net: NetName=GND Pin=R7-1
Added Pin To Net: NetName=NetQ2_1 Pin=R7-1
Added Pin To Net: NetName=NetQ6_1 Pin=R7-1
Added Pin To Net: NetName=NetQ7_1 Pin=R7-1
Added Pin To Net: NetName=VCC_MCU_3.3V Pin=R7-1
Added Pin To Net: NetName=NetR7_2 Pin=R7-2
Added Pin To Net: NetName=PWR_KEY Pin=R7-2
Added Pin To Net: NetName=VCC_5V Pin=R7-2
Added Pin To Net: NetName=VCC_MCU_3.3V Pin=R7-2
Added Pin To Net: NetName=NetC61_2 Pin=S1-1
Added Pin To Net: NetName=NetC61_2 Pin=S1-1
Added Pin To Net: NetName=PWR_KEY Pin=S1-1
Added Pin To Net: NetName=PWR_KEY Pin=S1-1
Added Pin To Net: NetName=GND Pin=S1-2
Added Pin To Net: NetName=GND Pin=S1-2
Added Pin To Net: NetName=USB_D_N Pin=T?-1
Added Pin To Net: NetName=USB_D_P Pin=T?-1
Added Member To Class: ClassName=POWER_IN Member=Component Q3 Si7370DP
Added Member To Class: ClassName=POWER_IN Member=Component Q4 Si7370DP
Added Member To Class: ClassName=POWER_IN Member=Component Q5 ZXM61P03FTA
Added Member To Class: ClassName=MCU Member=Component T? TEST_P
