Removed Pin From Net: NetName=GND Pin=C34-2
Removed Pin From Net: NetName=GND Pin=C39-1
Removed Pin From Net: NetName=VCC_5V Pin=C39-2
Removed Pin From Net: NetName=GND Pin=C40-1
Removed Pin From Net: NetName=GND Pin=C41-1
Removed Pin From Net: NetName=Net3G_ANT_1 Pin=L7-1
Removed Pin From Net: NetName=NetR25_1 Pin=R27-2
Removed Pin From Net: NetName=VCC_5V Pin=U4-1
Removed Pin From Net: NetName=GND Pin=U4-2
Removed Pin From Net: NetName=NetR25_1 Pin=U4-3
Removed Member From Class: ClassName=LTE Member=C34
Removed Member From Class: ClassName=LTE Member=C34
Removed Member From Class: ClassName=LTE Member=C39
Removed Member From Class: ClassName=LTE Member=C39
Removed Member From Class: ClassName=LTE Member=C40
Removed Member From Class: ClassName=LTE Member=C40
Removed Member From Class: ClassName=LTE Member=C41
Removed Member From Class: ClassName=LTE Member=C41
Removed Member From Class: ClassName=LTE Member=L7
Removed Member From Class: ClassName=LTE Member=L7
Removed Member From Class: ClassName=LTE Member=R20
Removed Member From Class: ClassName=LTE Member=R20
Removed Member From Class: ClassName=LTE Member=R27
Removed Member From Class: ClassName=LTE Member=R27
Removed Member From Class: ClassName=LTE Member=T2
Removed Member From Class: ClassName=LTE Member=T2
Removed Member From Class: ClassName=LTE Member=U4
Removed Member From Class: ClassName=LTE Member=U4
Removed Member From Class: ClassName=LTE Member=U4
Added Pin To Net: NetName=NetR25_1 Pin=T4-
Added Pin To Net: NetName=NetR25_1 Pin=U13-67
