Removed Pin From Net: NetName=VCC_OUT Pin=C?-1
Removed Pin From Net: NetName=VCC_5V Pin=C?-2
Removed Pin From Net: NetName=GND Pin=D?-1
Removed Pin From Net: NetName=NetR59_2 Pin=R59-2
Removed Pin From Net: NetName=NetR64_1 Pin=R64-1
Removed Pin From Net: NetName=NetR?_1 Pin=R?-1
Removed Pin From Net: NetName=VCC_OUT Pin=R?-2
Removed Pin From Net: NetName=NetC?_2 Pin=U6-1
Removed Pin From Net: NetName=NetR?_1 Pin=U6-3
Removed Pin From Net: NetName=NetR64_1 Pin=U6-5
Removed Pin From Net: NetName=NetC?_1 Pin=U6-6
Removed Pin From Net: NetName=NetR59_2 Pin=U17-7
Removed Pin From Net: NetName=NetR68_1 Pin=U?-1
Removed Pin From Net: NetName=VCC_MCU2_3.3V Pin=U?-5
Removed Pin From Net: NetName=RF_RST Pin=U?-8
Removed Pin From Net: NetName=RF_IRQ Pin=U?-9
Removed Member From Class: ClassName=POWER_IN Member=U?
Change Component Designator: OldDesignator=C? NewDesignator=C37
Change Component Designator: OldDesignator=C? NewDesignator=C69
Change Component Designator: OldDesignator=C? NewDesignator=C70
Change Component Designator: OldDesignator=C? NewDesignator=C71
Change Component Designator: OldDesignator=C? NewDesignator=C72
Change Component Designator: OldDesignator=C? NewDesignator=C73
Change Component Designator: OldDesignator=C? NewDesignator=C110
Change Component Designator: OldDesignator=C? NewDesignator=C111
Change Component Designator: OldDesignator=D? NewDesignator=D9
Change Component Designator: OldDesignator=D? NewDesignator=D13
Change Component Designator: OldDesignator=D? NewDesignator=D14
Change Component Designator: OldDesignator=L? NewDesignator=L9
Change Component Designator: OldDesignator=R? NewDesignator=R42
Change Component Designator: OldDesignator=R? NewDesignator=R44
Change Component Designator: OldDesignator=R? NewDesignator=R45
Change Component Designator: OldDesignator=R? NewDesignator=R46
Change Component Designator: OldDesignator=R? NewDesignator=R47
Change Component Designator: OldDesignator=R? NewDesignator=R48
Change Component Designator: OldDesignator=U? NewDesignator=U15
Change Component Designator: OldDesignator=U? NewDesignator=U22
Added Pin To Net: NetName=NetC?_1 Pin=C37-1
Added Pin To Net: NetName=NetC?_1 Pin=C37-2
Added Pin To Net: NetName=VCC_OUT Pin=C69-1
Added Pin To Net: NetName=GND Pin=C69-2
Added Pin To Net: NetName=NetC?_1 Pin=C70-1
Added Pin To Net: NetName=GND Pin=C70-2
Added Pin To Net: NetName=NetC?_1 Pin=C71-1
Added Pin To Net: NetName=GND Pin=C71-2
Added Pin To Net: NetName=NetC84_1 Pin=C72-1
Added Pin To Net: NetName=GND Pin=C72-2
Added Pin To Net: NetName=NetC?_1 Pin=C73-1
Added Pin To Net: NetName=NetC?_2 Pin=C73-2
Added Pin To Net: NetName=GND Pin=C110-1
Added Pin To Net: NetName=VCC_5V Pin=C110-2
Added Pin To Net: NetName=VCC_5V Pin=C111-1
Added Pin To Net: NetName=GND Pin=C111-2
Added Pin To Net: NetName=GND Pin=D9-1
Added Pin To Net: NetName=NetC?_1 Pin=D9-2
Added Pin To Net: NetName=NetC?_1 Pin=L9-1
Added Pin To Net: NetName=NetR59_2 Pin=R42-1
Added Pin To Net: NetName=VCC_OUT Pin=R42-2
Added Pin To Net: NetName=NetQ3_1 Pin=R44-1
Added Pin To Net: NetName=NetR64_1 Pin=R44-2
Added Pin To Net: NetName=NetR64_1 Pin=R45-1
Added Pin To Net: NetName=GND Pin=R45-2
Added Pin To Net: NetName=NetR?_1 Pin=R46-1
Added Pin To Net: NetName=GND Pin=R46-2
Added Pin To Net: NetName=NetC?_1 Pin=R47-1
Added Pin To Net: NetName=NetC?_1 Pin=R47-2
Added Pin To Net: NetName=NetR?_1 Pin=R48-1
Added Pin To Net: NetName=GND Pin=R48-2
Added Pin To Net: NetName=NetR?_1 Pin=R59-2
Added Pin To Net: NetName=NetR59_2 Pin=R64-1
Added Pin To Net: NetName=NetC?_1 Pin=U6-1
Added Pin To Net: NetName=NetR64_1 Pin=U6-3
Added Pin To Net: NetName=NetR?_1 Pin=U6-4
Added Pin To Net: NetName=NetR59_2 Pin=U6-5
Added Pin To Net: NetName=NetC?_1 Pin=U6-6
Added Pin To Net: NetName=NetC?_1 Pin=U6-8
Added Pin To Net: NetName=NetC?_2 Pin=U15-1
Added Pin To Net: NetName=ENABLE Pin=U15-5
Added Pin To Net: NetName=NetC?_2 Pin=U15-7
Added Pin To Net: NetName=NetC?_1 Pin=U15-8
Added Pin To Net: NetName=GND Pin=U15-9
Added Pin To Net: NetName=NetR?_1 Pin=U17-7
Added Pin To Net: NetName=NetR68_1 Pin=U22-1
Added Pin To Net: NetName=NRST2 Pin=U22-4
Added Pin To Net: NetName=VCC_MCU2_3.3V Pin=U22-5
Added Pin To Net: NetName=RF_RST Pin=U22-8
Added Pin To Net: NetName=RF_IRQ Pin=U22-9
Added Pin To Net: NetName=SPI_NSS Pin=U22-10
Added Pin To Net: NetName=SPI_SCK Pin=U22-11
Added Pin To Net: NetName=SPI_MISO Pin=U22-12
Added Pin To Net: NetName=SPI_MOSI Pin=U22-13
Added Pin To Net: NetName=NetU13_7 Pin=U22-14
Added Pin To Net: NetName=GND Pin=U22-15
Added Pin To Net: NetName=VCC_MCU2_3.3V Pin=U22-16
Added Pin To Net: NetName=NetU13_83 Pin=U22-17
Added Pin To Net: NetName=NetU13_80 Pin=U22-18
Added Pin To Net: NetName=MCU_433_SWDIO Pin=U22-19
Added Pin To Net: NetName=MCU_433_SWCLK Pin=U22-20
Change Net Name : Old Net Name=NetC84_1 New Net Name=NetC72_1
Change Net Name : Old Net Name=NetC?_1 New Net Name=NetC37_1
Change Net Name : Old Net Name=NetC?_1 New Net Name=NetC37_2
Change Net Name : Old Net Name=NetC?_1 New Net Name=NetC70_1
Change Net Name : Old Net Name=NetC?_1 New Net Name=NetC71_1
Change Net Name : Old Net Name=NetC?_1 New Net Name=NetC73_1
Change Net Name : Old Net Name=NetC?_2 New Net Name=NetC73_2
Change Net Name : Old Net Name=NetC?_2 New Net Name=NetC74_1
Change Net Name : Old Net Name=NetR59_2 New Net Name=NetR42_1
Change Net Name : Old Net Name=NetR64_1 New Net Name=NetR44_2
Change Net Name : Old Net Name=NetR?_1 New Net Name=NetR46_1
Change Net Name : Old Net Name=NetR?_1 New Net Name=NetR48_1
Added Member To Class: ClassName=POWER_IN Member=Component C37 0.1uF/50V
Added Member To Class: ClassName=POWER_IN Member=Component C69 100uF/16V
Added Member To Class: ClassName=POWER_IN Member=Component C71 4700pF/16V
Added Member To Class: ClassName=POWER_IN Member=Component C73 0.01uF/50V
Added Member To Class: ClassName=POWER_IN Member=Component C85 100uF/16V
Added Member To Class: ClassName=POWER_IN Member=Component C110 47uF/10V
Added Member To Class: ClassName=POWER_IN Member=Component C111 0.1uF
Added Member To Class: ClassName=POWER_IN Member=Component D13 MBR360
Added Member To Class: ClassName=POWER_IN Member=Component D14 MBR360
Added Member To Class: ClassName=POWER_IN Member=Component R42 31.6K/1%
Added Member To Class: ClassName=POWER_IN Member=Component R44 365K
Added Member To Class: ClassName=POWER_IN Member=Component R45 88.7K
Added Member To Class: ClassName=POWER_IN Member=Component R46 243K/1%
Added Member To Class: ClassName=POWER_IN Member=Component R64 10.2K/1%
Added Member To Class: ClassName=POWER_IN Member=Component U15 LM22676MRE-5.0/NOPB
