Change Component Designator: Old Designator=C308 New Designator=C63
Change Component Designator: Old Designator=C308 New Designator=C69
Change Component Designator: Old Designator=C308 New Designator=C70
Change Component Designator: Old Designator=C308 New Designator=C71
Change Component Designator: Old Designator=C308 New Designator=C72
Change Component Designator: Old Designator=C308 New Designator=C73
Change Component Designator: Old Designator=C308 New Designator=C74
Change Component Designator: Old Designator=C308 New Designator=C75
Change Component Designator: Old Designator=C308 New Designator=C76
Change Component Designator: Old Designator=C308 New Designator=C77
Change Component Designator: Old Designator=C308 New Designator=C78
Change Component Designator: Old Designator=C308 New Designator=C79
Change Component Designator: Old Designator=C308 New Designator=C80
Change Component Designator: Old Designator=C308 New Designator=C81
Change Component Designator: Old Designator=C308 New Designator=C82
Change Component Designator: Old Designator=C308 New Designator=C83
Change Component Designator: Old Designator=C308 New Designator=C84
Change Component Designator: Old Designator=C308 New Designator=C85
Change Component Designator: Old Designator=C308 New Designator=C86
Change Component Designator: Old Designator=C308 New Designator=C87
Change Component Designator: Old Designator=C308 New Designator=C88
Change Component Designator: Old Designator=D2 New Designator=D9
Change Component Designator: Old Designator=L1 New Designator=L9
Change Component Designator: Old Designator=L1 New Designator=L10
Change Component Designator: Old Designator=L1 New Designator=L11
Change Component Designator: Old Designator=Q3 New Designator=Q4
Change Component Designator: Old Designator=R185 New Designator=R41
Change Component Designator: Old Designator=R185 New Designator=R42
Change Component Designator: Old Designator=R185 New Designator=R43
Change Component Designator: Old Designator=R185 New Designator=R44
Change Component Designator: Old Designator=R185 New Designator=R45
Change Component Designator: Old Designator=R185 New Designator=R46
Change Component Designator: Old Designator=R185 New Designator=R47
Change Component Designator: Old Designator=R185 New Designator=R48
Change Component Designator: Old Designator=R185 New Designator=R49
Change Component Designator: Old Designator=R185 New Designator=R50
Change Component Designator: Old Designator=R185 New Designator=R51
Change Component Designator: Old Designator=R185 New Designator=R54
Change Component Designator: Old Designator=R185 New Designator=R55
Change Component Designator: Old Designator=R185 New Designator=R56
Change Component Designator: Old Designator=R185 New Designator=R57
Change Component Designator: Old Designator=R185 New Designator=R58
Change Component Designator: Old Designator=R185 New Designator=R59
Change Component Designator: Old Designator=R185 New Designator=R60
Change Component Designator: Old Designator=R185 New Designator=R61
Change Component Designator: Old Designator=R185 New Designator=R62
Change Component Designator: Old Designator=R185 New Designator=R63
Change Component Designator: Old Designator=R185 New Designator=R64
Change Component Designator: Old Designator=R185 New Designator=R65
Change Component Designator: Old Designator=R185 New Designator=R66
Change Component Designator: Old Designator=T? New Designator=T7
Change Component Designator: Old Designator=T? New Designator=T8
Change Component Designator: Old Designator=U? New Designator=U15
Change Component Designator: Old Designator=U? New Designator=U16
Change Component Designator: Old Designator=U? New Designator=U17
