Change Component Designator: Old Designator=C1 New Designator=C102
Change Component Designator: Old Designator=C2 New Designator=C101
Change Component Designator: Old Designator=C3 New Designator=C100
Change Component Designator: Old Designator=C4 New Designator=C99
Change Component Designator: Old Designator=C5 New Designator=C98
Change Component Designator: Old Designator=C6 New Designator=C89
Change Component Designator: Old Designator=C7 New Designator=C97
Change Component Designator: Old Designator=C8 New Designator=C95
Change Component Designator: Old Designator=C9 New Designator=C94
Change Component Designator: Old Designator=C11 New Designator=C90
Change Component Designator: Old Designator=C12 New Designator=C91
Change Component Designator: Old Designator=C13 New Designator=C103
Change Component Designator: Old Designator=C15 New Designator=C104
Change Component Designator: Old Designator=C20 New Designator=C96
Change Component Designator: Old Designator=C64 New Designator=C92
Change Component Designator: Old Designator=D2 New Designator=D10
Change Component Designator: Old Designator=L1 New Designator=L16
Change Component Designator: Old Designator=L2 New Designator=L15
Change Component Designator: Old Designator=L3 New Designator=L13
Change Component Designator: Old Designator=L4 New Designator=L12
Change Component Designator: Old Designator=Q6 New Designator=Q5
Change Component Designator: Old Designator=R3 New Designator=R67
Change Component Designator: Old Designator=R4 New Designator=R68
Change Component Designator: Old Designator=R10 New Designator=R70
Change Component Designator: Old Designator=U1 New Designator=U20
Change Component Designator: Old Designator=U2 New Designator=U19
Change Component Designator: Old Designator=Y2 New Designator=Y4
