PCB 网表错误报告 - POWER_ZM_V1.0_20180731.sch - Tue Aug 07 13:54:08 2018
-------------------------------------------------------------------------
设计与库元件的一致性检查
------------------------
库中找不到元件类型 C0603 - 无法检查下列元件:
 C16 C17.

单个/零个管脚网络警告
---------------------
没有单个或零个管脚网络。

原理图连接性错误
----------------

电源或接地符号使用了不正确的网络名

AC220V_L
POWER        X6580  Y12140 - 网络所用电源符号: +5V
POWER        X5590  Y10790 - 网络所用电源符号: +5V

AC220V_N
POWER        X6590  Y11450 - 网络所用电源符号: +5V
POWER        X5770  Y10560 - 网络所用电源符号: +5V

EARTH
POWER        X11300 Y11260 - 网络所用接地符号: GND
POWER        X5560  Y10220 - 网络所用接地符号: GND

VCC_12V
POWER        X12890 Y11910 - 网络所用电源符号: +5V
POWER        X14630 Y12050 - 网络所用电源符号: +5V
POWER        X16300 Y11800 - 网络所用电源符号: +5V
