Change Component Designator: Old Designator=C? New Designator=C4
Change Component Designator: Old Designator=C? New Designator=C5
Change Component Designator: Old Designator=C? New Designator=C6
Change Component Designator: Old Designator=C? New Designator=C7
Change Component Designator: Old Designator=C? New Designator=C8
Change Component Designator: Old Designator=C? New Designator=C9
Change Component Designator: Old Designator=C? New Designator=C10
Change Component Designator: Old Designator=C? New Designator=C11
Change Component Designator: Old Designator=D? New Designator=D4
Change Component Designator: Old Designator=P2 New Designator=P4
Change Component Designator: Old Designator=P? New Designator=P5
Change Component Designator: Old Designator=P? New Designator=P6
Change Component Designator: Old Designator=R3 New Designator=R11
Change Component Designator: Old Designator=R3 New Designator=R12
Change Component Designator: Old Designator=R3 New Designator=R14
Change Component Designator: Old Designator=R3 New Designator=R15
Change Component Designator: Old Designator=R3 New Designator=R16
Change Component Designator: Old Designator=R7 New Designator=R8
Change Component Designator: Old Designator=R7 New Designator=R9
Change Component Designator: Old Designator=R7 New Designator=R10
Change Component Designator: Old Designator=R7 New Designator=R13
Change Component Designator: Old Designator=S? New Designator=S2
Change Component Designator: Old Designator=U? New Designator=U2
Change Component Designator: Old Designator=X? New Designator=X1
