Added Component: Designator=C1(0402C)
Added Component: Designator=C2(0603C)
Added Component: Designator=C3(1210E)
Added Component: Designator=C4(0402C)
Added Component: Designator=C6(0402C)
Added Component: Designator=C7(0402C)
Added Component: Designator=C8(0402C)
Added Component: Designator=C9(0402C)
Added Component: Designator=C10(0402C)
Added Component: Designator=C11(0402C)
Added Component: Designator=C12(1210C)
Added Component: Designator=C13(0402c)
Added Component: Designator=C16(0402C)
Added Component: Designator=C17(0402C)
Added Component: Designator=D1(0603LED)
Added Component: Designator=D2(0603LED)
Added Component: Designator=D3(SOD323)
Added Component: Designator=D5(0603LED)
Added Component: Designator=D6(SMA)
Added Component: Designator=D7(SMA)
Added Component: Designator=J2(HDR1X2)
Added Component: Designator=J3(HDR1X4)
Added Component: Designator=J5(HDR1X4)
Added Component: Designator=J6(HDR1X3)
Added Component: Designator=J9(HDR1X2)
Added Component: Designator=L1(0805r)
Added Component: Designator=L2(0805r)
Added Component: Designator=NTC1(0603R)
Added Component: Designator=R1(0402R)
Added Component: Designator=R2(0402R)
Added Component: Designator=R3(0402R)
Added Component: Designator=R4(0402R)
Added Component: Designator=R5(2010R)
Added Component: Designator=R6(0402R)
Added Component: Designator=R8(0402R)
Added Component: Designator=R9(0402R)
Added Component: Designator=R10(0402R)
Added Component: Designator=R11(0402R)
Added Component: Designator=R12(0402R)
Added Component: Designator=R13(0402R)
Added Component: Designator=R14(0402R)
Added Component: Designator=R15(0402R)
Added Component: Designator=R16(0402R)
Added Component: Designator=R17(0402R)
Added Component: Designator=R18(0402R)
Added Component: Designator=R19(0402R)
Added Component: Designator=R20(0402R)
Added Component: Designator=R21(0402R)
Added Component: Designator=R22(0402R)
Added Component: Designator=R23(0402R)
Added Component: Designator=U1(so-8)
Added Component: Designator=U3(SOT-23-5)
Added Component: Designator=U4(DIP-4)
Added Component: Designator=X1(XTAL4TN_3225)
Added Pin To Net: NetName=AD_BAT_IN Pin=R11-2
Added Pin To Net: NetName=AD_BAT_IN Pin=R12-1
Added Net: Name=AD_BAT_IN
Added Pin To Net: NetName=BATTERY Pin=C3-1
Added Pin To Net: NetName=BATTERY Pin=C12-1
Added Pin To Net: NetName=BATTERY Pin=C13-1
Added Pin To Net: NetName=BATTERY Pin=D3-2
Added Pin To Net: NetName=BATTERY Pin=D7-1
Added Pin To Net: NetName=BATTERY Pin=J2-1
Added Pin To Net: NetName=BATTERY Pin=R11-1
Added Pin To Net: NetName=BATTERY Pin=R13-1
Added Pin To Net: NetName=BATTERY Pin=U3-4
Added Net: Name=BATTERY
Added Net: Name=DM
Added Net: Name=DP
Added Pin To Net: NetName=GND Pin=C1-1
Added Pin To Net: NetName=GND Pin=C2-1
Added Pin To Net: NetName=GND Pin=C3-2
Added Pin To Net: NetName=GND Pin=C4-1
Added Pin To Net: NetName=GND Pin=C6-1
Added Pin To Net: NetName=GND Pin=C7-1
Added Pin To Net: NetName=GND Pin=C8-1
Added Pin To Net: NetName=GND Pin=C9-1
Added Pin To Net: NetName=GND Pin=C10-1
Added Pin To Net: NetName=GND Pin=C11-1
Added Pin To Net: NetName=GND Pin=C12-2
Added Pin To Net: NetName=GND Pin=C13-2
Added Pin To Net: NetName=GND Pin=C16-1
Added Pin To Net: NetName=GND Pin=D1-2
Added Pin To Net: NetName=GND Pin=D3-1
Added Pin To Net: NetName=GND Pin=J2-2
Added Pin To Net: NetName=GND Pin=J3-2
Added Pin To Net: NetName=GND Pin=J5-2
Added Pin To Net: NetName=GND Pin=J9-2
Added Pin To Net: NetName=GND Pin=NTC1-2
Added Pin To Net: NetName=GND Pin=R4-2
Added Pin To Net: NetName=GND Pin=R12-2
Added Pin To Net: NetName=GND Pin=R13-2
Added Pin To Net: NetName=GND Pin=R16-1
Added Pin To Net: NetName=GND Pin=R17-2
Added Pin To Net: NetName=GND Pin=R19-1
Added Pin To Net: NetName=GND Pin=R23-1
Added Pin To Net: NetName=GND Pin=U3-2
Added Net: Name=GND
Added Pin To Net: NetName=LED Pin=D1-1
Added Pin To Net: NetName=LED Pin=R8-2
Added Net: Name=LED
Added Pin To Net: NetName=NetC17_1 Pin=C17-1
Added Pin To Net: NetName=NetC17_1 Pin=R22-1
Added Pin To Net: NetName=NetC17_1 Pin=R23-2
Added Pin To Net: NetName=NetC17_1 Pin=U3-5
Added Net: Name=NetC17_1
Added Pin To Net: NetName=NetD2_1 Pin=D2-1
Added Pin To Net: NetName=NetD2_1 Pin=R6-1
Added Net: Name=NetD2_1
Added Pin To Net: NetName=NetD2_2 Pin=D2-2
Added Net: Name=NetD2_2
Added Pin To Net: NetName=NetD5_1 Pin=D5-1
Added Pin To Net: NetName=NetD5_1 Pin=R1-1
Added Net: Name=NetD5_1
Added Pin To Net: NetName=NetD5_2 Pin=D5-2
Added Net: Name=NetD5_2
Added Pin To Net: NetName=NetD6_2 Pin=D6-2
Added Pin To Net: NetName=NetD6_2 Pin=R20-1
Added Net: Name=NetD6_2
Added Pin To Net: NetName=NetD7_2 Pin=D7-2
Added Pin To Net: NetName=NetD7_2 Pin=R21-1
Added Net: Name=NetD7_2
Added Pin To Net: NetName=NetJ1_CC1 Pin=R17-1
Added Net: Name=NetJ1_CC1
Added Pin To Net: NetName=NetJ1_CC2 Pin=R4-1
Added Net: Name=NetJ1_CC2
Added Pin To Net: NetName=NetJ6_1 Pin=J6-1
Added Pin To Net: NetName=NetJ6_1 Pin=U4-4
Added Net: Name=NetJ6_1
Added Pin To Net: NetName=NetJ6_2 Pin=J6-2
Added Pin To Net: NetName=NetJ6_2 Pin=U4-3
Added Net: Name=NetJ6_2
Added Pin To Net: NetName=NetJ6_3 Pin=J6-3
Added Pin To Net: NetName=NetJ6_3 Pin=R15-2
Added Net: Name=NetJ6_3
Added Pin To Net: NetName=NetL1_1 Pin=L1-1
Added Pin To Net: NetName=NetL1_1 Pin=U3-3
Added Net: Name=NetL1_1
Added Pin To Net: NetName=NetNTC1_1 Pin=NTC1-1
Added Pin To Net: NetName=NetNTC1_1 Pin=R18-2
Added Net: Name=NetNTC1_1
Added Pin To Net: NetName=NetR1_2 Pin=R1-2
Added Pin To Net: NetName=NetR1_2 Pin=R5-2
Added Pin To Net: NetName=NetR1_2 Pin=R6-2
Added Pin To Net: NetName=NetR1_2 Pin=R18-1
Added Net: Name=NetR1_2
Added Pin To Net: NetName=NetR2_1 Pin=R2-1
Added Net: Name=NetR2_1
Added Pin To Net: NetName=NetR8_1 Pin=R8-1
Added Net: Name=NetR8_1
Added Pin To Net: NetName=NetR13_1 Pin=R13-1
Added Pin To Net: NetName=NetR13_1 Pin=R13-2
Added Net: Name=NetR13_1
Added Pin To Net: NetName=NetR14_2 Pin=R14-2
Added Pin To Net: NetName=NetR14_2 Pin=U4-2
Added Net: Name=NetR14_2
Added Pin To Net: NetName=NetR19_2 Pin=R19-2
Added Net: Name=NetR19_2
Added Pin To Net: NetName=NetR20_2 Pin=R20-2
Added Pin To Net: NetName=NetR20_2 Pin=R21-2
Added Net: Name=NetR20_2
Added Net: Name=NetS2_2
Added Pin To Net: NetName=NetS3_2 Pin=U3-1
Added Net: Name=NetS3_2
Added Pin To Net: NetName=NRST Pin=C4-2
Added Pin To Net: NetName=NRST Pin=R3-2
Added Net: Name=NRST
Added Pin To Net: NetName=OSCIN Pin=C10-2
Added Pin To Net: NetName=OSCIN Pin=X1-1
Added Net: Name=OSCIN
Added Pin To Net: NetName=OSCOUT Pin=C11-2
Added Pin To Net: NetName=OSCOUT Pin=X1-3
Added Net: Name=OSCOUT
Added Pin To Net: NetName=PEN_LED_IN Pin=R15-1
Added Pin To Net: NetName=PEN_LED_IN Pin=R16-2
Added Net: Name=PEN_LED_IN
Added Net: Name=PEN_SWITCH_OUT
Added Pin To Net: NetName=RXD2 Pin=J5-4
Added Net: Name=RXD2
Added Pin To Net: NetName=SWCLK Pin=J3-3
Added Pin To Net: NetName=SWCLK Pin=R9-2
Added Net: Name=SWCLK
Added Pin To Net: NetName=SWDIO Pin=J3-4
Added Pin To Net: NetName=SWDIO Pin=R10-2
Added Net: Name=SWDIO
Added Pin To Net: NetName=TXD2 Pin=J5-3
Added Net: Name=TXD2
Added Pin To Net: NetName=VCC_3.3V Pin=C6-2
Added Pin To Net: NetName=VCC_3.3V Pin=C7-2
Added Pin To Net: NetName=VCC_3.3V Pin=C8-2
Added Pin To Net: NetName=VCC_3.3V Pin=C9-2
Added Pin To Net: NetName=VCC_3.3V Pin=C16-2
Added Pin To Net: NetName=VCC_3.3V Pin=C17-2
Added Pin To Net: NetName=VCC_3.3V Pin=J3-1
Added Pin To Net: NetName=VCC_3.3V Pin=J5-1
Added Pin To Net: NetName=VCC_3.3V Pin=L1-2
Added Pin To Net: NetName=VCC_3.3V Pin=L2-1
Added Pin To Net: NetName=VCC_3.3V Pin=R2-2
Added Pin To Net: NetName=VCC_3.3V Pin=R3-1
Added Pin To Net: NetName=VCC_3.3V Pin=R9-1
Added Pin To Net: NetName=VCC_3.3V Pin=R10-1
Added Pin To Net: NetName=VCC_3.3V Pin=R22-2
Added Pin To Net: NetName=VCC_3.3V Pin=U4-1
Added Net: Name=VCC_3.3V
Added Pin To Net: NetName=VOUT Pin=J9-1
Added Pin To Net: NetName=VOUT Pin=L2-2
Added Net: Name=VOUT
Added Pin To Net: NetName=VUSB_5V Pin=C1-2
Added Pin To Net: NetName=VUSB_5V Pin=C2-2
Added Pin To Net: NetName=VUSB_5V Pin=D6-1
Added Pin To Net: NetName=VUSB_5V Pin=R5-1
Added Net: Name=VUSB_5V
Added Class: Name=mcu
Added Class: Name=power
