(---------------------------------------------------------------------)
(                                                                     )
(    NC DRILL Log                                                     )
(                                                                     )
(    Drawing          : lora.brd                                      )
(    Software Version : 16.6-2015S108                                 )
(    Date/Time        : Tue Nov 13 10:15:47 2018                      )
(                                                                     )
(---------------------------------------------------------------------)



 Processing NC Parameters file 'nc_param.txt' ...

 NC PARAMETERS
 -------------

 FORMAT   		2.5
 MACHINE-OFFSET		x:0.00000	y:0.00000   (inch)
 FEEDRATE		1
 COORDINATES		ABSOLUTE
 OUTPUT-UNITS		ENGLISH
 TOOL-ORDER		INCREASING
 REPEAT-CODES		YES
 SUPPRESS-LEAD-ZEROES	YES
 SUPPRESS-TRAIL-ZEROES	NO
 SUPPRESS-EQUAL		YES
 TOOL-SELECT		YES
 HEADER			none
 LEADER			12
 CODE			ASCII
 SEPARATE		NO
 SEPARATE-ROUTING	NO
 OPTIMIZE_DRILLING	NO
 ENHANCED_EXCELLON	NO
 SCALE			1.000000

 WARNING(SPMHMF-360): Design precision is greater than that of the drill output file data.
 WARNING(SPMHMF-361): Data rounding errors are very possible.
 WARNING(SPMHMF-368): Cannot find NC Drill tool file 'nc_tools.txt'
 WARNING(SPMHMF-369): ... will auto-generate tool file 'nc_tools_auto.txt'.


     Auto-generating tool file 'nc_tools_auto.txt' ...

           Size  Plating  Tool        + Tolerance  - Tolerance

         12.000  P        T01            0.000000     0.000000
         20.000  P        T02            0.000000     0.000000
         25.000  P        T03            0.000000     0.000000
         35.429  P        T04            0.000000     0.000000


 Drill files being output to directory 'F:/work/ZM/Frogs/Design/M3/pcb/PARK/GetWay/RF/allegro' ...



     'lora-1-4.drl' created for holes connecting TOP and BOTTOM
     ----------------------------------------------------------

     Tool  Num     Size      +/- Tolerance     Plating   Quantity

     T01    1.  12.0000    0.0000/  0.0000      PLATED         30
     T02    2.  20.0000    0.0000/  0.0000      PLATED         72
     T03    3.  25.0000    0.0000/  0.0000      PLATED          2
     T04    4.  35.4290    0.0000/  0.0000      PLATED         15

     ---- Total holes:                                        119

     ---- Total head travel:              3.09 feet (0.94 meters)

