Drill Listing
=============
Drill: .02  Tool: 1  Feed: 197  Speed: 550
X 743200  Y 329842
X 743200  Y 315700
X 750271  Y 322771
X 750271  Y 336913
X 757342  Y 329842
X 757342  Y 315700
X 764413  Y 322771
X 764413  Y 336913
X 771484  Y 329842
X 771484  Y 315700
X 778555  Y 322771
X 778555  Y 336913
X 785626  Y 329842
X 785626  Y 315700
X 792697  Y 322771
X 792697  Y 336913
X 799768  Y 315700
X 799768  Y 329842
X 806839  Y 322771
X 806839  Y 336913
X 813910  Y 329842
X 813910  Y 315700
X 820981  Y 322771
X 820981  Y 336913
X 828052  Y 329842
X 828052  Y 315700
X 835123  Y 322771
X 835123  Y 336913
X 842194  Y 329842
X 842194  Y 315700
X 849266  Y 322771
X 849266  Y 336913
X 856337  Y 315700
X 856337  Y 329842
X 905834  Y 351055
X 905834  Y 365197
X 898763  Y 343984
X 898763  Y 358126
X 884621  Y 343984
X 877550  Y 351055
X 877550  Y 365197
X 870479  Y 343984
X 870479  Y 358126
X 863408  Y 351055
X 863408  Y 365197
X 856337  Y 343984
X 856337  Y 358126
X 849266  Y 351055
X 842194  Y 343984
X 835123  Y 365197
X 835123  Y 351055
X 828052  Y 358126
X 828052  Y 343984
X 820981  Y 365197
X 820981  Y 351055
X 813910  Y 358126
X 813910  Y 343984
X 806839  Y 365197
X 806839  Y 351055
X 799768  Y 358126
X 799768  Y 343984
X 792697  Y 365197
X 792697  Y 351055
X 785626  Y 358126
X 785626  Y 343984
X 778555  Y 351055
X 778555  Y 365197
X 771484  Y 358126
X 771484  Y 343984
X 764413  Y 365197
X 764413  Y 351055
X 757342  Y 343984
X 757342  Y 358126
X 750271  Y 351055
X 750271  Y 365197
X 743200  Y 343984
X 743200  Y 358126
X 743200  Y 372268
X 743200  Y 386410
X 750271  Y 379339
X 757342  Y 372268
X 757342  Y 386410
X 764413  Y 379339
X 771484  Y 372268
X 771484  Y 386410
X 778555  Y 379339
X 785626  Y 372268
X 785626  Y 386410
X 792697  Y 379339
X 799768  Y 372268
X 799768  Y 386410
X 806839  Y 379339
X 813910  Y 386410
X 813910  Y 372268
X 820981  Y 379339
X 828052  Y 372268
X 828052  Y 386410
X 835123  Y 379339
X 842194  Y 372268
X 842194  Y 386410
X 849266  Y 379339
X 856337  Y 386410
X 870479  Y 372268
X 877550  Y 379339
X 898763  Y 372268
X 898763  Y 386410
X 905834  Y 379339
X 905834  Y 407623
X 905834  Y 393481
X 898763  Y 400552
X 898763  Y 414694
X 884621  Y 400552
X 877550  Y 407623
X 870479  Y 400552
X 870479  Y 414694
X 863408  Y 407623
X 863408  Y 393481
X 856337  Y 400552
X 856337  Y 414694
X 849266  Y 407623
X 849266  Y 393481
X 842194  Y 400552
X 842194  Y 414694
X 835123  Y 407623
X 835123  Y 393481
X 828052  Y 400552
X 828052  Y 414694
X 820981  Y 393481
X 820981  Y 407623
X 813910  Y 414694
X 813910  Y 400552
X 806839  Y 407623
X 806839  Y 393481
X 799768  Y 414694
X 799768  Y 400552
X 792697  Y 393481
X 792697  Y 407623
X 785626  Y 414694
X 785626  Y 400552
X 778555  Y 407623
X 778555  Y 393481
X 771484  Y 414694
X 771484  Y 400552
X 764413  Y 407623
X 764413  Y 393481
X 757342  Y 400552
X 757342  Y 414694
X 750271  Y 393481
X 750271  Y 407623
X 743200  Y 414694
X 743200  Y 400552
X 743200  Y 428837
X 750271  Y 421766
X 750271  Y 435908
X 757342  Y 428837
X 764413  Y 421766
X 764413  Y 435908
X 771484  Y 428837
X 778555  Y 421766
X 778555  Y 435908
X 785626  Y 428837
X 792697  Y 421766
X 792697  Y 435908
X 799768  Y 428837
X 806839  Y 421766
X 806839  Y 435908
X 813910  Y 428837
X 820981  Y 421766
X 820981  Y 435908
X 828052  Y 428837
X 835123  Y 421766
X 835123  Y 435908
X 842194  Y 428837
X 849266  Y 421766
X 856337  Y 428837
X 863408  Y 421766
X 877550  Y 421766
X 896400  Y 423700
X 905834  Y 421766
X 856337  Y 442979
X 856337  Y 457121
X 849266  Y 450050
X 849266  Y 464192
X 842194  Y 457121
X 835123  Y 450050
X 835123  Y 464192
X 828052  Y 442979
X 828052  Y 457121
X 820981  Y 450050
X 820981  Y 464192
X 813910  Y 442979
X 813910  Y 457121
X 806839  Y 464192
X 806839  Y 450050
X 799768  Y 457121
X 799768  Y 442979
X 792697  Y 464192
X 792697  Y 450050
X 785626  Y 457121
X 785626  Y 442979
X 778555  Y 464192
X 778555  Y 450050
X 771484  Y 457121
X 771484  Y 442979
X 764413  Y 464192
X 764413  Y 450050
X 757342  Y 457121
X 757342  Y 442979
X 750271  Y 450050
X 750271  Y 464192
X 743200  Y 457121
X 743200  Y 442979
X 743200  Y 471263
X 743200  Y 485405
X 750271  Y 478334
X 757342  Y 471263
X 757342  Y 485405
X 764413  Y 478334
X 771484  Y 471263
X 771484  Y 485405
X 778555  Y 478334
X 785626  Y 471263
X 785626  Y 485405
X 792697  Y 478334
X 799768  Y 471263
X 799768  Y 485405
X 806839  Y 478334
X 813910  Y 485405
X 813910  Y 471263
X 820981  Y 478334
X 828052  Y 485405
X 828052  Y 471263
X 835123  Y 478334
X 842194  Y 471263
X 842194  Y 485405
X 849266  Y 478334
X 856337  Y 471263
X 856337  Y 485405

Drill: .03543  Tool: 2  Feed: 197  Speed: 550
X 517000  Y 345800
X 517009  Y 366986
X 537200  Y 346000
X 537209  Y 367186
X 558057  Y 377647
X 588045  Y 375689
X 627615  Y 375889
X 627719  Y 435255
X 627520  Y 414327
X 627520  Y 396610
X 588150  Y 414327
X 588149  Y 435055
X 587950  Y 396410
X 557857  Y 417217

Drill: .03937  Tool: 3  Feed: 197  Speed: 550
X 557300  Y 345900
X 569111  Y 345900

Drill: .04724  Tool: 4  Feed: 139  Speed: 550
X 520425  Y 389387
X 520425  Y 409387
X 888982  Y 391521
X 888982  Y 411521
X 520425  Y 429387

Drill: .05118  Tool: 5  Feed: 107  Speed: 550
X 663476  Y 332785
X 663476  Y 401683
X 848515  Y 362313
X 848515  Y 441053
X 663476  Y 470581

Drill: .15748  Tool: 6  Feed: 35  Speed: 900
X 515748  Y 318897
X 515748  Y 484251
X 897637  Y 484251
X 897637  Y 318897

End of Listing
