** 报告中的 ECO **

Mon Aug 13 11:09:29 2018

输入文件: Z:\admin\Documents\ZM\Frogs\Design\1代相框\硬件方案\sch&pcb\PARK\GETWAY\BASE\GETWAY_Base_ZM_V1.0_20180808.eco
当前作业: GETWAY_Base_ZM_V1.0_20180808.pcb



行 6，段 *CHGPART*
R25  ER0402  ER0603
* 因为当前设计处于默认层模式下，而 封装 处于 增加层模式，您不能 添加封装“ER0603”。 打开“层设置”对话框并将设计的层模式更改为增加层。
* 警告:正在删除单管脚信号 $$$26132
* 警告:正在删除单管脚信号 $$$26134
* 警告:正在删除单管脚信号 $$$26136
* 警告:正在删除单管脚信号 $$$26139
* 警告:正在删除单管脚信号 $$$26143
* 警告:正在删除单管脚信号 $$$26145
* 警告:正在删除单管脚信号 $$$26661
* 警告:正在删除单管脚信号 $$$26662
* 警告:正在删除单管脚信号 $$$26663
* 警告:正在删除单管脚信号 $$$26664
* 警告:正在删除单管脚信号 $$$27042
* 警告:正在删除单管脚信号 BATTERY
* 警告:正在删除单管脚信号 IO2
* 警告:正在删除单管脚信号 RF_IRQ2
* 警告:正在删除单管脚信号 USIM_DET
