PCB Net List Errors Report - GetWay_BASE_ZM_V1.0_20180731.sch - Tue Aug 14 17:49:44 2018
-----------------------------------------------------------------------------------------
Design to Library Part Consistency Check
----------------------------------------
No Library consistency checking errors.

Single/Zero Pin Net Warnings
----------------------------
Net BATTERY has less than two pins in PCB net list file.
Net USIM_DET has less than two pins in PCB net list file.
Net $$$26132 has less than two pins in PCB net list file.
Net $$$26134 has less than two pins in PCB net list file.
Net $$$26136 has less than two pins in PCB net list file.
Net $$$26139 has less than two pins in PCB net list file.
Net $$$26143 has less than two pins in PCB net list file.
Net $$$26145 has less than two pins in PCB net list file.
Net $$$26661 has less than two pins in PCB net list file.
Net $$$26662 has less than two pins in PCB net list file.
Net $$$26663 has less than two pins in PCB net list file.
Net $$$26664 has less than two pins in PCB net list file.
Net $$$27042 has less than two pins in PCB net list file.
Net RF_IRQ2 has less than two pins in PCB net list file.
Net IO2 has less than two pins in PCB net list file.

Schematic Connectivity Errors
-----------------------------

Dangling Connections without a Net Name

$$$26132
INTERFACE    X8160  Y7030 

$$$26134
INTERFACE    X8170  Y6830 

$$$26136
INTERFACE    X8180  Y6630 

$$$26139
INTERFACE    X8190  Y6430 

$$$26143
INTERFACE    X8350  Y7830 

$$$26145
INTERFACE    X8340  Y8030 

$$$26661
INTERFACE    X15820 Y7870 

$$$26662
INTERFACE    X15660 Y6470 

$$$26663
INTERFACE    X15650 Y6670 

$$$26664
INTERFACE    X15640 Y6870 

$$$27042
INTERFACE    X15780 Y10670

IO2
INTERFACE    X18860 Y9070 

LTE_TXD
LTE          X10680 Y9680 

MCU_RST_LET
WIFI         X12440 Y8310 

MCU_RXD
WIFI         X13240 Y9110 
INTERFACE    X18860 Y7670 

MCU_TXD
WIFI         X13240 Y9310 
INTERFACE    X18860 Y7870 

RF_IRQ
INTERFACE    X11400 Y8230 
INTERFACE    X18870 Y8270 

RF_IRQ2
INTERFACE    X18880 Y8470 

RF_RST
INTERFACE    X18860 Y9270 

RF_RXD
INTERFACE    X11390 Y7830 

RF_TXD
INTERFACE    X11390 Y7630 

Dangling Connections with a Net Name

BATTERY
WIFI         X9700  Y9110 

FLIGHT_MODE
LTE          X7640  Y9680 

GND
INTERFACE    X3420  Y8600 

LTE_RXD
LTE          X11380 Y2110 
LTE          X10680 Y9480 

LTE_TXD
LTE          X15600 Y2020 

MCU_FLIGHT_LTE
LTE          X5700  Y2760 
WIFI         X11200 Y4890 
INTERFACE    X15670 Y6270 

MCU_RST_LET
LTE          X2330  Y2790 
INTERFACE    X15810 Y8070 

MCU_RXD
INTERFACE    X3410  Y8800 

MCU_TXD
INTERFACE    X3420  Y8700 

RF_RST
INTERFACE    X8150  Y7230 

RF_RXD
INTERFACE    X15630 Y7070 

RF_TXD
INTERFACE    X15620 Y7270 

USIM_CLK
LTE          X7460  Y8680 

USIM_DATA
LTE          X7470  Y8480 

USIM_DET
LTE          X7440  Y9080 

USIM_RST
LTE          X7450  Y8880 

USIM_VDD
LTE          X7480  Y8280 

Power or Ground Symbols used with wrong Net Name

USIM_VDD
LTE          X15840 Y11610 - Power  Symbol used for net: +5V

VCC_1.8V
LTE          X9460  Y2640  - Power  Symbol used for net: +5V
LTE          X13680 Y2550  - Power  Symbol used for net: +5V
LTE          X7630  Y10480 - Power  Symbol used for net: +5V

VCC_12V
INTERFACE    X3420  Y7700  - Power  Symbol used for net: +5V
INTERFACE    X2760  Y7840  - Power  Symbol used for net: +5V
INTERFACE    X1690  Y7760  - Power  Symbol used for net: +5V
POWER        X8040  Y13230 - Power  Symbol used for net: +5V

VCC_3.3V
LTE          X10570 Y4400  - Power  Symbol used for net: +5V
LTE          X14790 Y4200  - Power  Symbol used for net: +5V
LTE          X5740  Y11880 - Power  Symbol used for net: +5V
WIFI         X9200  Y10210 - Power  Symbol used for net: +5V
WIFI         X10000 Y7910  - Power  Symbol used for net: +5V
WIFI         X9800  Y8910  - Power  Symbol used for net: +5V
WIFI         X9700  Y7270  - Power  Symbol used for net: +5V
INTERFACE    X8480  Y11030 - Power  Symbol used for net: +5V
INTERFACE    X8350  Y8230  - Power  Symbol used for net: +5V
INTERFACE    X8260  Y5830  - Power  Symbol used for net: +5V
INTERFACE    X11330 Y9830  - Power  Symbol used for net: +5V
INTERFACE    X6430  Y10030 - Power  Symbol used for net: +5V
INTERFACE    X15950 Y11070 - Power  Symbol used for net: +5V
INTERFACE    X15820 Y8270  - Power  Symbol used for net: +5V
INTERFACE    X15730 Y5870  - Power  Symbol used for net: +5V
INTERFACE    X18800 Y9870  - Power  Symbol used for net: +5V
INTERFACE    X13900 Y10070 - Power  Symbol used for net: +5V
POWER        X13250 Y9610  - Power  Symbol used for net: +5V

VCC_5V
LTE          X7770  Y12880 - Power  Symbol used for net: +5V
LTE          X7640  Y10080 - Power  Symbol used for net: +5V
LTE          X7550  Y7680  - Power  Symbol used for net: +5V
LTE          X10620 Y11680 - Power  Symbol used for net: +5V
POWER        X14450 Y13130 - Power  Symbol used for net: +5V
POWER        X9650  Y9500  - Power  Symbol used for net: +5V

Subnets with Missing Off-Page Reference

FLIGHT_MODE
LTE          X7640  Y2970  - Pin: C6.1
LTE          X8260  Y9680  - Pin: U2.20

GND
INTERFACE    X3840  Y8600  - Pin: J4.3

LTE_RST
LTE          X4270  Y3000  - Pin: C5.1
LTE          X6110  Y9770  - Pin: C7.1

LTE_RXD
LTE          X10540 Y2110  - Pin: R7.2
LTE          X9960  Y9480  - Pin: U2.17

LTE_TXD
LTE          X14760 Y2020  - Pin: R9.2
LTE          X9960  Y9680  - Pin: U2.19

MCU_FLIGHT_LTE
LTE          X6430  Y2760  - Pin: Q3.1
WIFI         X11200 Y5800  - Pin: R24.1
INTERFACE    X16440 Y6270  - Pin: U7.6

MCU_RST_LET
LTE          X3060  Y2790  - Pin: Q1.1
WIFI         X11800 Y8310  - Pin: U1.11
INTERFACE    X16440 Y8070  - Pin: U7.22

MCU_RXD
WIFI         X12500 Y9110  - Pin: R4.2
INTERFACE    X3840  Y8800  - Pin: J4.1
INTERFACE    X18140 Y7670  - Pin: U7.17

MCU_TXD
WIFI         X12500 Y9310  - Pin: R3.2
INTERFACE    X3840  Y8700  - Pin: J4.2
INTERFACE    X18140 Y7870  - Pin: U7.19

RF_IRQ
INTERFACE    X10670 Y8230  - Pin: U6.23
INTERFACE    X18140 Y8270  - Pin: U7.23

RF_RST
INTERFACE    X8970  Y7230  - Pin: U6.16
INTERFACE    X18140 Y9270  - Pin: U7.33

RF_RXD
INTERFACE    X10670 Y7830  - Pin: U6.19
INTERFACE    X16440 Y7070  - Pin: U7.14

RF_TXD
INTERFACE    X10670 Y7630  - Pin: U6.17
INTERFACE    X16440 Y7270  - Pin: U7.16

USIM_CLK
LTE          X8260  Y8680  - Pin: U2.12
LTE          X14310 Y10830 - Pin: C11.1

USIM_DATA
LTE          X8260  Y8480  - Pin: U2.10
LTE          X14760 Y10650 - Pin: C12.1

USIM_RST
LTE          X8260  Y8880  - Pin: U2.14
LTE          X13980 Y10830 - Pin: C10.1

USIM_VDD
LTE          X8260  Y8280  - Pin: U2.8
