Change Component Designator: Old Designator=C3 New Designator=C14
Change Component Designator: Old Designator=C3 New Designator=C15
Change Component Designator: Old Designator=L? New Designator=L5
Change Component Designator: Old Designator=L? New Designator=L6
Change Component Designator: Old Designator=L? New Designator=L7
Change Component Designator: Old Designator=L? New Designator=L8
Change Component Designator: Old Designator=L? New Designator=L9
Change Component Designator: Old Designator=L? New Designator=L10
Change Component Designator: Old Designator=L? New Designator=L11
Change Component Designator: Old Designator=L? New Designator=L12
Change Component Designator: Old Designator=L? New Designator=L13
Change Component Designator: Old Designator=Q1 New Designator=Q2
Change Component Designator: Old Designator=Q1 New Designator=Q3
Change Component Designator: Old Designator=R3 New Designator=R19
Change Component Designator: Old Designator=R3 New Designator=R26
Change Component Designator: Old Designator=R15 New Designator=R1
Change Component Designator: Old Designator=R15 New Designator=R2
Change Component Designator: Old Designator=R15 New Designator=R4
Change Component Designator: Old Designator=R15 New Designator=R5
Change Component Designator: Old Designator=R15 New Designator=R6
Change Component Designator: Old Designator=R15 New Designator=R7
Change Component Designator: Old Designator=R15 New Designator=R9
Change Component Designator: Old Designator=R15 New Designator=R10
Change Component Designator: Old Designator=R15 New Designator=R11
Change Component Designator: Old Designator=R15 New Designator=R12
Change Component Designator: Old Designator=R15 New Designator=R13
Change Component Designator: Old Designator=R15 New Designator=R14
Change Component Designator: Old Designator=R15 New Designator=R16
Change Component Designator: Old Designator=R15 New Designator=R17
Change Component Designator: Old Designator=R15 New Designator=R18
Change Component Designator: Old Designator=R15 New Designator=R20
Change Component Designator: Old Designator=R15 New Designator=R21
Change Component Designator: Old Designator=R15 New Designator=R25
Change Component Designator: Old Designator=R15 New Designator=R27
Change Component Designator: Old Designator=R15 New Designator=R28
Change Component Designator: Old Designator=R15 New Designator=R29
Change Component Designator: Old Designator=R15 New Designator=R30
Change Component Designator: Old Designator=R15 New Designator=R31
Change Component Designator: Old Designator=R15 New Designator=R32
Change Component Designator: Old Designator=R15 New Designator=R35
Change Component Designator: Old Designator=R15 New Designator=R36
Change Component Designator: Old Designator=R15 New Designator=R37
Change Component Designator: Old Designator=U? New Designator=U1
