Removed Pin From Net: NetName=KEY1_LED Pin=D1-2
Removed Pin From Net: NetName=KEY2_LED Pin=D2-2
Removed Pin From Net: NetName=KEY3_LED Pin=D3-2
Removed Pin From Net: NetName=KEY4_LED Pin=D4-2
Removed Pin From Net: NetName=KEY5_LED Pin=D5-2
Removed Pin From Net: NetName=KEY1_LED Pin=D6-2
Removed Pin From Net: NetName=KEY2_LED Pin=D7-2
Removed Pin From Net: NetName=KEY3_LED Pin=D8-2
Removed Pin From Net: NetName=NetD9_1 Pin=D9-1
Removed Pin From Net: NetName=KEY4_LED Pin=D9-2
Removed Pin From Net: NetName=NetD10_1 Pin=D10-1
Removed Pin From Net: NetName=KEY5_LED Pin=D10-2
Removed Pin From Net: NetName=KEY1_LED Pin=K1-2
Removed Pin From Net: NetName=KEY2_LED Pin=K2-2
Removed Pin From Net: NetName=KEY3_LED Pin=K3-2
Removed Pin From Net: NetName=KEY4_LED Pin=K4-2
Removed Pin From Net: NetName=KEY5_LED Pin=K5-2
Removed Pin From Net: NetName=KEY6_LED Pin=K6-2
Removed Pin From Net: NetName=KEY7_LED Pin=K7-2
Removed Pin From Net: NetName=KEY1_LED Pin=L1-2
Removed Pin From Net: NetName=VCC_5V Pin=P1-1
Removed Pin From Net: NetName=BUZZER Pin=Q1-1
Removed Pin From Net: NetName=NetLS1_1 Pin=Q1-2
Removed Pin From Net: NetName=NetK1_1 Pin=R1-1
Removed Pin From Net: NetName=VCC_5V Pin=R1-2
Removed Pin From Net: NetName=NetD1_1 Pin=R2-1
Removed Pin From Net: NetName=VCC_5V Pin=R2-2
Removed Pin From Net: NetName=NetL1_1 Pin=R3-1
Removed Pin From Net: NetName=VCC_5V Pin=R3-2
Removed Pin From Net: NetName=NetK2_1 Pin=R4-1
Removed Pin From Net: NetName=VCC_5V Pin=R4-2
Removed Pin From Net: NetName=NetL2_1 Pin=R5-1
Removed Pin From Net: NetName=VCC_5V Pin=R5-2
Removed Pin From Net: NetName=NetD2_1 Pin=R6-1
Removed Pin From Net: NetName=VCC_5V Pin=R6-2
Removed Pin From Net: NetName=NetL3_1 Pin=R7-1
Removed Pin From Net: NetName=VCC_5V Pin=R7-2
Removed Pin From Net: NetName=NetK3_1 Pin=R8-1
Removed Pin From Net: NetName=VCC_5V Pin=R8-2
Removed Pin From Net: NetName=NetD3_1 Pin=R9-1
Removed Pin From Net: NetName=VCC_5V Pin=R9-2
Removed Pin From Net: NetName=NetL4_1 Pin=R10-1
Removed Pin From Net: NetName=VCC_5V Pin=R10-2
Removed Pin From Net: NetName=NetK4_1 Pin=R11-1
Removed Pin From Net: NetName=VCC_5V Pin=R11-2
Removed Pin From Net: NetName=VCC_5V Pin=R12-2
Removed Pin From Net: NetName=NetK5_1 Pin=R13-1
Removed Pin From Net: NetName=VCC_5V Pin=R13-2
Removed Pin From Net: NetName=NetD5_1 Pin=R14-1
Removed Pin From Net: NetName=VCC_5V Pin=R14-2
Removed Pin From Net: NetName=NetK6_1 Pin=R15-1
Removed Pin From Net: NetName=VCC_5V Pin=R15-2
Removed Pin From Net: NetName=NetK7_1 Pin=R16-1
Removed Pin From Net: NetName=VCC_5V Pin=R16-2
Removed Pin From Net: NetName=NetD6_1 Pin=R17-1
Removed Pin From Net: NetName=VCC_5V Pin=R17-2
Removed Pin From Net: NetName=NetD7_1 Pin=R18-1
Removed Pin From Net: NetName=VCC_5V Pin=R18-2
Removed Pin From Net: NetName=NetD8_1 Pin=R19-1
Removed Pin From Net: NetName=VCC_5V Pin=R19-2
Removed Pin From Net: NetName=NetD9_1 Pin=R20-1
Removed Pin From Net: NetName=VCC_5V Pin=R20-2
Removed Pin From Net: NetName=NetD10_1 Pin=R21-1
Removed Pin From Net: NetName=VCC_5V Pin=R21-2
Removed Pin From Net: NetName=VCC_5V Pin=R22-2
Removed Pin From Net: NetName=NetQ1_3 Pin=R23-2
Removed Pin From Net: NetName=MCU_SDA Pin=R24-1
Removed Pin From Net: NetName=VCC_5V Pin=R25-1
Removed Pin From Net: NetName=MCU_SCL Pin=R25-2
Removed Member From Class: ClassName=MCU Member=C1
Removed Member From Class: ClassName=MCU Member=C2
Removed Member From Class: ClassName=MCU Member=C3
Removed Member From Class: ClassName=LED Member=D9
Removed Member From Class: ClassName=LED Member=D10
Removed Member From Class: ClassName=MCU Member=P1
Removed Member From Class: ClassName=LED Member=R8
Removed Member From Class: ClassName=MCU Member=R22
Removed Member From Class: ClassName=TouchPad Member=R25
Change Component DesignItemId : Designator=Q1 Old DesignItemId=NPN New DesignItemId=BUK92150-55A
Change Component DesignItemId : Designator=R3 Old DesignItemId=Res1 New DesignItemId=Res2
Change Component DesignItemId : Designator=R19 Old DesignItemId=Res1 New DesignItemId=Res2
Change Component Footprint: Designator=K1 Old Footprint=0603LED New Footprint=LED_DIP_5mm
Change Component Footprint: Designator=K2 Old Footprint=0603LED New Footprint=LED_DIP_5mm
Change Component Footprint: Designator=K3 Old Footprint=0603LED New Footprint=LED_DIP_5mm
Change Component Footprint: Designator=K4 Old Footprint=0603LED New Footprint=LED_DIP_5mm
Change Component Footprint: Designator=K5 Old Footprint=0603LED New Footprint=LED_DIP_5mm
Change Component Footprint: Designator=K6 Old Footprint=0603LED New Footprint=LED_DIP_5mm
Change Component Footprint: Designator=K7 Old Footprint=0603LED New Footprint=LED_DIP_5mm
Change Component Footprint: Designator=D1 Old Footprint=0603LED New Footprint=LED_DIP_257mm
Change Component Footprint: Designator=D2 Old Footprint=0603LED New Footprint=LED_DIP_257mm
Change Component Footprint: Designator=D3 Old Footprint=0603LED New Footprint=LED_DIP_257mm
Change Component Footprint: Designator=D4 Old Footprint=0603LED New Footprint=LED_DIP_257mm
Change Component Footprint: Designator=D5 Old Footprint=0603LED New Footprint=LED_DIP_257mm
Change Component Footprint: Designator=D6 Old Footprint=0603LED New Footprint=LED_DIP_257mm
Change Component Footprint: Designator=D7 Old Footprint=0603LED New Footprint=LED_DIP_257mm
Change Component Footprint: Designator=D8 Old Footprint=0603LED New Footprint=LED_DIP_257mm
Change Component Footprint: Designator=L1 Old Footprint=0603LED New Footprint=LED_DIP_257mm
Change Component Footprint: Designator=L2 Old Footprint=0603LED New Footprint=LED_DIP_257mm
Change Component Footprint: Designator=L3 Old Footprint=0603LED New Footprint=LED_DIP_257mm
Change Component Footprint: Designator=L4 Old Footprint=0603LED New Footprint=LED_DIP_257mm
Change Component Footprint: Designator=R1 Old Footprint=AXIAL-0.3 New Footprint=0603R
Change Component Footprint: Designator=R2 Old Footprint=AXIAL-0.3 New Footprint=0603R
Change Component Footprint: Designator=R3 Old Footprint=AXIAL-0.3 New Footprint=0603R
Change Component Footprint: Designator=R4 Old Footprint=AXIAL-0.3 New Footprint=0603R
Change Component Footprint: Designator=R5 Old Footprint=AXIAL-0.3 New Footprint=0603R
Change Component Footprint: Designator=R6 Old Footprint=AXIAL-0.3 New Footprint=0603R
Change Component Footprint: Designator=R7 Old Footprint=AXIAL-0.3 New Footprint=0603R
Change Component Footprint: Designator=R8 Old Footprint=AXIAL-0.3 New Footprint=0603R
Change Component Footprint: Designator=R9 Old Footprint=AXIAL-0.3 New Footprint=0603R
Change Component Footprint: Designator=R10 Old Footprint=AXIAL-0.3 New Footprint=0603R
Change Component Footprint: Designator=R11 Old Footprint=AXIAL-0.3 New Footprint=0603R
Change Component Footprint: Designator=R12 Old Footprint=AXIAL-0.3 New Footprint=0603R
Change Component Footprint: Designator=R13 Old Footprint=AXIAL-0.3 New Footprint=0603R
Change Component Footprint: Designator=R14 Old Footprint=AXIAL-0.3 New Footprint=0603R
Change Component Footprint: Designator=R15 Old Footprint=AXIAL-0.3 New Footprint=0603R
Change Component Footprint: Designator=R16 Old Footprint=AXIAL-0.3 New Footprint=0603R
Change Component Footprint: Designator=R17 Old Footprint=AXIAL-0.3 New Footprint=0603R
Change Component Footprint: Designator=R18 Old Footprint=AXIAL-0.3 New Footprint=0603R
Change Component Footprint: Designator=R19 Old Footprint=AXIAL-0.3 New Footprint=0603R
Change Component Footprint: Designator=R20 Old Footprint=AXIAL-0.3 New Footprint=0603R
Change Component Footprint: Designator=R21 Old Footprint=AXIAL-0.3 New Footprint=0603R
Change Component Footprint: Designator=R22 Old Footprint=AXIAL-0.3 New Footprint=0603R
Change Component Footprint: Designator=R23 Old Footprint=AXIAL-0.3 New Footprint=0603R
Change Component Footprint: Designator=R24 Old Footprint=AXIAL-0.3 New Footprint=0603R
Change Component Footprint: Designator=R25 Old Footprint=AXIAL-0.3 New Footprint=0603R
Change Component Footprint: Designator=D11 Old Footprint=DSO-C2/X2.3 New Footprint=SMA
Change Component Comment : Designator=R3 Old Comment=1.5K New Comment=10K
Change Component Comment : Designator=R19 Old Comment=1.5K New Comment=10K
Change Component Comment : Designator=R8 Old Comment=1.5K New Comment=100K
Change Component Comment : Designator=R25 Old Comment=4.7K New Comment=1.5K
Change Component Comment : Designator=Q1 Old Comment=S8050 New Comment=SI2306.
Change Component Description : Designator=Q1 Old Description=NPN Bipolar Transistor New Description=BUK92150-55A
Change Component Library : Designator=Q1 Old Library=Miscellaneous Devices.IntLib New Library=Schlib1.SchLib
Added Component: Designator=ANT1(ANT_TH)
Added Component: Designator=C14(0603C)
Added Component: Designator=C15(0603C)
Added Component: Designator=C16(0603C)
Added Component: Designator=C17(0603C)
Added Component: Designator=C18(0603C)
Added Component: Designator=C19(0603C)
Added Component: Designator=C20(0805C)
Added Component: Designator=C21(0805C)
Added Component: Designator=C22(0603C)
Added Component: Designator=C23(0603C)
Added Component: Designator=C24(0603C)
Added Component: Designator=C25(0603C)
Added Component: Designator=C34(CAPR5-4X5)
Added Component: Designator=C54(0603C)
Added Component: Designator=C55(0603C)
Added Component: Designator=C56(0603C)
Added Component: Designator=C57(0603C)
Added Component: Designator=F1(0805R)
Added Component: Designator=L5(LED_DIP_257mm)
Added Component: Designator=L6(LED_DIP_257mm)
Added Component: Designator=L7(LED_DIP_257mm)
Added Component: Designator=L8(LED_DIP_257mm)
Added Component: Designator=L9(LED_DIP_257mm)
Added Component: Designator=L10(LED_DIP_257mm)
Added Component: Designator=L11(LED_DIP_257mm)
Added Component: Designator=L12(LED_DIP_257mm)
Added Component: Designator=L13(LED_DIP_257mm)
Added Component: Designator=P2(HDR1X4)
Added Component: Designator=P3(HDR1X2)
Added Component: Designator=P4(HDR1X4)
Added Component: Designator=P5(HDR1X2)
Added Component: Designator=P6(HDR1X3)
Added Component: Designator=P7(HDR1X5)
Added Component: Designator=P8(VS1838B)
Added Component: Designator=Q5(sot23-3)
Added Component: Designator=R26(0603R)
Added Component: Designator=R27(0603R)
Added Component: Designator=R28(0603R)
Added Component: Designator=R29(0603R)
Added Component: Designator=R30(0603R)
Added Component: Designator=R31(0603R)
Added Component: Designator=R32(0603R)
Added Component: Designator=R33(0805R)
Added Component: Designator=R34(0805R)
Added Component: Designator=R35(0603R)
Added Component: Designator=R36(0603R)
Added Component: Designator=R37(0603R)
Added Component: Designator=R38(0603R)
Added Component: Designator=R39(0603R)
Added Component: Designator=R40(0603R)
Added Component: Designator=R41(0603R)
Added Component: Designator=R42(0603R)
Added Component: Designator=R43(0603R)
Added Component: Designator=R44(0603R)
Added Component: Designator=U1(SOP127P1040X265-32N)
Added Component: Designator=U2(SOP127P1040X265-32N)
Added Component: Designator=U3(QFP80P900X900X245-32N)
Added Component: Designator=U31(SOT23-5(DBV))
Added Component: Designator=U(HW3000)
Added Pin To Net: NetName=VCC_5V Pin=C14-1
Added Pin To Net: NetName=GND Pin=C14-2
Added Pin To Net: NetName=VCC_5V Pin=C15-1
Added Pin To Net: NetName=GND Pin=C15-2
Added Pin To Net: NetName=GND Pin=C16-2
Added Pin To Net: NetName=GND Pin=C17-2
Added Pin To Net: NetName=GND Pin=C18-2
Added Pin To Net: NetName=GND Pin=C19-2
Added Pin To Net: NetName=VCC_5V Pin=C20-1
Added Pin To Net: NetName=GND Pin=C20-2
Added Pin To Net: NetName=VCC_5V Pin=C21-1
Added Pin To Net: NetName=GND Pin=C21-2
Added Pin To Net: NetName=GND Pin=C22-2
Added Pin To Net: NetName=GND Pin=C23-2
Added Pin To Net: NetName=GND Pin=C24-2
Added Pin To Net: NetName=GND Pin=C25-2
Added Pin To Net: NetName=GND Pin=C34-2
Added Pin To Net: NetName=KEY4_LED Pin=C54-1
Added Pin To Net: NetName=GND Pin=C54-2
Added Pin To Net: NetName=GND Pin=C55-2
Added Pin To Net: NetName=GND Pin=C56-1
Added Pin To Net: NetName=KEY4_LED Pin=C56-2
Added Pin To Net: NetName=GND Pin=C57-1
Added Pin To Net: NetName=VCC_5V Pin=F1-1
Added Pin To Net: NetName=GND Pin=P3-2
Added Pin To Net: NetName=VCC_5V Pin=P4-1
Added Pin To Net: NetName=GND Pin=P4-2
Added Pin To Net: NetName=GND Pin=P5-2
Added Pin To Net: NetName=VCC_5V Pin=P6-1
Added Pin To Net: NetName=GND Pin=P6-2
Added Pin To Net: NetName=GND Pin=P7-3
Added Pin To Net: NetName=KEY7_LED Pin=P8-1
Added Pin To Net: NetName=GND Pin=P8-2
Added Pin To Net: NetName=BUZZER Pin=Q5-1
Added Pin To Net: NetName=NetLS1_1 Pin=Q5-2
Added Pin To Net: NetName=KEY2_LED Pin=Q5-3
Added Pin To Net: NetName=NetK2_1 Pin=R1-1
Added Pin To Net: NetName=SEG1 Pin=R1-2
Added Pin To Net: NetName=NetK3_1 Pin=R2-1
Added Pin To Net: NetName=SEG1 Pin=R2-2
Added Pin To Net: NetName=VCC_5V Pin=R3-1
Added Pin To Net: NetName=NetQ1_3 Pin=R3-2
Added Pin To Net: NetName=NetK4_1 Pin=R4-1
Added Pin To Net: NetName=SEG1 Pin=R4-2
Added Pin To Net: NetName=NetK5_1 Pin=R5-1
Added Pin To Net: NetName=SEG1 Pin=R5-2
Added Pin To Net: NetName=NetK6_1 Pin=R6-1
Added Pin To Net: NetName=SEG1 Pin=R6-2
Added Pin To Net: NetName=NetK7_1 Pin=R7-1
Added Pin To Net: NetName=SEG1 Pin=R7-2
Added Pin To Net: NetName=VCC_5V Pin=R8-1
Added Pin To Net: NetName=NetD1_1 Pin=R9-1
Added Pin To Net: NetName=SEG2 Pin=R9-2
Added Pin To Net: NetName=NetD2_1 Pin=R10-1
Added Pin To Net: NetName=SEG2 Pin=R10-2
Added Pin To Net: NetName=NetD3_1 Pin=R11-1
Added Pin To Net: NetName=SEG2 Pin=R11-2
Added Pin To Net: NetName=SEG2 Pin=R12-2
Added Pin To Net: NetName=NetD5_1 Pin=R13-1
Added Pin To Net: NetName=SEG2 Pin=R13-2
Added Pin To Net: NetName=NetD6_1 Pin=R14-1
Added Pin To Net: NetName=SEG2 Pin=R14-2
Added Pin To Net: NetName=NetK1_1 Pin=R15-1
Added Pin To Net: NetName=SEG1 Pin=R15-2
Added Pin To Net: NetName=NetD7_1 Pin=R16-1
Added Pin To Net: NetName=SEG2 Pin=R16-2
Added Pin To Net: NetName=NetD8_1 Pin=R17-1
Added Pin To Net: NetName=SEG2 Pin=R17-2
Added Pin To Net: NetName=NetL1_1 Pin=R18-1
Added Pin To Net: NetName=SEG3 Pin=R18-2
Added Pin To Net: NetName=VCC_5V Pin=R19-1
Added Pin To Net: NetName=NetL2_1 Pin=R20-1
Added Pin To Net: NetName=SEG3 Pin=R20-2
Added Pin To Net: NetName=NetL3_1 Pin=R21-1
Added Pin To Net: NetName=SEG3 Pin=R21-2
Added Pin To Net: NetName=KEY2_LED Pin=R23-2
Added Pin To Net: NetName=KEY1_LED Pin=R24-1
Added Pin To Net: NetName=NetL4_1 Pin=R25-1
Added Pin To Net: NetName=SEG3 Pin=R25-2
Added Pin To Net: NetName=VCC_5V Pin=R26-1
Added Pin To Net: NetName=SEG4 Pin=R27-2
Added Pin To Net: NetName=SEG4 Pin=R28-2
Added Pin To Net: NetName=SEG4 Pin=R29-2
Added Pin To Net: NetName=SEG4 Pin=R30-2
Added Pin To Net: NetName=SEG4 Pin=R31-2
Added Pin To Net: NetName=SEG4 Pin=R32-2
Added Pin To Net: NetName=KEY7_LED Pin=R33-1
Added Pin To Net: NetName=KEY7_LED Pin=R34-1
Added Pin To Net: NetName=SEG4 Pin=R35-2
Added Pin To Net: NetName=SEG4 Pin=R36-2
Added Pin To Net: NetName=SEG5 Pin=R37-2
Added Pin To Net: NetName=KEY3_LED Pin=R38-1
Added Pin To Net: NetName=VCC_5V Pin=R38-2
Added Pin To Net: NetName=GND Pin=R40-2
Added Pin To Net: NetName=GND Pin=R42-2
Added Pin To Net: NetName=GND Pin=R44-2
Added Pin To Net: NetName=GND Pin=U1-3
Added Pin To Net: NetName=GND Pin=U1-6
Added Pin To Net: NetName=NetQ1_3 Pin=U1-7
Added Pin To Net: NetName=VCC_5V Pin=U1-10
Added Pin To Net: NetName=SEG1 Pin=U1-11
Added Pin To Net: NetName=SEG2 Pin=U1-12
Added Pin To Net: NetName=SEG3 Pin=U1-13
Added Pin To Net: NetName=SEG4 Pin=U1-14
Added Pin To Net: NetName=SEG5 Pin=U1-15
Added Pin To Net: NetName=SEG6 Pin=U1-16
Added Pin To Net: NetName=VCC_5V Pin=U1-27
Added Pin To Net: NetName=GND Pin=U1-30
Added Pin To Net: NetName=SEG6 Pin=U2-1
Added Pin To Net: NetName=SEG5 Pin=U2-2
Added Pin To Net: NetName=SEG4 Pin=U2-3
Added Pin To Net: NetName=SEG3 Pin=U2-4
Added Pin To Net: NetName=GND Pin=U2-5
Added Pin To Net: NetName=SEG2 Pin=U2-6
Added Pin To Net: NetName=SEG1 Pin=U2-7
Added Pin To Net: NetName=KEY4 Pin=U2-8
Added Pin To Net: NetName=KEY3 Pin=U2-9
Added Pin To Net: NetName=KEY2 Pin=U2-10
Added Pin To Net: NetName=KEY1 Pin=U2-11
Added Pin To Net: NetName=KEY5 Pin=U2-12
Added Pin To Net: NetName=KEY6 Pin=U2-13
Added Pin To Net: NetName=KEY7 Pin=U2-14
Added Pin To Net: NetName=GND Pin=U2-16
Added Pin To Net: NetName=VCC_5V Pin=U2-17
Added Pin To Net: NetName=BUZZER Pin=U2-18
Added Pin To Net: NetName=KEY3_LED Pin=U2-19
Added Pin To Net: NetName=KEY1_LED Pin=U2-20
Added Pin To Net: NetName=VCC_5V Pin=U2-21
Added Pin To Net: NetName=DIG1 Pin=U2-22
Added Pin To Net: NetName=DIG2 Pin=U2-23
Added Pin To Net: NetName=DIG3 Pin=U2-24
Added Pin To Net: NetName=DIG4 Pin=U2-25
Added Pin To Net: NetName=DIG5 Pin=U2-26
Added Pin To Net: NetName=DIG6 Pin=U2-27
Added Pin To Net: NetName=DIG7 Pin=U2-28
Added Pin To Net: NetName=DIG8 Pin=U2-29
Added Pin To Net: NetName=SEG7 Pin=U2-32
Added Pin To Net: NetName=RST Pin=U3-1
Added Pin To Net: NetName=GND Pin=U3-4
Added Pin To Net: NetName=NetC2_2 Pin=U3-5
Added Pin To Net: NetName=MCU_SDA Pin=U3-13
Added Pin To Net: NetName=MCU_SCL Pin=U3-14
Added Pin To Net: NetName=SWIM Pin=U3-26
Added Pin To Net: NetName=NetD10_1 Pin=U3-31
Added Pin To Net: NetName=GND Pin=U31-1
Added Pin To Net: NetName=KEY4_LED Pin=U31-2
Added Pin To Net: NetName=GND Pin=U31-4
Added Pin To Net: NetName=GND Pin=U31-5
Added Pin To Net: NetName=GND Pin=U-1
Added Pin To Net: NetName=NetD9_1 Pin=U-3
Added Pin To Net: NetName=KEY5_LED Pin=U-4
Added Pin To Net: NetName=GND Pin=U-12
Added Pin To Net: NetName=GND Pin=U-13
Added Pin To Net: NetName=KEY6_LED Pin=U-14
Added Pin To Net: NetName=GND Pin=U-15
Change Net Name : Old Net Name=KEY1_LED New Net Name=NetQ4_3
Change Net Name : Old Net Name=KEY2_LED New Net Name=NetQ5_3
Change Net Name : Old Net Name=KEY3_LED New Net Name=NetQ6_3
Change Net Name : Old Net Name=KEY4_LED New Net Name=VCC_5VOUT
Change Net Name : Old Net Name=KEY5_LED New Net Name=RF_GPIO2
Change Net Name : Old Net Name=KEY6_LED New Net Name=NetANT1
Change Net Name : Old Net Name=KEY7_LED New Net Name=NetP8_1
Change Net Name : Old Net Name=NetD9_1 New Net Name=MCU_RF_GPIO1
Change Net Name : Old Net Name=NetD10_1 New Net Name=PWM
Added Pin To Net: NetName=AD Pin=C19-1
Added Pin To Net: NetName=AD Pin=R39-1
Added Pin To Net: NetName=AD Pin=U3-16
Added Net: Name=AD
Added Net: Name=CLK
Added Pin To Net: NetName=DIO Pin=Q1-2
Added Net: Name=DIO
Added Pin To Net: NetName=FEED Pin=R43-1
Added Net: Name=FEED
Added Pin To Net: NetName=GRID1 Pin=D1-2
Added Pin To Net: NetName=GRID1 Pin=K1-2
Added Pin To Net: NetName=GRID1 Pin=L1-2
Added Pin To Net: NetName=GRID1 Pin=L5-2
Added Pin To Net: NetName=GRID1 Pin=L13-2
Added Pin To Net: NetName=GRID1 Pin=U1-5
Added Net: Name=GRID1
Added Pin To Net: NetName=GRID2 Pin=D2-2
Added Pin To Net: NetName=GRID2 Pin=K2-2
Added Pin To Net: NetName=GRID2 Pin=L2-2
Added Pin To Net: NetName=GRID2 Pin=L6-2
Added Pin To Net: NetName=GRID2 Pin=U1-4
Added Net: Name=GRID2
Added Pin To Net: NetName=GRID3 Pin=D3-2
Added Pin To Net: NetName=GRID3 Pin=K3-2
Added Pin To Net: NetName=GRID3 Pin=L3-2
Added Pin To Net: NetName=GRID3 Pin=L7-2
Added Pin To Net: NetName=GRID3 Pin=U1-2
Added Net: Name=GRID3
Added Pin To Net: NetName=GRID4 Pin=D4-2
Added Pin To Net: NetName=GRID4 Pin=K4-2
Added Pin To Net: NetName=GRID4 Pin=L4-2
Added Pin To Net: NetName=GRID4 Pin=L8-2
Added Pin To Net: NetName=GRID4 Pin=U1-1
Added Net: Name=GRID4
Added Pin To Net: NetName=GRID5 Pin=D5-2
Added Pin To Net: NetName=GRID5 Pin=K5-2
Added Pin To Net: NetName=GRID5 Pin=L9-2
Added Pin To Net: NetName=GRID5 Pin=U1-32
Added Net: Name=GRID5
Added Pin To Net: NetName=GRID6 Pin=D6-2
Added Pin To Net: NetName=GRID6 Pin=K6-2
Added Pin To Net: NetName=GRID6 Pin=L10-2
Added Pin To Net: NetName=GRID6 Pin=U1-31
Added Net: Name=GRID6
Added Pin To Net: NetName=GRID7 Pin=D7-2
Added Pin To Net: NetName=GRID7 Pin=K7-2
Added Pin To Net: NetName=GRID7 Pin=L11-2
Added Pin To Net: NetName=GRID7 Pin=U1-29
Added Net: Name=GRID7
Added Pin To Net: NetName=GRID8 Pin=D8-2
Added Pin To Net: NetName=GRID8 Pin=L12-2
Added Pin To Net: NetName=GRID8 Pin=U1-28
Added Net: Name=GRID8
Added Pin To Net: NetName=IN Pin=C22-1
Added Pin To Net: NetName=IN Pin=R41-1
Added Pin To Net: NetName=IN Pin=U3-28
Added Net: Name=IN
Added Pin To Net: NetName=IRLED Pin=R34-2
Added Pin To Net: NetName=IRLED Pin=U3-32
Added Net: Name=IRLED
Added Pin To Net: NetName=K3 Pin=P2-4
Added Pin To Net: NetName=K3 Pin=U3-20
Added Net: Name=K3
Added Pin To Net: NetName=K4 Pin=P2-2
Added Pin To Net: NetName=K4 Pin=U3-19
Added Net: Name=K4
Added Pin To Net: NetName=K6 Pin=P2-1
Added Pin To Net: NetName=K6 Pin=U3-18
Added Net: Name=K6
Added Pin To Net: NetName=K7 Pin=P2-3
Added Pin To Net: NetName=K7 Pin=U3-21
Added Net: Name=K7
Added Pin To Net: NetName=MCU_CS Pin=U3-7
Added Pin To Net: NetName=MCU_CS Pin=U-9
Added Net: Name=MCU_CS
Added Pin To Net: NetName=MCU_IRQ Pin=U3-30
Added Pin To Net: NetName=MCU_IRQ Pin=U-10
Added Net: Name=MCU_IRQ
Added Pin To Net: NetName=MCU_MISO Pin=U3-24
Added Pin To Net: NetName=MCU_MISO Pin=U-6
Added Net: Name=MCU_MISO
Added Pin To Net: NetName=MCU_MOSI Pin=U3-23
Added Pin To Net: NetName=MCU_MOSI Pin=U-7
Added Net: Name=MCU_MOSI
Added Pin To Net: NetName=MCU_PDN Pin=U3-17
Added Pin To Net: NetName=MCU_PDN Pin=U-11
Added Net: Name=MCU_PDN
Added Pin To Net: NetName=MCU_RF_GPIO0 Pin=U3-29
Added Pin To Net: NetName=MCU_RF_GPIO0 Pin=U-2
Added Net: Name=MCU_RF_GPIO0
Added Pin To Net: NetName=MCU_SCK Pin=U3-22
Added Pin To Net: NetName=MCU_SCK Pin=U-8
Added Net: Name=MCU_SCK
Added Pin To Net: NetName=NetF1_2 Pin=F1-2
Added Pin To Net: NetName=NetF1_2 Pin=P3-1
Added Net: Name=NetF1_2
Added Pin To Net: NetName=NetL5_1 Pin=L5-1
Added Pin To Net: NetName=NetL5_1 Pin=R27-1
Added Net: Name=NetL5_1
Added Pin To Net: NetName=NetL6_1 Pin=L6-1
Added Pin To Net: NetName=NetL6_1 Pin=R28-1
Added Net: Name=NetL6_1
Added Pin To Net: NetName=NetL7_1 Pin=L7-1
Added Pin To Net: NetName=NetL7_1 Pin=R29-1
Added Net: Name=NetL7_1
Added Pin To Net: NetName=NetL8_1 Pin=L8-1
Added Pin To Net: NetName=NetL8_1 Pin=R30-1
Added Net: Name=NetL8_1
Added Pin To Net: NetName=NetL9_1 Pin=L9-1
Added Pin To Net: NetName=NetL9_1 Pin=R31-1
Added Net: Name=NetL9_1
Added Pin To Net: NetName=NetL10_1 Pin=L10-1
Added Pin To Net: NetName=NetL10_1 Pin=R32-1
Added Net: Name=NetL10_1
Added Pin To Net: NetName=NetL11_1 Pin=L11-1
Added Pin To Net: NetName=NetL11_1 Pin=R35-1
Added Net: Name=NetL11_1
Added Pin To Net: NetName=NetL12_1 Pin=L12-1
Added Pin To Net: NetName=NetL12_1 Pin=R36-1
Added Net: Name=NetL12_1
Added Pin To Net: NetName=NetL13_1 Pin=L13-1
Added Pin To Net: NetName=NetL13_1 Pin=R37-1
Added Net: Name=NetL13_1
Added Pin To Net: NetName=NetP5_1 Pin=P5-1
Added Pin To Net: NetName=NetP5_1 Pin=R8-2
Added Pin To Net: NetName=NetP5_1 Pin=R39-2
Added Pin To Net: NetName=NetP5_1 Pin=R40-1
Added Net: Name=NetP5_1
Added Pin To Net: NetName=NetP6_3 Pin=P6-3
Added Pin To Net: NetName=NetP6_3 Pin=R41-2
Added Pin To Net: NetName=NetP6_3 Pin=R42-1
Added Net: Name=NetP6_3
Added Pin To Net: NetName=NetP7_5 Pin=P7-5
Added Pin To Net: NetName=NetP7_5 Pin=R43-2
Added Pin To Net: NetName=NetP7_5 Pin=R44-1
Added Net: Name=NetP7_5
Added Pin To Net: NetName=NetQ2_3 Pin=R19-2
Added Pin To Net: NetName=NetQ2_3 Pin=U1-8
Added Net: Name=NetQ2_3
Added Pin To Net: NetName=NetQ3_3 Pin=R26-2
Added Pin To Net: NetName=NetQ3_3 Pin=U1-9
Added Net: Name=NetQ3_3
Added Pin To Net: NetName=PWM_10KHZ Pin=P7-2
Added Pin To Net: NetName=PWM_10KHZ Pin=P7-4
Added Pin To Net: NetName=PWM_10KHZ Pin=U3-3
Added Pin To Net: NetName=PWM_10KHZ Pin=U3-8
Added Net: Name=PWM_10KHZ
Added Pin To Net: NetName=PWM_50HZ Pin=P7-1
Added Pin To Net: NetName=PWM_50HZ Pin=U3-2
Added Net: Name=PWM_50HZ
Added Pin To Net: NetName=SENSOR_SCK Pin=P4-3
Added Pin To Net: NetName=SENSOR_SCK Pin=U3-9
Added Net: Name=SENSOR_SCK
Added Pin To Net: NetName=SENSOR_SDA Pin=P4-4
Added Pin To Net: NetName=SENSOR_SDA Pin=U3-10
Added Net: Name=SENSOR_SDA
Added Net: Name=STB
Added Pin To Net: NetName=VCC_3.3V Pin=C16-1
Added Pin To Net: NetName=VCC_3.3V Pin=C17-1
Added Pin To Net: NetName=VCC_3.3V Pin=C18-1
Added Pin To Net: NetName=VCC_3.3V Pin=C23-1
Added Pin To Net: NetName=VCC_3.3V Pin=C24-1
Added Pin To Net: NetName=VCC_3.3V Pin=C25-1
Added Pin To Net: NetName=VCC_3.3V Pin=C34-1
Added Pin To Net: NetName=VCC_3.3V Pin=C55-1
Added Pin To Net: NetName=VCC_3.3V Pin=C57-2
Added Pin To Net: NetName=VCC_3.3V Pin=P1-1
Added Pin To Net: NetName=VCC_3.3V Pin=P8-3
Added Pin To Net: NetName=VCC_3.3V Pin=Q1-1
Added Pin To Net: NetName=VCC_3.3V Pin=R22-2
Added Pin To Net: NetName=VCC_3.3V Pin=R33-2
Added Pin To Net: NetName=VCC_3.3V Pin=U3-6
Added Pin To Net: NetName=VCC_3.3V Pin=U31-3
Added Pin To Net: NetName=VCC_3.3V Pin=U-5
Added Net: Name=VCC_3.3V
Change Class Name : Old Net Name=MCU New Net Name=INTERFACE
Added Class: Name=MCU
Added Class: Name=RF
Added Member To Class: ClassName=LED Member=Component C3 0.1uF/16V
Added Member To Class: ClassName=LED Member=Component C14 0.1uF/16V
Added Member To Class: ClassName=LED Member=Component C15 10uF/16V
Added Member To Class: ClassName=INTERFACE Member=Component C19 0.1uF/16V
Added Member To Class: ClassName=INTERFACE Member=Component C20 22uF/16V
Added Member To Class: ClassName=INTERFACE Member=Component C21 10uF/16V
Added Member To Class: ClassName=INTERFACE Member=Component C22 0.1uF/16V
Added Member To Class: ClassName=INTERFACE Member=Component F1 500mA
Added Member To Class: ClassName=LED Member=Component L5 LED0
Added Member To Class: ClassName=LED Member=Component L6 LED0
Added Member To Class: ClassName=LED Member=Component L7 LED0
Added Member To Class: ClassName=LED Member=Component L8 LED0
Added Member To Class: ClassName=LED Member=Component L9 LED0
Added Member To Class: ClassName=LED Member=Component L10 LED0
Added Member To Class: ClassName=LED Member=Component L11 LED0
Added Member To Class: ClassName=LED Member=Component L12 LED0
Added Member To Class: ClassName=LED Member=Component L13 LED0
Added Member To Class: ClassName=INTERFACE Member=Component P2 Header 4
Added Member To Class: ClassName=INTERFACE Member=Component P3 Header 2
Added Member To Class: ClassName=INTERFACE Member=Component P4 Header 4
Added Member To Class: ClassName=INTERFACE Member=Component P5 Header 2
Added Member To Class: ClassName=INTERFACE Member=Component P6 Header 3
Added Member To Class: ClassName=INTERFACE Member=Component P7 Header 5
Added Member To Class: ClassName=LED Member=Component Q1 SI2306.
Added Member To Class: ClassName=INTERFACE Member=Component R8 100K
Added Member To Class: ClassName=LED Member=Component R25 1.5K
Added Member To Class: ClassName=LED Member=Component R26 10K
Added Member To Class: ClassName=LED Member=Component R27 1.5K
Added Member To Class: ClassName=LED Member=Component R28 1.5K
Added Member To Class: ClassName=LED Member=Component R29 1.5K
Added Member To Class: ClassName=LED Member=Component R30 1.5K
Added Member To Class: ClassName=LED Member=Component R31 1.5K
Added Member To Class: ClassName=LED Member=Component R32 1.5K
Added Member To Class: ClassName=LED Member=Component R35 1.5K
Added Member To Class: ClassName=LED Member=Component R36 1.5K
Added Member To Class: ClassName=LED Member=Component R37 1.5K
Added Member To Class: ClassName=TouchPad Member=Component R38 4.7K
Added Member To Class: ClassName=INTERFACE Member=Component R39 100
Added Member To Class: ClassName=INTERFACE Member=Component R40 100K
Added Member To Class: ClassName=INTERFACE Member=Component R41 100
Added Member To Class: ClassName=INTERFACE Member=Component R42 100K
Added Member To Class: ClassName=INTERFACE Member=Component R43 100
Added Member To Class: ClassName=INTERFACE Member=Component R44 100K
Added Member To Class: ClassName=LED Member=Component U1 TM1629A
Added Member To Class: ClassName=TouchPad Member=Component U2 TM1648A
