PCB 网表错误报告 - PositionDection_ZM_V1.0_20180801.sch - Thu Aug 02 10:12:09 2018
-----------------------------------------------------------------------------------
设计与库元件的一致性检查
------------------------
库一致性检查未找到错误。

单个/零个管脚网络警告
---------------------
没有单个或零个管脚网络。

原理图连接性错误
----------------

无网络名的悬空连线

LED_K1
SENSOR       X14100 Y12900

LED_K2
SENSOR       X14100 Y13400

LED_K3
SENSOR       X4900  Y9700 

带网络名的悬空连线

GND
SENSOR       X18030 Y11500

LED_K1
SENSOR       X18030 Y11300

LED_K2
SENSOR       X18030 Y11400

LED_K3
SENSOR       X18030 Y11600

缺失页间连接参考编号的子网

GND
SENSOR       X18500 Y11500 - 管脚: J1.3

LED_K1
SENSOR       X13100 Y12900 - 管脚: Q4.1
SENSOR       X18500 Y11300 - 管脚: J1.1

LED_K2
SENSOR       X13100 Y13400 - 管脚: Q2.1
SENSOR       X18500 Y11400 - 管脚: J1.2

LED_K3
SENSOR       X6194  Y9696  - 管脚: Q1.1
SENSOR       X18500 Y11600 - 管脚: J1.4
