Change Component Footprint: Designator=U14 Old Footprint=ECT8180001581 New Footprint=QFN50P500X500X80-32N
Added Pin To Net: NetName=GND Pin=C39-2
Added Pin To Net: NetName=GND Pin=C40-2
Added Pin To Net: NetName=GND Pin=C41-2
Added Pin To Net: NetName=VDD_RF Pin=U14-5
Added Pin To Net: NetName=NetC20_2 Pin=U14-6
Added Pin To Net: NetName=SPI_MOSI Pin=U14-7
Added Pin To Net: NetName=SPI_SCK Pin=U14-8
Added Pin To Net: NetName=SPI_MISO Pin=U14-9
Added Pin To Net: NetName=RF_IRQ Pin=U14-10
Added Pin To Net: NetName=SPI_NSS Pin=U14-11
Added Pin To Net: NetName=VDD_RF Pin=U14-12
Added Pin To Net: NetName=VDD_RF Pin=U14-13
Added Pin To Net: NetName=NetR79_1 Pin=U14-14
Added Pin To Net: NetName=VDD_RF Pin=U14-15
Added Pin To Net: NetName=NetC23_1 Pin=U14-17
Added Pin To Net: NetName=NetC21_2 Pin=U14-18
Added Pin To Net: NetName=NetC18_2 Pin=U14-19
Added Pin To Net: NetName=NetC15_2 Pin=U14-20
Added Pin To Net: NetName=NetC17_1 Pin=U14-21
Added Pin To Net: NetName=VDD_RF Pin=U14-22
Added Pin To Net: NetName=NetC14_1 Pin=U14-23
Added Pin To Net: NetName=NetC14_2 Pin=U14-24
Added Pin To Net: NetName=VDD_RF Pin=U14-25
Added Pin To Net: NetName=NetC11_1 Pin=U14-26
Added Pin To Net: NetName=VDD_RF Pin=U14-27
Added Pin To Net: NetName=VDD_RF Pin=U14-28
Added Pin To Net: NetName=NetC7_1 Pin=U14-29
Added Pin To Net: NetName=NetC6_1 Pin=U14-30
Added Pin To Net: NetName=NetC5_1 Pin=U14-31
Added Pin To Net: NetName=GND Pin=U14-33
