Removed Pin From Net: NetName=GND Pin=C23-1
Removed Pin From Net: NetName=GND Pin=C24-1
Removed Pin From Net: NetName=GND Pin=C46-1
Removed Pin From Net: NetName=NetC46_2 Pin=C46-2
Removed Pin From Net: NetName=POWER Pin=C69-1
Removed Pin From Net: NetName=GND Pin=C69-2
Removed Pin From Net: NetName=GND Pin=C89-2
Removed Pin From Net: NetName=GND Pin=C90-1
Removed Pin From Net: NetName=GND Pin=C91-1
Removed Pin From Net: NetName=GND Pin=C92-1
Removed Pin From Net: NetName=GND Pin=C94-1
Removed Pin From Net: NetName=GND Pin=C95-2
Removed Pin From Net: NetName=NetC46_2 Pin=C96-1
Removed Pin From Net: NetName=GND Pin=C97-1
Removed Pin From Net: NetName=GND Pin=C98-2
Removed Pin From Net: NetName=GND Pin=C99-2
Removed Pin From Net: NetName=GND Pin=C104-1
Removed Pin From Net: NetName=NetC46_2 Pin=L14-2
Removed Pin From Net: NetName=VCC_MCU_3.3V Pin=Q7-2
Removed Pin From Net: NetName=GND Pin=R7-1
Removed Pin From Net: NetName=GAS_SENSE Pin=R7-2
Removed Pin From Net: NetName=MOTO_SENSE Pin=R12-2
Removed Pin From Net: NetName=BATTERY_SUP Pin=R13-2
Removed Pin From Net: NetName=BATTERY_SUP Pin=R27-1
Removed Pin From Net: NetName=NetC40_1 Pin=R27-2
Removed Pin From Net: NetName=GND Pin=R68-2
Removed Pin From Net: NetName=VCC_MCU_3.3V Pin=R79-2
Removed Pin From Net: NetName=GND Pin=U14-2
Removed Pin From Net: NetName=GND Pin=U14-3
Removed Pin From Net: NetName=GND Pin=U19-2
Removed Pin From Net: NetName=GND Pin=U20-5
Removed Pin From Net: NetName=GND Pin=U20-18
Removed Pin From Net: NetName=GND Pin=U20-21
Removed Pin From Net: NetName=NetU13_7 Pin=U22-14
Removed Pin From Net: NetName=GND Pin=U22-15
Removed Pin From Net: NetName=NetU13_83 Pin=U22-17
Removed Pin From Net: NetName=NetU13_80 Pin=U22-18
Removed Pin From Net: NetName=MCU_433_SWDIO Pin=U22-19
Removed Pin From Net: NetName=MCU_433_SWCLK Pin=U22-20
Removed Pin From Net: NetName=GND Pin=Y4-2
Removed Pin From Net: NetName=GND Pin=Y4-4
Removed Member From Class: ClassName=POWER_IN Member=C69
Removed Member From Class: ClassName=POWER_IN Member=C69
Removed Member From Class: ClassName=POWER_IN Member=C69
Removed Member From Class: ClassName=Interface Member=R7
Removed Member From Class: ClassName=Interface Member=R7
Removed Member From Class: ClassName=POWER_IN Member=R13
Change Component Comment : Designator=R7 Old Comment=20K/1% New Comment=158K/1%
Change Component Comment : Designator=R12 Old Comment=30K/1% New Comment=20K/1%
Change Component Comment : Designator=R13 Old Comment=158K/1% New Comment=30K/1%
Change Component Designator: OldDesignator=C34 NewDesignator=C85
Change Component Designator: OldDesignator=C39 NewDesignator=C72
Change Component Designator: OldDesignator=C40 NewDesignator=C108
Change Component Designator: OldDesignator=C41 NewDesignator=C109
Change Component Designator: OldDesignator=C61 NewDesignator=C69
Added Component: Designator=C83(1210E)
Added Pin To Net: NetName=POWER Pin=C83-1
Added Pin To Net: NetName=GND Pin=C83-2
Added Pin To Net: NetName=BATTERY_SUP Pin=R7-1
Added Pin To Net: NetName=NetC40_1 Pin=R7-2
Added Pin To Net: NetName=GAS_SENSE Pin=R12-2
Added Pin To Net: NetName=MOTO_SENSE Pin=R13-2
Added Pin To Net: NetName=GND Pin=R27-1
Added Pin To Net: NetName=BATTERY_SUP Pin=R27-2
Added Pin To Net: NetName=GND Pin=S1-2
Added Pin To Net: NetName=GND Pin=S1-2
Added Pin To Net: NetName=NetC46_2 Pin=U13-47
Change Net Name : Old Net Name=NetC39_1 New Net Name=NetC72_1
Change Net Name : Old Net Name=NetC40_1 New Net Name=NetC108_1
Change Net Name : Old Net Name=NetC46_2 New Net Name=NetU13_47
Added Member To Class: ClassName=POWER_IN Member=Component C83 100uF/10V
Added Member To Class: ClassName=POWER_IN Member=Component R7 158K/1%
Added Member To Class: ClassName=Interface Member=Component R13 30K/1%
