Removed Pin From Net: NetName=VCC_MCU_3.3V Pin=D8-1
Removed Pin From Net: NetName=NetD8_2 Pin=D8-2
Removed Pin From Net: NetName=VCC_MCU_3.3V Pin=R28-1
Removed Pin From Net: NetName=NetR28_2 Pin=R28-2
Removed Pin From Net: NetName=NetD8_2 Pin=R29-1
Removed Pin From Net: NetName=NetR29_2 Pin=R29-2
Removed Pin From Net: NetName=GND Pin=SB-1
Removed Pin From Net: NetName=NetR29_2 Pin=SB-2
Removed Pin From Net: NetName=NetR29_2 Pin=U13-6
Removed Pin From Net: NetName=VDD_1V8 Pin=V1-1
Removed Pin From Net: NetName=LTE_TXD Pin=V1-2
Removed Pin From Net: NetName=NetR24_2 Pin=V1-3
Removed Pin From Net: NetName=GND Pin=V2-2
Removed Pin From Net: NetName=LTE_RST Pin=V2-3
Removed Pin From Net: NetName=VDD_1V8 Pin=V3-1
Removed Pin From Net: NetName=LTE_RXD Pin=V3-2
Removed Pin From Net: NetName=NetR28_2 Pin=V3-3
Removed Pin From Net: NetName=GND Pin=V4-2
Removed Pin From Net: NetName=LTE_PWR Pin=V4-3
Removed Member From Class: ClassName=MCU Member=D8
Removed Member From Class: ClassName=MCU Member=R29
Removed Member From Class: ClassName=MCU Member=SB
Removed Member From Class: ClassName=LTE Member=V1
Removed Member From Class: ClassName=LTE Member=V1
Removed Member From Class: ClassName=LTE Member=V2
Removed Member From Class: ClassName=LTE Member=V2
Removed Member From Class: ClassName=LTE Member=V3
Removed Member From Class: ClassName=LTE Member=V3
Removed Member From Class: ClassName=LTE Member=V4
Removed Member From Class: ClassName=LTE Member=V4
Change Component Comment : Designator=R50 Old Comment=10K/1% New Comment=6.49K/1%
Change Component Comment : Designator=R55 Old Comment=10K/1% New Comment=49.9K/1%
Change Component Comment : Designator=C82 Old Comment=10pF/16V New Comment=12pF/16V
Change Component Comment : Designator=C80 Old Comment=33pF/16V New Comment=47pF/16V
Added Component: Designator=Q2(SOT23-3)
Added Component: Designator=Q4(SOT23-3)
Added Component: Designator=Q6(SOT23-3)
Added Component: Designator=Q8(SOT23-3)
Added Component: Designator=R41(0603R)
Added Pin To Net: NetName=NetD8_2 Pin=Q2-1
Added Pin To Net: NetName=GND Pin=Q2-2
Added Pin To Net: NetName=LTE_RST Pin=Q2-3
Added Pin To Net: NetName=VDD_1V8 Pin=Q4-1
Added Pin To Net: NetName=LTE_RXD Pin=Q4-2
Added Pin To Net: NetName=NetR28_2 Pin=Q4-3
Added Pin To Net: NetName=VDD_1V8 Pin=Q6-1
Added Pin To Net: NetName=LTE_TXD Pin=Q6-2
Added Pin To Net: NetName=NetR24_2 Pin=Q6-3
Added Pin To Net: NetName=NetR29_2 Pin=Q8-1
Added Pin To Net: NetName=GND Pin=Q8-2
Added Pin To Net: NetName=LTE_PWR Pin=Q8-3
Added Pin To Net: NetName=NetR28_2 Pin=R28-1
Added Pin To Net: NetName=VCC_MCU_3.3V Pin=R28-2
Added Pin To Net: NetName=LTE_RXD Pin=R41-1
Added Pin To Net: NetName=VDD_1V8 Pin=R41-2
Added Pin To Net: NetName=VCC_MCU_3.3V Pin=U13-6
Added Pin To Net: NetName=NetD8_2 Pin=U13-77
Added Pin To Net: NetName=NetR29_2 Pin=U13-78
Change Net Name : Old Net Name=NetD8_2 New Net Name=NetQ2_1
Change Net Name : Old Net Name=NetR24_2 New Net Name=NetQ6_3
Change Net Name : Old Net Name=NetR28_2 New Net Name=NetQ4_3
Change Net Name : Old Net Name=NetR29_2 New Net Name=NetQ8_1
Added Member To Class: ClassName=LTE Member=Component Q2 SI2306
Added Member To Class: ClassName=LTE Member=Component Q4 SI2306
Added Member To Class: ClassName=LTE Member=Component Q6 SI2306
Added Member To Class: ClassName=LTE Member=Component Q8 SI2306
Added Member To Class: ClassName=LTE Member=Component R41 10K
