Removed Pin From Net: NetName=NRST2 Pin=C2-1
Removed Pin From Net: NetName=GND Pin=C2-2
Removed Pin From Net: NetName=GND Pin=C3-1
Removed Pin From Net: NetName=VCC_MCU2_3.3V Pin=C3-2
Removed Pin From Net: NetName=GND Pin=C4-1
Removed Pin From Net: NetName=VCC_MCU2_3.3V Pin=C4-2
Removed Pin From Net: NetName=NetC5_1 Pin=C5-1
Removed Pin From Net: NetName=NetC89_1 Pin=C89-1
Removed Pin From Net: NetName=VDD_RF Pin=C89-2
Removed Pin From Net: NetName=NetC89_1 Pin=C90-1
Removed Pin From Net: NetName=VDD_RF Pin=C90-2
Removed Pin From Net: NetName=VDD_RF Pin=FB2-1
Removed Pin From Net: NetName=VCC_MCU2_3.3V Pin=FB2-2
Removed Pin From Net: NetName=VCC_MCU_3.3V Pin=Q4-2
Removed Pin From Net: NetName=VCC_MCU2_3.3V Pin=Q4-3
Removed Pin From Net: NetName=NetC5_1 Pin=U14-31
Removed Pin From Net: NetName=NetC5_1 Pin=Y1-3
Removed Member From Class: ClassName=RF_433MHz Member=C85
Removed Member From Class: ClassName=RF_433MHz Member=C85
Removed Member From Class: ClassName=RF_433MHz Member=FB2
Removed Member From Class: ClassName=RF_433MHz Member=FB2
Removed Member From Class: ClassName=RF_433MHz Member=FB2
Removed Member From Class: ClassName=RF_433MHz Member=FB2
Removed Member From Class: ClassName=RF_433MHz Member=FB2
Removed Member From Class: ClassName=RF_433MHz Member=FB2
Removed Member From Class: ClassName=RF_433MHz Member=Q4
Removed Member From Class: ClassName=RF_433MHz Member=Q4
Removed Member From Class: ClassName=RF_433MHz Member=Q4
Removed Member From Class: ClassName=RF_433MHz Member=Q4
Removed Member From Class: ClassName=RF_433MHz Member=Q4
Removed Member From Class: ClassName=RF_433MHz Member=Q4
Change Component DesignItemId : Designator=C90 Old DesignItemId=Cap New DesignItemId=C
Change Component Footprint: Designator=C89 Old Footprint=0402C New Footprint=0603C
Change Component Footprint: Designator=C90 Old Footprint=0402C New Footprint=0603C
Change Component Comment : Designator=C89 Old Comment=10nF/50V New Comment=0.1uF
Change Component Comment : Designator=C90 Old Comment=100pF/50V New Comment=0.1uF
Change Component Designator: OldDesignator=C5 NewDesignator=C2
Change Component Designator: OldDesignator=C6 NewDesignator=C3
Change Component Designator: OldDesignator=C7 NewDesignator=C4
Change Component Designator: OldDesignator=C8 NewDesignator=C5
Change Component Designator: OldDesignator=C9 NewDesignator=C6
Change Component Designator: OldDesignator=C11 NewDesignator=C7
Change Component Designator: OldDesignator=C12 NewDesignator=C8
Change Component Designator: OldDesignator=C13 NewDesignator=C9
Change Component Designator: OldDesignator=C14 NewDesignator=C11
Change Component Designator: OldDesignator=C15 NewDesignator=C12
Change Component Designator: OldDesignator=C16 NewDesignator=C13
Change Component Designator: OldDesignator=C17 NewDesignator=C14
Change Component Designator: OldDesignator=C18 NewDesignator=C15
Change Component Designator: OldDesignator=C19 NewDesignator=C16
Change Component Designator: OldDesignator=C20 NewDesignator=C17
Change Component Designator: OldDesignator=C21 NewDesignator=C18
Change Component Designator: OldDesignator=C23 NewDesignator=C19
Change Component Designator: OldDesignator=C24 NewDesignator=C20
Change Component Designator: OldDesignator=C46 NewDesignator=C21
Change Component Designator: OldDesignator=C72 NewDesignator=C23
Change Component Designator: OldDesignator=C73 NewDesignator=C24
Change Component Designator: OldDesignator=C74 NewDesignator=C46
Change Component Designator: OldDesignator=C83 NewDesignator=C72
Change Component Designator: OldDesignator=C85 NewDesignator=C73
Added Component: Designator=C74(0402C)
Added Component: Designator=C83(0402C)
Added Component: Designator=C91(0603C)
Added Component: Designator=FB5(0805CZ)
Added Component: Designator=Q7(SOT23-3)
Added Pin To Net: NetName=GND Pin=C2-1
Added Pin To Net: NetName=NetC5_1 Pin=C74-1
Added Pin To Net: NetName=VDD_RF Pin=C74-2
Added Pin To Net: NetName=NetC5_1 Pin=C83-1
Added Pin To Net: NetName=VDD_RF Pin=C83-2
Added Pin To Net: NetName=NRST2 Pin=C89-1
Added Pin To Net: NetName=GND Pin=C89-2
Added Pin To Net: NetName=GND Pin=C90-1
Added Pin To Net: NetName=VCC_MCU2_3.3V Pin=C90-2
Added Pin To Net: NetName=GND Pin=C91-1
Added Pin To Net: NetName=VCC_MCU2_3.3V Pin=C91-2
Added Pin To Net: NetName=VDD_RF Pin=FB5-1
Added Pin To Net: NetName=VCC_MCU2_3.3V Pin=FB5-2
Added Pin To Net: NetName=NetC89_1 Pin=Q7-1
Added Pin To Net: NetName=VCC_MCU_3.3V Pin=Q7-2
Added Pin To Net: NetName=VCC_MCU2_3.3V Pin=Q7-3
Added Pin To Net: NetName=NetC89_1 Pin=R76-1
Added Pin To Net: NetName=NetC89_1 Pin=U13-47
Added Pin To Net: NetName=GND Pin=U14-31
Added Pin To Net: NetName=GND Pin=Y1-3
Change Net Name : Old Net Name=NetC5_1 New Net Name=NetC74_1
Change Net Name : Old Net Name=NetC6_1 New Net Name=NetC3_1
Change Net Name : Old Net Name=NetC7_1 New Net Name=NetC4_1
Change Net Name : Old Net Name=NetC11_1 New Net Name=NetC7_1
Change Net Name : Old Net Name=NetC14_1 New Net Name=NetC11_1
Change Net Name : Old Net Name=NetC14_2 New Net Name=NetC11_2
Change Net Name : Old Net Name=NetC15_2 New Net Name=NetC12_2
Change Net Name : Old Net Name=NetC17_1 New Net Name=NetC14_1
Change Net Name : Old Net Name=NetC18_1 New Net Name=NetC15_1
Change Net Name : Old Net Name=NetC18_2 New Net Name=NetC15_2
Change Net Name : Old Net Name=NetC20_2 New Net Name=NetC17_2
Change Net Name : Old Net Name=NetC21_1 New Net Name=NetC18_1
Change Net Name : Old Net Name=NetC21_2 New Net Name=NetC18_2
Change Net Name : Old Net Name=NetC23_1 New Net Name=NetC19_1
Change Net Name : Old Net Name=NetC23_2 New Net Name=NetC19_2
Change Net Name : Old Net Name=NetC46_1 New Net Name=NetC21_1
Change Net Name : Old Net Name=NetC46_2 New Net Name=NetC21_2
Change Net Name : Old Net Name=NetC85_2 New Net Name=NetC73_2
Change Net Name : Old Net Name=NetC89_1 New Net Name=NetQ7_1
Added Member To Class: ClassName=RF_433MHz Member=Component C91 0.1uF
Added Member To Class: ClassName=RF_433MHz Member=Component FB5 GZ2012D800TF
Added Member To Class: ClassName=RF_433MHz Member=Component Q7 ZXM61P03FTA
