Removed Pin From Net: NetName=Net4G LED_1 Pin=4G LED-1
Removed Pin From Net: NetName=NETLIGHT Pin=4G LED-2
Removed Pin From Net: NetName=NetC2_1 Pin=C2_1-1
Removed Pin From Net: NetName=Net4G LED_1 Pin=R35-2
Removed Pin From Net: NetName=NetC2_1 Pin=U14-31
Removed Pin From Net: NetName=NetC2_1 Pin=Y1-3
Removed Member From Class: ClassName=RF_433MHz Member=U4
Removed Member From Class: ClassName=POWER_IN Member=U6
Change Component Designator: OldDesignator=C2_1 NewDesignator=C63
Added Component: Designator=1(LED_DIP_3mm)
Added Component: Designator=C32(0603C)
Added Component: Designator=R18(0603R)
Added Pin To Net: NetName=NetC46_2 Pin=1-1
Added Pin To Net: NetName=VCC_LTE_3.8V Pin=C32-1
Added Pin To Net: NetName=GND Pin=C32-2
Added Pin To Net: NetName=Net4G LED_1 Pin=C63-1
Added Pin To Net: NetName=VCC_MCU_3.3V Pin=R18-1
Added Pin To Net: NetName=NetP3_1 Pin=R18-2
Added Pin To Net: NetName=NetC46_2 Pin=R35-2
Added Pin To Net: NetName=GND Pin=S1-2
Added Pin To Net: NetName=GND Pin=S1-2
Added Pin To Net: NetName=NetC99_1 Pin=U6-14
Added Pin To Net: NetName=NetC101_1 Pin=U6-17
Added Pin To Net: NetName=NetC100_1 Pin=U6-18
Added Pin To Net: NetName=NetC96_2 Pin=U13-23
Added Pin To Net: NetName=NetC98_1 Pin=U13-24
Added Pin To Net: NetName=NetC99_1 Pin=U13-52
Added Pin To Net: NetName=NetC100_1 Pin=U13-55
Added Pin To Net: NetName=NetC101_1 Pin=U13-56
Added Pin To Net: NetName=Net4G LED_1 Pin=U14-31
Added Pin To Net: NetName=Net4G LED_1 Pin=Y1-3
Change Net Name : Old Net Name=Net4G LED_1 New Net Name=NetC63_1
Change Net Name : Old Net Name=NetC46_2 New Net Name=Net1_1
Change Net Name : Old Net Name=NetC96_2 New Net Name=NetU13_23
Change Net Name : Old Net Name=NetC98_1 New Net Name=NetU13_24
Change Net Name : Old Net Name=NetC99_1 New Net Name=NetU6_14
Change Net Name : Old Net Name=NetC100_1 New Net Name=NetU6_18
Change Net Name : Old Net Name=NetC101_1 New Net Name=NetU6_17
Added Member To Class: ClassName=MCU Member=Component 1 LED0
Added Member To Class: ClassName=POWER_IN Member=Component C2 100uF/50V
Added Member To Class: ClassName=LTE Member=Component C32 0.1uF/50V
Added Member To Class: ClassName=Interface Member=Component R18 22R
Added Member To Class: ClassName=POWER_IN Member=Component U4 LMR14050SDDA
Added Member To Class: ClassName=RF_433MHz Member=Component U6 STM32F042F6P6
