Removed Pin From Net: NetName=Net1_1 Pin=4G-1
Removed Pin From Net: NetName=NETLIGHT Pin=4G-2
Removed Pin From Net: NetName=NetC2_1 Pin=Q3-1
Removed Pin From Net: NetName=NetC2_1 Pin=Q3-2
Removed Pin From Net: NetName=NetC2_1 Pin=Q3-3
Removed Pin From Net: NetName=NetAdapter_1 Pin=Q3-5
Removed Pin From Net: NetName=NetAdapter_1 Pin=Q3-5
Removed Pin From Net: NetName=NetAdapter_1 Pin=Q3-5
Removed Pin From Net: NetName=NetAdapter_1 Pin=Q3-6
Removed Pin From Net: NetName=NetAdapter_1 Pin=Q3-7
Removed Pin From Net: NetName=NetAdapter_1 Pin=Q3-8
Removed Pin From Net: NetName=NetAdapter_1 Pin=Q3-8
Removed Pin From Net: NetName=NetAdapter_1 Pin=Q3-8
Removed Member From Class: ClassName=MCU Member=4G
Added Component: Designator=1(LED_DIP_3mm)
Added Pin To Net: NetName=Net1_1 Pin=1-1
Added Pin To Net: NetName=NETLIGHT Pin=1-2
Added Pin To Net: NetName=Net4G_1 Pin=4G-1
Added Pin To Net: NetName=GND Pin=4G-2
Added Pin To Net: NetName=NetAdapter_1 Pin=Q3-1
Added Pin To Net: NetName=NetAdapter_1 Pin=Q3-2
Added Pin To Net: NetName=NetAdapter_1 Pin=Q3-3
Added Pin To Net: NetName=NetC2_1 Pin=Q3-5
Added Pin To Net: NetName=NetC2_1 Pin=Q3-5
Added Pin To Net: NetName=NetC2_1 Pin=Q3-5
Added Pin To Net: NetName=NetC2_1 Pin=Q3-6
Added Pin To Net: NetName=NetC2_1 Pin=Q3-7
Added Pin To Net: NetName=NetC2_1 Pin=Q3-8
Added Pin To Net: NetName=NetC2_1 Pin=Q3-8
Added Pin To Net: NetName=NetC2_1 Pin=Q3-8
Added Member To Class: ClassName=MCU Member=Component 1 LED0
