Change Component Designator: Old Designator=C89 New Designator=C2
Change Component Designator: Old Designator=C90 New Designator=C3
Change Component Designator: Old Designator=C91 New Designator=C4
Change Component Designator: Old Designator=C95 New Designator=C13
Change Component Designator: Old Designator=C95 New Designator=C19
Change Component Designator: Old Designator=C95 New Designator=C20
Change Component Designator: Old Designator=C95 New Designator=C40
Change Component Designator: Old Designator=C95 New Designator=C41
Change Component Designator: Old Designator=C95 New Designator=C46
Change Component Designator: Old Designator=C95 New Designator=C61
Change Component Designator: Old Designator=C95 New Designator=C73
Change Component Designator: Old Designator=C95 New Designator=C74
Change Component Designator: Old Designator=C102 New Designator=C5
Change Component Designator: Old Designator=C102 New Designator=C6
Change Component Designator: Old Designator=C102 New Designator=C7
Change Component Designator: Old Designator=C102 New Designator=C8
Change Component Designator: Old Designator=C102 New Designator=C9
Change Component Designator: Old Designator=C102 New Designator=C11
Change Component Designator: Old Designator=C102 New Designator=C12
Change Component Designator: Old Designator=C102 New Designator=C14
Change Component Designator: Old Designator=C102 New Designator=C15
Change Component Designator: Old Designator=C102 New Designator=C16
Change Component Designator: Old Designator=C102 New Designator=C17
Change Component Designator: Old Designator=C102 New Designator=C18
Change Component Designator: Old Designator=C102 New Designator=C21
Change Component Designator: Old Designator=C102 New Designator=C23
Change Component Designator: Old Designator=C102 New Designator=C24
Change Component Designator: Old Designator=C102 New Designator=C34
Change Component Designator: Old Designator=C102 New Designator=C39
Change Component Designator: Old Designator=FB5 New Designator=FB2
Change Component Designator: Old Designator=L5 New Designator=L12
Change Component Designator: Old Designator=L6 New Designator=L4
Change Component Designator: Old Designator=L6 New Designator=L5
Change Component Designator: Old Designator=L6 New Designator=L7
Change Component Designator: Old Designator=L16 New Designator=L1
Change Component Designator: Old Designator=L16 New Designator=L2
Change Component Designator: Old Designator=L16 New Designator=L3
Change Component Designator: Old Designator=Q7 New Designator=Q4
Change Component Designator: Old Designator=R79 New Designator=R76
Change Component Designator: Old Designator=R79 New Designator=R80
Change Component Designator: Old Designator=U14 New Designator=U15
Change Component Designator: Old Designator=U22 New Designator=U4
Change Component Designator: Old Designator=U? New Designator=U14
Change Component Designator: Old Designator=Y4 New Designator=Y1
