Remove Pin=1-2 From Net=NETLIGHT
Remove Pin=U4-4 From Net=NRST2
Remove Pin=U4-8 From Net=RF_RST
Remove Pin=U4-10 From Net=SPI_NSS
Remove Pin=U4-11 From Net=SPI_SCK
Remove Pin=U4-12 From Net=SPI_MISO
Remove Pin=U4-13 From Net=SPI_MOSI
Remove Pin=U4-19 From Net=MCU_433_SWDIO
Remove Pin=U4-20 From Net=MCU_433_SWCLK
Change Component Footprint: Designator=C2 Old Footprint=0402C New Footprint=2220C
Change Component Footprint: Designator=C2 Old Footprint=0402C New Footprint=2220C
Change Component Footprint: Designator=U4 Old Footprint=SOP65P640X265-20N New Footprint=SOP127P600X168_HS-8N
Change Component Footprint: Designator=U4 Old Footprint=SOP65P640X265-20N New Footprint=SOP127P600X168_HS-8N
Change Component Comment: Designator=C2 Old Comment=15pF/50V New Comment=100uF/50V
Change Component Comment: Designator=C2 Old Comment=100uF/50V New Comment=100uF/50V
Change Component Comment: Designator=BACK Old Comment=BACK New Comment=LED0
Change Component Comment: Designator=U4 Old Comment=STM32F042F6P6 New Comment=LMR14050SDDA
Change Component Comment: Designator=U4 Old Comment=LMR14050SDDA New Comment=LMR14050SDDA
Change Component Designator: OldDesignator=D16 NewDesignator=D10
Change Pin Designator/Name:  Old Designator=Y1-3 Old Name=3 New Designator =3 New Name=3
