Removed Pin From Net: NetName=GND Pin=4G-2
Removed Pin From Net: NetName=GND Pin=4G-3
Removed Pin From Net: NetName=NetC97_2 Pin=433MHz-1
Removed Pin From Net: NetName=GND Pin=433MHz-2
Removed Pin From Net: NetName=GND Pin=433MHz-3
Removed Pin From Net: NetName=NetD6_K Pin=D6-K
Removed Pin From Net: NetName=NetNET2_1 Pin=R35-2
Removed Pin From Net: NetName=NetNET5_1 Pin=R38-2
Removed Pin From Net: NetName=NetD6_K Pin=U5-82
Removed Member From Class: ClassName=LTE Member=4G
Change Component DesignItemId : Designator=4G Old DesignItemId=IPX New DesignItemId=LED0
Change Component Designator: OldDesignator=433MHz NewDesignator=433
Change Component Designator: OldDesignator=CE NewDesignator=T4
Change Component Designator: OldDesignator=GPD NewDesignator=GPS
Change Component Designator: OldDesignator=IRQ NewDesignator=D10
Change Component Description : Designator=4G Old Description=MCU New Description=Typical INFRARED GaAs LED
Change Component Library : Designator=4G Old Library=MCU.SchLib New Library=Miscellaneous Devices.IntLib
Added Component: Designator=433MHz(ECT8180001581)
Added Component: Designator=D13(SOD923)
Added Component: Designator=D14(SOD923)
Added Component: Designator=D15(SOD923)
Added Pin To Net: NetName=NetNET5_1 Pin=4G-1
Added Pin To Net: NetName=GND Pin=4G-2
Added Pin To Net: NetName=NETLIGHT Pin=4G-2
Added Pin To Net: NetName=GND Pin=4G-3
Added Pin To Net: NetName=NetNET2_1 Pin=433-1
Added Pin To Net: NetName=LED_433MHZ Pin=433-2
Added Pin To Net: NetName=NetC97_2 Pin=433MHz-1
Added Pin To Net: NetName=GND Pin=433MHz-2
Added Pin To Net: NetName=GND Pin=433MHz-3
Added Pin To Net: NetName=GND Pin=D5-1
Added Pin To Net: NetName=DQ Pin=D5-2
Added Pin To Net: NetName=NetNET5_1 Pin=D6-K
Added Pin To Net: NetName=GND Pin=D13-1
Added Pin To Net: NetName=VCC_DEV Pin=D13-2
Added Pin To Net: NetName=GND Pin=D14-1
Added Pin To Net: NetName=GAS_SENSE Pin=D14-2
Added Pin To Net: NetName=GND Pin=D15-1
Added Pin To Net: NetName=MOTO_SENSE Pin=D15-2
Added Pin To Net: NetName=NetD6_K Pin=R35-2
Added Pin To Net: NetName=NetNET2_1 Pin=R38-2
Added Pin To Net: NetName=NetNET5_1 Pin=U5-82
Change Net Name : Old Net Name=Net3G_ANT_1 New Net Name=NetD7_K
Change Net Name : Old Net Name=NetC39_1 New Net Name=Net3.3V_1
Change Net Name : Old Net Name=NetC76_1 New Net Name=Net3.8V_1
Change Net Name : Old Net Name=NetC97_2 New Net Name=Net433MHz_1
Change Net Name : Old Net Name=NetD6_K New Net Name=Net4G_1
Change Net Name : Old Net Name=NetF1_1 New Net Name=NetAdapter_2
Change Net Name : Old Net Name=NetNET2_1 New Net Name=Net433_1
Change Net Name : Old Net Name=NetNET3_1 New Net Name=NetPWR_1
Change Net Name : Old Net Name=NetNET4_1 New Net Name=NetGPS_1
Change Net Name : Old Net Name=NetNET5_1 New Net Name=Net4G_1
Change Net Name : Old Net Name=NetNET6_1 New Net Name=NetBACK_1
Change Net Name : Old Net Name=NetNET7_1 New Net Name=NetCHG_1
Change Net Name : Old Net Name=NetNET8_1 New Net Name=NetACPR_1
Change Net Name : Old Net Name=NetNET8_2 New Net Name=NetACPR_2
Added Member To Class: ClassName=Interface Member=Component D13 ESD9B3.3ST5G
Added Member To Class: ClassName=Interface Member=Component D14 ESD9B3.3ST5G
Added Member To Class: ClassName=Interface Member=Component D15 ESD9B3.3ST5G
