Removed Member From Class: ClassName=POWER_IN Member=C83
Removed Member From Class: ClassName=POWER_IN Member=C83
Removed Member From Class: ClassName=POWER_IN Member=C83
Removed Member From Class: ClassName=POWER_IN Member=C83
Removed Member From Class: ClassName=POWER_IN Member=C83
Change Component Footprint: Designator=C24 Old Footprint=0603C New Footprint=0402C
Change Component Footprint: Designator=C23 Old Footprint=0805C New Footprint=0402C
Change Component Footprint: Designator=C46 Old Footprint=1210E New Footprint=0402C
Change Component Footprint: Designator=C72 Old Footprint=1210E New Footprint=0402C
Change Component Footprint: Designator=C73 Old Footprint=1210E New Footprint=0402C
Change Component Footprint: Designator=C74 Old Footprint=1210E New Footprint=0402C
Change Component Footprint: Designator=C85 Old Footprint=1210E New Footprint=0402C
Change Component Comment : Designator=C83 Old Comment=8.2pF/50V New Comment=47nF/50V
Change Component Comment : Designator=R79 Old Comment=10K New Comment=56K/1%
Change Component Comment : Designator=C23 Old Comment=22uF/10V New Comment=39pF/50V
Change Component Comment : Designator=L5 Old Comment=27nH/0402HP-27NXJL New Comment=43nH/0402HP-43NXJL
Change Component Comment : Designator=L12 Old Comment=33nH/0402HP-33NXJL New Comment=56nH/0402HPH-R56XJL
Change Component Comment : Designator=C24 Old Comment=100nF/10V New Comment=2.2pF/50V
Change Component Comment : Designator=C46 Old Comment=100uF/10V New Comment=2.2pF/50V
Change Component Comment : Designator=C72 Old Comment=100uF/10V New Comment=6.2pF/50V
Change Component Comment : Designator=C73 Old Comment=100uF/10V New Comment=47nF/50V
Change Component Comment : Designator=C74 Old Comment=100uF/10V New Comment=47nF/50V
Change Component Comment : Designator=C85 Old Comment=100uF/10V New Comment=47nF/50V
Change Component Comment : Designator=L7 Old Comment=220nH/0402HPH-R22XJL New Comment=15nH/0402HP-15NXJL
Change Component Comment : Designator=U14 Old Comment=IPX New Comment=CC1121RHB
Change Component Designator: OldDesignator=L5 NewDesignator=L6
Change Component Designator: OldDesignator=L6 NewDesignator=L7
Change Component Designator: OldDesignator=L7 NewDesignator=L5
Added Pin To Net: NetName=GND Pin=C72-1
Added Pin To Net: NetName=GND Pin=C73-1
Added Pin To Net: NetName=GND Pin=C74-1
