Removed Pin From Net: NetName=Net4G_1 Pin=4G-1
Removed Pin From Net: NetName=NETLIGHT Pin=4G-2
Removed Pin From Net: NetName=NetC63_1 Pin=C63-1
Removed Pin From Net: NetName=NetC71_1 Pin=C71-1
Removed Pin From Net: NetName=GND Pin=C71-2
Removed Pin From Net: NetName=NetC93_1 Pin=C93-1
Removed Pin From Net: NetName=CHRG Pin=CHG-2
Removed Pin From Net: NetName=VCC_MCU_3.3V Pin=P1-1
Removed Pin From Net: NetName=VCC_MCU_3.3V Pin=P3-1
Removed Pin From Net: NetName=NetQ2_1 Pin=Q2-1
Removed Pin From Net: NetName=USB_VBUS Pin=Q2-3
Removed Pin From Net: NetName=NetQ3_4 Pin=Q3-4
Removed Pin From Net: NetName=NetR17_1 Pin=R17-1
Removed Pin From Net: NetName=NetR17_2 Pin=R17-2
Removed Pin From Net: NetName=NetR18_1 Pin=R18-1
Removed Pin From Net: NetName=VCC_MCU_3.3V Pin=R28-2
Removed Pin From Net: NetName=Net4G_1 Pin=R35-2
Removed Pin From Net: NetName=NetQ3_4 Pin=R41-1
Removed Pin From Net: NetName=NetC63_1 Pin=R41-2
Removed Pin From Net: NetName=NetQ3_4 Pin=R43-1
Removed Pin From Net: NetName=GND Pin=R43-2
Removed Pin From Net: NetName=NetQ3_1 Pin=R44-1
Removed Pin From Net: NetName=NetR44_2 Pin=R45-1
Removed Pin From Net: NetName=GND Pin=R45-2
Removed Pin From Net: NetName=GND Pin=R46-2
Removed Pin From Net: NetName=NetC70_1 Pin=R47-1
Removed Pin From Net: NetName=NetC71_1 Pin=R47-2
Removed Pin From Net: NetName=LTE_PWR_EN Pin=R54-1
Removed Pin From Net: NetName=GND Pin=R54-2
Removed Pin From Net: NetName=VCC_MCU_3.3V Pin=R73-1
Removed Pin From Net: NetName=VCC_MCU_3.3V Pin=R74-1
Removed Pin From Net: NetName=NetQ2_1 Pin=R77-1
Removed Pin From Net: NetName=NetC93_1 Pin=R185-1
Removed Pin From Net: NetName=NetC63_1 Pin=R185-2
Removed Pin From Net: NetName=NetR17_2 Pin=U3-3
Removed Pin From Net: NetName=USB_D_N Pin=U3-4
Removed Pin From Net: NetName=USB_D_P Pin=U3-6
Removed Pin From Net: NetName=NetR44_2 Pin=U6-3
Removed Pin From Net: NetName=NetQ2_1 Pin=U13-79
Removed Pin From Net: NetName=GND Pin=U21-2
Removed Pin From Net: NetName=CHRG Pin=U21-3
Removed Pin From Net: NetName=NetR18_1 Pin=USB-2
Removed Pin From Net: NetName=NetR17_1 Pin=USB-3
Removed Pin From Net: NetName=LTE_RXD Pin=V3-3
Removed Member From Class: ClassName=MCU Member=4G
Removed Member From Class: ClassName=POWER_IN Member=C71
Removed Member From Class: ClassName=POWER_IN Member=C71
Removed Member From Class: ClassName=POWER_IN Member=C71
Removed Member From Class: ClassName=Interface Member=Q2
Removed Member From Class: ClassName=Interface Member=Q2
Removed Member From Class: ClassName=Interface Member=Q2
Removed Member From Class: ClassName=POWER_IN Member=R41
Removed Member From Class: ClassName=POWER_IN Member=R41
Removed Member From Class: ClassName=POWER_IN Member=R43
Removed Member From Class: ClassName=POWER_IN Member=R43
Removed Member From Class: ClassName=POWER_IN Member=R45
Removed Member From Class: ClassName=POWER_IN Member=R45
Removed Member From Class: ClassName=POWER_IN Member=R45
Removed Member From Class: ClassName=POWER_IN Member=R46
Removed Member From Class: ClassName=POWER_IN Member=R46
Removed Member From Class: ClassName=POWER_IN Member=R46
Removed Member From Class: ClassName=POWER_IN Member=R47
Removed Member From Class: ClassName=POWER_IN Member=R47
Removed Member From Class: ClassName=Interface Member=R77
Removed Member From Class: ClassName=Interface Member=R77
Removed Member From Class: ClassName=POWER_IN Member=R185
Removed Member From Class: ClassName=POWER_IN Member=R185
Change Component DesignItemId : Designator=C63 Old DesignItemId=C New DesignItemId=Cap Pol1
Change Component DesignItemId : Designator=U6 Old DesignItemId=LM22676MR-5.0 New DesignItemId=LMR14050SDDA
Change Component DesignItemId : Designator=R17 Old DesignItemId=Resistor New DesignItemId=Res2
Change Component DesignItemId : Designator=R18 Old DesignItemId=Resistor New DesignItemId=Res2
Change Component Footprint: Designator=C63 Old Footprint=1206C New Footprint=2220C
Change Component Footprint: Designator=V1 Old Footprint=SOT23-3 New Footprint=SC-89
Change Component Footprint: Designator=V2 Old Footprint=SOT23-3 New Footprint=SC-89
Change Component Footprint: Designator=V3 Old Footprint=SOT23-3 New Footprint=SC-89
Change Component Footprint: Designator=V4 Old Footprint=SOT23-3 New Footprint=SC-89
Change Component Comment : Designator=R64 Old Comment=10.2K/1% New Comment=17.8K/1%
Change Component Comment : Designator=R17 Old Comment=22 New Comment=22R
Change Component Comment : Designator=R18 Old Comment=22 New Comment=22R
Change Component Comment : Designator=R42 Old Comment=31.6K/1% New Comment=100K/1%
Change Component Comment : Designator=C70 Old Comment=47pF/16V New Comment=22nF/16V
Change Component Comment : Designator=R44 Old Comment=365K New Comment=84.5K
Change Component Comment : Designator=C63 Old Comment=1000pF/100V New Comment=100uF/50V
Change Component Comment : Designator=V1 Old Comment=DTC143ZEBTL New Comment=SI2306
Change Component Comment : Designator=V2 Old Comment=DTC143ZEBTL New Comment=SI2306
Change Component Comment : Designator=V3 Old Comment=DTC143ZEBTL New Comment=SI2306
Change Component Comment : Designator=V4 Old Comment=DTC143ZEBTL New Comment=SI2306
Change Component Comment : Designator=D9 Old Comment=MBRA340T3G New Comment=SS54
Change Component Comment : Designator=U6 Old Comment=TPS54540DDA New Comment=LMR14050SDDA
Change Component Designator: OldDesignator=4G  NewDesignator=4G
Change Component Description : Designator=R17 Old Description=Resistor SMD - IEC symbol version New Description=Resistor
Change Component Description : Designator=R18 Old Description=Resistor SMD - IEC symbol version New Description=Resistor
Change Component Library : Designator=U6 Old Library=Schlib1.SchLib New Library=Schlib_20110825.schlib
Change Component Library : Designator=R17 Old Library=SX1276_e266v02a.SchLib New Library=Miscellaneous Devices.IntLib
Change Component Library : Designator=R18 Old Library=SX1276_e266v02a.SchLib New Library=Miscellaneous Devices.IntLib
Added Component: Designator=1(LED_DIP_3mm)
Added Pin To Net: NetName=NetC71_1 Pin=1-1
Added Pin To Net: NetName=NETLIGHT Pin=1-2
Added Pin To Net: NetName=NetQ3_1 Pin=C63-1
Added Pin To Net: NetName=NetC63_1 Pin=C93-1
Added Pin To Net: NetName=Net4G_1 Pin=CHG-2
Added Pin To Net: NetName=NetQ3_4 Pin=P1-1
Added Pin To Net: NetName=NetR17_1 Pin=P3-1
Added Pin To Net: NetName=GND Pin=Q3-4
Added Pin To Net: NetName=VCC_MCU_3.3V Pin=R17-1
Added Pin To Net: NetName=NetQ3_4 Pin=R17-2
Added Pin To Net: NetName=VCC_MCU_3.3V Pin=R18-1
Added Pin To Net: NetName=NetR17_1 Pin=R18-2
Added Pin To Net: NetName=VCC_MCU_3.3V Pin=R28-1
Added Pin To Net: NetName=NetQ2_1 Pin=R28-2
Added Pin To Net: NetName=NetC71_1 Pin=R35-2
Added Pin To Net: NetName=GND Pin=R44-1
Added Pin To Net: NetName=POWER Pin=R54-1
Added Pin To Net: NetName=LTE_PWR_EN Pin=R54-2
Added Pin To Net: NetName=VCC_OUT Pin=R73-1
Added Pin To Net: NetName=VCC_OUT Pin=R74-1
Added Pin To Net: NetName=NetQ2_1 Pin=S_TX-1
Added Pin To Net: NetName=NetR17_2 Pin=U3-1
Added Pin To Net: NetName=NetR18_1 Pin=U3-3
Added Pin To Net: NetName=USB_D_P Pin=U3-4
Added Pin To Net: NetName=USB_D_N Pin=U3-6
Added Pin To Net: NetName=NetR44_2 Pin=U6-4
Added Pin To Net: NetName=NetC93_1 Pin=U13-79
Added Pin To Net: NetName=NetQ2_1 Pin=U13-80
Added Pin To Net: NetName=VCC_OUT Pin=U21-2
Added Pin To Net: NetName=Net4G_1 Pin=U21-3
Added Pin To Net: NetName=NetR17_2 Pin=USB-2
Added Pin To Net: NetName=NetR18_1 Pin=USB-3
Added Pin To Net: NetName=LTE_RXD Pin=V3-2
Added Pin To Net: NetName=NetQ2_1 Pin=V3-3
Change Net Name : Old Net Name=Net4G _1 New Net Name=Net4G_1
Change Net Name : Old Net Name=Net4G_1 New Net Name=NetCHG_2
Change Net Name : Old Net Name=NetC44_2 New Net Name=Net1.8V_1
Change Net Name : Old Net Name=NetC63_1 New Net Name=NetC93_1
Change Net Name : Old Net Name=NetC71_1 New Net Name=Net1_1
Change Net Name : Old Net Name=NetC93_1 New Net Name=NetU13_79
Change Net Name : Old Net Name=NetQ2_1 New Net Name=NetR28_2
Change Net Name : Old Net Name=NetQ3_1 New Net Name=NetC63_1
Change Net Name : Old Net Name=NetQ3_4 New Net Name=NetP1_1
Change Net Name : Old Net Name=NetR17_1 New Net Name=NetP3_1
Change Net Name : Old Net Name=NetR17_2 New Net Name=NetU3_1
Change Net Name : Old Net Name=NetR18_1 New Net Name=NetU3_3
Added Member To Class: ClassName=MCU Member=Component 1 LED0
