Removed Pin From Net: NetName=LTE_RST Pin=D5-2
Removed Member From Class: ClassName=MCU Member=433MHz
Removed Member From Class: ClassName=MCU Member=GPS A
Change Component Comment : Designator=BACK Old Comment=LED0 New Comment=BACK
Change Component Comment : Designator=3.8V Old Comment=TEST_P New Comment=3.8V
Added Component: Designator=D13(SOD923)
Added Component: Designator=D14(SOD923)
Added Component: Designator=D15(SOD923)
Added Component: Designator=D16(SOD923)
Added Pin To Net: NetName=NetNET5_1 Pin=433MHz-1
Added Pin To Net: NetName=LED_433MHZ Pin=433MHz-2
Added Pin To Net: NetName=DQ Pin=D5-2
Added Pin To Net: NetName=GND Pin=D13-1
Added Pin To Net: NetName=VCC_DEV Pin=D13-2
Added Pin To Net: NetName=GND Pin=D14-1
Added Pin To Net: NetName=GAS_SENSE Pin=D14-2
Added Pin To Net: NetName=GND Pin=D15-1
Added Pin To Net: NetName=MOTO_SENSE Pin=D15-2
Added Pin To Net: NetName=GND Pin=D16-1
Added Pin To Net: NetName=LTE_RST Pin=D16-2
Change Net Name : Old Net Name=Net3G_ANT_1 New Net Name=NetD7_K
Change Net Name : Old Net Name=NetC21_2 New Net Name=Net433MHz_1
Change Net Name : Old Net Name=NetC39_1 New Net Name=Net3.3V_1
Change Net Name : Old Net Name=NetC76_1 New Net Name=Net3.8V_1
Change Net Name : Old Net Name=NetD6_K New Net Name=Net4G _1
Change Net Name : Old Net Name=NetD10_1 New Net Name=NetIRQ_1
Change Net Name : Old Net Name=NetF1_1 New Net Name=NetAdapter_2
Change Net Name : Old Net Name=NetNET2_1 New Net Name=Net4G_1
Change Net Name : Old Net Name=NetNET3_1 New Net Name=NetPWR_1
Change Net Name : Old Net Name=NetNET4_1 New Net Name=NetGPS_1
Change Net Name : Old Net Name=NetNET5_1 New Net Name=Net433MHz_1
Change Net Name : Old Net Name=NetNET6_1 New Net Name=NetBACK_1
Change Net Name : Old Net Name=NetNET7_1 New Net Name=NetCHG_1
Change Net Name : Old Net Name=NetNET8_1 New Net Name=NetACPR_1
Change Net Name : Old Net Name=NetNET8_2 New Net Name=NetACPR_2
Change Net Name : Old Net Name=NetR25_1 New Net Name=NetCE_1
Added Member To Class: ClassName=Interface Member=Component D5 ESD9M5.0S-DTVS105
Added Member To Class: ClassName=Interface Member=Component D13 ESD9B3.3ST5G
Added Member To Class: ClassName=Interface Member=Component D14 ESD9B3.3ST5G
Added Member To Class: ClassName=Interface Member=Component D15 ESD9B3.3ST5G
Added Member To Class: ClassName=MCU Member=Component GPS LED0
