Added Component: Designator=P1(3x2X2MM)
Added Component: Designator=P2(3x2X2MM)
Added Component: Designator=P3(5X2MMZ)
Added Component: Designator=P4(HDR1X3)
Added Component: Designator=R1(0603R)
Added Component: Designator=R2(0603R)
Added Component: Designator=R3(0603R)
Added Component: Designator=R6(0603R)
Added Pin To Net: NetName=3V3 Pin=P1-2
Added Pin To Net: NetName=3V3 Pin=P2-1
Added Pin To Net: NetName=3V3 Pin=P3-4
Added Net: Name=3V3
Added Pin To Net: NetName=GND Pin=P1-6
Added Pin To Net: NetName=GND Pin=P2-5
Added Pin To Net: NetName=GND Pin=P3-1
Added Pin To Net: NetName=GND Pin=P4-3
Added Net: Name=GND
Added Pin To Net: NetName=NetP1_3 Pin=P1-3
Added Pin To Net: NetName=NetP1_3 Pin=R2-1
Added Net: Name=NetP1_3
Added Pin To Net: NetName=NetP1_5 Pin=P1-5
Added Pin To Net: NetName=NetP1_5 Pin=R3-1
Added Net: Name=NetP1_5
Added Pin To Net: NetName=NetP2_4 Pin=P2-4
Added Pin To Net: NetName=NetP2_4 Pin=R6-2
Added Net: Name=NetP2_4
Added Pin To Net: NetName=NetP2_6 Pin=P2-6
Added Pin To Net: NetName=NetP2_6 Pin=R1-2
Added Net: Name=NetP2_6
Added Pin To Net: NetName=RXD Pin=P3-3
Added Pin To Net: NetName=RXD Pin=P4-1
Added Pin To Net: NetName=RXD Pin=R2-2
Added Pin To Net: NetName=RXD Pin=R6-1
Added Net: Name=RXD
Added Pin To Net: NetName=TXD Pin=P3-2
Added Pin To Net: NetName=TXD Pin=P4-2
Added Pin To Net: NetName=TXD Pin=R1-1
Added Pin To Net: NetName=TXD Pin=R3-2
Added Net: Name=TXD
Added Class: Name=mcu
